#
# There is insufficient memory for the Java Runtime Environment to continue.
# Native memory allocation (malloc) failed to allocate 32744 bytes for ChunkPool::allocate
# Possible reasons:
#   The system is out of physical RAM or swap space
#   In 32 bit mode, the process size limit was hit
# Possible solutions:
#   Reduce memory load on the system
#   Increase physical memory or swap space
#   Check if swap backing store is full
#   Use 64 bit Java on a 64 bit OS
#   Decrease Java heap size (-Xmx/-Xms)
#   Decrease number of Java threads
#   Decrease Java thread stack sizes (-Xss)
#   Set larger code cache with -XX:ReservedCodeCacheSize=
# This output file may be truncated or incomplete.
#
#  Out of Memory Error (allocation.cpp:273), pid=9456, tid=5800
#
# JRE version: Java(TM) SE Runtime Environment (8.0_51-b16) (build 1.8.0_51-b16)
# Java VM: Java HotSpot(TM) 64-Bit Server VM (25.51-b03 mixed mode windows-amd64 compressed oops)
# Failed to write core dump. Minidumps are not enabled by default on client versions of Windows
#

---------------  T H R E A D  ---------------

Current thread (0x00000000168e3800):  JavaThread "C2 CompilerThread2" daemon [_thread_in_native, id=5800, stack(0x0000000018010000,0x0000000018110000)]

Stack: [0x0000000018010000,0x0000000018110000]
Native frames: (J=compiled Java code, j=interpreted, Vv=VM code, C=native code)
V  [jvm.dll+0x32b4ca]


Current CompileTask:
C2:    695  972       4       com.android.dx.ssa.DeadCodeRemover::isCircularNoSideEffect (140 bytes)


---------------  P R O C E S S  ---------------

Java Threads: ( => current thread )
  0x0000000016ac8000 JavaThread "pool-2-thread-4" [_thread_in_vm, id=5368, stack(0x0000000018810000,0x0000000018910000)]
  0x0000000016ac2000 JavaThread "pool-2-thread-3" [_thread_in_Java, id=11620, stack(0x0000000018710000,0x0000000018810000)]
  0x0000000016abf000 JavaThread "pool-2-thread-2" [_thread_in_Java, id=9164, stack(0x0000000018610000,0x0000000018710000)]
  0x0000000016abc000 JavaThread "pool-3-thread-1" [_thread_blocked, id=4404, stack(0x0000000018510000,0x0000000018610000)]
  0x0000000016aba000 JavaThread "pool-2-thread-1" [_thread_in_Java, id=11856, stack(0x0000000018410000,0x0000000018510000)]
  0x0000000016960800 JavaThread "Service Thread" daemon [_thread_blocked, id=2260, stack(0x0000000018210000,0x0000000018310000)]
  0x00000000168dd800 JavaThread "C1 CompilerThread3" daemon [_thread_in_native, id=9792, stack(0x0000000018110000,0x0000000018210000)]
=>0x00000000168e3800 JavaThread "C2 CompilerThread2" daemon [_thread_in_native, id=5800, stack(0x0000000018010000,0x0000000018110000)]
  0x00000000168c9800 JavaThread "C2 CompilerThread1" daemon [_thread_in_native, id=13192, stack(0x0000000017f10000,0x0000000018010000)]
  0x00000000168bf800 JavaThread "C2 CompilerThread0" daemon [_thread_in_native, id=15452, stack(0x0000000017e10000,0x0000000017f10000)]
  0x00000000168b9800 JavaThread "Attach Listener" daemon [_thread_blocked, id=12112, stack(0x0000000017d10000,0x0000000017e10000)]
  0x00000000151de000 JavaThread "Signal Dispatcher" daemon [_thread_blocked, id=7148, stack(0x0000000017c10000,0x0000000017d10000)]
  0x00000000024ab800 JavaThread "Finalizer" daemon [_thread_blocked, id=7588, stack(0x0000000017b10000,0x0000000017c10000)]
  0x00000000024a5000 JavaThread "Reference Handler" daemon [_thread_blocked, id=9896, stack(0x0000000017a10000,0x0000000017b10000)]
  0x00000000023b1000 JavaThread "main" [_thread_in_Java, id=7108, stack(0x00000000022b0000,0x00000000023b0000)]

Other Threads:
  0x00000000151c7000 VMThread [stack: 0x0000000017910000,0x0000000017a10000] [id=13280]
  0x000000001696b000 WatcherThread [stack: 0x0000000018310000,0x0000000018410000] [id=14744]

VM state:not at safepoint (normal execution)

VM Mutex/Monitor currently owned by a thread: None

Heap:
 PSYoungGen      total 76288K, used 38027K [0x00000000eab00000, 0x00000000f0000000, 0x0000000100000000)
  eden space 65536K, 58% used [0x00000000eab00000,0x00000000ed022de8,0x00000000eeb00000)
  from space 10752K, 0% used [0x00000000ef580000,0x00000000ef580000,0x00000000f0000000)
  to   space 10752K, 0% used [0x00000000eeb00000,0x00000000eeb00000,0x00000000ef580000)
 ParOldGen       total 175104K, used 0K [0x00000000c0000000, 0x00000000cab00000, 0x00000000eab00000)
  object space 175104K, 0% used [0x00000000c0000000,0x00000000c0000000,0x00000000cab00000)
 Metaspace       used 5728K, capacity 6768K, committed 7040K, reserved 1056768K
  class space    used 587K, capacity 616K, committed 640K, reserved 1048576K

Card table byte_map: [0x0000000011870000,0x0000000011a80000] byte_map_base: 0x0000000011270000

Marking Bits: (ParMarkBitMap*) 0x00000000717c4040
 Begin Bits: [0x00000000125e0000, 0x00000000135e0000)
 End Bits:   [0x00000000135e0000, 0x00000000145e0000)

Polling page: 0x0000000000b00000

CodeCache: size=245760Kb used=3238Kb max_used=3238Kb free=242521Kb
 bounds [0x00000000024b0000, 0x00000000027e0000, 0x00000000114b0000]
 total_blobs=1171 nmethods=899 adapters=182
 compilation: enabled

Compilation events (10 events):
Event: 0.687 Thread 0x00000000168dd800 nmethod 970 0x00000000027cc290 code [0x00000000027cc4a0, 0x00000000027cd108]
Event: 0.687 Thread 0x00000000168dd800  900       3       com.android.dx.ssa.back.SsaToRop$1::visitBlock (97 bytes)
Event: 0.688 Thread 0x00000000168dd800 nmethod 900 0x00000000027cd510 code [0x00000000027cd780, 0x00000000027ce6c8]
Event: 0.688 Thread 0x00000000168dd800  838       3       com.android.dx.cf.code.RopperMachine::getSources (264 bytes)
Event: 0.691 Thread 0x00000000168dd800 nmethod 838 0x00000000027cf050 code [0x00000000027cf660, 0x00000000027d3ff8]
Event: 0.691 Thread 0x00000000168dd800  865       3       com.android.dx.cf.code.BaseMachine::storeResults (90 bytes)
Event: 0.691 Thread 0x00000000168dd800 nmethod 865 0x00000000027c0d10 code [0x00000000027c0f00, 0x00000000027c19c8]
Event: 0.691 Thread 0x00000000168dd800  977       2       com.android.dx.rop.code.RegisterSpecSet::equals (106 bytes)
Event: 0.692 Thread 0x00000000168dd800 nmethod 977 0x00000000027d8b10 code [0x00000000027d8ca0, 0x00000000027d9028]
Event: 0.692 Thread 0x00000000168dd800  871   !   3       com.android.dx.cf.code.RopperMachine::run (1550 bytes)

GC Heap History (0 events):
No events

Deoptimization events (8 events):
Event: 0.359 Thread 0x0000000016ac8000 Uncommon trap: reason=unstable_if action=reinterpret pc=0x00000000026b4f70 method=java.util.BitSet.nextSetBit(I)I @ 87
Event: 0.425 Thread 0x0000000016aba000 Uncommon trap: reason=unstable_if action=reinterpret pc=0x000000000270cbec method=com.android.dx.rop.code.RegisterSpecSet.put(Lcom/android/dx/rop/code/RegisterSpec;)V @ 77
Event: 0.425 Thread 0x0000000016aba000 Uncommon trap: reason=unstable_if action=reinterpret pc=0x0000000002714a2c method=com.android.dx.rop.code.RegisterSpecSet.put(Lcom/android/dx/rop/code/RegisterSpec;)V @ 77
Event: 0.502 Thread 0x00000000023b1000 Uncommon trap: reason=null_check action=make_not_entrant pc=0x00000000027299cc method=com.android.dx.ssa.SsaRenamer.getLocalForNewReg(I)Lcom/android/dx/rop/code/LocalItem; @ 19
Event: 0.504 Thread 0x00000000023b1000 Uncommon trap: reason=null_check action=make_not_entrant pc=0x0000000002719224 method=com.android.dx.rop.type.Type.equals(Ljava/lang/Object;)Z @ 8
Event: 0.563 Thread 0x0000000016ac2000 Uncommon trap: reason=unstable_if action=reinterpret pc=0x00000000027179bc method=com.android.dx.rop.code.RegisterSpec.equals(ILcom/android/dx/rop/type/TypeBearer;Lcom/android/dx/rop/code/LocalItem;)Z @ 42
Event: 0.602 Thread 0x0000000016ac8000 Uncommon trap: reason=bimorphic action=maybe_recompile pc=0x00000000026b495c method=java.util.HashMap.getNode(ILjava/lang/Object;)Ljava/util/HashMap$Node; @ 126
Event: 0.602 Thread 0x0000000016ac8000 Uncommon trap: reason=class_check action=maybe_recompile pc=0x000000000279a034 method=java.util.HashMap.putVal(ILjava/lang/Object;Ljava/lang/Object;ZZ)Ljava/lang/Object; @ 203

Internal exceptions (4 events):
Event: 0.032 Thread 0x00000000023b1000 Exception <a 'java/lang/NoSuchMethodError': Method sun.misc.Unsafe.defineClass(Ljava/lang/String;[BII)Ljava/lang/Class; name or signature does not match> (0x00000000eab0d500) thrown at [C:\re\workspace\8-2-build-windows-amd64-cygwin\jdk8u51\3951\hotspot\sr\”¤t ?
Event: 0.032 Thread 0x00000000023b1000 Exception <a 'java/lang/NoSuchMethodError': Method sun.misc.Unsafe.prefetchRead(Ljava/lang/Object;J)V name or signature does not match> (0x00000000eab0d790) thrown at [C:\re\workspace\8-2-build-windows-amd64-cygwin\jdk8u51\3951\hotspot\src\share\vm\prims\j?Þ[±à?
Event: 0.502 Thread 0x00000000023b1000 Implicit null exception at 0x0000000002726fcc to 0x0000000002729985
Event: 0.504 Thread 0x00000000023b1000 Implicit null exception at 0x0000000002719122 to 0x0000000002719215

Events (10 events):
Event: 0.602 Thread 0x0000000016ac8000 Uncommon trap: trap_request=0xffffffc6 fr.pc=0x00000000026b495c
Event: 0.602 Thread 0x0000000016ac8000 DEOPT PACKING pc=0x00000000026b495c sp=0x000000001890e710
Event: 0.602 Thread 0x0000000016ac8000 DEOPT UNPACKING pc=0x00000000024f582a sp=0x000000001890e628 mode 2
Event: 0.602 Thread 0x0000000016ac8000 Uncommon trap: trap_request=0xffffffde fr.pc=0x000000000279a034
Event: 0.602 Thread 0x0000000016ac8000 DEOPT PACKING pc=0x000000000279a034 sp=0x000000001890e650
Event: 0.602 Thread 0x0000000016ac8000 DEOPT UNPACKING pc=0x00000000024f582a sp=0x000000001890e5c8 mode 2
Event: 0.625 Thread 0x0000000016ac8000 DEOPT PACKING pc=0x000000000276adee sp=0x000000001890e1e0
Event: 0.625 Thread 0x0000000016ac8000 DEOPT UNPACKING pc=0x00000000024f787f sp=0x000000001890df10 mode 0
Event: 0.677 Thread 0x0000000016aba000 DEOPT PACKING pc=0x000000000276adee sp=0x000000001850e200
Event: 0.677 Thread 0x0000000016aba000 DEOPT UNPACKING pc=0x00000000024f787f sp=0x000000001850df30 mode 0


Dynamic libraries:
0x00007ff753490000 - 0x00007ff7534c7000 	C:\Program Files\Java\jdk1.8.0_51\bin\java.exe
0x00007ffcabda0000 - 0x00007ffcabf61000 	C:\WINDOWS\SYSTEM32\ntdll.dll
0x00007ffcab180000 - 0x00007ffcab22d000 	C:\WINDOWS\system32\KERNEL32.DLL
0x00007ffca88e0000 - 0x00007ffca8ac8000 	C:\WINDOWS\system32\KERNELBASE.dll
0x00007ffcab9b0000 - 0x00007ffcaba57000 	C:\WINDOWS\system32\ADVAPI32.dll
0x00007ffcaab60000 - 0x00007ffcaabfd000 	C:\WINDOWS\system32\msvcrt.dll
0x00007ffcaba60000 - 0x00007ffcababb000 	C:\WINDOWS\system32\sechost.dll
0x00007ffcaa7d0000 - 0x00007ffcaa8ec000 	C:\WINDOWS\system32\RPCRT4.dll
0x00007ffcab020000 - 0x00007ffcab176000 	C:\WINDOWS\system32\USER32.dll
0x00007ffcaa950000 - 0x00007ffcaaad6000 	C:\WINDOWS\system32\GDI32.dll
0x00007ffca4690000 - 0x00007ffca4904000 	C:\WINDOWS\WinSxS\amd64_microsoft.windows.common-controls_6595b64144ccf1df_6.0.10586.0_none_8c15ae12515e1c22\COMCTL32.dll
0x00007ffcaac00000 - 0x00007ffcaae7d000 	C:\WINDOWS\system32\combase.dll
0x00007ffca87b0000 - 0x00007ffca881a000 	C:\WINDOWS\system32\bcryptPrimitives.dll
0x00007ffcab390000 - 0x00007ffcab3cb000 	C:\WINDOWS\system32\IMM32.DLL
0x0000000070a60000 - 0x0000000070b32000 	C:\Program Files\Java\jdk1.8.0_51\jre\bin\msvcr100.dll
0x0000000070fc0000 - 0x0000000071843000 	C:\Program Files\Java\jdk1.8.0_51\jre\bin\server\jvm.dll
0x00007ffcaab50000 - 0x00007ffcaab58000 	C:\WINDOWS\system32\PSAPI.DLL
0x00007ffca25f0000 - 0x00007ffca25f9000 	C:\WINDOWS\SYSTEM32\WSOCK32.dll
0x00007ffca6410000 - 0x00007ffca6433000 	C:\WINDOWS\SYSTEM32\WINMM.dll
0x00007ffca4a00000 - 0x00007ffca4a0a000 	C:\WINDOWS\SYSTEM32\VERSION.dll
0x00007ffcaaae0000 - 0x00007ffcaab4b000 	C:\WINDOWS\system32\WS2_32.dll
0x0000000002160000 - 0x000000000218c000 	C:\WINDOWS\SYSTEM32\WINMMBASE.dll
0x00007ffca8620000 - 0x00007ffca8663000 	C:\WINDOWS\system32\cfgmgr32.dll
0x0000000070ed0000 - 0x0000000070edf000 	C:\Program Files\Java\jdk1.8.0_51\jre\bin\verify.dll
0x0000000070ea0000 - 0x0000000070ec9000 	C:\Program Files\Java\jdk1.8.0_51\jre\bin\java.dll
0x0000000070e80000 - 0x0000000070e96000 	C:\Program Files\Java\jdk1.8.0_51\jre\bin\zip.dll
0x00007ffca91a0000 - 0x00007ffcaa6fc000 	C:\WINDOWS\system32\SHELL32.dll
0x00007ffca8ad0000 - 0x00007ffca9115000 	C:\WINDOWS\system32\windows.storage.dll
0x00007ffcab800000 - 0x00007ffcab852000 	C:\WINDOWS\system32\shlwapi.dll
0x00007ffca8440000 - 0x00007ffca844f000 	C:\WINDOWS\system32\kernel.appcore.dll
0x00007ffca8820000 - 0x00007ffca88d5000 	C:\WINDOWS\system32\shcore.dll
0x00007ffca83c0000 - 0x00007ffca840b000 	C:\WINDOWS\system32\powrprof.dll
0x00007ffca8420000 - 0x00007ffca8434000 	C:\WINDOWS\system32\profapi.dll

VM Arguments:
jvm_args: -Djava.awt.headless=true -Xmx1024M -Dfile.encoding=windows-1252 -Duser.country=US -Duser.language=en -Duser.variant 
java_command: com.android.dx.command.Main --dex --force-jumbo --num-threads=4 --multi-dex --output C:\Users\chyupa\Documents\Android Apps\Capstone\app\build\intermediates\transforms\dex\debug\folders\1000\10\instant-run_10c5b936490aa9b3658f234550f0d2215ecf1576 C:\Users\chyupa\Documents\Android Apps\Capstone\app\build\intermediates\incremental-runtime-classes\debug\instant-run.jar
java_class_path (initial): C:\Users\chyupa\Documents\android_sdk\build-tools\23.0.3\lib\dx.jar
Launcher Type: SUN_STANDARD

Environment Variables:
JAVA_HOME=C:\Program Files\Java\jdk1.8.0_51
PATH=C:\python27_x64\;C:\python27_x64\Scripts;C:\ProgramData\Oracle\Java\javapath;C:\Windows\system32;C:\Windows;C:\Windows\System32\Wbem;C:\Windows\System32\WindowsPowerShell\v1.0\;C:\Program Files (x86)\NVIDIA Corporation\PhysX\Common;C:\WINDOWS\system32;C:\WINDOWS;C:\WINDOWS\System32\Wbem;C:\WINDOWS\System32\WindowsPowerShell\v1.0\;C:\Program Files (x86)\Google\Cloud SDK\google-cloud-sdk\bin;C:\HashiCorp\Vagrant\bin;C:\Program Files\nodejs\;%GRADLE_HOME%\bin;C:\Program Files (x86)\Skype\Phone\;C:\Users\chyupa\AppData\Local\Code\bin;C:\Users\chyupa\AppData\Roaming\npm;C:\gradle-2.10\bin;C:\Program Files\Java\jdk1.8.0_51\bin;C:\Users\chyupa\AppData\Local\Programs\Git\bin
USERNAME=chyupa
OS=Windows_NT
PROCESSOR_IDENTIFIER=Intel64 Family 6 Model 63 Stepping 2, GenuineIntel



---------------  S Y S T E M  ---------------

OS: Windows 10.0 , 64 bit Build 10586 (10.0.10586.0)

CPU:total 12 (6 cores per cpu, 2 threads per core) family 6 model 63 stepping 2, cmov, cx8, fxsr, mmx, sse, sse2, sse3, ssse3, sse4.1, sse4.2, popcnt, avx, avx2, aes, clmul, erms, lzcnt, ht, tsc, tscinvbit, bmi1, bmi2

Memory: 4k page, physical 16675196k(6452860k free), swap 45853816k(4176k free)

vm_info: Java HotSpot(TM) 64-Bit Server VM (25.51-b03) for windows-amd64 JRE (1.8.0_51-b16), built on Jun  8 2015 18:03:07 by "java_re" with MS VC++ 10.0 (VS2010)

time: Mon May 09 22:38:03 2016
elapsed time: 0 seconds (0d 0h 0m 0s)

