#
# There is insufficient memory for the Java Runtime Environment to continue.
# Native memory allocation (malloc) failed to allocate 1355696 bytes for Chunk::new
# Possible reasons:
#   The system is out of physical RAM or swap space
#   In 32 bit mode, the process size limit was hit
# Possible solutions:
#   Reduce memory load on the system
#   Increase physical memory or swap space
#   Check if swap backing store is full
#   Use 64 bit Java on a 64 bit OS
#   Decrease Java heap size (-Xmx/-Xms)
#   Decrease number of Java threads
#   Decrease Java thread stack sizes (-Xss)
#   Set larger code cache with -XX:ReservedCodeCacheSize=
# This output file may be truncated or incomplete.
#
#  Out of Memory Error (allocation.cpp:390), pid=12044, tid=10728
#
# JRE version: Java(TM) SE Runtime Environment (8.0_51-b16) (build 1.8.0_51-b16)
# Java VM: Java HotSpot(TM) 64-Bit Server VM (25.51-b03 mixed mode windows-amd64 compressed oops)
# Failed to write core dump. Minidumps are not enabled by default on client versions of Windows
#

---------------  T H R E A D  ---------------

Current thread (0x0000000016700800):  JavaThread "C2 CompilerThread0" daemon [_thread_in_native, id=10728, stack(0x0000000017c60000,0x0000000017d60000)]

Stack: [0x0000000017c60000,0x0000000017d60000]
Native frames: (J=compiled Java code, j=interpreted, Vv=VM code, C=native code)
V  [jvm.dll+0x32b4ca]
V  [jvm.dll+0x2797e3]
V  [jvm.dll+0x27a479]
V  [jvm.dll+0x271765]
V  [jvm.dll+0xcba02]
V  [jvm.dll+0xcbecc]
V  [jvm.dll+0x476f72]
V  [jvm.dll+0x4b95ff]
V  [jvm.dll+0x46b9bf]
V  [jvm.dll+0x46cd4e]
V  [jvm.dll+0x4501a2]
V  [jvm.dll+0xa43a2]
V  [jvm.dll+0xa4cdf]
V  [jvm.dll+0x2418a4]
V  [jvm.dll+0x29846a]
C  [msvcr100.dll+0x21d9f]
C  [msvcr100.dll+0x21e3b]
C  [KERNEL32.DLL+0x18102]
C  [ntdll.dll+0x5c5b4]


Current CompileTask:
C2:   2487 2043       4       com.android.dx.dex.code.OutputFinisher::addConstants (93 bytes)


---------------  P R O C E S S  ---------------

Java Threads: ( => current thread )
  0x0000000016a0d000 JavaThread "pool-1-thread-1" [_thread_in_Java, id=3856, stack(0x0000000019f30000,0x000000001a030000)]
  0x000000001679d000 JavaThread "Service Thread" daemon [_thread_blocked, id=9908, stack(0x0000000018060000,0x0000000018160000)]
  0x000000001670c000 JavaThread "C1 CompilerThread3" daemon [_thread_blocked, id=7504, stack(0x0000000017f60000,0x0000000018060000)]
  0x000000001670b000 JavaThread "C2 CompilerThread2" daemon [_thread_in_native, id=14316, stack(0x0000000017e60000,0x0000000017f60000)]
  0x0000000016705800 JavaThread "C2 CompilerThread1" daemon [_thread_in_native, id=13156, stack(0x0000000017d60000,0x0000000017e60000)]
=>0x0000000016700800 JavaThread "C2 CompilerThread0" daemon [_thread_in_native, id=10728, stack(0x0000000017c60000,0x0000000017d60000)]
  0x000000001503e000 JavaThread "Attach Listener" daemon [_thread_blocked, id=10632, stack(0x0000000017b60000,0x0000000017c60000)]
  0x000000001503d000 JavaThread "Signal Dispatcher" daemon [_thread_blocked, id=3956, stack(0x0000000017a60000,0x0000000017b60000)]
  0x0000000002306000 JavaThread "Finalizer" daemon [_thread_blocked, id=6272, stack(0x0000000017960000,0x0000000017a60000)]
  0x000000001502d000 JavaThread "Reference Handler" daemon [_thread_blocked, id=11288, stack(0x0000000017860000,0x0000000017960000)]
  0x0000000002211000 JavaThread "main" [_thread_blocked, id=10512, stack(0x0000000002080000,0x0000000002180000)]

Other Threads:
  0x0000000015026800 VMThread [stack: 0x0000000017760000,0x0000000017860000] [id=4436]
  0x000000001679f000 WatcherThread [stack: 0x0000000018160000,0x0000000018260000] [id=10560]

VM state:not at safepoint (normal execution)

VM Mutex/Monitor currently owned by a thread: None

Heap:
 PSYoungGen      total 141824K, used 98512K [0x00000000eab00000, 0x00000000f4000000, 0x0000000100000000)
  eden space 131072K, 66% used [0x00000000eab00000,0x00000000f00b5900,0x00000000f2b00000)
  from space 10752K, 99% used [0x00000000f3580000,0x00000000f3ffeaa8,0x00000000f4000000)
  to   space 10752K, 0% used [0x00000000f2b00000,0x00000000f2b00000,0x00000000f3580000)
 ParOldGen       total 175104K, used 7882K [0x00000000c0000000, 0x00000000cab00000, 0x00000000eab00000)
  object space 175104K, 4% used [0x00000000c0000000,0x00000000c07b2a28,0x00000000cab00000)
 Metaspace       used 6578K, capacity 7408K, committed 7552K, reserved 1056768K
  class space    used 606K, capacity 616K, committed 640K, reserved 1048576K

Card table byte_map: [0x00000000116d0000,0x00000000118e0000] byte_map_base: 0x00000000110d0000

Marking Bits: (ParMarkBitMap*) 0x00000000650e4040
 Begin Bits: [0x0000000012440000, 0x0000000013440000)
 End Bits:   [0x0000000013440000, 0x0000000014440000)

Polling page: 0x0000000002180000

CodeCache: size=245760Kb used=8883Kb max_used=8883Kb free=236876Kb
 bounds [0x0000000002310000, 0x0000000002bd0000, 0x0000000011310000]
 total_blobs=2491 nmethods=2221 adapters=182
 compilation: enabled

Compilation events (10 events):
Event: 2.469 Thread 0x000000001670c000 nmethod 2254 0x0000000002bc0c10 code [0x0000000002bc0d60, 0x0000000002bc0e70]
Event: 2.469 Thread 0x000000001670c000 2255       1       com.android.dx.rop.cst.CstKnownNull::getIntBits (2 bytes)
Event: 2.469 Thread 0x000000001670c000 nmethod 2255 0x0000000002bc0ed0 code [0x0000000002bc1020, 0x0000000002bc1130]
Event: 2.471 Thread 0x000000001670c000 2256       2       com.android.dx.dex.code.SwitchData::packedCodeSize (56 bytes)
Event: 2.471 Thread 0x000000001670c000 nmethod 2256 0x0000000002bc1190 code [0x0000000002bc1300, 0x0000000002bc14f8]
Event: 2.475 Thread 0x000000001670c000 2257       2       java.util.ArrayList::toArray (60 bytes)
Event: 2.475 Thread 0x000000001670c000 nmethod 2257 0x0000000002bc1610 code [0x0000000002bc1780, 0x0000000002bc1af8]
Event: 2.477 Thread 0x000000001670c000 2258       2       com.android.dx.dex.code.LocalList$Entry::compareTo (9 bytes)
Event: 2.477 Thread 0x000000001670c000 nmethod 2258 0x0000000002bc1c10 code [0x0000000002bc1d80, 0x0000000002bc1f28]
Event: 2.477 Thread 0x000000001670c000 2259       2       com.android.dx.dex.code.LocalList$Entry::compareTo (63 bytes)

GC Heap History (4 events):
Event: 1.396 GC heap before
{Heap before GC invocations=1 (full 0):
 PSYoungGen      total 76288K, used 65536K [0x00000000eab00000, 0x00000000f0000000, 0x0000000100000000)
  eden space 65536K, 100% used [0x00000000eab00000,0x00000000eeb00000,0x00000000eeb00000)
  from space 10752K, 0% used [0x00000000ef580000,0x00000000ef580000,0x00000000f0000000)
  to   space 10752K, 0% used [0x00000000eeb00000,0x00000000eeb00000,0x00000000ef580000)
 ParOldGen       total 175104K, used 0K [0x00000000c0000000, 0x00000000cab00000, 0x00000000eab00000)
  object space 175104K, 0% used [0x00000000c0000000,0x00000000c0000000,0x00000000cab00000)
 Metaspace       used 6134K, capacity 7088K, committed 7296K, reserved 1056768K
  class space    used 586K, capacity 616K, committed 640K, reserved 1048576K
Event: 1.411 GC heap after
Heap after GC invocations=1 (full 0):
 PSYoungGen      total 76288K, used 10626K [0x00000000eab00000, 0x00000000f4000000, 0x0000000100000000)
  eden space 65536K, 0% used [0x00000000eab00000,0x00000000eab00000,0x00000000eeb00000)
  from space 10752K, 98% used [0x00000000eeb00000,0x00000000ef560a50,0x00000000ef580000)
  to   space 10752K, 0% used [0x00000000f3580000,0x00000000f3580000,0x00000000f4000000)
 ParOldGen       total 175104K, used 16K [0x00000000c0000000, 0x00000000cab00000, 0x00000000eab00000)
  object space 175104K, 0% used [0x00000000c0000000,0x00000000c0004000,0x00000000cab00000)
 Metaspace       used 6134K, capacity 7088K, committed 7296K, reserved 1056768K
  class space    used 586K, capacity 616K, committed 640K, reserved 1048576K
}
Event: 1.697 GC heap before
{Heap before GC invocations=2 (full 0):
 PSYoungGen      total 76288K, used 76162K [0x00000000eab00000, 0x00000000f4000000, 0x0000000100000000)
  eden space 65536K, 100% used [0x00000000eab00000,0x00000000eeb00000,0x00000000eeb00000)
  from space 10752K, 98% used [0x00000000eeb00000,0x00000000ef560a50,0x00000000ef580000)
  to   space 10752K, 0% used [0x00000000f3580000,0x00000000f3580000,0x00000000f4000000)
 ParOldGen       total 175104K, used 16K [0x00000000c0000000, 0x00000000cab00000, 0x00000000eab00000)
  object space 175104K, 0% used [0x00000000c0000000,0x00000000c0004000,0x00000000cab00000)
 Metaspace       used 6236K, capacity 7152K, committed 7296K, reserved 1056768K
  class space    used 587K, capacity 616K, committed 640K, reserved 1048576K
Event: 1.726 GC heap after
Heap after GC invocations=2 (full 0):
 PSYoungGen      total 141824K, used 10746K [0x00000000eab00000, 0x00000000f4000000, 0x0000000100000000)
  eden space 131072K, 0% used [0x00000000eab00000,0x00000000eab00000,0x00000000f2b00000)
  from space 10752K, 99% used [0x00000000f3580000,0x00000000f3ffeaa8,0x00000000f4000000)
  to   space 10752K, 0% used [0x00000000f2b00000,0x00000000f2b00000,0x00000000f3580000)
 ParOldGen       total 175104K, used 7882K [0x00000000c0000000, 0x00000000cab00000, 0x00000000eab00000)
  object space 175104K, 4% used [0x00000000c0000000,0x00000000c07b2a28,0x00000000cab00000)
 Metaspace       used 6236K, capacity 7152K, committed 7296K, reserved 1056768K
  class space    used 587K, capacity 616K, committed 640K, reserved 1048576K
}

Deoptimization events (10 events):
Event: 2.202 Thread 0x0000000016a0d000 Uncommon trap: reason=class_check action=maybe_recompile pc=0x00000000027d7450 method=java.util.HashMap.putVal(ILjava/lang/Object;Ljava/lang/Object;ZZ)Ljava/lang/Object; @ 203
Event: 2.279 Thread 0x0000000016a0d000 Uncommon trap: reason=bimorphic action=maybe_recompile pc=0x0000000002b416f4 method=java.util.HashMap.putVal(ILjava/lang/Object;Ljava/lang/Object;ZZ)Ljava/lang/Object; @ 203
Event: 2.295 Thread 0x0000000016a0d000 Uncommon trap: reason=bimorphic action=maybe_recompile pc=0x0000000002b416f4 method=java.util.HashMap.putVal(ILjava/lang/Object;Ljava/lang/Object;ZZ)Ljava/lang/Object; @ 203
Event: 2.295 Thread 0x0000000016a0d000 Uncommon trap: reason=bimorphic action=maybe_recompile pc=0x0000000002b416f4 method=java.util.HashMap.putVal(ILjava/lang/Object;Ljava/lang/Object;ZZ)Ljava/lang/Object; @ 203
Event: 2.353 Thread 0x0000000016a0d000 Uncommon trap: reason=speculate_class_check action=maybe_recompile pc=0x0000000002693f10 method=com.android.dx.util.FixedSizeList.equals(Ljava/lang/Object;)Z @ 25
Event: 2.353 Thread 0x0000000016a0d000 Uncommon trap: reason=unstable_if action=reinterpret pc=0x000000000269673c method=java.util.Arrays.equals([Ljava/lang/Object;[Ljava/lang/Object;)Z @ 23
Event: 2.409 Thread 0x0000000016a0d000 Uncommon trap: reason=speculate_class_check action=maybe_recompile pc=0x0000000002693f10 method=com.android.dx.util.FixedSizeList.equals(Ljava/lang/Object;)Z @ 25
Event: 2.409 Thread 0x0000000016a0d000 Uncommon trap: reason=speculate_class_check action=maybe_recompile pc=0x0000000002693f10 method=com.android.dx.util.FixedSizeList.equals(Ljava/lang/Object;)Z @ 25
Event: 2.409 Thread 0x0000000016a0d000 Uncommon trap: reason=speculate_class_check action=maybe_recompile pc=0x0000000002693f10 method=com.android.dx.util.FixedSizeList.equals(Ljava/lang/Object;)Z @ 25
Event: 2.417 Thread 0x0000000016a0d000 Uncommon trap: reason=unstable_if action=reinterpret pc=0x0000000002b290a8 method=java.util.TreeMap.put(Ljava/lang/Object;Ljava/lang/Object;)Ljava/lang/Object; @ 163

Internal exceptions (2 events):
Event: 0.037 Thread 0x0000000002211000 Exception <a 'java/lang/NoSuchMethodError': Method sun.misc.Unsafe.defineClass(Ljava/lang/String;[BII)Ljava/lang/Class; name or signature does not match> (0x00000000eab0d588) thrown at [C:\re\workspace\8-2-build-windows-amd64-cygwin\jdk8u51\3951\hotspot\sr˙rwç˘¢?
Event: 0.037 Thread 0x0000000002211000 Exception <a 'java/lang/NoSuchMethodError': Method sun.misc.Unsafe.prefetchRead(Ljava/lang/Object;J)V name or signature does not match> (0x00000000eab0d818) thrown at [C:\re\workspace\8-2-build-windows-amd64-cygwin\jdk8u51\3951\hotspot\src\share\vm\prims\j

Events (10 events):
Event: 2.446 Thread 0x0000000016a0d000 DEOPT PACKING pc=0x0000000002b6ea71 sp=0x000000001a02ecf0
Event: 2.446 Thread 0x0000000016a0d000 DEOPT UNPACKING pc=0x000000000235787f sp=0x000000001a02eab8 mode 0
Event: 2.446 Thread 0x0000000016a0d000 DEOPT PACKING pc=0x0000000002b6830d sp=0x000000001a02edd0
Event: 2.446 Thread 0x0000000016a0d000 DEOPT UNPACKING pc=0x000000000235787f sp=0x000000001a02eb20 mode 0
Event: 2.447 Thread 0x0000000016a0d000 DEOPT PACKING pc=0x0000000002b6a5f1 sp=0x000000001a02ed20
Event: 2.447 Thread 0x0000000016a0d000 DEOPT UNPACKING pc=0x000000000235787f sp=0x000000001a02eaa8 mode 0
Event: 2.447 Thread 0x0000000016a0d000 DEOPT PACKING pc=0x0000000002b701e7 sp=0x000000001a02ed30
Event: 2.447 Thread 0x0000000016a0d000 DEOPT UNPACKING pc=0x000000000235787f sp=0x000000001a02eaf8 mode 0
Event: 2.458 Executing VM operation: ForceSafepoint
Event: 2.459 Executing VM operation: ForceSafepoint done


Dynamic libraries:
0x00007ff74f270000 - 0x00007ff74f2a7000 	C:\Program Files\Java\jdk1.8.0_51\bin\java.exe
0x00007ffcedec0000 - 0x00007ffcee081000 	C:\WINDOWS\SYSTEM32\ntdll.dll
0x00007ffced140000 - 0x00007ffced1ed000 	C:\WINDOWS\system32\KERNEL32.DLL
0x00007ffcead70000 - 0x00007ffceaf58000 	C:\WINDOWS\system32\KERNELBASE.dll
0x00007ffceddb0000 - 0x00007ffcede57000 	C:\WINDOWS\system32\ADVAPI32.dll
0x00007ffcedbb0000 - 0x00007ffcedc4d000 	C:\WINDOWS\system32\msvcrt.dll
0x00007ffcede60000 - 0x00007ffcedebb000 	C:\WINDOWS\system32\sechost.dll
0x00007ffced9c0000 - 0x00007ffcedadc000 	C:\WINDOWS\system32\RPCRT4.dll
0x00007ffceba80000 - 0x00007ffcebbd6000 	C:\WINDOWS\system32\USER32.dll
0x00007ffced3b0000 - 0x00007ffced536000 	C:\WINDOWS\system32\GDI32.dll
0x00007ffce68f0000 - 0x00007ffce6b64000 	C:\WINDOWS\WinSxS\amd64_microsoft.windows.common-controls_6595b64144ccf1df_6.0.10586.0_none_8c15ae12515e1c22\COMCTL32.dll
0x00007ffceb630000 - 0x00007ffceb8ad000 	C:\WINDOWS\system32\combase.dll
0x00007ffcead00000 - 0x00007ffcead6a000 	C:\WINDOWS\system32\bcryptPrimitives.dll
0x00007ffced540000 - 0x00007ffced57b000 	C:\WINDOWS\system32\IMM32.DLL
0x0000000062250000 - 0x0000000062322000 	C:\Program Files\Java\jdk1.8.0_51\jre\bin\msvcr100.dll
0x00000000648e0000 - 0x0000000065163000 	C:\Program Files\Java\jdk1.8.0_51\jre\bin\server\jvm.dll
0x00007ffceb620000 - 0x00007ffceb628000 	C:\WINDOWS\system32\PSAPI.DLL
0x00007ffcdc170000 - 0x00007ffcdc179000 	C:\WINDOWS\SYSTEM32\WSOCK32.dll
0x00007ffceb5b0000 - 0x00007ffceb61b000 	C:\WINDOWS\system32\WS2_32.dll
0x00007ffce8760000 - 0x00007ffce8783000 	C:\WINDOWS\SYSTEM32\WINMM.dll
0x00007ffce6c20000 - 0x00007ffce6c2a000 	C:\WINDOWS\SYSTEM32\VERSION.dll
0x00007ffce8700000 - 0x00007ffce872c000 	C:\WINDOWS\SYSTEM32\WINMMBASE.dll
0x00007ffceb1c0000 - 0x00007ffceb203000 	C:\WINDOWS\system32\cfgmgr32.dll
0x00000000647f0000 - 0x00000000647ff000 	C:\Program Files\Java\jdk1.8.0_51\jre\bin\verify.dll
0x00000000647c0000 - 0x00000000647e9000 	C:\Program Files\Java\jdk1.8.0_51\jre\bin\java.dll
0x00000000647a0000 - 0x00000000647b6000 	C:\Program Files\Java\jdk1.8.0_51\jre\bin\zip.dll
0x00007ffcebbe0000 - 0x00007ffced13c000 	C:\WINDOWS\system32\SHELL32.dll
0x00007ffcea5f0000 - 0x00007ffceac35000 	C:\WINDOWS\system32\windows.storage.dll
0x00007ffceba20000 - 0x00007ffceba72000 	C:\WINDOWS\system32\shlwapi.dll
0x00007ffcea510000 - 0x00007ffcea51f000 	C:\WINDOWS\system32\kernel.appcore.dll
0x00007ffceac40000 - 0x00007ffceacf5000 	C:\WINDOWS\system32\shcore.dll
0x00007ffcea520000 - 0x00007ffcea56b000 	C:\WINDOWS\system32\powrprof.dll
0x00007ffcea4e0000 - 0x00007ffcea4f4000 	C:\WINDOWS\system32\profapi.dll
0x00007ffcdaa10000 - 0x00007ffcdab9c000 	C:\WINDOWS\SYSTEM32\dbghelp.dll

VM Arguments:
jvm_args: -Djava.awt.headless=true -Xmx1024M -Dfile.encoding=windows-1252 -Duser.country=US -Duser.language=en -Duser.variant 
java_command: com.android.dx.command.Main --dex --force-jumbo --num-threads=4 --multi-dex --output C:\Users\chyupa\Documents\Android Apps\Capstone\app\build\intermediates\transforms\dex\debug\folders\1000\10\com.google.android.gms-play-services-drive-8.4.0_873357611a452740fdc122fc7e6b79966f5c9d0e C:\Users\chyupa\Documents\Android Apps\Capstone\app\build\intermediates\exploded-aar\com.google.android.gms\play-services-drive\8.4.0\jars\classes.jar
java_class_path (initial): C:\Users\chyupa\Documents\android_sdk\build-tools\23.0.3\lib\dx.jar
Launcher Type: SUN_STANDARD

Environment Variables:
JAVA_HOME=C:\Program Files\Java\jdk1.8.0_51
PATH=C:\python27_x64\;C:\python27_x64\Scripts;C:\ProgramData\Oracle\Java\javapath;C:\Windows\system32;C:\Windows;C:\Windows\System32\Wbem;C:\Windows\System32\WindowsPowerShell\v1.0\;C:\Program Files (x86)\NVIDIA Corporation\PhysX\Common;C:\WINDOWS\system32;C:\WINDOWS;C:\WINDOWS\System32\Wbem;C:\WINDOWS\System32\WindowsPowerShell\v1.0\;C:\Program Files (x86)\Google\Cloud SDK\google-cloud-sdk\bin;C:\HashiCorp\Vagrant\bin;C:\Program Files\nodejs\;%GRADLE_HOME%\bin;C:\Program Files (x86)\Skype\Phone\;C:\Users\chyupa\AppData\Local\Code\bin;C:\Users\chyupa\AppData\Roaming\npm;C:\gradle-2.10\bin;C:\Program Files\Java\jdk1.8.0_51\bin;C:\Users\chyupa\AppData\Local\Programs\Git\bin
USERNAME=chyupa
OS=Windows_NT
PROCESSOR_IDENTIFIER=Intel64 Family 6 Model 63 Stepping 2, GenuineIntel



---------------  S Y S T E M  ---------------

OS: Windows 10.0 , 64 bit Build 10586 (10.0.10586.0)

CPU:total 12 (6 cores per cpu, 2 threads per core) family 6 model 63 stepping 2, cmov, cx8, fxsr, mmx, sse, sse2, sse3, ssse3, sse4.1, sse4.2, popcnt, avx, avx2, aes, clmul, erms, lzcnt, ht, tsc, tscinvbit, bmi1, bmi2

Memory: 4k page, physical 16675196k(5058652k free), swap 45853816k(5120k free)

vm_info: Java HotSpot(TM) 64-Bit Server VM (25.51-b03) for windows-amd64 JRE (1.8.0_51-b16), built on Jun  8 2015 18:03:07 by "java_re" with MS VC++ 10.0 (VS2010)

time: Tue May 10 21:34:33 2016
elapsed time: 2 seconds (0d 0h 0m 2s)

