#
# There is insufficient memory for the Java Runtime Environment to continue.
# Native memory allocation (malloc) failed to allocate 32744 bytes for ChunkPool::allocate
# Possible reasons:
#   The system is out of physical RAM or swap space
#   In 32 bit mode, the process size limit was hit
# Possible solutions:
#   Reduce memory load on the system
#   Increase physical memory or swap space
#   Check if swap backing store is full
#   Use 64 bit Java on a 64 bit OS
#   Decrease Java heap size (-Xmx/-Xms)
#   Decrease number of Java threads
#   Decrease Java thread stack sizes (-Xss)
#   Set larger code cache with -XX:ReservedCodeCacheSize=
# This output file may be truncated or incomplete.
#
#  Out of Memory Error (allocation.cpp:273), pid=3616, tid=12412
#
# JRE version: Java(TM) SE Runtime Environment (8.0_51-b16) (build 1.8.0_51-b16)
# Java VM: Java HotSpot(TM) 64-Bit Server VM (25.51-b03 mixed mode windows-amd64 compressed oops)
# Failed to write core dump. Minidumps are not enabled by default on client versions of Windows
#

---------------  T H R E A D  ---------------

Current thread (0x000000001694e800):  JavaThread "C1 CompilerThread3" daemon [_thread_in_native, id=12412, stack(0x00000000181b0000,0x00000000182b0000)]

Stack: [0x00000000181b0000,0x00000000182b0000]
Native frames: (J=compiled Java code, j=interpreted, Vv=VM code, C=native code)
V  [jvm.dll+0x32b4ca]


Current CompileTask:
C1:     84   23       3       java.io.DataInputStream::readUTF (501 bytes)


---------------  P R O C E S S  ---------------

Java Threads: ( => current thread )
  0x00000000169e6000 JavaThread "Service Thread" daemon [_thread_blocked, id=12892, stack(0x00000000182b0000,0x00000000183b0000)]
=>0x000000001694e800 JavaThread "C1 CompilerThread3" daemon [_thread_in_native, id=12412, stack(0x00000000181b0000,0x00000000182b0000)]
  0x000000001694a000 JavaThread "C2 CompilerThread2" daemon [_thread_blocked, id=7148, stack(0x00000000180b0000,0x00000000181b0000)]
  0x0000000016944800 JavaThread "C2 CompilerThread1" daemon [_thread_blocked, id=12948, stack(0x0000000017fb0000,0x00000000180b0000)]
  0x000000001693d800 JavaThread "C2 CompilerThread0" daemon [_thread_blocked, id=8504, stack(0x0000000017eb0000,0x0000000017fb0000)]
  0x0000000016939800 JavaThread "Attach Listener" daemon [_thread_blocked, id=12996, stack(0x0000000017db0000,0x0000000017eb0000)]
  0x000000000251e000 JavaThread "Signal Dispatcher" daemon [_thread_blocked, id=6736, stack(0x0000000017cb0000,0x0000000017db0000)]
  0x000000000251c000 JavaThread "Finalizer" daemon [_thread_blocked, id=12916, stack(0x0000000017bb0000,0x0000000017cb0000)]
  0x0000000002515000 JavaThread "Reference Handler" daemon [_thread_blocked, id=11880, stack(0x0000000017ab0000,0x0000000017bb0000)]
  0x0000000002421000 JavaThread "main" [_thread_in_vm, id=12360, stack(0x0000000002230000,0x0000000002330000)]

Other Threads:
  0x0000000015237000 VMThread [stack: 0x00000000179b0000,0x0000000017ab0000] [id=6040]
  0x00000000169e8000 WatcherThread [stack: 0x00000000183b0000,0x00000000184b0000] [id=12464]

VM state:not at safepoint (normal execution)

VM Mutex/Monitor currently owned by a thread: None

Heap:
 PSYoungGen      total 76288K, used 3932K [0x00000000eab00000, 0x00000000f0000000, 0x0000000100000000)
  eden space 65536K, 6% used [0x00000000eab00000,0x00000000eaed7178,0x00000000eeb00000)
  from space 10752K, 0% used [0x00000000ef580000,0x00000000ef580000,0x00000000f0000000)
  to   space 10752K, 0% used [0x00000000eeb00000,0x00000000eeb00000,0x00000000ef580000)
 ParOldGen       total 175104K, used 0K [0x00000000c0000000, 0x00000000cab00000, 0x00000000eab00000)
  object space 175104K, 0% used [0x00000000c0000000,0x00000000c0000000,0x00000000cab00000)
 Metaspace       used 2546K, capacity 4480K, committed 4480K, reserved 1056768K
  class space    used 275K, capacity 384K, committed 384K, reserved 1048576K

Card table byte_map: [0x00000000118e0000,0x0000000011af0000] byte_map_base: 0x00000000112e0000

Marking Bits: (ParMarkBitMap*) 0x000000005aa64040
 Begin Bits: [0x0000000012650000, 0x0000000013650000)
 End Bits:   [0x0000000013650000, 0x0000000014650000)

Polling page: 0x0000000002180000

CodeCache: size=245760Kb used=1099Kb max_used=1099Kb free=244660Kb
 bounds [0x0000000002520000, 0x0000000002790000, 0x0000000011520000]
 total_blobs=259 nmethods=22 adapters=151
 compilation: enabled

Compilation events (10 events):
Event: 0.074 Thread 0x000000001694e800 nmethod 14 0x000000000262ea10 code [0x000000000262ec20, 0x000000000262f758]
Event: 0.074 Thread 0x000000001694e800   16       3       java.lang.String::<init> (62 bytes)
Event: 0.075 Thread 0x000000001694e800 nmethod 16 0x000000000262fc90 code [0x000000000262fe40, 0x0000000002630278]
Event: 0.075 Thread 0x000000001694e800   20       3       java.lang.String::equals (81 bytes)
Event: 0.075 Thread 0x000000001694e800 nmethod 20 0x0000000002630490 code [0x0000000002630620, 0x0000000002630b70]
Event: 0.081 Thread 0x000000001694e800   21       3       java.io.BufferedInputStream::getBufIfOpen (21 bytes)
Event: 0.081 Thread 0x000000001694e800 nmethod 21 0x0000000002632390 code [0x0000000002632500, 0x0000000002632728]
Event: 0.081 Thread 0x000000001694e800   22  s    3       java.io.BufferedInputStream::read (49 bytes)
Event: 0.081 Thread 0x000000001694e800 nmethod 22 0x0000000002632810 code [0x00000000026329a0, 0x0000000002632ed8]
Event: 0.081 Thread 0x000000001694e800   23       3       java.io.DataInputStream::readUTF (501 bytes)

GC Heap History (0 events):
No events

Deoptimization events (0 events):
No events

Internal exceptions (2 events):
Event: 0.036 Thread 0x0000000002421000 Exception <a 'java/lang/NoSuchMethodError': Method sun.misc.Unsafe.defineClass(Ljava/lang/String;[BII)Ljava/lang/Class; name or signature does not match> (0x00000000eab0d568) thrown at [C:\re\workspace\8-2-build-windows-amd64-cygwin\jdk8u51\3951\hotspot\srà|^Î[¢?
Event: 0.036 Thread 0x0000000002421000 Exception <a 'java/lang/NoSuchMethodError': Method sun.misc.Unsafe.prefetchRead(Ljava/lang/Object;J)V name or signature does not match> (0x00000000eab0d7f8) thrown at [C:\re\workspace\8-2-build-windows-amd64-cygwin\jdk8u51\3951\hotspot\src\share\vm\prims\j

Events (10 events):
Event: 0.080 loading class sun/util/calendar/ZoneInfo
Event: 0.080 loading class sun/util/calendar/ZoneInfo done
Event: 0.080 loading class sun/util/calendar/ZoneInfoFile
Event: 0.080 loading class sun/util/calendar/ZoneInfoFile done
Event: 0.080 loading class sun/util/calendar/ZoneInfoFile$1
Event: 0.080 loading class sun/util/calendar/ZoneInfoFile$1 done
Event: 0.080 loading class java/io/DataInputStream
Event: 0.081 loading class java/io/DataInput
Event: 0.081 loading class java/io/DataInput done
Event: 0.081 loading class java/io/DataInputStream done


Dynamic libraries:
0x00007ff605b30000 - 0x00007ff605b67000 	C:\Program Files\Java\jdk1.8.0_51\bin\java.exe
0x00007ffdf3fd0000 - 0x00007ffdf4191000 	C:\WINDOWS\SYSTEM32\ntdll.dll
0x00007ffdf1900000 - 0x00007ffdf19ad000 	C:\WINDOWS\system32\KERNEL32.DLL
0x00007ffdf11e0000 - 0x00007ffdf13c8000 	C:\WINDOWS\system32\KERNELBASE.dll
0x00007ffdf19c0000 - 0x00007ffdf1a67000 	C:\WINDOWS\system32\ADVAPI32.dll
0x00007ffdf1b80000 - 0x00007ffdf1c1d000 	C:\WINDOWS\system32\msvcrt.dll
0x00007ffdf2290000 - 0x00007ffdf22eb000 	C:\WINDOWS\system32\sechost.dll
0x00007ffdf1ea0000 - 0x00007ffdf1fbc000 	C:\WINDOWS\system32\RPCRT4.dll
0x00007ffdf1440000 - 0x00007ffdf1596000 	C:\WINDOWS\system32\USER32.dll
0x00007ffdf1c30000 - 0x00007ffdf1db6000 	C:\WINDOWS\system32\GDI32.dll
0x00007ffdeca20000 - 0x00007ffdecc94000 	C:\WINDOWS\WinSxS\amd64_microsoft.windows.common-controls_6595b64144ccf1df_6.0.10586.0_none_8c15ae12515e1c22\COMCTL32.dll
0x00007ffdf22f0000 - 0x00007ffdf256d000 	C:\WINDOWS\system32\combase.dll
0x00007ffdf0680000 - 0x00007ffdf06ea000 	C:\WINDOWS\system32\bcryptPrimitives.dll
0x00007ffdf20d0000 - 0x00007ffdf210b000 	C:\WINDOWS\system32\IMM32.DLL
0x0000000057bd0000 - 0x0000000057ca2000 	C:\Program Files\Java\jdk1.8.0_51\jre\bin\msvcr100.dll
0x000000005a260000 - 0x000000005aae3000 	C:\Program Files\Java\jdk1.8.0_51\jre\bin\server\jvm.dll
0x00007ffdf19b0000 - 0x00007ffdf19b8000 	C:\WINDOWS\system32\PSAPI.DLL
0x00007ffde4fb0000 - 0x00007ffde4fb9000 	C:\WINDOWS\SYSTEM32\WSOCK32.dll
0x00007ffdee690000 - 0x00007ffdee6b3000 	C:\WINDOWS\SYSTEM32\WINMM.dll
0x00007ffdee610000 - 0x00007ffdee63c000 	C:\WINDOWS\SYSTEM32\WINMMBASE.dll
0x00007ffdf1190000 - 0x00007ffdf11d3000 	C:\WINDOWS\system32\cfgmgr32.dll
0x00007ffdf1dc0000 - 0x00007ffdf1e2b000 	C:\WINDOWS\system32\WS2_32.dll
0x00007ffdecd50000 - 0x00007ffdecd5a000 	C:\WINDOWS\SYSTEM32\VERSION.dll
0x000000005a170000 - 0x000000005a17f000 	C:\Program Files\Java\jdk1.8.0_51\jre\bin\verify.dll
0x000000005a140000 - 0x000000005a169000 	C:\Program Files\Java\jdk1.8.0_51\jre\bin\java.dll
0x000000005a120000 - 0x000000005a136000 	C:\Program Files\Java\jdk1.8.0_51\jre\bin\zip.dll
0x00007ffdf2a70000 - 0x00007ffdf3fcc000 	C:\WINDOWS\system32\SHELL32.dll
0x00007ffdf09b0000 - 0x00007ffdf0ff5000 	C:\WINDOWS\system32\windows.storage.dll
0x00007ffdf13d0000 - 0x00007ffdf1422000 	C:\WINDOWS\system32\shlwapi.dll
0x00007ffdf0600000 - 0x00007ffdf060f000 	C:\WINDOWS\system32\kernel.appcore.dll
0x00007ffdf1000000 - 0x00007ffdf10b5000 	C:\WINDOWS\system32\shcore.dll
0x00007ffdf0610000 - 0x00007ffdf065b000 	C:\WINDOWS\system32\powrprof.dll
0x00007ffdf0660000 - 0x00007ffdf0674000 	C:\WINDOWS\system32\profapi.dll

VM Arguments:
jvm_args: -Djava.awt.headless=true -Xmx1024M -Dfile.encoding=windows-1252 -Duser.country=US -Duser.language=en -Duser.variant 
java_command: com.android.dx.command.Main --dex --force-jumbo --num-threads=4 --multi-dex --output C:\Users\chyupa\Documents\Android Apps\Capstone\app\build\intermediates\transforms\dex\debug\folders\1000\10\internal_impl-23.0.0_6051f3c843728d7b6e4b6b685ff925dde679f13a C:\Users\chyupa\Documents\Android Apps\Capstone\app\build\intermediates\exploded-aar\com.android.support\mediarouter-v7\23.0.0\jars\libs\internal_impl-23.0.0.jar
java_class_path (initial): C:\Users\chyupa\Documents\android_sdk\build-tools\23.0.3\lib\dx.jar
Launcher Type: SUN_STANDARD

Environment Variables:
JAVA_HOME=C:\Program Files\Java\jdk1.8.0_51
PATH=C:\python27_x64\;C:\python27_x64\Scripts;C:\ProgramData\Oracle\Java\javapath;C:\Windows\system32;C:\Windows;C:\Windows\System32\Wbem;C:\Windows\System32\WindowsPowerShell\v1.0\;C:\Program Files (x86)\NVIDIA Corporation\PhysX\Common;C:\WINDOWS\system32;C:\WINDOWS;C:\WINDOWS\System32\Wbem;C:\WINDOWS\System32\WindowsPowerShell\v1.0\;C:\Program Files (x86)\Google\Cloud SDK\google-cloud-sdk\bin;C:\HashiCorp\Vagrant\bin;C:\Program Files\nodejs\;%GRADLE_HOME%\bin;C:\Program Files (x86)\Skype\Phone\;C:\Users\chyupa\AppData\Local\Code\bin;C:\Users\chyupa\AppData\Roaming\npm;C:\gradle-2.10\bin;C:\Program Files\Java\jdk1.8.0_51\bin;C:\Users\chyupa\AppData\Local\Programs\Git\bin
USERNAME=chyupa
OS=Windows_NT
PROCESSOR_IDENTIFIER=Intel64 Family 6 Model 63 Stepping 2, GenuineIntel



---------------  S Y S T E M  ---------------

OS: Windows 10.0 , 64 bit Build 10586 (10.0.10586.0)

CPU:total 12 (6 cores per cpu, 2 threads per core) family 6 model 63 stepping 2, cmov, cx8, fxsr, mmx, sse, sse2, sse3, ssse3, sse4.1, sse4.2, popcnt, avx, avx2, aes, clmul, erms, lzcnt, ht, tsc, tscinvbit, bmi1, bmi2

Memory: 4k page, physical 16675196k(6671196k free), swap 45853816k(2060k free)

vm_info: Java HotSpot(TM) 64-Bit Server VM (25.51-b03) for windows-amd64 JRE (1.8.0_51-b16), built on Jun  8 2015 18:03:07 by "java_re" with MS VC++ 10.0 (VS2010)

time: Wed May 11 22:03:18 2016
elapsed time: 0 seconds (0d 0h 0m 0s)

