#
# A fatal error has been detected by the Java Runtime Environment:
#
#  EXCEPTION_STACK_OVERFLOW (0xc00000fd) at pc=0x000000005a46fe87, pid=156, tid=11064
#
# JRE version: Java(TM) SE Runtime Environment (8.0_51-b16) (build 1.8.0_51-b16)
# Java VM: Java HotSpot(TM) 64-Bit Server VM (25.51-b03 mixed mode windows-amd64 compressed oops)
# Problematic frame:
# V  [jvm.dll+0x20fe87]
#
# Failed to write core dump. Minidumps are not enabled by default on client versions of Windows
#
# If you would like to submit a bug report, please visit:
#   http://bugreport.java.com/bugreport/crash.jsp
#

---------------  T H R E A D  ---------------

Current thread (0x0000000016b0a000):  JavaThread "pool-3-thread-1" [_thread_in_vm, id=11064, stack(0x0000000018be0000,0x0000000018ce0000)]

siginfo: ExceptionCode=0xc00000fd, ExceptionInformation=0x0000000000000001 0x0000000018cdb300 

Registers:
RAX=0x0000000018cdb300, RBX=0x0000000000000005, RCX=0x0000000000004000, RDX=0x0000000000000006
RSP=0x0000000018cdf300, RBP=0x0000000000000000, RSI=0x0000000018cdf300, RDI=0x0000000000000005
R8 =0x0000000000000006, R9 =0x0000000016a48910, R10=0x00000000146ed358, R11=0x0000000018bea148
R12=0x0000000016a48910, R13=0x0000000016b0a000, R14=0x0000000018cdf3c8, R15=0x00000000146ed358
RIP=0x000000005a46fe87, EFLAGS=0x0000000000010206

Top of Stack: (sp=0x0000000018cdf300)
0x0000000018cdf300:   000000000238c1f0 0000000057c24e7e
0x0000000018cdf310:   0000000016b0a000 0000000016a48910
0x0000000018cdf320:   00000000ffffffff 000000005a470db7
0x0000000018cdf330:   0000000018cdf430 00000000146ed358
0x0000000018cdf340:   0000000016b0a000 000000005a31ea33
0x0000000018cdf350:   0000000018cdf390 0000000016b0a000
0x0000000018cdf360:   0000000018cdf420 0000000016b0a000
0x0000000018cdf370:   00000000146ed358 0000000016b0a000
0x0000000018cdf380:   00000000023a10e0 0000000016b0a000
0x0000000018cdf390:   00000000146ed358 0000000016b0a000
0x0000000018cdf3a0:   00000000146ed358 0000000016b0a000
0x0000000018cdf3b0:   0000000000000001 00000000146ed358
0x0000000018cdf3c0:   0000000016b0a000 0000000016b0b580
0x0000000018cdf3d0:   0000000016b0a000 000000005a31ff1d
0x0000000018cdf3e0:   0000000018cdf6e8 00000001000069a0
0x0000000018cdf3f0:   00000001000069a0 00007ffdf3fda474 

Instructions: (pc=0x000000005a46fe87)
0x000000005a46fe67:   48 89 6c 24 30 33 ed 66 90 e8 db 35 08 00 ff c3
0x000000005a46fe77:   48 63 c8 48 8b c6 48 0f af cf 48 ff c7 48 2b c1
0x000000005a46fe87:   89 28 48 63 c3 48 3b 05 7d 67 58 00 7e db 48 8b
0x000000005a46fe97:   6c 24 30 48 8b 5c 24 38 48 8b 74 24 40 48 83 c4 


Register to memory mapping:

RAX=0x0000000018cdb300 is pointing into the stack for thread: 0x0000000016b0a000
RBX=0x0000000000000005 is an unknown value
RCX=0x0000000000004000 is an unknown value
RDX=0x0000000000000006 is an unknown value
RSP=0x0000000018cdf300 is pointing into the stack for thread: 0x0000000016b0a000
RBP=0x0000000000000000 is an unknown value
RSI=0x0000000018cdf300 is pointing into the stack for thread: 0x0000000016b0a000
RDI=0x0000000000000005 is an unknown value
R8 =0x0000000000000006 is an unknown value
R9 =0x0000000016a48910 is an unknown value
R10={method} {0x00000000146ed360} 'run' '()V' in 'java/lang/Thread'
R11=0x0000000018bea148 is pointing into the stack for thread: 0x0000000016b0a000
R12=0x0000000016a48910 is an unknown value
R13=0x0000000016b0a000 is a thread
R14=0x0000000018cdf3c8 is pointing into the stack for thread: 0x0000000016b0a000
R15={method} {0x00000000146ed360} 'run' '()V' in 'java/lang/Thread'


Stack: [0x0000000018be0000,0x0000000018ce0000],  sp=0x0000000018cdf300,  free space=1020k
Native frames: (J=compiled Java code, j=interpreted, Vv=VM code, C=native code)


---------------  P R O C E S S  ---------------

Java Threads: ( => current thread )
  0x0000000016b0e000 JavaThread "pool-2-thread-4" [_thread_blocked, id=9692, stack(0x0000000018ee0000,0x0000000018fe0000)]
  0x0000000016b0d800 JavaThread "pool-2-thread-3" [_thread_blocked, id=12768, stack(0x0000000018de0000,0x0000000018ee0000)]
  0x0000000016b0c800 JavaThread "pool-2-thread-2" [_thread_blocked, id=12540, stack(0x0000000018ce0000,0x0000000018de0000)]
=>0x0000000016b0a000 JavaThread "pool-3-thread-1" [_thread_in_vm, id=11064, stack(0x0000000018be0000,0x0000000018ce0000)]
  0x0000000016ad3800 JavaThread "pool-2-thread-1" [_thread_blocked, id=10304, stack(0x0000000018ae0000,0x0000000018be0000)]
  0x00000000150bb800 JavaThread "Service Thread" daemon [_thread_blocked, id=1356, stack(0x00000000180e0000,0x00000000181e0000)]
  0x00000000150bb000 JavaThread "C1 CompilerThread3" daemon [_thread_blocked, id=9868, stack(0x0000000017fe0000,0x00000000180e0000)]
  0x00000000150ba000 JavaThread "C2 CompilerThread2" daemon [_thread_blocked, id=2548, stack(0x0000000017ee0000,0x0000000017fe0000)]
  0x000000001678b000 JavaThread "C2 CompilerThread1" daemon [_thread_blocked, id=11836, stack(0x0000000017de0000,0x0000000017ee0000)]
  0x0000000016786000 JavaThread "C2 CompilerThread0" daemon [_thread_blocked, id=3660, stack(0x0000000017ce0000,0x0000000017de0000)]
  0x0000000016782000 JavaThread "Attach Listener" daemon [_thread_blocked, id=7132, stack(0x0000000017be0000,0x0000000017ce0000)]
  0x000000001677f000 JavaThread "Signal Dispatcher" daemon [_thread_blocked, id=12976, stack(0x0000000017ae0000,0x0000000017be0000)]
  0x0000000002388000 JavaThread "Finalizer" daemon [_thread_blocked, id=11748, stack(0x00000000179e0000,0x0000000017ae0000)]
  0x0000000002387000 JavaThread "Reference Handler" daemon [_thread_blocked, id=13196, stack(0x00000000178e0000,0x00000000179e0000)]
  0x0000000002291000 JavaThread "main" [_thread_blocked, id=12464, stack(0x0000000002190000,0x0000000002290000)]

Other Threads:
  0x00000000150a5800 VMThread [stack: 0x00000000177e0000,0x00000000178e0000] [id=7120]
  0x00000000150bd800 WatcherThread [stack: 0x00000000181e0000,0x00000000182e0000] [id=808]

VM state:synchronizing (normal execution)

VM Mutex/Monitor currently owned by a thread:  ([mutex/lock_event])
[0x000000000218c360] Threads_lock - owner thread: 0x00000000150a5800
[0x000000000218c560] Heap_lock - owner thread: 0x0000000016b0d800

Heap:
 PSYoungGen      total 76288K, used 17040K [0x00000000eab00000, 0x00000000f0000000, 0x0000000100000000)
  eden space 65536K, 26% used [0x00000000eab00000,0x00000000ebba40f8,0x00000000eeb00000)
  from space 10752K, 0% used [0x00000000ef580000,0x00000000ef580000,0x00000000f0000000)
  to   space 10752K, 0% used [0x00000000eeb00000,0x00000000eeb00000,0x00000000ef580000)
 ParOldGen       total 175104K, used 0K [0x00000000c0000000, 0x00000000cab00000, 0x00000000eab00000)
  object space 175104K, 0% used [0x00000000c0000000,0x00000000c0000000,0x00000000cab00000)
 Metaspace       used 5127K, capacity 6160K, committed 6272K, reserved 1060864K
  class space    used 562K, capacity 584K, committed 640K, reserved 1048576K

Card table byte_map: [0x0000000011750000,0x0000000011960000] byte_map_base: 0x0000000011150000

Marking Bits: (ParMarkBitMap*) 0x000000005aa64040
 Begin Bits: [0x00000000124c0000, 0x00000000134c0000)
 End Bits:   [0x00000000134c0000, 0x00000000144c0000)

Polling page: 0x0000000000700000

CodeCache: size=245760Kb used=2038Kb max_used=2038Kb free=243721Kb
 bounds [0x0000000002390000, 0x0000000002600000, 0x0000000011390000]
 total_blobs=702 nmethods=434 adapters=181
 compilation: enabled

Compilation events (10 events):
Event: 0.388 Thread 0x00000000150bb000  396       3       java.util.ArrayList::iterator (10 bytes)
Event: 0.388 Thread 0x00000000150bb000 nmethod 396 0x0000000002577bd0 code [0x0000000002577d40, 0x0000000002578030]
Event: 0.388 Thread 0x00000000150bb000  397       3       java.util.ArrayList$Itr::<init> (6 bytes)
Event: 0.388 Thread 0x00000000150bb000 nmethod 397 0x0000000002578190 code [0x0000000002578300, 0x0000000002578530]
Event: 0.388 Thread 0x00000000150bb000  399       3       java.util.ArrayList$Itr::<init> (26 bytes)
Event: 0.388 Thread 0x00000000150bb000 nmethod 399 0x0000000002578650 code [0x00000000025787c0, 0x0000000002578990]
Event: 0.388 Thread 0x00000000150bb000  398       1       com.android.dx.ssa.SsaBasicBlock::getParent (5 bytes)
Event: 0.388 Thread 0x00000000150bb000 nmethod 398 0x0000000002578a50 code [0x0000000002578ba0, 0x0000000002578cb0]
Event: 0.388 Thread 0x00000000150bb000  400       1       com.android.dx.ssa.SsaBasicBlock::getRopLabel (5 bytes)
Event: 0.388 Thread 0x00000000150bb000 nmethod 400 0x0000000002578d10 code [0x0000000002578e60, 0x0000000002578f70]

GC Heap History (0 events):
No events

Deoptimization events (2 events):
Event: 0.304 Thread 0x0000000002291000 Uncommon trap: reason=unstable_if action=reinterpret pc=0x00000000024eed58 method=java.lang.String.indexOf(II)I @ 49
Event: 0.328 Thread 0x0000000016b0d800 Uncommon trap: reason=unstable_if action=reinterpret pc=0x00000000024f5354 method=java.lang.String.compareTo(Ljava/lang/String;)I @ 38

Internal exceptions (2 events):
Event: 0.114 Thread 0x0000000002291000 Exception <a 'java/lang/NoSuchMethodError': Method sun.misc.Unsafe.defineClass(Ljava/lang/String;[BII)Ljava/lang/Class; name or signature does not match> (0x00000000eab0d6e0) thrown at [C:\re\workspace\8-2-build-windows-amd64-cygwin\jdk8u51\3951\hotspot\srðþRFyE½?
Event: 0.114 Thread 0x0000000002291000 Exception <a 'java/lang/NoSuchMethodError': Method sun.misc.Unsafe.prefetchRead(Ljava/lang/Object;J)V name or signature does not match> (0x00000000eab0d970) thrown at [C:\re\workspace\8-2-build-windows-amd64-cygwin\jdk8u51\3951\hotspot\src\share\vm\prims\j

Events (10 events):
Event: 0.387 loading class com/android/dx/ssa/back/FirstFitLocalCombiningAllocator$Alignment$3
Event: 0.387 loading class com/android/dx/ssa/back/FirstFitLocalCombiningAllocator$Alignment$3 done
Event: 0.387 loading class com/android/dx/ssa/back/SsaToRop$PhiVisitor
Event: 0.387 loading class com/android/dx/ssa/back/SsaToRop$PhiVisitor done
Event: 0.387 loading class com/android/dx/ssa/back/SsaToRop$1
Event: 0.387 loading class com/android/dx/ssa/back/SsaToRop$1 done
Event: 0.388 loading class com/android/dx/ssa/back/IdenticalBlockCombiner
Event: 0.388 loading class com/android/dx/ssa/back/IdenticalBlockCombiner done
Event: 0.389 loading class com/android/dx/rop/code/LocalVariableExtractor
Event: 0.389 loading class com/android/dx/rop/code/LocalVariableExtractor done


Dynamic libraries:
0x00007ff605b30000 - 0x00007ff605b67000 	C:\Program Files\Java\jdk1.8.0_51\bin\java.exe
0x00007ffdf3fd0000 - 0x00007ffdf4191000 	C:\WINDOWS\SYSTEM32\ntdll.dll
0x00007ffdf1900000 - 0x00007ffdf19ad000 	C:\WINDOWS\system32\KERNEL32.DLL
0x00007ffdf11e0000 - 0x00007ffdf13c8000 	C:\WINDOWS\system32\KERNELBASE.dll
0x00007ffdf19c0000 - 0x00007ffdf1a67000 	C:\WINDOWS\system32\ADVAPI32.dll
0x00007ffdf1b80000 - 0x00007ffdf1c1d000 	C:\WINDOWS\system32\msvcrt.dll
0x00007ffdf2290000 - 0x00007ffdf22eb000 	C:\WINDOWS\system32\sechost.dll
0x00007ffdf1ea0000 - 0x00007ffdf1fbc000 	C:\WINDOWS\system32\RPCRT4.dll
0x00007ffdf1440000 - 0x00007ffdf1596000 	C:\WINDOWS\system32\USER32.dll
0x00007ffdf1c30000 - 0x00007ffdf1db6000 	C:\WINDOWS\system32\GDI32.dll
0x00007ffdeca20000 - 0x00007ffdecc94000 	C:\WINDOWS\WinSxS\amd64_microsoft.windows.common-controls_6595b64144ccf1df_6.0.10586.0_none_8c15ae12515e1c22\COMCTL32.dll
0x00007ffdf22f0000 - 0x00007ffdf256d000 	C:\WINDOWS\system32\combase.dll
0x00007ffdf0680000 - 0x00007ffdf06ea000 	C:\WINDOWS\system32\bcryptPrimitives.dll
0x00007ffdf20d0000 - 0x00007ffdf210b000 	C:\WINDOWS\system32\IMM32.DLL
0x0000000057bd0000 - 0x0000000057ca2000 	C:\Program Files\Java\jdk1.8.0_51\jre\bin\msvcr100.dll
0x000000005a260000 - 0x000000005aae3000 	C:\Program Files\Java\jdk1.8.0_51\jre\bin\server\jvm.dll
0x00007ffdf19b0000 - 0x00007ffdf19b8000 	C:\WINDOWS\system32\PSAPI.DLL
0x00007ffde4fb0000 - 0x00007ffde4fb9000 	C:\WINDOWS\SYSTEM32\WSOCK32.dll
0x00007ffdf1dc0000 - 0x00007ffdf1e2b000 	C:\WINDOWS\system32\WS2_32.dll
0x00007ffdee690000 - 0x00007ffdee6b3000 	C:\WINDOWS\SYSTEM32\WINMM.dll
0x00007ffdecd50000 - 0x00007ffdecd5a000 	C:\WINDOWS\SYSTEM32\VERSION.dll
0x00007ffdee610000 - 0x00007ffdee63c000 	C:\WINDOWS\SYSTEM32\WINMMBASE.dll
0x00007ffdf1190000 - 0x00007ffdf11d3000 	C:\WINDOWS\system32\cfgmgr32.dll
0x000000005a170000 - 0x000000005a17f000 	C:\Program Files\Java\jdk1.8.0_51\jre\bin\verify.dll
0x000000005a140000 - 0x000000005a169000 	C:\Program Files\Java\jdk1.8.0_51\jre\bin\java.dll
0x000000005a120000 - 0x000000005a136000 	C:\Program Files\Java\jdk1.8.0_51\jre\bin\zip.dll
0x00007ffdf2a70000 - 0x00007ffdf3fcc000 	C:\WINDOWS\system32\SHELL32.dll
0x00007ffdf09b0000 - 0x00007ffdf0ff5000 	C:\WINDOWS\system32\windows.storage.dll
0x00007ffdf13d0000 - 0x00007ffdf1422000 	C:\WINDOWS\system32\shlwapi.dll
0x00007ffdf0600000 - 0x00007ffdf060f000 	C:\WINDOWS\system32\kernel.appcore.dll
0x00007ffdf1000000 - 0x00007ffdf10b5000 	C:\WINDOWS\system32\shcore.dll
0x00007ffdf0610000 - 0x00007ffdf065b000 	C:\WINDOWS\system32\powrprof.dll
0x00007ffdf0660000 - 0x00007ffdf0674000 	C:\WINDOWS\system32\profapi.dll
0x00007ffdd2d20000 - 0x00007ffdd2eac000 	C:\WINDOWS\SYSTEM32\dbghelp.dll

VM Arguments:
jvm_args: -Djava.awt.headless=true -Xmx1024M -Dfile.encoding=windows-1252 -Duser.country=US -Duser.language=en -Duser.variant 
java_command: com.android.dx.command.Main --dex --force-jumbo --num-threads=4 --multi-dex --output C:\Users\chyupa\Documents\Android Apps\Capstone\app\build\intermediates\transforms\dex\debug\folders\1000\10\internal_impl-23.3.0_1652942b1778e3c252f99c45b6196af33d67d575 C:\Users\chyupa\Documents\Android Apps\Capstone\app\build\intermediates\exploded-aar\com.android.support\support-v4\23.3.0\jars\libs\internal_impl-23.3.0.jar
java_class_path (initial): C:\Users\chyupa\Documents\android_sdk\build-tools\23.0.3\lib\dx.jar
Launcher Type: SUN_STANDARD

Environment Variables:
JAVA_HOME=C:\Program Files\Java\jdk1.8.0_51
PATH=C:\python27_x64\;C:\python27_x64\Scripts;C:\ProgramData\Oracle\Java\javapath;C:\Windows\system32;C:\Windows;C:\Windows\System32\Wbem;C:\Windows\System32\WindowsPowerShell\v1.0\;C:\Program Files (x86)\NVIDIA Corporation\PhysX\Common;C:\WINDOWS\system32;C:\WINDOWS;C:\WINDOWS\System32\Wbem;C:\WINDOWS\System32\WindowsPowerShell\v1.0\;C:\Program Files (x86)\Google\Cloud SDK\google-cloud-sdk\bin;C:\HashiCorp\Vagrant\bin;C:\Program Files\nodejs\;%GRADLE_HOME%\bin;C:\Program Files (x86)\Skype\Phone\;C:\Users\chyupa\AppData\Local\Code\bin;C:\Users\chyupa\AppData\Roaming\npm;C:\gradle-2.10\bin;C:\Program Files\Java\jdk1.8.0_51\bin;C:\Users\chyupa\AppData\Local\Programs\Git\bin
USERNAME=chyupa
OS=Windows_NT
PROCESSOR_IDENTIFIER=Intel64 Family 6 Model 63 Stepping 2, GenuineIntel



---------------  S Y S T E M  ---------------

OS: Windows 10.0 , 64 bit Build 10586 (10.0.10586.0)

CPU:total 12 (6 cores per cpu, 2 threads per core) family 6 model 63 stepping 2, cmov, cx8, fxsr, mmx, sse, sse2, sse3, ssse3, sse4.1, sse4.2, popcnt, avx, avx2, aes, clmul, erms, lzcnt, ht, tsc, tscinvbit, bmi1, bmi2

Memory: 4k page, physical 16675196k(6527592k free), swap 45853816k(89776k free)

vm_info: Java HotSpot(TM) 64-Bit Server VM (25.51-b03) for windows-amd64 JRE (1.8.0_51-b16), built on Jun  8 2015 18:03:07 by "java_re" with MS VC++ 10.0 (VS2010)

time: Wed May 11 22:03:19 2016
elapsed time: 0 seconds (0d 0h 0m 0s)

