#
# There is insufficient memory for the Java Runtime Environment to continue.
# Native memory allocation (malloc) failed to allocate 1174256 bytes for Chunk::new
# Possible reasons:
#   The system is out of physical RAM or swap space
#   In 32 bit mode, the process size limit was hit
# Possible solutions:
#   Reduce memory load on the system
#   Increase physical memory or swap space
#   Check if swap backing store is full
#   Use 64 bit Java on a 64 bit OS
#   Decrease Java heap size (-Xmx/-Xms)
#   Decrease number of Java threads
#   Decrease Java thread stack sizes (-Xss)
#   Set larger code cache with -XX:ReservedCodeCacheSize=
# This output file may be truncated or incomplete.
#
#  Out of Memory Error (allocation.cpp:390), pid=7900, tid=10744
#
# JRE version: Java(TM) SE Runtime Environment (8.0_51-b16) (build 1.8.0_51-b16)
# Java VM: Java HotSpot(TM) 64-Bit Server VM (25.51-b03 mixed mode windows-amd64 compressed oops)
# Failed to write core dump. Minidumps are not enabled by default on client versions of Windows
#

---------------  T H R E A D  ---------------

Current thread (0x00000000167cd800):  JavaThread "C2 CompilerThread0" daemon [_thread_in_native, id=10744, stack(0x0000000017d30000,0x0000000017e30000)]

Stack: [0x0000000017d30000,0x0000000017e30000]
Native frames: (J=compiled Java code, j=interpreted, Vv=VM code, C=native code)
V  [jvm.dll+0x32b4ca]
V  [jvm.dll+0x2797e3]
V  [jvm.dll+0x27a479]
V  [jvm.dll+0x271765]
V  [jvm.dll+0xcba02]
V  [jvm.dll+0xcbecc]
V  [jvm.dll+0x476f72]
V  [jvm.dll+0x4b95ff]
V  [jvm.dll+0x46c011]
V  [jvm.dll+0x46cd4e]
V  [jvm.dll+0x4501a2]
V  [jvm.dll+0xa43a2]
V  [jvm.dll+0xa4cdf]
V  [jvm.dll+0x2418a4]
V  [jvm.dll+0x29846a]
C  [msvcr100.dll+0x21d9f]
C  [msvcr100.dll+0x21e3b]
C  [KERNEL32.DLL+0x18102]
C  [ntdll.dll+0x5c5b4]


Current CompileTask:
C2:   4086 2247 %     4       com.android.dx.dex.code.OutputFinisher::getAllConstants @ 18 (47 bytes)


---------------  P R O C E S S  ---------------

Java Threads: ( => current thread )
  0x0000000016af3000 JavaThread "pool-1-thread-1" [_thread_in_Java, id=13568, stack(0x000000001c2c0000,0x000000001c3c0000)]
  0x00000000167dc000 JavaThread "Service Thread" daemon [_thread_blocked, id=12164, stack(0x0000000018130000,0x0000000018230000)]
  0x00000000167db000 JavaThread "C1 CompilerThread3" daemon [_thread_in_native, id=2392, stack(0x0000000018030000,0x0000000018130000)]
  0x00000000167da000 JavaThread "C2 CompilerThread2" daemon [_thread_in_native, id=680, stack(0x0000000017f30000,0x0000000018030000)]
  0x00000000167d4800 JavaThread "C2 CompilerThread1" daemon [_thread_in_native, id=544, stack(0x0000000017e30000,0x0000000017f30000)]
=>0x00000000167cd800 JavaThread "C2 CompilerThread0" daemon [_thread_in_native, id=10744, stack(0x0000000017d30000,0x0000000017e30000)]
  0x00000000167c9800 JavaThread "Attach Listener" daemon [_thread_blocked, id=756, stack(0x0000000017c30000,0x0000000017d30000)]
  0x00000000167c6000 JavaThread "Signal Dispatcher" daemon [_thread_blocked, id=9964, stack(0x0000000017b30000,0x0000000017c30000)]
  0x00000000022b6000 JavaThread "Finalizer" daemon [_thread_blocked, id=8144, stack(0x0000000017a30000,0x0000000017b30000)]
  0x00000000022b5000 JavaThread "Reference Handler" daemon [_thread_blocked, id=10144, stack(0x0000000017930000,0x0000000017a30000)]
  0x00000000021c1000 JavaThread "main" [_thread_blocked, id=4068, stack(0x0000000001fe0000,0x00000000020e0000)]

Other Threads:
  0x0000000014fd7000 VMThread [stack: 0x0000000017830000,0x0000000017930000] [id=5164]
  0x00000000167de000 WatcherThread [stack: 0x0000000018230000,0x0000000018330000] [id=14076]

VM state:not at safepoint (normal execution)

VM Mutex/Monitor currently owned by a thread: None

Heap:
 PSYoungGen      total 141824K, used 92231K [0x00000000eab00000, 0x00000000fc000000, 0x0000000100000000)
  eden space 131072K, 62% used [0x00000000eab00000,0x00000000efa98370,0x00000000f2b00000)
  from space 10752K, 99% used [0x00000000f2b00000,0x00000000f3579920,0x00000000f3580000)
  to   space 10752K, 0% used [0x00000000fb580000,0x00000000fb580000,0x00000000fc000000)
 ParOldGen       total 175104K, used 25927K [0x00000000c0000000, 0x00000000cab00000, 0x00000000eab00000)
  object space 175104K, 14% used [0x00000000c0000000,0x00000000c1951f50,0x00000000cab00000)
 Metaspace       used 6647K, capacity 7504K, committed 7680K, reserved 1056768K
  class space    used 612K, capacity 648K, committed 768K, reserved 1048576K

Card table byte_map: [0x0000000011680000,0x0000000011890000] byte_map_base: 0x0000000011080000

Marking Bits: (ParMarkBitMap*) 0x00000000650e4040
 Begin Bits: [0x00000000123f0000, 0x00000000133f0000)
 End Bits:   [0x00000000133f0000, 0x00000000143f0000)

Polling page: 0x0000000000580000

CodeCache: size=245760Kb used=10200Kb max_used=10200Kb free=235559Kb
 bounds [0x00000000022c0000, 0x0000000002cc0000, 0x00000000112c0000]
 total_blobs=2697 nmethods=2426 adapters=182
 compilation: enabled

Compilation events (10 events):
Event: 4.063 Thread 0x00000000167db000 2481       2       com.android.dx.dex.code.CatchHandlerList::compareTo (9 bytes)
Event: 4.063 Thread 0x00000000167db000 nmethod 2481 0x0000000002cbaa50 code [0x0000000002cbabc0, 0x0000000002cbad68]
Event: 4.063 Thread 0x00000000167db000 2483       2       com.android.dx.dex.code.CatchTable::get (9 bytes)
Event: 4.063 Thread 0x00000000167db000 nmethod 2483 0x0000000002cbae10 code [0x0000000002cbaf80, 0x0000000002cbb128]
Event: 4.065 Thread 0x00000000167db000 2484       2       com.android.dx.dex.code.CatchTable$Entry::<init> (66 bytes)
Event: 4.065 Thread 0x00000000167db000 nmethod 2484 0x0000000002cbb1d0 code [0x0000000002cbb360, 0x0000000002cbb6e8]
Event: 4.072 Thread 0x00000000167db000 2487       2       com.android.dex.Leb128::writeUnsignedLeb128 (46 bytes)
Event: 4.072 Thread 0x00000000167db000 nmethod 2487 0x0000000002cbb8d0 code [0x0000000002cbba40, 0x0000000002cbbc38]
Event: 4.072 Thread 0x00000000167db000 2488       2       com.android.dx.dex.code.form.Form10t::branchFits (22 bytes)
Event: 4.072 Thread 0x00000000167db000 nmethod 2488 0x0000000002cbbd50 code [0x0000000002cbbee0, 0x0000000002cbc1d8]

GC Heap History (6 events):
Event: 1.399 GC heap before
{Heap before GC invocations=1 (full 0):
 PSYoungGen      total 76288K, used 65536K [0x00000000eab00000, 0x00000000f0000000, 0x0000000100000000)
  eden space 65536K, 100% used [0x00000000eab00000,0x00000000eeb00000,0x00000000eeb00000)
  from space 10752K, 0% used [0x00000000ef580000,0x00000000ef580000,0x00000000f0000000)
  to   space 10752K, 0% used [0x00000000eeb00000,0x00000000eeb00000,0x00000000ef580000)
 ParOldGen       total 175104K, used 0K [0x00000000c0000000, 0x00000000cab00000, 0x00000000eab00000)
  object space 175104K, 0% used [0x00000000c0000000,0x00000000c0000000,0x00000000cab00000)
 Metaspace       used 6039K, capacity 6960K, committed 7040K, reserved 1056768K
  class space    used 586K, capacity 616K, committed 640K, reserved 1048576K
Event: 1.421 GC heap after
Heap after GC invocations=1 (full 0):
 PSYoungGen      total 76288K, used 9026K [0x00000000eab00000, 0x00000000f4000000, 0x0000000100000000)
  eden space 65536K, 0% used [0x00000000eab00000,0x00000000eab00000,0x00000000eeb00000)
  from space 10752K, 83% used [0x00000000eeb00000,0x00000000ef3d0a30,0x00000000ef580000)
  to   space 10752K, 0% used [0x00000000f3580000,0x00000000f3580000,0x00000000f4000000)
 ParOldGen       total 175104K, used 16K [0x00000000c0000000, 0x00000000cab00000, 0x00000000eab00000)
  object space 175104K, 0% used [0x00000000c0000000,0x00000000c0004000,0x00000000cab00000)
 Metaspace       used 6039K, capacity 6960K, committed 7040K, reserved 1056768K
  class space    used 586K, capacity 616K, committed 640K, reserved 1048576K
}
Event: 2.970 GC heap before
{Heap before GC invocations=2 (full 0):
 PSYoungGen      total 76288K, used 74562K [0x00000000eab00000, 0x00000000f4000000, 0x0000000100000000)
  eden space 65536K, 100% used [0x00000000eab00000,0x00000000eeb00000,0x00000000eeb00000)
  from space 10752K, 83% used [0x00000000eeb00000,0x00000000ef3d0a30,0x00000000ef580000)
  to   space 10752K, 0% used [0x00000000f3580000,0x00000000f3580000,0x00000000f4000000)
 ParOldGen       total 175104K, used 16K [0x00000000c0000000, 0x00000000cab00000, 0x00000000eab00000)
  object space 175104K, 0% used [0x00000000c0000000,0x00000000c0004000,0x00000000cab00000)
 Metaspace       used 6263K, capacity 7152K, committed 7296K, reserved 1056768K
  class space    used 591K, capacity 616K, committed 640K, reserved 1048576K
Event: 3.049 GC heap after
Heap after GC invocations=2 (full 0):
 PSYoungGen      total 141824K, used 10735K [0x00000000eab00000, 0x00000000f4000000, 0x0000000100000000)
  eden space 131072K, 0% used [0x00000000eab00000,0x00000000eab00000,0x00000000f2b00000)
  from space 10752K, 99% used [0x00000000f3580000,0x00000000f3ffbf78,0x00000000f4000000)
  to   space 10752K, 0% used [0x00000000f2b00000,0x00000000f2b00000,0x00000000f3580000)
 ParOldGen       total 175104K, used 7555K [0x00000000c0000000, 0x00000000cab00000, 0x00000000eab00000)
  object space 175104K, 4% used [0x00000000c0000000,0x00000000c0760e20,0x00000000cab00000)
 Metaspace       used 6263K, capacity 7152K, committed 7296K, reserved 1056768K
  class space    used 591K, capacity 616K, committed 640K, reserved 1048576K
}
Event: 3.471 GC heap before
{Heap before GC invocations=3 (full 0):
 PSYoungGen      total 141824K, used 141807K [0x00000000eab00000, 0x00000000f4000000, 0x0000000100000000)
  eden space 131072K, 100% used [0x00000000eab00000,0x00000000f2b00000,0x00000000f2b00000)
  from space 10752K, 99% used [0x00000000f3580000,0x00000000f3ffbf78,0x00000000f4000000)
  to   space 10752K, 0% used [0x00000000f2b00000,0x00000000f2b00000,0x00000000f3580000)
 ParOldGen       total 175104K, used 7555K [0x00000000c0000000, 0x00000000cab00000, 0x00000000eab00000)
  object space 175104K, 4% used [0x00000000c0000000,0x00000000c0760e20,0x00000000cab00000)
 Metaspace       used 6334K, capacity 7216K, committed 7296K, reserved 1056768K
  class space    used 593K, capacity 616K, committed 640K, reserved 1048576K
Event: 3.506 GC heap after
Heap after GC invocations=3 (full 0):
 PSYoungGen      total 141824K, used 10726K [0x00000000eab00000, 0x00000000fc000000, 0x0000000100000000)
  eden space 131072K, 0% used [0x00000000eab00000,0x00000000eab00000,0x00000000f2b00000)
  from space 10752K, 99% used [0x00000000f2b00000,0x00000000f3579920,0x00000000f3580000)
  to   space 10752K, 0% used [0x00000000fb580000,0x00000000fb580000,0x00000000fc000000)
 ParOldGen       total 175104K, used 25927K [0x00000000c0000000, 0x00000000cab00000, 0x00000000eab00000)
  object space 175104K, 14% used [0x00000000c0000000,0x00000000c1951f50,0x00000000cab00000)
 Metaspace       used 6334K, capacity 7216K, committed 7296K, reserved 1056768K
  class space    used 593K, capacity 616K, committed 640K, reserved 1048576K
}

Deoptimization events (10 events):
Event: 3.809 Thread 0x0000000016af3000 Uncommon trap: reason=class_check action=maybe_recompile pc=0x000000000271d2f4 method=java.util.Arrays.hashCode([Ljava/lang/Object;)I @ 43
Event: 4.019 Thread 0x0000000016af3000 Uncommon trap: reason=speculate_class_check action=maybe_recompile pc=0x00000000026541d0 method=com.android.dx.util.FixedSizeList.equals(Ljava/lang/Object;)Z @ 25
Event: 4.019 Thread 0x0000000016af3000 Uncommon trap: reason=class_check action=maybe_recompile pc=0x0000000002659130 method=java.util.Arrays.equals([Ljava/lang/Object;[Ljava/lang/Object;)Z @ 62
Event: 4.019 Thread 0x0000000016af3000 Uncommon trap: reason=speculate_class_check action=maybe_recompile pc=0x00000000026541d0 method=com.android.dx.util.FixedSizeList.equals(Ljava/lang/Object;)Z @ 25
Event: 4.020 Thread 0x0000000016af3000 Uncommon trap: reason=class_check action=maybe_recompile pc=0x0000000002659130 method=java.util.Arrays.equals([Ljava/lang/Object;[Ljava/lang/Object;)Z @ 62
Event: 4.020 Thread 0x0000000016af3000 Uncommon trap: reason=speculate_class_check action=maybe_recompile pc=0x00000000026541d0 method=com.android.dx.util.FixedSizeList.equals(Ljava/lang/Object;)Z @ 25
Event: 4.020 Thread 0x0000000016af3000 Uncommon trap: reason=class_check action=maybe_recompile pc=0x0000000002659130 method=java.util.Arrays.equals([Ljava/lang/Object;[Ljava/lang/Object;)Z @ 62
Event: 4.020 Thread 0x0000000016af3000 Uncommon trap: reason=speculate_class_check action=maybe_recompile pc=0x00000000026541d0 method=com.android.dx.util.FixedSizeList.equals(Ljava/lang/Object;)Z @ 25
Event: 4.020 Thread 0x0000000016af3000 Uncommon trap: reason=class_check action=maybe_recompile pc=0x0000000002659130 method=java.util.Arrays.equals([Ljava/lang/Object;[Ljava/lang/Object;)Z @ 62
Event: 4.020 Thread 0x0000000016af3000 Uncommon trap: reason=unstable_if action=reinterpret pc=0x0000000002a2a8dc method=java.util.TreeMap.put(Ljava/lang/Object;Ljava/lang/Object;)Ljava/lang/Object; @ 163

Internal exceptions (6 events):
Event: 0.138 Thread 0x00000000021c1000 Exception <a 'java/lang/NoSuchMethodError': Method sun.misc.Unsafe.defineClass(Ljava/lang/String;[BII)Ljava/lang/Class; name or signature does not match> (0x00000000eab0d588) thrown at [C:\re\workspace\8-2-build-windows-amd64-cygwin\jdk8u51\3951\hotspot\srÛ”)ú¡?
Event: 0.138 Thread 0x00000000021c1000 Exception <a 'java/lang/NoSuchMethodError': Method sun.misc.Unsafe.prefetchRead(Ljava/lang/Object;J)V name or signature does not match> (0x00000000eab0d818) thrown at [C:\re\workspace\8-2-build-windows-amd64-cygwin\jdk8u51\3951\hotspot\src\share\vm\prims\j∏πaêd0Ú?
Event: 1.137 Thread 0x0000000016af0800 Implicit null exception at 0x00000000025419a2 to 0x0000000002541a95
Event: 3.097 Thread 0x0000000018386000 Implicit null exception at 0x0000000002af5c54 to 0x0000000002afa7b9
Event: 3.138 Thread 0x00000000021c1000 Implicit null exception at 0x000000000260177e to 0x00000000026026e1
Event: 3.140 Thread 0x00000000021c1000 Implicit null exception at 0x00000000025cde5e to 0x00000000025d0139

Events (10 events):
Event: 4.020 Thread 0x0000000016af3000 DEOPT UNPACKING pc=0x000000000230582a sp=0x000000001c3be970 mode 2
Event: 4.020 loading class com/android/dx/dex/code/CatchTable$Entry
Event: 4.020 loading class com/android/dx/dex/code/CatchTable$Entry done
Event: 4.020 Thread 0x0000000016af3000 Uncommon trap: trap_request=0xffffff65 fr.pc=0x0000000002a2a8dc
Event: 4.020 Thread 0x0000000016af3000 DEOPT PACKING pc=0x0000000002a2a8dc sp=0x000000001c3bed40
Event: 4.020 Thread 0x0000000016af3000 DEOPT UNPACKING pc=0x000000000230582a sp=0x000000001c3bece0 mode 2
Event: 4.020 loading class com/android/dx/util/ByteArrayAnnotatedOutput
Event: 4.020 loading class com/android/dx/util/ByteArrayAnnotatedOutput done
Event: 4.037 Thread 0x0000000016af3000 DEOPT PACKING pc=0x0000000002c6e8cd sp=0x000000001c3bed00
Event: 4.037 Thread 0x0000000016af3000 DEOPT UNPACKING pc=0x000000000230787f sp=0x000000001c3bea50 mode 0


Dynamic libraries:
0x00007ff74f270000 - 0x00007ff74f2a7000 	C:\Program Files\Java\jdk1.8.0_51\bin\java.exe
0x00007ffcedec0000 - 0x00007ffcee081000 	C:\WINDOWS\SYSTEM32\ntdll.dll
0x00007ffced140000 - 0x00007ffced1ed000 	C:\WINDOWS\system32\KERNEL32.DLL
0x00007ffcead70000 - 0x00007ffceaf58000 	C:\WINDOWS\system32\KERNELBASE.dll
0x00007ffceddb0000 - 0x00007ffcede57000 	C:\WINDOWS\system32\ADVAPI32.dll
0x00007ffcedbb0000 - 0x00007ffcedc4d000 	C:\WINDOWS\system32\msvcrt.dll
0x00007ffcede60000 - 0x00007ffcedebb000 	C:\WINDOWS\system32\sechost.dll
0x00007ffced9c0000 - 0x00007ffcedadc000 	C:\WINDOWS\system32\RPCRT4.dll
0x00007ffceba80000 - 0x00007ffcebbd6000 	C:\WINDOWS\system32\USER32.dll
0x00007ffced3b0000 - 0x00007ffced536000 	C:\WINDOWS\system32\GDI32.dll
0x00007ffce68f0000 - 0x00007ffce6b64000 	C:\WINDOWS\WinSxS\amd64_microsoft.windows.common-controls_6595b64144ccf1df_6.0.10586.0_none_8c15ae12515e1c22\COMCTL32.dll
0x00007ffceb630000 - 0x00007ffceb8ad000 	C:\WINDOWS\system32\combase.dll
0x00007ffcead00000 - 0x00007ffcead6a000 	C:\WINDOWS\system32\bcryptPrimitives.dll
0x00007ffced540000 - 0x00007ffced57b000 	C:\WINDOWS\system32\IMM32.DLL
0x0000000062250000 - 0x0000000062322000 	C:\Program Files\Java\jdk1.8.0_51\jre\bin\msvcr100.dll
0x00000000648e0000 - 0x0000000065163000 	C:\Program Files\Java\jdk1.8.0_51\jre\bin\server\jvm.dll
0x00007ffceb620000 - 0x00007ffceb628000 	C:\WINDOWS\system32\PSAPI.DLL
0x00007ffcdc170000 - 0x00007ffcdc179000 	C:\WINDOWS\SYSTEM32\WSOCK32.dll
0x00007ffceb5b0000 - 0x00007ffceb61b000 	C:\WINDOWS\system32\WS2_32.dll
0x00007ffce8760000 - 0x00007ffce8783000 	C:\WINDOWS\SYSTEM32\WINMM.dll
0x00007ffce6c20000 - 0x00007ffce6c2a000 	C:\WINDOWS\SYSTEM32\VERSION.dll
0x00007ffce8700000 - 0x00007ffce872c000 	C:\WINDOWS\SYSTEM32\WINMMBASE.dll
0x00007ffceb1c0000 - 0x00007ffceb203000 	C:\WINDOWS\system32\cfgmgr32.dll
0x00000000647f0000 - 0x00000000647ff000 	C:\Program Files\Java\jdk1.8.0_51\jre\bin\verify.dll
0x00000000647c0000 - 0x00000000647e9000 	C:\Program Files\Java\jdk1.8.0_51\jre\bin\java.dll
0x00000000647a0000 - 0x00000000647b6000 	C:\Program Files\Java\jdk1.8.0_51\jre\bin\zip.dll
0x00007ffcebbe0000 - 0x00007ffced13c000 	C:\WINDOWS\system32\SHELL32.dll
0x00007ffcea5f0000 - 0x00007ffceac35000 	C:\WINDOWS\system32\windows.storage.dll
0x00007ffceba20000 - 0x00007ffceba72000 	C:\WINDOWS\system32\shlwapi.dll
0x00007ffcea510000 - 0x00007ffcea51f000 	C:\WINDOWS\system32\kernel.appcore.dll
0x00007ffceac40000 - 0x00007ffceacf5000 	C:\WINDOWS\system32\shcore.dll
0x00007ffcea520000 - 0x00007ffcea56b000 	C:\WINDOWS\system32\powrprof.dll
0x00007ffcea4e0000 - 0x00007ffcea4f4000 	C:\WINDOWS\system32\profapi.dll
0x00007ffcdaa10000 - 0x00007ffcdab9c000 	C:\WINDOWS\SYSTEM32\dbghelp.dll

VM Arguments:
jvm_args: -Djava.awt.headless=true -Xmx1024M -Dfile.encoding=windows-1252 -Duser.country=US -Duser.language=en -Duser.variant 
java_command: com.android.dx.command.Main --dex --force-jumbo --num-threads=4 --multi-dex --output C:\Users\chyupa\Documents\Android Apps\Capstone\app\build\intermediates\transforms\dex\debug\folders\1000\10\com.google.android.gms-play-services-games-8.4.0_bafb47a937f1c8608a2d0183508f7f5c992c74d8 C:\Users\chyupa\Documents\Android Apps\Capstone\app\build\intermediates\exploded-aar\com.google.android.gms\play-services-games\8.4.0\jars\classes.jar
java_class_path (initial): C:\Users\chyupa\Documents\android_sdk\build-tools\23.0.3\lib\dx.jar
Launcher Type: SUN_STANDARD

Environment Variables:
JAVA_HOME=C:\Program Files\Java\jdk1.8.0_51
PATH=C:\python27_x64\;C:\python27_x64\Scripts;C:\ProgramData\Oracle\Java\javapath;C:\Windows\system32;C:\Windows;C:\Windows\System32\Wbem;C:\Windows\System32\WindowsPowerShell\v1.0\;C:\Program Files (x86)\NVIDIA Corporation\PhysX\Common;C:\WINDOWS\system32;C:\WINDOWS;C:\WINDOWS\System32\Wbem;C:\WINDOWS\System32\WindowsPowerShell\v1.0\;C:\Program Files (x86)\Google\Cloud SDK\google-cloud-sdk\bin;C:\HashiCorp\Vagrant\bin;C:\Program Files\nodejs\;%GRADLE_HOME%\bin;C:\Program Files (x86)\Skype\Phone\;C:\Users\chyupa\AppData\Local\Code\bin;C:\Users\chyupa\AppData\Roaming\npm;C:\gradle-2.10\bin;C:\Program Files\Java\jdk1.8.0_51\bin;C:\Users\chyupa\AppData\Local\Programs\Git\bin
USERNAME=chyupa
OS=Windows_NT
PROCESSOR_IDENTIFIER=Intel64 Family 6 Model 63 Stepping 2, GenuineIntel



---------------  S Y S T E M  ---------------

OS: Windows 10.0 , 64 bit Build 10586 (10.0.10586.0)

CPU:total 12 (6 cores per cpu, 2 threads per core) family 6 model 63 stepping 2, cmov, cx8, fxsr, mmx, sse, sse2, sse3, ssse3, sse4.1, sse4.2, popcnt, avx, avx2, aes, clmul, erms, lzcnt, ht, tsc, tscinvbit, bmi1, bmi2

Memory: 4k page, physical 16675196k(4941760k free), swap 45853816k(5324k free)

vm_info: Java HotSpot(TM) 64-Bit Server VM (25.51-b03) for windows-amd64 JRE (1.8.0_51-b16), built on Jun  8 2015 18:03:07 by "java_re" with MS VC++ 10.0 (VS2010)

time: Tue May 10 21:32:27 2016
elapsed time: 4 seconds (0d 0h 0m 4s)

