#
# There is insufficient memory for the Java Runtime Environment to continue.
# Native memory allocation (malloc) failed to allocate 2352176 bytes for Chunk::new
# Possible reasons:
#   The system is out of physical RAM or swap space
#   In 32 bit mode, the process size limit was hit
# Possible solutions:
#   Reduce memory load on the system
#   Increase physical memory or swap space
#   Check if swap backing store is full
#   Use 64 bit Java on a 64 bit OS
#   Decrease Java heap size (-Xmx/-Xms)
#   Decrease number of Java threads
#   Decrease Java thread stack sizes (-Xss)
#   Set larger code cache with -XX:ReservedCodeCacheSize=
# This output file may be truncated or incomplete.
#
#  Out of Memory Error (allocation.cpp:390), pid=9964, tid=1628
#
# JRE version: Java(TM) SE Runtime Environment (8.0_51-b16) (build 1.8.0_51-b16)
# Java VM: Java HotSpot(TM) 64-Bit Server VM (25.51-b03 mixed mode windows-amd64 compressed oops)
# Failed to write core dump. Minidumps are not enabled by default on client versions of Windows
#

---------------  T H R E A D  ---------------

Current thread (0x00000000168c4800):  JavaThread "C2 CompilerThread1" daemon [_thread_in_native, id=1628, stack(0x0000000017f10000,0x0000000018010000)]

Stack: [0x0000000017f10000,0x0000000018010000]
Native frames: (J=compiled Java code, j=interpreted, Vv=VM code, C=native code)
V  [jvm.dll+0x32b4ca]
V  [jvm.dll+0x2797e3]
V  [jvm.dll+0x27a479]
V  [jvm.dll+0x271765]
V  [jvm.dll+0xcba02]
V  [jvm.dll+0xcbecc]
V  [jvm.dll+0x492a7c]
V  [jvm.dll+0x45f7bf]
V  [jvm.dll+0x46a7cb]
V  [jvm.dll+0x46cde2]
V  [jvm.dll+0x4501a2]
V  [jvm.dll+0xa43a2]
V  [jvm.dll+0xa4cdf]
V  [jvm.dll+0x2418a4]
V  [jvm.dll+0x29846a]
C  [msvcr100.dll+0x21d9f]
C  [msvcr100.dll+0x21e3b]
C  [KERNEL32.DLL+0x18102]
C  [ntdll.dll+0x5c5b4]


Current CompileTask:
C2:   2194 1947   !   4       com.android.dx.cf.cst.ConstantPoolParser::parse0 (731 bytes)


---------------  P R O C E S S  ---------------

Java Threads: ( => current thread )
  0x0000000018553800 JavaThread "pool-2-thread-4" [_thread_blocked, id=496, stack(0x0000000019010000,0x0000000019110000)]
  0x0000000016c09800 JavaThread "pool-2-thread-3" [_thread_blocked, id=5264, stack(0x0000000018f10000,0x0000000019010000)]
  0x000000001853f000 JavaThread "pool-2-thread-2" [_thread_blocked, id=12144, stack(0x0000000018e10000,0x0000000018f10000)]
  0x0000000018505800 JavaThread "pool-3-thread-1" [_thread_blocked, id=11772, stack(0x0000000018d10000,0x0000000018e10000)]
  0x0000000016bfa000 JavaThread "pool-2-thread-1" [_thread_blocked, id=11940, stack(0x0000000018c10000,0x0000000018d10000)]
  0x000000001694a000 JavaThread "Service Thread" daemon [_thread_blocked, id=7656, stack(0x0000000018210000,0x0000000018310000)]
  0x00000000168d3000 JavaThread "C1 CompilerThread3" daemon [_thread_blocked, id=7244, stack(0x0000000018110000,0x0000000018210000)]
  0x00000000168ca000 JavaThread "C2 CompilerThread2" daemon [_thread_in_native, id=10968, stack(0x0000000018010000,0x0000000018110000)]
=>0x00000000168c4800 JavaThread "C2 CompilerThread1" daemon [_thread_in_native, id=1628, stack(0x0000000017f10000,0x0000000018010000)]
  0x00000000168bd800 JavaThread "C2 CompilerThread0" daemon [_thread_in_native, id=1068, stack(0x0000000017e10000,0x0000000017f10000)]
  0x00000000168b9800 JavaThread "Attach Listener" daemon [_thread_blocked, id=8068, stack(0x0000000017d10000,0x0000000017e10000)]
  0x00000000151de800 JavaThread "Signal Dispatcher" daemon [_thread_blocked, id=5184, stack(0x0000000017c10000,0x0000000017d10000)]
  0x00000000024ab800 JavaThread "Finalizer" daemon [_thread_blocked, id=7312, stack(0x0000000017b10000,0x0000000017c10000)]
  0x00000000024a5000 JavaThread "Reference Handler" daemon [_thread_blocked, id=9212, stack(0x0000000017a10000,0x0000000017b10000)]
  0x00000000023b1000 JavaThread "main" [_thread_blocked, id=10532, stack(0x00000000021e0000,0x00000000022e0000)]

Other Threads:
  0x00000000151c7000 VMThread [stack: 0x0000000017910000,0x0000000017a10000] [id=5132]
  0x000000001694c000 WatcherThread [stack: 0x0000000018310000,0x0000000018410000] [id=13520]

VM state:not at safepoint (normal execution)

VM Mutex/Monitor currently owned by a thread: None

Heap:
 PSYoungGen      total 141824K, used 114799K [0x00000000eab00000, 0x00000000fc000000, 0x0000000100000000)
  eden space 131072K, 79% used [0x00000000eab00000,0x00000000f10a2c60,0x00000000f2b00000)
  from space 10752K, 99% used [0x00000000f2b00000,0x00000000f3579300,0x00000000f3580000)
  to   space 10752K, 0% used [0x00000000fb580000,0x00000000fb580000,0x00000000fc000000)
 ParOldGen       total 175104K, used 20212K [0x00000000c0000000, 0x00000000cab00000, 0x00000000eab00000)
  object space 175104K, 11% used [0x00000000c0000000,0x00000000c13bd2f8,0x00000000cab00000)
 Metaspace       used 6353K, capacity 7216K, committed 7296K, reserved 1056768K
  class space    used 592K, capacity 616K, committed 640K, reserved 1048576K

Card table byte_map: [0x0000000011870000,0x0000000011a80000] byte_map_base: 0x0000000011270000

Marking Bits: (ParMarkBitMap*) 0x00000000650e4040
 Begin Bits: [0x00000000125e0000, 0x00000000135e0000)
 End Bits:   [0x00000000135e0000, 0x00000000145e0000)

Polling page: 0x0000000000a50000

CodeCache: size=245760Kb used=7922Kb max_used=7922Kb free=237837Kb
 bounds [0x00000000024b0000, 0x0000000002c80000, 0x00000000114b0000]
 total_blobs=2303 nmethods=2033 adapters=182
 compilation: enabled

Compilation events (10 events):
Event: 2.075 Thread 0x00000000168d3000 2095       2       com.android.dx.command.dexer.Main::parseClass (33 bytes)
Event: 2.076 Thread 0x00000000168d3000 nmethod 2095 0x0000000002c6fcd0 code [0x0000000002c6fe60, 0x0000000002c70178]
Event: 2.076 Thread 0x00000000168d3000 2096   !   2       com.android.dx.command.dexer.Main$DirectClassFileConsumer::call (344 bytes)
Event: 2.078 Thread 0x00000000168d3000 nmethod 2096 0x0000000002c6d590 code [0x0000000002c6d840, 0x0000000002c6e8c8]
Event: 2.127 Thread 0x00000000168d3000 2097       2       com.android.dx.rop.cst.StdConstantPool::<init> (38 bytes)
Event: 2.127 Thread 0x00000000168d3000 nmethod 2097 0x0000000002c53210 code [0x0000000002c53380, 0x0000000002c53628]
Event: 2.127 Thread 0x00000000168d3000 2098       2       com.android.dx.rop.type.Type::getClassName (94 bytes)
Event: 2.128 Thread 0x00000000168d3000 nmethod 2098 0x0000000002c745d0 code [0x0000000002c747a0, 0x0000000002c74cb8]
Event: 2.128 Thread 0x00000000168d3000 2099       2       java.util.concurrent.locks.AbstractQueuedSynchronizer$Node::<init> (15 bytes)
Event: 2.128 Thread 0x00000000168d3000 nmethod 2099 0x0000000002c6d1d0 code [0x0000000002c6d320, 0x0000000002c6d490]

GC Heap History (6 events):
Event: 0.752 GC heap before
{Heap before GC invocations=1 (full 0):
 PSYoungGen      total 76288K, used 65536K [0x00000000eab00000, 0x00000000f0000000, 0x0000000100000000)
  eden space 65536K, 100% used [0x00000000eab00000,0x00000000eeb00000,0x00000000eeb00000)
  from space 10752K, 0% used [0x00000000ef580000,0x00000000ef580000,0x00000000f0000000)
  to   space 10752K, 0% used [0x00000000eeb00000,0x00000000eeb00000,0x00000000ef580000)
 ParOldGen       total 175104K, used 1K [0x00000000c0000000, 0x00000000cab00000, 0x00000000eab00000)
  object space 175104K, 0% used [0x00000000c0000000,0x00000000c00007c0,0x00000000cab00000)
 Metaspace       used 5962K, capacity 6896K, committed 7040K, reserved 1056768K
  class space    used 585K, capacity 616K, committed 640K, reserved 1048576K
Event: 0.774 GC heap after
Heap after GC invocations=1 (full 0):
 PSYoungGen      total 76288K, used 8946K [0x00000000eab00000, 0x00000000f4000000, 0x0000000100000000)
  eden space 65536K, 0% used [0x00000000eab00000,0x00000000eab00000,0x00000000eeb00000)
  from space 10752K, 83% used [0x00000000eeb00000,0x00000000ef3bcbf8,0x00000000ef580000)
  to   space 10752K, 0% used [0x00000000f3580000,0x00000000f3580000,0x00000000f4000000)
 ParOldGen       total 175104K, used 9K [0x00000000c0000000, 0x00000000cab00000, 0x00000000eab00000)
  object space 175104K, 0% used [0x00000000c0000000,0x00000000c00027c0,0x00000000cab00000)
 Metaspace       used 5962K, capacity 6896K, committed 7040K, reserved 1056768K
  class space    used 585K, capacity 616K, committed 640K, reserved 1048576K
}
Event: 0.791 GC heap before
{Heap before GC invocations=2 (full 0):
 PSYoungGen      total 76288K, used 14019K [0x00000000eab00000, 0x00000000f4000000, 0x0000000100000000)
  eden space 65536K, 7% used [0x00000000eab00000,0x00000000eaff4318,0x00000000eeb00000)
  from space 10752K, 83% used [0x00000000eeb00000,0x00000000ef3bcbf8,0x00000000ef580000)
  to   space 10752K, 0% used [0x00000000f3580000,0x00000000f3580000,0x00000000f4000000)
 ParOldGen       total 175104K, used 9K [0x00000000c0000000, 0x00000000cab00000, 0x00000000eab00000)
  object space 175104K, 0% used [0x00000000c0000000,0x00000000c00027c0,0x00000000cab00000)
 Metaspace       used 5966K, capacity 6896K, committed 7040K, reserved 1056768K
  class space    used 585K, capacity 616K, committed 640K, reserved 1048576K
Event: 0.830 GC heap after
Heap after GC invocations=2 (full 0):
 PSYoungGen      total 141824K, used 7143K [0x00000000eab00000, 0x00000000f4000000, 0x0000000100000000)
  eden space 131072K, 0% used [0x00000000eab00000,0x00000000eab00000,0x00000000f2b00000)
  from space 10752K, 66% used [0x00000000f3580000,0x00000000f3c79c98,0x00000000f4000000)
  to   space 10752K, 0% used [0x00000000f2b00000,0x00000000f2b00000,0x00000000f3580000)
 ParOldGen       total 175104K, used 17K [0x00000000c0000000, 0x00000000cab00000, 0x00000000eab00000)
  object space 175104K, 0% used [0x00000000c0000000,0x00000000c00047c0,0x00000000cab00000)
 Metaspace       used 5966K, capacity 6896K, committed 7040K, reserved 1056768K
  class space    used 585K, capacity 616K, committed 640K, reserved 1048576K
}
Event: 1.428 GC heap before
{Heap before GC invocations=3 (full 0):
 PSYoungGen      total 141824K, used 138215K [0x00000000eab00000, 0x00000000f4000000, 0x0000000100000000)
  eden space 131072K, 100% used [0x00000000eab00000,0x00000000f2b00000,0x00000000f2b00000)
  from space 10752K, 66% used [0x00000000f3580000,0x00000000f3c79c98,0x00000000f4000000)
  to   space 10752K, 0% used [0x00000000f2b00000,0x00000000f2b00000,0x00000000f3580000)
 ParOldGen       total 175104K, used 17K [0x00000000c0000000, 0x00000000cab00000, 0x00000000eab00000)
  object space 175104K, 0% used [0x00000000c0000000,0x00000000c00047c0,0x00000000cab00000)
 Metaspace       used 6279K, capacity 7152K, committed 7296K, reserved 1056768K
  class space    used 592K, capacity 616K, committed 640K, reserved 1048576K
Event: 1.508 GC heap after
Heap after GC invocations=3 (full 0):
 PSYoungGen      total 141824K, used 10724K [0x00000000eab00000, 0x00000000fc000000, 0x0000000100000000)
  eden space 131072K, 0% used [0x00000000eab00000,0x00000000eab00000,0x00000000f2b00000)
  from space 10752K, 99% used [0x00000000f2b00000,0x00000000f3579300,0x00000000f3580000)
  to   space 10752K, 0% used [0x00000000fb580000,0x00000000fb580000,0x00000000fc000000)
 ParOldGen       total 175104K, used 20212K [0x00000000c0000000, 0x00000000cab00000, 0x00000000eab00000)
  object space 175104K, 11% used [0x00000000c0000000,0x00000000c13bd2f8,0x00000000cab00000)
 Metaspace       used 6279K, capacity 7152K, committed 7296K, reserved 1056768K
  class space    used 592K, capacity 616K, committed 640K, reserved 1048576K
}

Deoptimization events (10 events):
Event: 0.653 Thread 0x0000000018553800 Uncommon trap: reason=bimorphic action=maybe_recompile pc=0x000000000273b468 method=java.util.HashMap.getNode(ILjava/lang/Object;)Ljava/util/HashMap$Node; @ 126
Event: 0.667 Thread 0x0000000016bfa000 Uncommon trap: reason=bimorphic action=maybe_recompile pc=0x000000000273b468 method=java.util.HashMap.getNode(ILjava/lang/Object;)Ljava/util/HashMap$Node; @ 126
Event: 0.672 Thread 0x0000000016bfa000 Uncommon trap: reason=null_check action=make_not_entrant pc=0x000000000271dfe4 method=com.android.dx.rop.type.Type.equals(Ljava/lang/Object;)Z @ 8
Event: 0.672 Thread 0x0000000016bfa000 Uncommon trap: reason=unstable_if action=reinterpret pc=0x00000000028906d4 method=com.android.dx.cf.code.Merger.mergeType(Lcom/android/dx/rop/type/TypeBearer;Lcom/android/dx/rop/type/TypeBearer;)Lcom/android/dx/rop/type/TypeBearer; @ 15
Event: 0.932 Thread 0x0000000018553800 Uncommon trap: reason=unstable_if action=reinterpret pc=0x00000000029fec84 method=com.android.dx.util.LabeledList.set(ILcom/android/dx/util/LabeledItem;)V @ 16
Event: 0.932 Thread 0x0000000018553800 Uncommon trap: reason=unstable_if action=reinterpret pc=0x00000000029007e0 method=com.android.dx.util.LabeledList.set(ILcom/android/dx/util/LabeledItem;)V @ 16
Event: 1.065 Thread 0x0000000016bfa000 Uncommon trap: reason=unstable_if action=reinterpret pc=0x0000000002aad078 method=com.android.dx.cf.code.ByteCatchList.listFor(I)Lcom/android/dx/cf/code/ByteCatchList; @ 19
Event: 1.208 Thread 0x0000000018553800 Uncommon trap: reason=unstable_if action=reinterpret pc=0x00000000028b78dc method=com.android.dx.ssa.SsaMethod.updateOneDefinition(Lcom/android/dx/ssa/SsaInsn;Lcom/android/dx/rop/code/RegisterSpec;)V @ 4
Event: 1.229 Thread 0x00000000023b1000 Uncommon trap: reason=null_check action=make_not_entrant pc=0x00000000027fc6b8 method=com.android.dx.ssa.SsaRenamer.getLocalForNewReg(I)Lcom/android/dx/rop/code/LocalItem; @ 19
Event: 1.231 Thread 0x00000000023b1000 Uncommon trap: reason=null_check action=make_not_entrant pc=0x00000000027c5da8 method=com.android.dx.ssa.SsaRenamer.getLocalForNewReg(I)Lcom/android/dx/rop/code/LocalItem; @ 19

Internal exceptions (5 events):
Event: 0.051 Thread 0x00000000023b1000 Exception <a 'java/lang/NoSuchMethodError': Method sun.misc.Unsafe.defineClass(Ljava/lang/String;[BII)Ljava/lang/Class; name or signature does not match> (0x00000000eab0d588) thrown at [C:\re\workspace\8-2-build-windows-amd64-cygwin\jdk8u51\3951\hotspot\srjÖ>IéYª?
Event: 0.051 Thread 0x00000000023b1000 Exception <a 'java/lang/NoSuchMethodError': Method sun.misc.Unsafe.prefetchRead(Ljava/lang/Object;J)V name or signature does not match> (0x00000000eab0d818) thrown at [C:\re\workspace\8-2-build-windows-amd64-cygwin\jdk8u51\3951\hotspot\src\share\vm\prims\j¹ªÉÅ’„å?
Event: 0.672 Thread 0x0000000016bfa000 Implicit null exception at 0x000000000271dee2 to 0x000000000271dfd5
Event: 1.229 Thread 0x00000000023b1000 Implicit null exception at 0x00000000027fa9a5 to 0x00000000027fc66d
Event: 1.231 Thread 0x00000000023b1000 Implicit null exception at 0x00000000027c3ee7 to 0x00000000027c5d8d

Events (10 events):
Event: 1.663 Thread 0x00000000023b1000 DEOPT PACKING pc=0x0000000002a51892 sp=0x00000000022de990
Event: 1.663 Thread 0x00000000023b1000 DEOPT UNPACKING pc=0x00000000024f787f sp=0x00000000022de7a0 mode 0
Event: 1.690 Thread 0x000000001853f000 DEOPT PACKING pc=0x0000000002a3e0f9 sp=0x0000000018f0ed40
Event: 1.690 Thread 0x000000001853f000 DEOPT UNPACKING pc=0x00000000024f787f sp=0x0000000018f0eb38 mode 0
Event: 1.806 Thread 0x000000001853f000 DEOPT PACKING pc=0x0000000002bf2e78 sp=0x0000000018f0e6b0
Event: 1.807 Thread 0x000000001853f000 DEOPT UNPACKING pc=0x00000000024f787f sp=0x0000000018f0e418 mode 0
Event: 1.951 Thread 0x0000000018553800 DEOPT PACKING pc=0x00000000027b4c72 sp=0x000000001910e5b0
Event: 1.951 Thread 0x0000000018553800 DEOPT UNPACKING pc=0x00000000024f787f sp=0x000000001910e390 mode 0
Event: 2.116 Thread 0x0000000016bfa000 DEOPT PACKING pc=0x00000000027b4c72 sp=0x0000000018d0ed30
Event: 2.116 Thread 0x0000000016bfa000 DEOPT UNPACKING pc=0x00000000024f787f sp=0x0000000018d0eb10 mode 0


Dynamic libraries:
0x00007ff74f270000 - 0x00007ff74f2a7000 	C:\Program Files\Java\jdk1.8.0_51\bin\java.exe
0x00007ffcedec0000 - 0x00007ffcee081000 	C:\WINDOWS\SYSTEM32\ntdll.dll
0x00007ffced140000 - 0x00007ffced1ed000 	C:\WINDOWS\system32\KERNEL32.DLL
0x00007ffcead70000 - 0x00007ffceaf58000 	C:\WINDOWS\system32\KERNELBASE.dll
0x00007ffceddb0000 - 0x00007ffcede57000 	C:\WINDOWS\system32\ADVAPI32.dll
0x00007ffcedbb0000 - 0x00007ffcedc4d000 	C:\WINDOWS\system32\msvcrt.dll
0x00007ffcede60000 - 0x00007ffcedebb000 	C:\WINDOWS\system32\sechost.dll
0x00007ffced9c0000 - 0x00007ffcedadc000 	C:\WINDOWS\system32\RPCRT4.dll
0x00007ffceba80000 - 0x00007ffcebbd6000 	C:\WINDOWS\system32\USER32.dll
0x00007ffced3b0000 - 0x00007ffced536000 	C:\WINDOWS\system32\GDI32.dll
0x00007ffce68f0000 - 0x00007ffce6b64000 	C:\WINDOWS\WinSxS\amd64_microsoft.windows.common-controls_6595b64144ccf1df_6.0.10586.0_none_8c15ae12515e1c22\COMCTL32.dll
0x00007ffceb630000 - 0x00007ffceb8ad000 	C:\WINDOWS\system32\combase.dll
0x00007ffcead00000 - 0x00007ffcead6a000 	C:\WINDOWS\system32\bcryptPrimitives.dll
0x00007ffced540000 - 0x00007ffced57b000 	C:\WINDOWS\system32\IMM32.DLL
0x0000000062250000 - 0x0000000062322000 	C:\Program Files\Java\jdk1.8.0_51\jre\bin\msvcr100.dll
0x00000000648e0000 - 0x0000000065163000 	C:\Program Files\Java\jdk1.8.0_51\jre\bin\server\jvm.dll
0x00007ffceb620000 - 0x00007ffceb628000 	C:\WINDOWS\system32\PSAPI.DLL
0x00007ffcdc170000 - 0x00007ffcdc179000 	C:\WINDOWS\SYSTEM32\WSOCK32.dll
0x00007ffce8760000 - 0x00007ffce8783000 	C:\WINDOWS\SYSTEM32\WINMM.dll
0x00007ffceb5b0000 - 0x00007ffceb61b000 	C:\WINDOWS\system32\WS2_32.dll
0x00007ffce6c20000 - 0x00007ffce6c2a000 	C:\WINDOWS\SYSTEM32\VERSION.dll
0x00007ffce8700000 - 0x00007ffce872c000 	C:\WINDOWS\SYSTEM32\WINMMBASE.dll
0x00007ffceb1c0000 - 0x00007ffceb203000 	C:\WINDOWS\system32\cfgmgr32.dll
0x00000000647f0000 - 0x00000000647ff000 	C:\Program Files\Java\jdk1.8.0_51\jre\bin\verify.dll
0x00000000647c0000 - 0x00000000647e9000 	C:\Program Files\Java\jdk1.8.0_51\jre\bin\java.dll
0x00000000647a0000 - 0x00000000647b6000 	C:\Program Files\Java\jdk1.8.0_51\jre\bin\zip.dll
0x00007ffcebbe0000 - 0x00007ffced13c000 	C:\WINDOWS\system32\SHELL32.dll
0x00007ffcea5f0000 - 0x00007ffceac35000 	C:\WINDOWS\system32\windows.storage.dll
0x00007ffceba20000 - 0x00007ffceba72000 	C:\WINDOWS\system32\shlwapi.dll
0x00007ffcea510000 - 0x00007ffcea51f000 	C:\WINDOWS\system32\kernel.appcore.dll
0x00007ffceac40000 - 0x00007ffceacf5000 	C:\WINDOWS\system32\shcore.dll
0x00007ffcea520000 - 0x00007ffcea56b000 	C:\WINDOWS\system32\powrprof.dll
0x00007ffcea4e0000 - 0x00007ffcea4f4000 	C:\WINDOWS\system32\profapi.dll
0x00007ffcdaa10000 - 0x00007ffcdab9c000 	C:\WINDOWS\SYSTEM32\dbghelp.dll

VM Arguments:
jvm_args: -Djava.awt.headless=true -Xmx1024M -Dfile.encoding=windows-1252 -Duser.country=US -Duser.language=en -Duser.variant 
java_command: com.android.dx.command.Main --dex --force-jumbo --num-threads=4 --multi-dex --output C:\Users\chyupa\Documents\Android Apps\Capstone\app\build\intermediates\transforms\dex\debug\folders\1000\10\com.google.android.gms-play-services-games-8.4.0_bafb47a937f1c8608a2d0183508f7f5c992c74d8 C:\Users\chyupa\Documents\Android Apps\Capstone\app\build\intermediates\exploded-aar\com.google.android.gms\play-services-games\8.4.0\jars\classes.jar
java_class_path (initial): C:\Users\chyupa\Documents\android_sdk\build-tools\23.0.3\lib\dx.jar
Launcher Type: SUN_STANDARD

Environment Variables:
JAVA_HOME=C:\Program Files\Java\jdk1.8.0_51
PATH=C:\python27_x64\;C:\python27_x64\Scripts;C:\ProgramData\Oracle\Java\javapath;C:\Windows\system32;C:\Windows;C:\Windows\System32\Wbem;C:\Windows\System32\WindowsPowerShell\v1.0\;C:\Program Files (x86)\NVIDIA Corporation\PhysX\Common;C:\WINDOWS\system32;C:\WINDOWS;C:\WINDOWS\System32\Wbem;C:\WINDOWS\System32\WindowsPowerShell\v1.0\;C:\Program Files (x86)\Google\Cloud SDK\google-cloud-sdk\bin;C:\HashiCorp\Vagrant\bin;C:\Program Files\nodejs\;%GRADLE_HOME%\bin;C:\Program Files (x86)\Skype\Phone\;C:\Users\chyupa\AppData\Local\Code\bin;C:\Users\chyupa\AppData\Roaming\npm;C:\gradle-2.10\bin;C:\Program Files\Java\jdk1.8.0_51\bin;C:\Users\chyupa\AppData\Local\Programs\Git\bin
USERNAME=chyupa
OS=Windows_NT
PROCESSOR_IDENTIFIER=Intel64 Family 6 Model 63 Stepping 2, GenuineIntel



---------------  S Y S T E M  ---------------

OS: Windows 10.0 , 64 bit Build 10586 (10.0.10586.0)

CPU:total 12 (6 cores per cpu, 2 threads per core) family 6 model 63 stepping 2, cmov, cx8, fxsr, mmx, sse, sse2, sse3, ssse3, sse4.1, sse4.2, popcnt, avx, avx2, aes, clmul, erms, lzcnt, ht, tsc, tscinvbit, bmi1, bmi2

Memory: 4k page, physical 16675196k(4872564k free), swap 45853816k(5160k free)

vm_info: Java HotSpot(TM) 64-Bit Server VM (25.51-b03) for windows-amd64 JRE (1.8.0_51-b16), built on Jun  8 2015 18:03:07 by "java_re" with MS VC++ 10.0 (VS2010)

time: Tue May 10 21:31:39 2016
elapsed time: 2 seconds (0d 0h 0m 2s)

