#
# A fatal error has been detected by the Java Runtime Environment:
#
#  EXCEPTION_ACCESS_VIOLATION (0xc0000005) at pc=0x000000005a46fe87, pid=1460, tid=4300
#
# JRE version: Java(TM) SE Runtime Environment (8.0_51-b16) (build 1.8.0_51-b16)
# Java VM: Java HotSpot(TM) 64-Bit Server VM (25.51-b03 mixed mode windows-amd64 compressed oops)
# Problematic frame:
# V  [jvm.dll+0x20fe87]
#
# Failed to write core dump. Minidumps are not enabled by default on client versions of Windows
#
# If you would like to submit a bug report, please visit:
#   http://bugreport.java.com/bugreport/crash.jsp
#

---------------  T H R E A D  ---------------

Current thread (0x0000000016ad9000):  JavaThread "pool-2-thread-3" [_thread_in_vm, id=4300, stack(0x0000000018760000,0x0000000018860000)]

siginfo: ExceptionCode=0xc0000005, writing address 0x0000000018858ff0

Registers:
RAX=0x0000000018858ff0, RBX=0x0000000000000007, RCX=0x0000000000006000, RDX=0x0000000000000006
RSP=0x000000001885eff0, RBP=0x0000000000000000, RSI=0x000000001885eff0, RDI=0x0000000000000007
R8 =0x0000000000000006, R9 =0x0000000016ac3940, R10=0x000000001484d358, R11=0x000000001876a148
R12=0x0000000016ac3940, R13=0x0000000016ad9000, R14=0x000000001885f0b8, R15=0x000000001484d358
RIP=0x000000005a46fe87, EFLAGS=0x0000000000010206

Top of Stack: (sp=0x000000001885eff0)
0x000000001885eff0:   0000000000000002 000000001885f370
0x000000001885f000:   0000000016ad9000 0000000016ac3940
0x000000001885f010:   00000000ffffffff 000000005a470db7
0x000000001885f020:   000000001885f120 000000001484d358
0x000000001885f030:   0000000016ad9000 000000005a31ea33
0x000000001885f040:   000000001885f080 0000000016ad9000
0x000000001885f050:   000000001885f110 0000000016ad9000
0x000000001885f060:   000000001484d358 0000000016ad9000
0x000000001885f070:   00000000025010e0 0000000016ad9000
0x000000001885f080:   000000001484d358 0000000016ad9000
0x000000001885f090:   000000001484d358 0000000016ad9000
0x000000001885f0a0:   0000000000000001 000000001484d358
0x000000001885f0b0:   0000000016ad9000 0000000016ad6600
0x000000001885f0c0:   0000000016ad9000 000000005a31ff1d
0x000000001885f0d0:   000000001885f3d8 00000001000069a0
0x000000001885f0e0:   00000001000069a0 0000000057bf2052 

Instructions: (pc=0x000000005a46fe87)
0x000000005a46fe67:   48 89 6c 24 30 33 ed 66 90 e8 db 35 08 00 ff c3
0x000000005a46fe77:   48 63 c8 48 8b c6 48 0f af cf 48 ff c7 48 2b c1
0x000000005a46fe87:   89 28 48 63 c3 48 3b 05 7d 67 58 00 7e db 48 8b
0x000000005a46fe97:   6c 24 30 48 8b 5c 24 38 48 8b 74 24 40 48 83 c4 


Register to memory mapping:

RAX=0x0000000018858ff0 is pointing into the stack for thread: 0x0000000016ad9000
RBX=0x0000000000000007 is an unknown value
RCX=0x0000000000006000 is an unknown value
RDX=0x0000000000000006 is an unknown value
RSP=0x000000001885eff0 is pointing into the stack for thread: 0x0000000016ad9000
RBP=0x0000000000000000 is an unknown value
RSI=0x000000001885eff0 is pointing into the stack for thread: 0x0000000016ad9000
RDI=0x0000000000000007 is an unknown value
R8 =0x0000000000000006 is an unknown value
R9 =0x0000000016ac3940 is an unknown value
R10={method} {0x000000001484d360} 'run' '()V' in 'java/lang/Thread'
R11=0x000000001876a148 is pointing into the stack for thread: 0x0000000016ad9000
R12=0x0000000016ac3940 is an unknown value
R13=0x0000000016ad9000 is a thread
R14=0x000000001885f0b8 is pointing into the stack for thread: 0x0000000016ad9000
R15={method} {0x000000001484d360} 'run' '()V' in 'java/lang/Thread'


Stack: [0x0000000018760000,0x0000000018860000],  sp=0x000000001885eff0,  free space=1019k
Native frames: (J=compiled Java code, j=interpreted, Vv=VM code, C=native code)


---------------  P R O C E S S  ---------------

Java Threads: ( => current thread )
  0x0000000016ade000 JavaThread "pool-2-thread-4" [_thread_blocked, id=12936, stack(0x0000000018860000,0x0000000018960000)]
=>0x0000000016ad9000 JavaThread "pool-2-thread-3" [_thread_in_vm, id=4300, stack(0x0000000018760000,0x0000000018860000)]
  0x0000000016ad4000 JavaThread "pool-2-thread-2" [_thread_in_vm, id=4172, stack(0x0000000018660000,0x0000000018760000)]
  0x0000000016ad3800 JavaThread "pool-3-thread-1" [_thread_blocked, id=13212, stack(0x0000000018560000,0x0000000018660000)]
  0x0000000016ad1000 JavaThread "pool-2-thread-1" [_thread_blocked, id=12452, stack(0x0000000018460000,0x0000000018560000)]
  0x00000000169aa000 JavaThread "Service Thread" daemon [_thread_blocked, id=11292, stack(0x0000000018260000,0x0000000018360000)]
  0x0000000016926000 JavaThread "C1 CompilerThread3" daemon [_thread_blocked, id=12320, stack(0x0000000018160000,0x0000000018260000)]
  0x000000001691a000 JavaThread "C2 CompilerThread2" daemon [_thread_blocked, id=12588, stack(0x0000000018060000,0x0000000018160000)]
  0x0000000016914800 JavaThread "C2 CompilerThread1" daemon [_thread_blocked, id=3420, stack(0x0000000017f60000,0x0000000018060000)]
  0x000000001690f800 JavaThread "C2 CompilerThread0" daemon [_thread_blocked, id=6488, stack(0x0000000017e60000,0x0000000017f60000)]
  0x0000000016909800 JavaThread "Attach Listener" daemon [_thread_blocked, id=6704, stack(0x0000000017d60000,0x0000000017e60000)]
  0x000000001521e000 JavaThread "Signal Dispatcher" daemon [_thread_blocked, id=10208, stack(0x0000000017c60000,0x0000000017d60000)]
  0x00000000024eb800 JavaThread "Finalizer" daemon [_thread_blocked, id=12876, stack(0x0000000017b60000,0x0000000017c60000)]
  0x00000000024e5000 JavaThread "Reference Handler" daemon [_thread_blocked, id=10776, stack(0x0000000017a60000,0x0000000017b60000)]
  0x00000000023f1000 JavaThread "main" [_thread_blocked, id=11748, stack(0x00000000022f0000,0x00000000023f0000)]

Other Threads:
  0x0000000015207000 VMThread [stack: 0x0000000017960000,0x0000000017a60000] [id=12836]
  0x00000000169ab800 WatcherThread [stack: 0x0000000018360000,0x0000000018460000] [id=13308]

VM state:not at safepoint (normal execution)

VM Mutex/Monitor currently owned by a thread: None

Heap:
 PSYoungGen      total 76288K, used 11796K [0x00000000eab00000, 0x00000000f0000000, 0x0000000100000000)
  eden space 65536K, 18% used [0x00000000eab00000,0x00000000eb685318,0x00000000eeb00000)
  from space 10752K, 0% used [0x00000000ef580000,0x00000000ef580000,0x00000000f0000000)
  to   space 10752K, 0% used [0x00000000eeb00000,0x00000000eeb00000,0x00000000ef580000)
 ParOldGen       total 175104K, used 0K [0x00000000c0000000, 0x00000000cab00000, 0x00000000eab00000)
  object space 175104K, 0% used [0x00000000c0000000,0x00000000c0000000,0x00000000cab00000)
 Metaspace       used 4146K, capacity 5392K, committed 5760K, reserved 1056768K
  class space    used 466K, capacity 520K, committed 640K, reserved 1048576K

Card table byte_map: [0x00000000118b0000,0x0000000011ac0000] byte_map_base: 0x00000000112b0000

Marking Bits: (ParMarkBitMap*) 0x000000005aa64040
 Begin Bits: [0x0000000012620000, 0x0000000013620000)
 End Bits:   [0x0000000013620000, 0x0000000014620000)

Polling page: 0x0000000000960000

CodeCache: size=245760Kb used=1564Kb max_used=1570Kb free=244195Kb
 bounds [0x00000000024f0000, 0x0000000002760000, 0x00000000114f0000]
 total_blobs=497 nmethods=237 adapters=173
 compilation: enabled

Compilation events (10 events):
Event: 0.470 Thread 0x0000000016926000  203       1       java.util.jar.Manifest::getEntries (5 bytes)
Event: 0.470 Thread 0x0000000016926000 nmethod 203 0x0000000002658010 code [0x0000000002658160, 0x0000000002658270]
Event: 0.470 Thread 0x0000000016926000  205       3       java.security.CodeSource::getCertificates (98 bytes)
Event: 0.470 Thread 0x0000000016914800  206       4       java.lang.String::lastIndexOf (52 bytes)
Event: 0.470 Thread 0x0000000016926000 nmethod 205 0x0000000002665350 code [0x0000000002665580, 0x0000000002666158]
Event: 0.470 Thread 0x0000000016926000  204       1       java.util.jar.JarFile::access$300 (5 bytes)
Event: 0.471 Thread 0x0000000016926000 nmethod 204 0x0000000002657d50 code [0x0000000002657ea0, 0x0000000002657f90]
Event: 0.472 Thread 0x0000000016914800 nmethod 206 0x0000000002669690 code [0x00000000026697c0, 0x0000000002669938]
Event: 0.474 Thread 0x0000000016926000  209       3       java.lang.String::toCharArray (25 bytes)
Event: 0.474 Thread 0x0000000016926000 nmethod 209 0x0000000002668e10 code [0x0000000002668f80, 0x0000000002669208]

GC Heap History (0 events):
No events

Deoptimization events (0 events):
No events

Internal exceptions (2 events):
Event: 0.264 Thread 0x00000000023f1000 Exception <a 'java/lang/NoSuchMethodError': Method sun.misc.Unsafe.defineClass(Ljava/lang/String;[BII)Ljava/lang/Class; name or signature does not match> (0x00000000eab0d590) thrown at [C:\re\workspace\8-2-build-windows-amd64-cygwin\jdk8u51\3951\hotspot\sr†ï”ìÐ?
Event: 0.264 Thread 0x00000000023f1000 Exception <a 'java/lang/NoSuchMethodError': Method sun.misc.Unsafe.prefetchRead(Ljava/lang/Object;J)V name or signature does not match> (0x00000000eab0d820) thrown at [C:\re\workspace\8-2-build-windows-amd64-cygwin\jdk8u51\3951\hotspot\src\share\vm\prims\j

Events (10 events):
Event: 0.475 loading class com/android/dx/rop/annotation/Annotation
Event: 0.475 loading class com/android/dx/dex/file/ClassDataItem
Event: 0.475 loading class com/android/dx/rop/annotation/Annotation done
Event: 0.475 loading class com/android/dx/dex/file/ClassDataItem done
Event: 0.475 loading class com/android/dx/dex/file/AnnotationsDirectoryItem
Event: 0.475 loading class com/android/dx/dex/file/AnnotationsDirectoryItem done
Event: 0.476 loading class java/util/TreeMap$Entry
Event: 0.476 loading class java/util/TreeMap$Entry done
Event: 0.476 loading class com/android/dx/cf/attrib/AttRuntimeVisibleAnnotations
Event: 0.476 loading class com/android/dx/cf/attrib/AttRuntimeVisibleAnnotations done


Dynamic libraries:
0x00007ff605b30000 - 0x00007ff605b67000 	C:\Program Files\Java\jdk1.8.0_51\bin\java.exe
0x00007ffdf3fd0000 - 0x00007ffdf4191000 	C:\WINDOWS\SYSTEM32\ntdll.dll
0x00007ffdf1900000 - 0x00007ffdf19ad000 	C:\WINDOWS\system32\KERNEL32.DLL
0x00007ffdf11e0000 - 0x00007ffdf13c8000 	C:\WINDOWS\system32\KERNELBASE.dll
0x00007ffdf19c0000 - 0x00007ffdf1a67000 	C:\WINDOWS\system32\ADVAPI32.dll
0x00007ffdf1b80000 - 0x00007ffdf1c1d000 	C:\WINDOWS\system32\msvcrt.dll
0x00007ffdf2290000 - 0x00007ffdf22eb000 	C:\WINDOWS\system32\sechost.dll
0x00007ffdf1ea0000 - 0x00007ffdf1fbc000 	C:\WINDOWS\system32\RPCRT4.dll
0x00007ffdf1440000 - 0x00007ffdf1596000 	C:\WINDOWS\system32\USER32.dll
0x00007ffdf1c30000 - 0x00007ffdf1db6000 	C:\WINDOWS\system32\GDI32.dll
0x00007ffdeca20000 - 0x00007ffdecc94000 	C:\WINDOWS\WinSxS\amd64_microsoft.windows.common-controls_6595b64144ccf1df_6.0.10586.0_none_8c15ae12515e1c22\COMCTL32.dll
0x00007ffdf22f0000 - 0x00007ffdf256d000 	C:\WINDOWS\system32\combase.dll
0x00007ffdf0680000 - 0x00007ffdf06ea000 	C:\WINDOWS\system32\bcryptPrimitives.dll
0x00007ffdf20d0000 - 0x00007ffdf210b000 	C:\WINDOWS\system32\IMM32.DLL
0x0000000057bd0000 - 0x0000000057ca2000 	C:\Program Files\Java\jdk1.8.0_51\jre\bin\msvcr100.dll
0x000000005a260000 - 0x000000005aae3000 	C:\Program Files\Java\jdk1.8.0_51\jre\bin\server\jvm.dll
0x00007ffdf19b0000 - 0x00007ffdf19b8000 	C:\WINDOWS\system32\PSAPI.DLL
0x00007ffde4fb0000 - 0x00007ffde4fb9000 	C:\WINDOWS\SYSTEM32\WSOCK32.dll
0x00007ffdee690000 - 0x00007ffdee6b3000 	C:\WINDOWS\SYSTEM32\WINMM.dll
0x00007ffdecd50000 - 0x00007ffdecd5a000 	C:\WINDOWS\SYSTEM32\VERSION.dll
0x00007ffdf1dc0000 - 0x00007ffdf1e2b000 	C:\WINDOWS\system32\WS2_32.dll
0x00000000021f0000 - 0x000000000221c000 	C:\WINDOWS\SYSTEM32\WINMMBASE.dll
0x00007ffdf1190000 - 0x00007ffdf11d3000 	C:\WINDOWS\system32\cfgmgr32.dll
0x000000005a170000 - 0x000000005a17f000 	C:\Program Files\Java\jdk1.8.0_51\jre\bin\verify.dll
0x000000005a140000 - 0x000000005a169000 	C:\Program Files\Java\jdk1.8.0_51\jre\bin\java.dll
0x000000005a120000 - 0x000000005a136000 	C:\Program Files\Java\jdk1.8.0_51\jre\bin\zip.dll
0x00007ffdf2a70000 - 0x00007ffdf3fcc000 	C:\WINDOWS\system32\SHELL32.dll
0x00007ffdf09b0000 - 0x00007ffdf0ff5000 	C:\WINDOWS\system32\windows.storage.dll
0x00007ffdf13d0000 - 0x00007ffdf1422000 	C:\WINDOWS\system32\shlwapi.dll
0x00007ffdf0600000 - 0x00007ffdf060f000 	C:\WINDOWS\system32\kernel.appcore.dll
0x00007ffdf1000000 - 0x00007ffdf10b5000 	C:\WINDOWS\system32\shcore.dll
0x00007ffdf0610000 - 0x00007ffdf065b000 	C:\WINDOWS\system32\powrprof.dll
0x00007ffdf0660000 - 0x00007ffdf0674000 	C:\WINDOWS\system32\profapi.dll
0x00007ffdd2d20000 - 0x00007ffdd2eac000 	C:\WINDOWS\SYSTEM32\dbghelp.dll

VM Arguments:
jvm_args: -Djava.awt.headless=true -Xmx1024M -Dfile.encoding=windows-1252 -Duser.country=US -Duser.language=en -Duser.variant 
java_command: com.android.dx.command.Main --dex --force-jumbo --num-threads=4 --multi-dex --output C:\Users\chyupa\Documents\Android Apps\Capstone\app\build\intermediates\transforms\dex\debug\folders\1000\10\com.google.android.gms-play-services-identity-8.4.0_477169275e8de89a3ef2720869ff7fa0c19e98cd C:\Users\chyupa\Documents\Android Apps\Capstone\app\build\intermediates\exploded-aar\com.google.android.gms\play-services-identity\8.4.0\jars\classes.jar
java_class_path (initial): C:\Users\chyupa\Documents\android_sdk\build-tools\23.0.3\lib\dx.jar
Launcher Type: SUN_STANDARD

Environment Variables:
JAVA_HOME=C:\Program Files\Java\jdk1.8.0_51
PATH=C:\python27_x64\;C:\python27_x64\Scripts;C:\ProgramData\Oracle\Java\javapath;C:\Windows\system32;C:\Windows;C:\Windows\System32\Wbem;C:\Windows\System32\WindowsPowerShell\v1.0\;C:\Program Files (x86)\NVIDIA Corporation\PhysX\Common;C:\WINDOWS\system32;C:\WINDOWS;C:\WINDOWS\System32\Wbem;C:\WINDOWS\System32\WindowsPowerShell\v1.0\;C:\Program Files (x86)\Google\Cloud SDK\google-cloud-sdk\bin;C:\HashiCorp\Vagrant\bin;C:\Program Files\nodejs\;%GRADLE_HOME%\bin;C:\Program Files (x86)\Skype\Phone\;C:\Users\chyupa\AppData\Local\Code\bin;C:\Users\chyupa\AppData\Roaming\npm;C:\gradle-2.10\bin;C:\Program Files\Java\jdk1.8.0_51\bin;C:\Users\chyupa\AppData\Local\Programs\Git\bin
USERNAME=chyupa
OS=Windows_NT
PROCESSOR_IDENTIFIER=Intel64 Family 6 Model 63 Stepping 2, GenuineIntel



---------------  S Y S T E M  ---------------

OS: Windows 10.0 , 64 bit Build 10586 (10.0.10586.0)

CPU:total 12 (6 cores per cpu, 2 threads per core) family 6 model 63 stepping 2, cmov, cx8, fxsr, mmx, sse, sse2, sse3, ssse3, sse4.1, sse4.2, popcnt, avx, avx2, aes, clmul, erms, lzcnt, ht, tsc, tscinvbit, bmi1, bmi2

Memory: 4k page, physical 16675196k(6674176k free), swap 45853816k(6000k free)

vm_info: Java HotSpot(TM) 64-Bit Server VM (25.51-b03) for windows-amd64 JRE (1.8.0_51-b16), built on Jun  8 2015 18:03:07 by "java_re" with MS VC++ 10.0 (VS2010)

time: Wed May 11 22:03:17 2016
elapsed time: 0 seconds (0d 0h 0m 0s)

