#
# There is insufficient memory for the Java Runtime Environment to continue.
# Native memory allocation (malloc) failed to allocate 1253536 bytes for Chunk::new
# Possible reasons:
#   The system is out of physical RAM or swap space
#   In 32 bit mode, the process size limit was hit
# Possible solutions:
#   Reduce memory load on the system
#   Increase physical memory or swap space
#   Check if swap backing store is full
#   Use 64 bit Java on a 64 bit OS
#   Decrease Java heap size (-Xmx/-Xms)
#   Decrease number of Java threads
#   Decrease Java thread stack sizes (-Xss)
#   Set larger code cache with -XX:ReservedCodeCacheSize=
# This output file may be truncated or incomplete.
#
#  Out of Memory Error (allocation.cpp:390), pid=3260, tid=8044
#
# JRE version: Java(TM) SE Runtime Environment (8.0_51-b16) (build 1.8.0_51-b16)
# Java VM: Java HotSpot(TM) 64-Bit Server VM (25.51-b03 mixed mode windows-amd64 compressed oops)
# Failed to write core dump. Minidumps are not enabled by default on client versions of Windows
#

---------------  T H R E A D  ---------------

Current thread (0x000000001674d000):  JavaThread "C2 CompilerThread0" daemon [_thread_in_native, id=8044, stack(0x0000000017cb0000,0x0000000017db0000)]

Stack: [0x0000000017cb0000,0x0000000017db0000]
Native frames: (J=compiled Java code, j=interpreted, Vv=VM code, C=native code)
V  [jvm.dll+0x32b4ca]
V  [jvm.dll+0x2797e3]
V  [jvm.dll+0x27a479]
V  [jvm.dll+0x271765]
V  [jvm.dll+0xcba02]
V  [jvm.dll+0xcbecc]
V  [jvm.dll+0x476f72]
V  [jvm.dll+0x4b95ff]
V  [jvm.dll+0x46c011]
V  [jvm.dll+0x46cd4e]
V  [jvm.dll+0x4501a2]
V  [jvm.dll+0xa43a2]
V  [jvm.dll+0xa4cdf]
V  [jvm.dll+0x2418a4]
V  [jvm.dll+0x29846a]
C  [msvcr100.dll+0x21d9f]
C  [msvcr100.dll+0x21e3b]
C  [KERNEL32.DLL+0x18102]
C  [ntdll.dll+0x5c5b4]


Current CompileTask:
C2:   1353 1439       4       com.android.dx.ssa.LocalVariableExtractor::processBlock (383 bytes)


---------------  P R O C E S S  ---------------

Java Threads: ( => current thread )
  0x0000000016ac3000 JavaThread "pool-2-thread-4" [_thread_in_Java, id=10776, stack(0x0000000018eb0000,0x0000000018fb0000)]
  0x0000000016a47800 JavaThread "pool-2-thread-3" [_thread_in_vm, id=3312, stack(0x0000000018db0000,0x0000000018eb0000)]
  0x0000000016a04800 JavaThread "pool-2-thread-2" [_thread_in_Java, id=8096, stack(0x0000000018cb0000,0x0000000018db0000)]
  0x0000000016a04000 JavaThread "pool-3-thread-1" [_thread_blocked, id=10180, stack(0x0000000018bb0000,0x0000000018cb0000)]
  0x00000000169f9800 JavaThread "pool-2-thread-1" [_thread_in_Java, id=5376, stack(0x0000000018ab0000,0x0000000018bb0000)]
  0x00000000167d6800 JavaThread "Service Thread" daemon [_thread_blocked, id=11096, stack(0x00000000180b0000,0x00000000181b0000)]
  0x000000001675a800 JavaThread "C1 CompilerThread3" daemon [_thread_in_native, id=13092, stack(0x0000000017fb0000,0x00000000180b0000)]
  0x000000001675a000 JavaThread "C2 CompilerThread2" daemon [_thread_in_native, id=9892, stack(0x0000000017eb0000,0x0000000017fb0000)]
  0x0000000016754000 JavaThread "C2 CompilerThread1" daemon [_thread_in_native, id=13828, stack(0x0000000017db0000,0x0000000017eb0000)]
=>0x000000001674d000 JavaThread "C2 CompilerThread0" daemon [_thread_in_native, id=8044, stack(0x0000000017cb0000,0x0000000017db0000)]
  0x0000000016749800 JavaThread "Attach Listener" daemon [_thread_blocked, id=11312, stack(0x0000000017bb0000,0x0000000017cb0000)]
  0x0000000016746000 JavaThread "Signal Dispatcher" daemon [_thread_blocked, id=6592, stack(0x0000000017ab0000,0x0000000017bb0000)]
  0x0000000002356000 JavaThread "Finalizer" daemon [_thread_blocked, id=1700, stack(0x00000000179b0000,0x0000000017ab0000)]
  0x0000000002355000 JavaThread "Reference Handler" daemon [_thread_blocked, id=8660, stack(0x00000000178b0000,0x00000000179b0000)]
  0x0000000002261000 JavaThread "main" [_thread_in_Java, id=9956, stack(0x0000000002120000,0x0000000002220000)]

Other Threads:
  0x0000000015076800 VMThread [stack: 0x00000000177b0000,0x00000000178b0000] [id=5004]
  0x000000001679d000 WatcherThread [stack: 0x00000000181b0000,0x00000000182b0000] [id=13004]

VM state:not at safepoint (normal execution)

VM Mutex/Monitor currently owned by a thread: None

Heap:
 PSYoungGen      total 76288K, used 71898K [0x00000000eab00000, 0x00000000f4000000, 0x0000000100000000)
  eden space 65536K, 93% used [0x00000000eab00000,0x00000000ee6bc770,0x00000000eeb00000)
  from space 10752K, 99% used [0x00000000eeb00000,0x00000000ef57a0d8,0x00000000ef580000)
  to   space 10752K, 0% used [0x00000000f3580000,0x00000000f3580000,0x00000000f4000000)
 ParOldGen       total 175104K, used 1320K [0x00000000c0000000, 0x00000000cab00000, 0x00000000eab00000)
  object space 175104K, 0% used [0x00000000c0000000,0x00000000c014a1d8,0x00000000cab00000)
 Metaspace       used 6227K, capacity 7128K, committed 7424K, reserved 1056768K
  class space    used 607K, capacity 656K, committed 768K, reserved 1048576K

Card table byte_map: [0x0000000011720000,0x0000000011930000] byte_map_base: 0x0000000011120000

Marking Bits: (ParMarkBitMap*) 0x00000000717c4040
 Begin Bits: [0x0000000012490000, 0x0000000013490000)
 End Bits:   [0x0000000013490000, 0x0000000014490000)

Polling page: 0x00000000008e0000

CodeCache: size=245760Kb used=6397Kb max_used=6397Kb free=239362Kb
 bounds [0x0000000002360000, 0x00000000029b0000, 0x0000000011360000]
 total_blobs=1916 nmethods=1647 adapters=182
 compilation: enabled

Compilation events (10 events):
Event: 1.339 Thread 0x000000001675a800 1680       2       com.android.dx.dex.file.AnnotationUtils::makeSignature (251 bytes)
Event: 1.340 Thread 0x000000001675a800 nmethod 1680 0x0000000002999f50 code [0x000000000299a260, 0x000000000299b328]
Event: 1.341 Thread 0x000000001675a800 1681       2       java.util.HashMap::comparableClassFor (105 bytes)
Event: 1.341 Thread 0x000000001675a800 nmethod 1681 0x000000000299c9d0 code [0x000000000299cb80, 0x000000000299cfe8]
Event: 1.342 Thread 0x000000001675a800 1682       2       java.util.HashMap$TreeNode::find (172 bytes)
Event: 1.342 Thread 0x000000001675a800 nmethod 1682 0x000000000299d310 code [0x000000000299d4c0, 0x000000000299d8f8]
Event: 1.342 Thread 0x000000001675a800 1683       2       com.android.dx.cf.code.LocalVariableList::get (9 bytes)
Event: 1.343 Thread 0x000000001675a800 nmethod 1683 0x000000000299dbd0 code [0x000000000299dd40, 0x000000000299dee8]
Event: 1.343 Thread 0x000000001675a800 1684       2       com.android.dx.cf.code.LocalVariableList::set (21 bytes)
Event: 1.343 Thread 0x000000001675a800 nmethod 1684 0x000000000299df90 code [0x000000000299e140, 0x000000000299e638]

GC Heap History (2 events):
Event: 0.890 GC heap before
{Heap before GC invocations=1 (full 0):
 PSYoungGen      total 76288K, used 65536K [0x00000000eab00000, 0x00000000f0000000, 0x0000000100000000)
  eden space 65536K, 100% used [0x00000000eab00000,0x00000000eeb00000,0x00000000eeb00000)
  from space 10752K, 0% used [0x00000000ef580000,0x00000000ef580000,0x00000000f0000000)
  to   space 10752K, 0% used [0x00000000eeb00000,0x00000000eeb00000,0x00000000ef580000)
 ParOldGen       total 175104K, used 0K [0x00000000c0000000, 0x00000000cab00000, 0x00000000eab00000)
  object space 175104K, 0% used [0x00000000c0000000,0x00000000c0000000,0x00000000cab00000)
 Metaspace       used 6079K, capacity 7000K, committed 7168K, reserved 1056768K
  class space    used 606K, capacity 656K, committed 768K, reserved 1048576K
Event: 1.059 GC heap after
Heap after GC invocations=1 (full 0):
 PSYoungGen      total 76288K, used 10728K [0x00000000eab00000, 0x00000000f4000000, 0x0000000100000000)
  eden space 65536K, 0% used [0x00000000eab00000,0x00000000eab00000,0x00000000eeb00000)
  from space 10752K, 99% used [0x00000000eeb00000,0x00000000ef57a0d8,0x00000000ef580000)
  to   space 10752K, 0% used [0x00000000f3580000,0x00000000f3580000,0x00000000f4000000)
 ParOldGen       total 175104K, used 1320K [0x00000000c0000000, 0x00000000cab00000, 0x00000000eab00000)
  object space 175104K, 0% used [0x00000000c0000000,0x00000000c014a1d8,0x00000000cab00000)
 Metaspace       used 6079K, capacity 7000K, committed 7168K, reserved 1056768K
  class space    used 606K, capacity 656K, committed 768K, reserved 1048576K
}

Deoptimization events (10 events):
Event: 0.757 Thread 0x0000000002261000 Uncommon trap: reason=unstable_if action=reinterpret pc=0x00000000025ed09c method=com.android.dx.rop.cst.Constant.compareTo(Lcom/android/dx/rop/cst/Constant;)I @ 12
Event: 0.783 Thread 0x0000000016a04800 Uncommon trap: reason=unstable_if action=reinterpret pc=0x0000000002629c90 method=java.util.HashMap.putVal(ILjava/lang/Object;Ljava/lang/Object;ZZ)Ljava/lang/Object; @ 162
Event: 0.786 Thread 0x0000000016a04800 Uncommon trap: reason=unstable_if action=reinterpret pc=0x00000000025eff94 method=java.util.HashMap.getNode(ILjava/lang/Object;)Ljava/util/HashMap$Node; @ 84
Event: 0.846 Thread 0x0000000002261000 Uncommon trap: reason=unstable_if action=reinterpret pc=0x00000000025e2134 method=java.util.HashMap.getNode(ILjava/lang/Object;)Ljava/util/HashMap$Node; @ 84
Event: 0.846 Thread 0x0000000002261000 Uncommon trap: reason=unstable_if action=reinterpret pc=0x00000000026e33e8 method=java.util.HashMap.putVal(ILjava/lang/Object;Ljava/lang/Object;ZZ)Ljava/lang/Object; @ 109
Event: 1.133 Thread 0x0000000016a47800 Uncommon trap: reason=bimorphic action=maybe_recompile pc=0x00000000028ed584 method=com.android.dx.cf.code.BytecodeArray.parseInstruction(ILcom/android/dx/cf/code/BytecodeArray$Visitor;)I @ 939
Event: 1.134 Thread 0x0000000016a47800 Uncommon trap: reason=bimorphic action=maybe_recompile pc=0x00000000028ed484 method=com.android.dx.cf.code.BytecodeArray.parseInstruction(ILcom/android/dx/cf/code/BytecodeArray$Visitor;)I @ 907
Event: 1.134 Thread 0x0000000016a47800 Uncommon trap: reason=bimorphic action=maybe_recompile pc=0x00000000028ed85c method=com.android.dx.cf.code.BytecodeArray.parseInstruction(ILcom/android/dx/cf/code/BytecodeArray$Visitor;)I @ 1130
Event: 1.134 Thread 0x0000000016a47800 Uncommon trap: reason=bimorphic action=maybe_recompile pc=0x00000000028ed504 method=com.android.dx.cf.code.BytecodeArray.parseInstruction(ILcom/android/dx/cf/code/BytecodeArray$Visitor;)I @ 923
Event: 1.134 Thread 0x0000000016a47800 Uncommon trap: reason=bimorphic action=maybe_recompile pc=0x00000000028ed85c method=com.android.dx.cf.code.BytecodeArray.parseInstruction(ILcom/android/dx/cf/code/BytecodeArray$Visitor;)I @ 1130

Internal exceptions (6 events):
Event: 0.045 Thread 0x0000000002261000 Exception <a 'java/lang/NoSuchMethodError': Method sun.misc.Unsafe.defineClass(Ljava/lang/String;[BII)Ljava/lang/Class; name or signature does not match> (0x00000000eab0d530) thrown at [C:\re\workspace\8-2-build-windows-amd64-cygwin\jdk8u51\3951\hotspot\srÓ¢î· §?
Event: 0.045 Thread 0x0000000002261000 Exception <a 'java/lang/NoSuchMethodError': Method sun.misc.Unsafe.prefetchRead(Ljava/lang/Object;J)V name or signature does not match> (0x00000000eab0d7c0) thrown at [C:\re\workspace\8-2-build-windows-amd64-cygwin\jdk8u51\3951\hotspot\src\share\vm\prims\jðJ¶ï 2ä?
Event: 0.631 Thread 0x0000000016a47800 Implicit null exception at 0x000000000269f3d5 to 0x00000000026a1a75
Event: 0.784 Thread 0x0000000016a04800 Exception <a 'java/lang/ArrayIndexOutOfBoundsException': 18> (0x00000000edffd3b0) thrown at [C:\re\workspace\8-2-build-windows-amd64-cygwin\jdk8u51\3951\hotspot\src\share\vm\interpreter\interpreterRuntime.cpp, line 366]
Event: 0.784 Thread 0x0000000016a04800 Exception <a 'java/lang/ArrayIndexOutOfBoundsException': 145> (0x00000000edffee80) thrown at [C:\re\workspace\8-2-build-windows-amd64-cygwin\jdk8u51\3951\hotspot\src\share\vm\interpreter\interpreterRuntime.cpp, line 366]
Event: 0.785 Thread 0x0000000016a04800 Exception <a 'java/lang/ArrayIndexOutOfBoundsException': 40> (0x00000000ee0000b8) thrown at [C:\re\workspace\8-2-build-windows-amd64-cygwin\jdk8u51\3951\hotspot\src\share\vm\interpreter\interpreterRuntime.cpp, line 366]

Events (10 events):
Event: 1.275 Thread 0x00000000169f9800 DEOPT PACKING pc=0x0000000002859c03 sp=0x0000000018baebd0
Event: 1.275 Thread 0x00000000169f9800 DEOPT UNPACKING pc=0x00000000023a787f sp=0x0000000018bae938 mode 0
Event: 1.283 Thread 0x00000000169f9800 DEOPT PACKING pc=0x0000000002848daf sp=0x0000000018baead0
Event: 1.283 Thread 0x00000000169f9800 DEOPT UNPACKING pc=0x00000000023a787f sp=0x0000000018bae840 mode 0
Event: 1.290 Thread 0x00000000169f9800 DEOPT PACKING pc=0x0000000002851b6b sp=0x0000000018baeb70
Event: 1.290 Thread 0x00000000169f9800 DEOPT UNPACKING pc=0x00000000023a787f sp=0x0000000018bae928 mode 0
Event: 1.326 Thread 0x0000000002261000 DEOPT PACKING pc=0x0000000002838285 sp=0x000000000221e590
Event: 1.326 Thread 0x0000000002261000 DEOPT UNPACKING pc=0x00000000023a787f sp=0x000000000221e320 mode 0
Event: 1.341 Thread 0x0000000016a47800 DEOPT PACKING pc=0x0000000002831b79 sp=0x0000000018eae740
Event: 1.341 Thread 0x0000000016a47800 DEOPT UNPACKING pc=0x00000000023a787f sp=0x0000000018eae560 mode 0


Dynamic libraries:
0x00007ff753490000 - 0x00007ff7534c7000 	C:\Program Files\Java\jdk1.8.0_51\bin\java.exe
0x00007ffcabda0000 - 0x00007ffcabf61000 	C:\WINDOWS\SYSTEM32\ntdll.dll
0x00007ffcab180000 - 0x00007ffcab22d000 	C:\WINDOWS\system32\KERNEL32.DLL
0x00007ffca88e0000 - 0x00007ffca8ac8000 	C:\WINDOWS\system32\KERNELBASE.dll
0x00007ffcab9b0000 - 0x00007ffcaba57000 	C:\WINDOWS\system32\ADVAPI32.dll
0x00007ffcaab60000 - 0x00007ffcaabfd000 	C:\WINDOWS\system32\msvcrt.dll
0x00007ffcaba60000 - 0x00007ffcababb000 	C:\WINDOWS\system32\sechost.dll
0x00007ffcaa7d0000 - 0x00007ffcaa8ec000 	C:\WINDOWS\system32\RPCRT4.dll
0x00007ffcab020000 - 0x00007ffcab176000 	C:\WINDOWS\system32\USER32.dll
0x00007ffcaa950000 - 0x00007ffcaaad6000 	C:\WINDOWS\system32\GDI32.dll
0x00007ffca4690000 - 0x00007ffca4904000 	C:\WINDOWS\WinSxS\amd64_microsoft.windows.common-controls_6595b64144ccf1df_6.0.10586.0_none_8c15ae12515e1c22\COMCTL32.dll
0x00007ffcaac00000 - 0x00007ffcaae7d000 	C:\WINDOWS\system32\combase.dll
0x00007ffca87b0000 - 0x00007ffca881a000 	C:\WINDOWS\system32\bcryptPrimitives.dll
0x00007ffcab390000 - 0x00007ffcab3cb000 	C:\WINDOWS\system32\IMM32.DLL
0x0000000070a60000 - 0x0000000070b32000 	C:\Program Files\Java\jdk1.8.0_51\jre\bin\msvcr100.dll
0x0000000070fc0000 - 0x0000000071843000 	C:\Program Files\Java\jdk1.8.0_51\jre\bin\server\jvm.dll
0x00007ffcaab50000 - 0x00007ffcaab58000 	C:\WINDOWS\system32\PSAPI.DLL
0x00007ffca25f0000 - 0x00007ffca25f9000 	C:\WINDOWS\SYSTEM32\WSOCK32.dll
0x00007ffcaaae0000 - 0x00007ffcaab4b000 	C:\WINDOWS\system32\WS2_32.dll
0x00007ffca6410000 - 0x00007ffca6433000 	C:\WINDOWS\SYSTEM32\WINMM.dll
0x00007ffca4a00000 - 0x00007ffca4a0a000 	C:\WINDOWS\SYSTEM32\VERSION.dll
0x00007ffca63b0000 - 0x00007ffca63dc000 	C:\WINDOWS\SYSTEM32\WINMMBASE.dll
0x00007ffca8620000 - 0x00007ffca8663000 	C:\WINDOWS\system32\cfgmgr32.dll
0x0000000070ed0000 - 0x0000000070edf000 	C:\Program Files\Java\jdk1.8.0_51\jre\bin\verify.dll
0x0000000070ea0000 - 0x0000000070ec9000 	C:\Program Files\Java\jdk1.8.0_51\jre\bin\java.dll
0x0000000070e80000 - 0x0000000070e96000 	C:\Program Files\Java\jdk1.8.0_51\jre\bin\zip.dll
0x00007ffca91a0000 - 0x00007ffcaa6fc000 	C:\WINDOWS\system32\SHELL32.dll
0x00007ffca8ad0000 - 0x00007ffca9115000 	C:\WINDOWS\system32\windows.storage.dll
0x00007ffcab800000 - 0x00007ffcab852000 	C:\WINDOWS\system32\shlwapi.dll
0x00007ffca8440000 - 0x00007ffca844f000 	C:\WINDOWS\system32\kernel.appcore.dll
0x00007ffca8820000 - 0x00007ffca88d5000 	C:\WINDOWS\system32\shcore.dll
0x00007ffca83c0000 - 0x00007ffca840b000 	C:\WINDOWS\system32\powrprof.dll
0x00007ffca8420000 - 0x00007ffca8434000 	C:\WINDOWS\system32\profapi.dll
0x00007ffc8cea0000 - 0x00007ffc8d02c000 	C:\WINDOWS\SYSTEM32\dbghelp.dll

VM Arguments:
jvm_args: -Djava.awt.headless=true -Xmx1024M -Dfile.encoding=windows-1252 -Duser.country=US -Duser.language=en -Duser.variant 
java_command: com.android.dx.command.Main --dex --force-jumbo --num-threads=4 --multi-dex --output C:\Users\chyupa\Documents\Android Apps\Capstone\app\build\intermediates\transforms\dex\debug\folders\1000\10\okhttp-3.2.0_5c08361b3b413a041847b959f1c9388fef412598 C:\Users\chyupa\.gradle\caches\modules-2\files-2.1\com.squareup.okhttp3\okhttp\3.2.0\f7873a2ebde246a45c2a8d6f3247108b4c88a879\okhttp-3.2.0.jar
java_class_path (initial): C:\Users\chyupa\Documents\android_sdk\build-tools\23.0.3\lib\dx.jar
Launcher Type: SUN_STANDARD

Environment Variables:
JAVA_HOME=C:\Program Files\Java\jdk1.8.0_51
PATH=C:\python27_x64\;C:\python27_x64\Scripts;C:\ProgramData\Oracle\Java\javapath;C:\Windows\system32;C:\Windows;C:\Windows\System32\Wbem;C:\Windows\System32\WindowsPowerShell\v1.0\;C:\Program Files (x86)\NVIDIA Corporation\PhysX\Common;C:\WINDOWS\system32;C:\WINDOWS;C:\WINDOWS\System32\Wbem;C:\WINDOWS\System32\WindowsPowerShell\v1.0\;C:\Program Files (x86)\Google\Cloud SDK\google-cloud-sdk\bin;C:\HashiCorp\Vagrant\bin;C:\Program Files\nodejs\;%GRADLE_HOME%\bin;C:\Program Files (x86)\Skype\Phone\;C:\Users\chyupa\AppData\Local\Code\bin;C:\Users\chyupa\AppData\Roaming\npm;C:\gradle-2.10\bin;C:\Program Files\Java\jdk1.8.0_51\bin;C:\Users\chyupa\AppData\Local\Programs\Git\bin
USERNAME=chyupa
OS=Windows_NT
PROCESSOR_IDENTIFIER=Intel64 Family 6 Model 63 Stepping 2, GenuineIntel



---------------  S Y S T E M  ---------------

OS: Windows 10.0 , 64 bit Build 10586 (10.0.10586.0)

CPU:total 12 (6 cores per cpu, 2 threads per core) family 6 model 63 stepping 2, cmov, cx8, fxsr, mmx, sse, sse2, sse3, ssse3, sse4.1, sse4.2, popcnt, avx, avx2, aes, clmul, erms, lzcnt, ht, tsc, tscinvbit, bmi1, bmi2

Memory: 4k page, physical 16675196k(6468668k free), swap 45853816k(5356k free)

vm_info: Java HotSpot(TM) 64-Bit Server VM (25.51-b03) for windows-amd64 JRE (1.8.0_51-b16), built on Jun  8 2015 18:03:07 by "java_re" with MS VC++ 10.0 (VS2010)

time: Mon May 09 22:41:12 2016
elapsed time: 1 seconds (0d 0h 0m 1s)

