#
# There is insufficient memory for the Java Runtime Environment to continue.
# Native memory allocation (malloc) failed to allocate 634576 bytes for Chunk::new
# Possible reasons:
#   The system is out of physical RAM or swap space
#   In 32 bit mode, the process size limit was hit
# Possible solutions:
#   Reduce memory load on the system
#   Increase physical memory or swap space
#   Check if swap backing store is full
#   Use 64 bit Java on a 64 bit OS
#   Decrease Java heap size (-Xmx/-Xms)
#   Decrease number of Java threads
#   Decrease Java thread stack sizes (-Xss)
#   Set larger code cache with -XX:ReservedCodeCacheSize=
# This output file may be truncated or incomplete.
#
#  Out of Memory Error (allocation.cpp:390), pid=10232, tid=6556
#
# JRE version: Java(TM) SE Runtime Environment (8.0_51-b16) (build 1.8.0_51-b16)
# Java VM: Java HotSpot(TM) 64-Bit Server VM (25.51-b03 mixed mode windows-amd64 compressed oops)
# Failed to write core dump. Minidumps are not enabled by default on client versions of Windows
#

---------------  T H R E A D  ---------------

Current thread (0x000000001682f000):  JavaThread "C2 CompilerThread0" daemon [_thread_in_native, id=6556, stack(0x0000000017d90000,0x0000000017e90000)]

Stack: [0x0000000017d90000,0x0000000017e90000]
Native frames: (J=compiled Java code, j=interpreted, Vv=VM code, C=native code)
V  [jvm.dll+0x32b4ca]


Current CompileTask:
C2:    641  560       4       com.android.dx.ssa.NormalSsaInsn::accept (25 bytes)


---------------  P R O C E S S  ---------------

Java Threads: ( => current thread )
  0x0000000016b5c000 JavaThread "pool-2-thread-4" [_thread_in_Java, id=1196, stack(0x0000000018790000,0x0000000018890000)]
  0x0000000016b37000 JavaThread "pool-2-thread-3" [_thread_in_Java, id=13156, stack(0x0000000018690000,0x0000000018790000)]
  0x0000000016ab3000 JavaThread "pool-2-thread-2" [_thread_in_Java, id=6300, stack(0x0000000018590000,0x0000000018690000)]
  0x00000000169fd000 JavaThread "pool-3-thread-1" [_thread_blocked, id=7156, stack(0x0000000018490000,0x0000000018590000)]
  0x00000000169f6800 JavaThread "pool-2-thread-1" [_thread_in_vm, id=12556, stack(0x0000000018390000,0x0000000018490000)]
  0x00000000168d7800 JavaThread "Service Thread" daemon [_thread_blocked, id=11084, stack(0x0000000018190000,0x0000000018290000)]
  0x0000000016843800 JavaThread "C1 CompilerThread3" daemon [_thread_in_native, id=5916, stack(0x0000000018090000,0x0000000018190000)]
  0x000000001683a000 JavaThread "C2 CompilerThread2" daemon [_thread_in_native, id=12584, stack(0x0000000017f90000,0x0000000018090000)]
  0x0000000016834800 JavaThread "C2 CompilerThread1" daemon [_thread_in_native, id=9600, stack(0x0000000017e90000,0x0000000017f90000)]
=>0x000000001682f000 JavaThread "C2 CompilerThread0" daemon [_thread_in_native, id=6556, stack(0x0000000017d90000,0x0000000017e90000)]
  0x0000000016829800 JavaThread "Attach Listener" daemon [_thread_blocked, id=12076, stack(0x0000000017c90000,0x0000000017d90000)]
  0x0000000016826000 JavaThread "Signal Dispatcher" daemon [_thread_blocked, id=6896, stack(0x0000000017b90000,0x0000000017c90000)]
  0x000000000240c000 JavaThread "Finalizer" daemon [_thread_blocked, id=13160, stack(0x0000000017a90000,0x0000000017b90000)]
  0x0000000002405000 JavaThread "Reference Handler" daemon [_thread_blocked, id=12444, stack(0x0000000017990000,0x0000000017a90000)]
  0x0000000002311000 JavaThread "main" [_thread_blocked, id=1096, stack(0x0000000002210000,0x0000000002310000)]

Other Threads:
  0x0000000015147000 VMThread [stack: 0x0000000017890000,0x0000000017990000] [id=10952]
  0x00000000168da000 WatcherThread [stack: 0x0000000018290000,0x0000000018390000] [id=9172]

VM state:not at safepoint (normal execution)

VM Mutex/Monitor currently owned by a thread: None

Heap:
 PSYoungGen      total 76288K, used 18614K [0x00000000eab00000, 0x00000000f0000000, 0x0000000100000000)
  eden space 65536K, 28% used [0x00000000eab00000,0x00000000ebd2dba8,0x00000000eeb00000)
  from space 10752K, 0% used [0x00000000ef580000,0x00000000ef580000,0x00000000f0000000)
  to   space 10752K, 0% used [0x00000000eeb00000,0x00000000eeb00000,0x00000000ef580000)
 ParOldGen       total 175104K, used 0K [0x00000000c0000000, 0x00000000cab00000, 0x00000000eab00000)
  object space 175104K, 0% used [0x00000000c0000000,0x00000000c0000000,0x00000000cab00000)
 Metaspace       used 5544K, capacity 6640K, committed 6784K, reserved 1056768K
  class space    used 583K, capacity 616K, committed 640K, reserved 1048576K

Card table byte_map: [0x00000000117d0000,0x00000000119e0000] byte_map_base: 0x00000000111d0000

Marking Bits: (ParMarkBitMap*) 0x000000005aa64040
 Begin Bits: [0x0000000012540000, 0x0000000013540000)
 End Bits:   [0x0000000013540000, 0x0000000014540000)

Polling page: 0x0000000000460000

CodeCache: size=245760Kb used=2491Kb max_used=2491Kb free=243269Kb
 bounds [0x0000000002410000, 0x0000000002690000, 0x0000000011410000]
 total_blobs=906 nmethods=637 adapters=182
 compilation: enabled

Compilation events (10 events):
Event: 0.624 Thread 0x0000000016843800 nmethod 600 0x000000000265d650 code [0x000000000265d7e0, 0x000000000265dc48]
Event: 0.624 Thread 0x0000000016843800  596       3       java.util.Collections$UnmodifiableCollection$1::next (10 bytes)
Event: 0.624 Thread 0x0000000016843800 nmethod 596 0x0000000002659dd0 code [0x0000000002659f40, 0x000000000265a168]
Event: 0.624 Thread 0x0000000016843800  591       3       com.android.dx.rop.code.CstInsn::<init> (31 bytes)
Event: 0.625 Thread 0x0000000016843800 nmethod 591 0x000000000265d110 code [0x000000000265d280, 0x000000000265d538]
Event: 0.625 Thread 0x0000000016843800  604       3       com.android.dx.dex.code.CodeAddress::<init> (11 bytes)
Event: 0.625 Thread 0x0000000016843800 nmethod 604 0x000000000265cc90 code [0x000000000265ce00, 0x000000000265d028]
Event: 0.625 Thread 0x0000000016843800  605       3       com.android.dx.dex.code.CodeAddress::<init> (7 bytes)
Event: 0.625 Thread 0x0000000016843800 nmethod 605 0x000000000265c790 code [0x000000000265c900, 0x000000000265cb88]
Event: 0.625 Thread 0x0000000016843800  597       3       com.android.dx.ssa.SsaMethod$1::visitNonMoveInsn (26 bytes)

GC Heap History (0 events):
No events

Deoptimization events (1 events):
Event: 0.589 Thread 0x00000000169f6800 Uncommon trap: reason=unstable_if action=reinterpret pc=0x0000000002605480 method=java.util.HashMap.getNode(ILjava/lang/Object;)Ljava/util/HashMap$Node; @ 62

Internal exceptions (2 events):
Event: 0.264 Thread 0x0000000002311000 Exception <a 'java/lang/NoSuchMethodError': Method sun.misc.Unsafe.defineClass(Ljava/lang/String;[BII)Ljava/lang/Class; name or signature does not match> (0x00000000eab0d560) thrown at [C:\re\workspace\8-2-build-windows-amd64-cygwin\jdk8u51\3951\hotspot\srûi÷.Ï–?
Event: 0.264 Thread 0x0000000002311000 Exception <a 'java/lang/NoSuchMethodError': Method sun.misc.Unsafe.prefetchRead(Ljava/lang/Object;J)V name or signature does not match> (0x00000000eab0d7f0) thrown at [C:\re\workspace\8-2-build-windows-amd64-cygwin\jdk8u51\3951\hotspot\src\share\vm\prims\j

Events (10 events):
Event: 0.589 Thread 0x00000000169f6800 DEOPT PACKING pc=0x0000000002605480 sp=0x000000001848e620
Event: 0.589 Thread 0x00000000169f6800 DEOPT UNPACKING pc=0x000000000245582a sp=0x000000001848e598 mode 2
Event: 0.595 loading class com/android/dx/cf/code/SwitchList
Event: 0.595 loading class com/android/dx/cf/code/SwitchList done
Event: 0.607 loading class com/android/dx/ssa/back/FirstFitLocalCombiningAllocator$Multiset
Event: 0.607 loading class com/android/dx/ssa/back/FirstFitLocalCombiningAllocator$Multiset done
Event: 0.610 loading class com/android/dx/cf/code/BytecodeArray$ConstantParserVisitor
Event: 0.610 loading class com/android/dx/cf/code/BytecodeArray$ConstantParserVisitor done
Event: 0.623 loading class java/util/ArrayList$1
Event: 0.623 loading class java/util/ArrayList$1 done


Dynamic libraries:
0x00007ff605b30000 - 0x00007ff605b67000 	C:\Program Files\Java\jdk1.8.0_51\bin\java.exe
0x00007ffdf3fd0000 - 0x00007ffdf4191000 	C:\WINDOWS\SYSTEM32\ntdll.dll
0x00007ffdf1900000 - 0x00007ffdf19ad000 	C:\WINDOWS\system32\KERNEL32.DLL
0x00007ffdf11e0000 - 0x00007ffdf13c8000 	C:\WINDOWS\system32\KERNELBASE.dll
0x00007ffdf19c0000 - 0x00007ffdf1a67000 	C:\WINDOWS\system32\ADVAPI32.dll
0x00007ffdf1b80000 - 0x00007ffdf1c1d000 	C:\WINDOWS\system32\msvcrt.dll
0x00007ffdf2290000 - 0x00007ffdf22eb000 	C:\WINDOWS\system32\sechost.dll
0x00007ffdf1ea0000 - 0x00007ffdf1fbc000 	C:\WINDOWS\system32\RPCRT4.dll
0x00007ffdf1440000 - 0x00007ffdf1596000 	C:\WINDOWS\system32\USER32.dll
0x00007ffdf1c30000 - 0x00007ffdf1db6000 	C:\WINDOWS\system32\GDI32.dll
0x00007ffdeca20000 - 0x00007ffdecc94000 	C:\WINDOWS\WinSxS\amd64_microsoft.windows.common-controls_6595b64144ccf1df_6.0.10586.0_none_8c15ae12515e1c22\COMCTL32.dll
0x00007ffdf22f0000 - 0x00007ffdf256d000 	C:\WINDOWS\system32\combase.dll
0x00007ffdf0680000 - 0x00007ffdf06ea000 	C:\WINDOWS\system32\bcryptPrimitives.dll
0x00007ffdf20d0000 - 0x00007ffdf210b000 	C:\WINDOWS\system32\IMM32.DLL
0x0000000057bd0000 - 0x0000000057ca2000 	C:\Program Files\Java\jdk1.8.0_51\jre\bin\msvcr100.dll
0x000000005a260000 - 0x000000005aae3000 	C:\Program Files\Java\jdk1.8.0_51\jre\bin\server\jvm.dll
0x00007ffdf19b0000 - 0x00007ffdf19b8000 	C:\WINDOWS\system32\PSAPI.DLL
0x00007ffde4fb0000 - 0x00007ffde4fb9000 	C:\WINDOWS\SYSTEM32\WSOCK32.dll
0x00007ffdee690000 - 0x00007ffdee6b3000 	C:\WINDOWS\SYSTEM32\WINMM.dll
0x00007ffdecd50000 - 0x00007ffdecd5a000 	C:\WINDOWS\SYSTEM32\VERSION.dll
0x00007ffdf1dc0000 - 0x00007ffdf1e2b000 	C:\WINDOWS\system32\WS2_32.dll
0x0000000002030000 - 0x000000000205c000 	C:\WINDOWS\SYSTEM32\WINMMBASE.dll
0x00007ffdf1190000 - 0x00007ffdf11d3000 	C:\WINDOWS\system32\cfgmgr32.dll
0x000000005a170000 - 0x000000005a17f000 	C:\Program Files\Java\jdk1.8.0_51\jre\bin\verify.dll
0x000000005a140000 - 0x000000005a169000 	C:\Program Files\Java\jdk1.8.0_51\jre\bin\java.dll
0x000000005a120000 - 0x000000005a136000 	C:\Program Files\Java\jdk1.8.0_51\jre\bin\zip.dll
0x00007ffdf2a70000 - 0x00007ffdf3fcc000 	C:\WINDOWS\system32\SHELL32.dll
0x00007ffdf09b0000 - 0x00007ffdf0ff5000 	C:\WINDOWS\system32\windows.storage.dll
0x00007ffdf13d0000 - 0x00007ffdf1422000 	C:\WINDOWS\system32\shlwapi.dll
0x00007ffdf0600000 - 0x00007ffdf060f000 	C:\WINDOWS\system32\kernel.appcore.dll
0x00007ffdf1000000 - 0x00007ffdf10b5000 	C:\WINDOWS\system32\shcore.dll
0x00007ffdf0610000 - 0x00007ffdf065b000 	C:\WINDOWS\system32\powrprof.dll
0x00007ffdf0660000 - 0x00007ffdf0674000 	C:\WINDOWS\system32\profapi.dll

VM Arguments:
jvm_args: -Djava.awt.headless=true -Xmx1024M -Dfile.encoding=windows-1252 -Duser.country=US -Duser.language=en -Duser.variant 
java_command: com.android.dx.command.Main --dex --force-jumbo --num-threads=4 --multi-dex --output C:\Users\chyupa\Documents\Android Apps\Capstone\app\build\intermediates\transforms\dex\debug\folders\1000\10\com.android.support-cardview-v7-23.3.0_d4d879a07c3b60d318e5a98b6393ea0d68dfe42b C:\Users\chyupa\Documents\Android Apps\Capstone\app\build\intermediates\exploded-aar\com.android.support\cardview-v7\23.3.0\jars\classes.jar
java_class_path (initial): C:\Users\chyupa\Documents\android_sdk\build-tools\23.0.3\lib\dx.jar
Launcher Type: SUN_STANDARD

Environment Variables:
JAVA_HOME=C:\Program Files\Java\jdk1.8.0_51
PATH=C:\python27_x64\;C:\python27_x64\Scripts;C:\ProgramData\Oracle\Java\javapath;C:\Windows\system32;C:\Windows;C:\Windows\System32\Wbem;C:\Windows\System32\WindowsPowerShell\v1.0\;C:\Program Files (x86)\NVIDIA Corporation\PhysX\Common;C:\WINDOWS\system32;C:\WINDOWS;C:\WINDOWS\System32\Wbem;C:\WINDOWS\System32\WindowsPowerShell\v1.0\;C:\Program Files (x86)\Google\Cloud SDK\google-cloud-sdk\bin;C:\HashiCorp\Vagrant\bin;C:\Program Files\nodejs\;%GRADLE_HOME%\bin;C:\Program Files (x86)\Skype\Phone\;C:\Users\chyupa\AppData\Local\Code\bin;C:\Users\chyupa\AppData\Roaming\npm;C:\gradle-2.10\bin;C:\Program Files\Java\jdk1.8.0_51\bin;C:\Users\chyupa\AppData\Local\Programs\Git\bin
USERNAME=chyupa
OS=Windows_NT
PROCESSOR_IDENTIFIER=Intel64 Family 6 Model 63 Stepping 2, GenuineIntel



---------------  S Y S T E M  ---------------

OS: Windows 10.0 , 64 bit Build 10586 (10.0.10586.0)

CPU:total 12 (6 cores per cpu, 2 threads per core) family 6 model 63 stepping 2, cmov, cx8, fxsr, mmx, sse, sse2, sse3, ssse3, sse4.1, sse4.2, popcnt, avx, avx2, aes, clmul, erms, lzcnt, ht, tsc, tscinvbit, bmi1, bmi2

Memory: 4k page, physical 16675196k(6653756k free), swap 45853816k(3220k free)

vm_info: Java HotSpot(TM) 64-Bit Server VM (25.51-b03) for windows-amd64 JRE (1.8.0_51-b16), built on Jun  8 2015 18:03:07 by "java_re" with MS VC++ 10.0 (VS2010)

time: Wed May 11 22:03:18 2016
elapsed time: 0 seconds (0d 0h 0m 0s)

