#
# There is insufficient memory for the Java Runtime Environment to continue.
# Native memory allocation (malloc) failed to allocate 1029616 bytes for Chunk::new
# Possible reasons:
#   The system is out of physical RAM or swap space
#   In 32 bit mode, the process size limit was hit
# Possible solutions:
#   Reduce memory load on the system
#   Increase physical memory or swap space
#   Check if swap backing store is full
#   Use 64 bit Java on a 64 bit OS
#   Decrease Java heap size (-Xmx/-Xms)
#   Decrease number of Java threads
#   Decrease Java thread stack sizes (-Xss)
#   Set larger code cache with -XX:ReservedCodeCacheSize=
# This output file may be truncated or incomplete.
#
#  Out of Memory Error (allocation.cpp:390), pid=2688, tid=10740
#
# JRE version: Java(TM) SE Runtime Environment (8.0_51-b16) (build 1.8.0_51-b16)
# Java VM: Java HotSpot(TM) 64-Bit Server VM (25.51-b03 mixed mode windows-amd64 compressed oops)
# Failed to write core dump. Minidumps are not enabled by default on client versions of Windows
#

---------------  T H R E A D  ---------------

Current thread (0x0000000016805800):  JavaThread "C2 CompilerThread1" daemon [_thread_in_native, id=10740, stack(0x0000000017e50000,0x0000000017f50000)]

Stack: [0x0000000017e50000,0x0000000017f50000]
Native frames: (J=compiled Java code, j=interpreted, Vv=VM code, C=native code)
V  [jvm.dll+0x32b4ca]


Current CompileTask:
C2:   2503 1980 %     4       com.android.dx.ssa.SsaConverter::placePhiFunctions @ 131 (394 bytes)


---------------  P R O C E S S  ---------------

Java Threads: ( => current thread )
  0x0000000016b2d800 JavaThread "pool-2-thread-4" [_thread_blocked, id=1472, stack(0x0000000018f50000,0x0000000019050000)]
  0x0000000016b2b800 JavaThread "pool-2-thread-3" [_thread_blocked, id=10968, stack(0x0000000018e50000,0x0000000018f50000)]
  0x0000000016b2b000 JavaThread "pool-2-thread-2" [_thread_blocked, id=9684, stack(0x0000000018d50000,0x0000000018e50000)]
  0x0000000016b2c800 JavaThread "pool-3-thread-1" [_thread_blocked, id=7028, stack(0x0000000018c50000,0x0000000018d50000)]
  0x0000000016aa8800 JavaThread "pool-2-thread-1" [_thread_blocked, id=7656, stack(0x0000000018b50000,0x0000000018c50000)]
  0x00000000168ac000 JavaThread "Service Thread" daemon [_thread_blocked, id=5476, stack(0x0000000018150000,0x0000000018250000)]
  0x000000001680c000 JavaThread "C1 CompilerThread3" daemon [_thread_blocked, id=1260, stack(0x0000000018050000,0x0000000018150000)]
  0x000000001680b800 JavaThread "C2 CompilerThread2" daemon [_thread_in_native, id=14252, stack(0x0000000017f50000,0x0000000018050000)]
=>0x0000000016805800 JavaThread "C2 CompilerThread1" daemon [_thread_in_native, id=10740, stack(0x0000000017e50000,0x0000000017f50000)]
  0x00000000167fe800 JavaThread "C2 CompilerThread0" daemon [_thread_in_native, id=232, stack(0x0000000017d50000,0x0000000017e50000)]
  0x00000000167fa800 JavaThread "Attach Listener" daemon [_thread_blocked, id=13104, stack(0x0000000017c50000,0x0000000017d50000)]
  0x00000000167f7000 JavaThread "Signal Dispatcher" daemon [_thread_blocked, id=7164, stack(0x0000000017b50000,0x0000000017c50000)]
  0x0000000002406000 JavaThread "Finalizer" daemon [_thread_blocked, id=3168, stack(0x0000000017a50000,0x0000000017b50000)]
  0x0000000002405000 JavaThread "Reference Handler" daemon [_thread_blocked, id=6096, stack(0x0000000017950000,0x0000000017a50000)]
  0x0000000002311000 JavaThread "main" [_thread_blocked, id=13188, stack(0x0000000002110000,0x0000000002210000)]

Other Threads:
  0x0000000015127000 VMThread [stack: 0x0000000017850000,0x0000000017950000] [id=1308]
  0x0000000016814800 WatcherThread [stack: 0x0000000018250000,0x0000000018350000] [id=12164]

VM state:not at safepoint (normal execution)

VM Mutex/Monitor currently owned by a thread: None

Heap:
 PSYoungGen      total 141824K, used 88774K [0x00000000eab00000, 0x00000000fc000000, 0x0000000100000000)
  eden space 131072K, 59% used [0x00000000eab00000,0x00000000ef7343f8,0x00000000f2b00000)
  from space 10752K, 99% used [0x00000000f2b00000,0x00000000f357d670,0x00000000f3580000)
  to   space 10752K, 0% used [0x00000000fb580000,0x00000000fb580000,0x00000000fc000000)
 ParOldGen       total 175104K, used 26373K [0x00000000c0000000, 0x00000000cab00000, 0x00000000eab00000)
  object space 175104K, 15% used [0x00000000c0000000,0x00000000c19c14d0,0x00000000cab00000)
 Metaspace       used 6411K, capacity 7192K, committed 7424K, reserved 1056768K
  class space    used 615K, capacity 656K, committed 768K, reserved 1048576K

Card table byte_map: [0x00000000117d0000,0x00000000119e0000] byte_map_base: 0x00000000111d0000

Marking Bits: (ParMarkBitMap*) 0x00000000650e4040
 Begin Bits: [0x0000000012540000, 0x0000000013540000)
 End Bits:   [0x0000000013540000, 0x0000000014540000)

Polling page: 0x0000000001fa0000

CodeCache: size=245760Kb used=8267Kb max_used=8292Kb free=237492Kb
 bounds [0x0000000002410000, 0x0000000002c40000, 0x0000000011410000]
 total_blobs=2192 nmethods=1922 adapters=182
 compilation: enabled

Compilation events (10 events):
Event: 2.347 Thread 0x000000001680c000 1989   !   2       com.android.dx.command.dexer.Main$ClassDefItemConsumer::call (161 bytes)
Event: 2.348 Thread 0x000000001680c000 nmethod 1989 0x0000000002bf4390 code [0x0000000002bf4580, 0x0000000002bf4f38]
Event: 2.349 Thread 0x000000001680c000 1990       2       com.android.dx.dex.file.AnnotationUtils::makeSignature (251 bytes)
Event: 2.351 Thread 0x000000001680c000 nmethod 1990 0x0000000002bf1910 code [0x0000000002bf1c20, 0x0000000002bf2ce8]
Event: 2.368 Thread 0x00000000167fe800 nmethod 1794 0x0000000002c1ac50 code [0x0000000002c1b0a0, 0x0000000002c1deb0]
Event: 2.368 Thread 0x00000000167fe800 1973   !   4       com.android.dx.rop.type.Type::intern (319 bytes)
Event: 2.410 Thread 0x00000000167fe800 nmethod 1973 0x0000000002c23290 code [0x0000000002c23520, 0x0000000002c25410]
Event: 2.410 Thread 0x00000000167fe800 1882       4       com.android.dx.cf.code.RopperMachine::getSources (264 bytes)
Event: 2.439 Thread 0x000000001680b800 nmethod 1883 0x0000000002c26b50 code [0x0000000002c26f60, 0x0000000002c2a638]
Event: 2.440 Thread 0x000000001680b800 1842       4       com.android.dx.ssa.SCCP::simulatePhi (169 bytes)

GC Heap History (6 events):
Event: 1.394 GC heap before
{Heap before GC invocations=1 (full 0):
 PSYoungGen      total 76288K, used 65536K [0x00000000eab00000, 0x00000000f0000000, 0x0000000100000000)
  eden space 65536K, 100% used [0x00000000eab00000,0x00000000eeb00000,0x00000000eeb00000)
  from space 10752K, 0% used [0x00000000ef580000,0x00000000ef580000,0x00000000f0000000)
  to   space 10752K, 0% used [0x00000000eeb00000,0x00000000eeb00000,0x00000000ef580000)
 ParOldGen       total 175104K, used 0K [0x00000000c0000000, 0x00000000cab00000, 0x00000000eab00000)
  object space 175104K, 0% used [0x00000000c0000000,0x00000000c0000000,0x00000000cab00000)
 Metaspace       used 6091K, capacity 7024K, committed 7296K, reserved 1056768K
  class space    used 593K, capacity 616K, committed 640K, reserved 1048576K
Event: 1.411 GC heap after
Heap after GC invocations=1 (full 0):
 PSYoungGen      total 76288K, used 10381K [0x00000000eab00000, 0x00000000f4000000, 0x0000000100000000)
  eden space 65536K, 0% used [0x00000000eab00000,0x00000000eab00000,0x00000000eeb00000)
  from space 10752K, 96% used [0x00000000eeb00000,0x00000000ef5234e0,0x00000000ef580000)
  to   space 10752K, 0% used [0x00000000f3580000,0x00000000f3580000,0x00000000f4000000)
 ParOldGen       total 175104K, used 16K [0x00000000c0000000, 0x00000000cab00000, 0x00000000eab00000)
  object space 175104K, 0% used [0x00000000c0000000,0x00000000c0004000,0x00000000cab00000)
 Metaspace       used 6091K, capacity 7024K, committed 7296K, reserved 1056768K
  class space    used 593K, capacity 616K, committed 640K, reserved 1048576K
}
Event: 1.612 GC heap before
{Heap before GC invocations=2 (full 0):
 PSYoungGen      total 76288K, used 75917K [0x00000000eab00000, 0x00000000f4000000, 0x0000000100000000)
  eden space 65536K, 100% used [0x00000000eab00000,0x00000000eeb00000,0x00000000eeb00000)
  from space 10752K, 96% used [0x00000000eeb00000,0x00000000ef5234e0,0x00000000ef580000)
  to   space 10752K, 0% used [0x00000000f3580000,0x00000000f3580000,0x00000000f4000000)
 ParOldGen       total 175104K, used 16K [0x00000000c0000000, 0x00000000cab00000, 0x00000000eab00000)
  object space 175104K, 0% used [0x00000000c0000000,0x00000000c0004000,0x00000000cab00000)
 Metaspace       used 6310K, capacity 7192K, committed 7424K, reserved 1056768K
  class space    used 614K, capacity 656K, committed 768K, reserved 1048576K
Event: 1.630 GC heap after
Heap after GC invocations=2 (full 0):
 PSYoungGen      total 141824K, used 10750K [0x00000000eab00000, 0x00000000f4000000, 0x0000000100000000)
  eden space 131072K, 0% used [0x00000000eab00000,0x00000000eab00000,0x00000000f2b00000)
  from space 10752K, 99% used [0x00000000f3580000,0x00000000f3fff818,0x00000000f4000000)
  to   space 10752K, 0% used [0x00000000f2b00000,0x00000000f2b00000,0x00000000f3580000)
 ParOldGen       total 175104K, used 7509K [0x00000000c0000000, 0x00000000cab00000, 0x00000000eab00000)
  object space 175104K, 4% used [0x00000000c0000000,0x00000000c07555a8,0x00000000cab00000)
 Metaspace       used 6310K, capacity 7192K, committed 7424K, reserved 1056768K
  class space    used 614K, capacity 656K, committed 768K, reserved 1048576K
}
Event: 2.082 GC heap before
{Heap before GC invocations=3 (full 0):
 PSYoungGen      total 141824K, used 141822K [0x00000000eab00000, 0x00000000f4000000, 0x0000000100000000)
  eden space 131072K, 100% used [0x00000000eab00000,0x00000000f2b00000,0x00000000f2b00000)
  from space 10752K, 99% used [0x00000000f3580000,0x00000000f3fff818,0x00000000f4000000)
  to   space 10752K, 0% used [0x00000000f2b00000,0x00000000f2b00000,0x00000000f3580000)
 ParOldGen       total 175104K, used 7509K [0x00000000c0000000, 0x00000000cab00000, 0x00000000eab00000)
  object space 175104K, 4% used [0x00000000c0000000,0x00000000c07555a8,0x00000000cab00000)
 Metaspace       used 6378K, capacity 7192K, committed 7424K, reserved 1056768K
  class space    used 614K, capacity 656K, committed 768K, reserved 1048576K
Event: 2.126 GC heap after
Heap after GC invocations=3 (full 0):
 PSYoungGen      total 141824K, used 10741K [0x00000000eab00000, 0x00000000fc000000, 0x0000000100000000)
  eden space 131072K, 0% used [0x00000000eab00000,0x00000000eab00000,0x00000000f2b00000)
  from space 10752K, 99% used [0x00000000f2b00000,0x00000000f357d670,0x00000000f3580000)
  to   space 10752K, 0% used [0x00000000fb580000,0x00000000fb580000,0x00000000fc000000)
 ParOldGen       total 175104K, used 26373K [0x00000000c0000000, 0x00000000cab00000, 0x00000000eab00000)
  object space 175104K, 15% used [0x00000000c0000000,0x00000000c19c14d0,0x00000000cab00000)
 Metaspace       used 6378K, capacity 7192K, committed 7424K, reserved 1056768K
  class space    used 614K, capacity 656K, committed 768K, reserved 1048576K
}

Deoptimization events (10 events):
Event: 1.687 Thread 0x0000000016b2d800 Uncommon trap: reason=unstable_if action=reinterpret pc=0x0000000002aed06c method=com.android.dx.cf.code.RopperMachine.run(Lcom/android/dx/cf/code/Frame;II)V @ 1500
Event: 1.741 Thread 0x0000000002311000 Uncommon trap: reason=unstable_if action=reinterpret pc=0x00000000027e9f74 method=java.util.HashMap.putVal(ILjava/lang/Object;Ljava/lang/Object;ZZ)Ljava/lang/Object; @ 162
Event: 1.744 Thread 0x0000000016aa8800 Uncommon trap: reason=class_check action=maybe_recompile pc=0x0000000002a535dc method=com.android.dx.rop.code.RegisterSpec.withSimpleType()Lcom/android/dx/rop/code/RegisterSpec; @ 21
Event: 1.744 Thread 0x0000000016aa8800 Uncommon trap: reason=class_check action=maybe_recompile pc=0x0000000002a535dc method=com.android.dx.rop.code.RegisterSpec.withSimpleType()Lcom/android/dx/rop/code/RegisterSpec; @ 21
Event: 1.756 Thread 0x0000000016aa8800 Uncommon trap: reason=class_check action=maybe_recompile pc=0x0000000002a535dc method=com.android.dx.rop.code.RegisterSpec.withSimpleType()Lcom/android/dx/rop/code/RegisterSpec; @ 21
Event: 1.756 Thread 0x0000000016aa8800 Uncommon trap: reason=class_check action=maybe_recompile pc=0x0000000002a535dc method=com.android.dx.rop.code.RegisterSpec.withSimpleType()Lcom/android/dx/rop/code/RegisterSpec; @ 21
Event: 1.787 Thread 0x0000000016b2b000 Uncommon trap: reason=bimorphic action=maybe_recompile pc=0x00000000029bfab0 method=com.android.dx.ssa.LiteralOpUpgrader.tryReplacingWithConstant(Lcom/android/dx/ssa/NormalSsaInsn;)Z @ 62
Event: 1.853 Thread 0x0000000016b2b800 Uncommon trap: reason=bimorphic action=maybe_recompile pc=0x00000000029bfab0 method=com.android.dx.ssa.LiteralOpUpgrader.tryReplacingWithConstant(Lcom/android/dx/ssa/NormalSsaInsn;)Z @ 62
Event: 1.895 Thread 0x0000000016b2b000 Uncommon trap: reason=unstable_if action=reinterpret pc=0x00000000029b3dcc method=com.android.dx.ssa.MoveParamCombiner$1.visitNonMoveInsn(Lcom/android/dx/ssa/NormalSsaInsn;)V @ 27
Event: 2.164 Thread 0x0000000016b2d800 Uncommon trap: reason=unstable_if action=reinterpret pc=0x0000000002b5d35c method=com.android.dx.ssa.SCCP.simulateBranch(Lcom/android/dx/ssa/SsaInsn;)V @ 548

Internal exceptions (5 events):
Event: 0.038 Thread 0x0000000002311000 Exception <a 'java/lang/NoSuchMethodError': Method sun.misc.Unsafe.defineClass(Ljava/lang/String;[BII)Ljava/lang/Class; name or signature does not match> (0x00000000eab0d560) thrown at [C:\re\workspace\8-2-build-windows-amd64-cygwin\jdk8u51\3951\hotspot\sr;ŠRï‡L£?
Event: 0.038 Thread 0x0000000002311000 Exception <a 'java/lang/NoSuchMethodError': Method sun.misc.Unsafe.prefetchRead(Ljava/lang/Object;J)V name or signature does not match> (0x00000000eab0d7f0) thrown at [C:\re\workspace\8-2-build-windows-amd64-cygwin\jdk8u51\3951\hotspot\src\share\vm\prims\j¼¡`Àoìø?
Event: 1.558 Thread 0x0000000002311000 Exception <a 'java/lang/ArrayIndexOutOfBoundsException': 18> (0x00000000ed9277d0) thrown at [C:\re\workspace\8-2-build-windows-amd64-cygwin\jdk8u51\3951\hotspot\src\share\vm\interpreter\interpreterRuntime.cpp, line 366]
Event: 1.558 Thread 0x0000000002311000 Exception <a 'java/lang/ArrayIndexOutOfBoundsException': 145> (0x00000000ed9292a0) thrown at [C:\re\workspace\8-2-build-windows-amd64-cygwin\jdk8u51\3951\hotspot\src\share\vm\interpreter\interpreterRuntime.cpp, line 366]
Event: 1.559 Thread 0x0000000002311000 Exception <a 'java/lang/ArrayIndexOutOfBoundsException'> (0x00000000ed92a4d8) thrown at [C:\re\workspace\8-2-build-windows-amd64-cygwin\jdk8u51\3951\hotspot\src\share\vm\runtime\sharedRuntime.cpp, line 605]

Events (10 events):
Event: 1.974 Thread 0x0000000002311000 DEOPT UNPACKING pc=0x000000000245787f sp=0x000000000220e560 mode 0
Event: 2.071 Executing VM operation: ParallelGCFailedAllocation
Event: 2.126 Executing VM operation: ParallelGCFailedAllocation done
Event: 2.164 Thread 0x0000000016b2d800 Uncommon trap: trap_request=0xffffff65 fr.pc=0x0000000002b5d35c
Event: 2.164 Thread 0x0000000016b2d800 DEOPT PACKING pc=0x0000000002b5d35c sp=0x000000001904e860
Event: 2.164 Thread 0x0000000016b2d800 DEOPT UNPACKING pc=0x000000000245582a sp=0x000000001904e838 mode 2
Event: 2.393 loading class java/util/HashMap$KeySet
Event: 2.393 loading class java/util/HashMap$KeySet done
Event: 2.393 loading class java/util/HashMap$KeyIterator
Event: 2.393 loading class java/util/HashMap$KeyIterator done


Dynamic libraries:
0x00007ff74f270000 - 0x00007ff74f2a7000 	C:\Program Files\Java\jdk1.8.0_51\bin\java.exe
0x00007ffcedec0000 - 0x00007ffcee081000 	C:\WINDOWS\SYSTEM32\ntdll.dll
0x00007ffced140000 - 0x00007ffced1ed000 	C:\WINDOWS\system32\KERNEL32.DLL
0x00007ffcead70000 - 0x00007ffceaf58000 	C:\WINDOWS\system32\KERNELBASE.dll
0x00007ffceddb0000 - 0x00007ffcede57000 	C:\WINDOWS\system32\ADVAPI32.dll
0x00007ffcedbb0000 - 0x00007ffcedc4d000 	C:\WINDOWS\system32\msvcrt.dll
0x00007ffcede60000 - 0x00007ffcedebb000 	C:\WINDOWS\system32\sechost.dll
0x00007ffced9c0000 - 0x00007ffcedadc000 	C:\WINDOWS\system32\RPCRT4.dll
0x00007ffceba80000 - 0x00007ffcebbd6000 	C:\WINDOWS\system32\USER32.dll
0x00007ffced3b0000 - 0x00007ffced536000 	C:\WINDOWS\system32\GDI32.dll
0x00007ffce68f0000 - 0x00007ffce6b64000 	C:\WINDOWS\WinSxS\amd64_microsoft.windows.common-controls_6595b64144ccf1df_6.0.10586.0_none_8c15ae12515e1c22\COMCTL32.dll
0x00007ffceb630000 - 0x00007ffceb8ad000 	C:\WINDOWS\system32\combase.dll
0x00007ffcead00000 - 0x00007ffcead6a000 	C:\WINDOWS\system32\bcryptPrimitives.dll
0x00007ffced540000 - 0x00007ffced57b000 	C:\WINDOWS\system32\IMM32.DLL
0x0000000062250000 - 0x0000000062322000 	C:\Program Files\Java\jdk1.8.0_51\jre\bin\msvcr100.dll
0x00000000648e0000 - 0x0000000065163000 	C:\Program Files\Java\jdk1.8.0_51\jre\bin\server\jvm.dll
0x00007ffceb620000 - 0x00007ffceb628000 	C:\WINDOWS\system32\PSAPI.DLL
0x00007ffcdc170000 - 0x00007ffcdc179000 	C:\WINDOWS\SYSTEM32\WSOCK32.dll
0x00007ffceb5b0000 - 0x00007ffceb61b000 	C:\WINDOWS\system32\WS2_32.dll
0x00007ffce8760000 - 0x00007ffce8783000 	C:\WINDOWS\SYSTEM32\WINMM.dll
0x00007ffce6c20000 - 0x00007ffce6c2a000 	C:\WINDOWS\SYSTEM32\VERSION.dll
0x00007ffce8700000 - 0x00007ffce872c000 	C:\WINDOWS\SYSTEM32\WINMMBASE.dll
0x00007ffceb1c0000 - 0x00007ffceb203000 	C:\WINDOWS\system32\cfgmgr32.dll
0x00000000647f0000 - 0x00000000647ff000 	C:\Program Files\Java\jdk1.8.0_51\jre\bin\verify.dll
0x00000000647c0000 - 0x00000000647e9000 	C:\Program Files\Java\jdk1.8.0_51\jre\bin\java.dll
0x00000000647a0000 - 0x00000000647b6000 	C:\Program Files\Java\jdk1.8.0_51\jre\bin\zip.dll
0x00007ffcebbe0000 - 0x00007ffced13c000 	C:\WINDOWS\system32\SHELL32.dll
0x00007ffcea5f0000 - 0x00007ffceac35000 	C:\WINDOWS\system32\windows.storage.dll
0x00007ffceba20000 - 0x00007ffceba72000 	C:\WINDOWS\system32\shlwapi.dll
0x00007ffcea510000 - 0x00007ffcea51f000 	C:\WINDOWS\system32\kernel.appcore.dll
0x00007ffceac40000 - 0x00007ffceacf5000 	C:\WINDOWS\system32\shcore.dll
0x00007ffcea520000 - 0x00007ffcea56b000 	C:\WINDOWS\system32\powrprof.dll
0x00007ffcea4e0000 - 0x00007ffcea4f4000 	C:\WINDOWS\system32\profapi.dll

VM Arguments:
jvm_args: -Djava.awt.headless=true -Xmx1024M -Dfile.encoding=windows-1252 -Duser.country=US -Duser.language=en -Duser.variant 
java_command: com.android.dx.command.Main --dex --force-jumbo --num-threads=4 --multi-dex --output C:\Users\chyupa\Documents\Android Apps\Capstone\app\build\intermediates\transforms\dex\debug\folders\1000\10\com.android.support-appcompat-v7-23.3.0_26023d23977291b3326e49cd1a7b9a41853d34fc C:\Users\chyupa\Documents\Android Apps\Capstone\app\build\intermediates\exploded-aar\com.android.support\appcompat-v7\23.3.0\jars\classes.jar
java_class_path (initial): C:\Users\chyupa\Documents\android_sdk\build-tools\23.0.3\lib\dx.jar
Launcher Type: SUN_STANDARD

Environment Variables:
JAVA_HOME=C:\Program Files\Java\jdk1.8.0_51
PATH=C:\python27_x64\;C:\python27_x64\Scripts;C:\ProgramData\Oracle\Java\javapath;C:\Windows\system32;C:\Windows;C:\Windows\System32\Wbem;C:\Windows\System32\WindowsPowerShell\v1.0\;C:\Program Files (x86)\NVIDIA Corporation\PhysX\Common;C:\WINDOWS\system32;C:\WINDOWS;C:\WINDOWS\System32\Wbem;C:\WINDOWS\System32\WindowsPowerShell\v1.0\;C:\Program Files (x86)\Google\Cloud SDK\google-cloud-sdk\bin;C:\HashiCorp\Vagrant\bin;C:\Program Files\nodejs\;%GRADLE_HOME%\bin;C:\Program Files (x86)\Skype\Phone\;C:\Users\chyupa\AppData\Local\Code\bin;C:\Users\chyupa\AppData\Roaming\npm;C:\gradle-2.10\bin;C:\Program Files\Java\jdk1.8.0_51\bin;C:\Users\chyupa\AppData\Local\Programs\Git\bin
USERNAME=chyupa
OS=Windows_NT
PROCESSOR_IDENTIFIER=Intel64 Family 6 Model 63 Stepping 2, GenuineIntel



---------------  S Y S T E M  ---------------

OS: Windows 10.0 , 64 bit Build 10586 (10.0.10586.0)

CPU:total 12 (6 cores per cpu, 2 threads per core) family 6 model 63 stepping 2, cmov, cx8, fxsr, mmx, sse, sse2, sse3, ssse3, sse4.1, sse4.2, popcnt, avx, avx2, aes, clmul, erms, lzcnt, ht, tsc, tscinvbit, bmi1, bmi2

Memory: 4k page, physical 16675196k(5058244k free), swap 45853816k(5120k free)

vm_info: Java HotSpot(TM) 64-Bit Server VM (25.51-b03) for windows-amd64 JRE (1.8.0_51-b16), built on Jun  8 2015 18:03:07 by "java_re" with MS VC++ 10.0 (VS2010)

time: Tue May 10 21:34:33 2016
elapsed time: 2 seconds (0d 0h 0m 2s)

