#
# There is insufficient memory for the Java Runtime Environment to continue.
# Native memory allocation (malloc) failed to allocate 414256 bytes for Chunk::new
# Possible reasons:
#   The system is out of physical RAM or swap space
#   In 32 bit mode, the process size limit was hit
# Possible solutions:
#   Reduce memory load on the system
#   Increase physical memory or swap space
#   Check if swap backing store is full
#   Use 64 bit Java on a 64 bit OS
#   Decrease Java heap size (-Xmx/-Xms)
#   Decrease number of Java threads
#   Decrease Java thread stack sizes (-Xss)
#   Set larger code cache with -XX:ReservedCodeCacheSize=
# This output file may be truncated or incomplete.
#
#  Out of Memory Error (allocation.cpp:390), pid=5668, tid=12724
#
# JRE version: Java(TM) SE Runtime Environment (8.0_51-b16) (build 1.8.0_51-b16)
# Java VM: Java HotSpot(TM) 64-Bit Server VM (25.51-b03 mixed mode windows-amd64 compressed oops)
# Failed to write core dump. Minidumps are not enabled by default on client versions of Windows
#

---------------  T H R E A D  ---------------

Current thread (0x0000000016864800):  JavaThread "C2 CompilerThread1" daemon [_thread_in_native, id=12724, stack(0x0000000017ec0000,0x0000000017fc0000)]

Stack: [0x0000000017ec0000,0x0000000017fc0000]
Native frames: (J=compiled Java code, j=interpreted, Vv=VM code, C=native code)
V  [jvm.dll+0x32b4ca]
V  [jvm.dll+0x2797e3]
V  [jvm.dll+0x27a479]
V  [jvm.dll+0x271765]
V  [jvm.dll+0xcba02]
V  [jvm.dll+0xcbecc]
V  [jvm.dll+0x476f72]
V  [jvm.dll+0x4b95ff]
V  [jvm.dll+0x46b9bf]
V  [jvm.dll+0x46cd4e]
V  [jvm.dll+0x4501a2]
V  [jvm.dll+0xa43a2]
V  [jvm.dll+0xa4cdf]
V  [jvm.dll+0x2418a4]
V  [jvm.dll+0x29846a]
C  [msvcr100.dll+0x21d9f]
C  [msvcr100.dll+0x21e3b]
C  [KERNEL32.DLL+0x18102]
C  [ntdll.dll+0x5c5b4]


Current CompileTask:
C2:    645  662       4       com.android.dx.ssa.SsaBasicBlock::forEachInsn (37 bytes)


---------------  P R O C E S S  ---------------

Java Threads: ( => current thread )
  0x0000000016bb5800 JavaThread "pool-2-thread-4" [_thread_in_Java, id=12764, stack(0x00000000187c0000,0x00000000188c0000)]
  0x0000000016bb6000 JavaThread "pool-2-thread-3" [_thread_in_Java, id=12624, stack(0x00000000186c0000,0x00000000187c0000)]
  0x0000000016a23000 JavaThread "pool-2-thread-2" [_thread_in_Java, id=7068, stack(0x00000000185c0000,0x00000000186c0000)]
  0x0000000016a16000 JavaThread "pool-3-thread-1" [_thread_blocked, id=5256, stack(0x00000000184c0000,0x00000000185c0000)]
  0x0000000016a15000 JavaThread "pool-2-thread-1" [_thread_in_Java, id=5980, stack(0x00000000183c0000,0x00000000184c0000)]
  0x00000000168fa000 JavaThread "Service Thread" daemon [_thread_blocked, id=7000, stack(0x00000000181c0000,0x00000000182c0000)]
  0x000000001686e000 JavaThread "C1 CompilerThread3" daemon [_thread_in_native, id=5788, stack(0x00000000180c0000,0x00000000181c0000)]
  0x000000001686a000 JavaThread "C2 CompilerThread2" daemon [_thread_in_native, id=8424, stack(0x0000000017fc0000,0x00000000180c0000)]
=>0x0000000016864800 JavaThread "C2 CompilerThread1" daemon [_thread_in_native, id=12724, stack(0x0000000017ec0000,0x0000000017fc0000)]
  0x000000001685f800 JavaThread "C2 CompilerThread0" daemon [_thread_in_native, id=5912, stack(0x0000000017dc0000,0x0000000017ec0000)]
  0x0000000016859800 JavaThread "Attach Listener" daemon [_thread_blocked, id=8988, stack(0x0000000017cc0000,0x0000000017dc0000)]
  0x0000000016856000 JavaThread "Signal Dispatcher" daemon [_thread_blocked, id=12160, stack(0x0000000017bc0000,0x0000000017cc0000)]
  0x00000000023ea800 JavaThread "Finalizer" daemon [_thread_blocked, id=10524, stack(0x0000000017ab0000,0x0000000017bb0000)]
  0x000000001513c800 JavaThread "Reference Handler" daemon [_thread_blocked, id=12344, stack(0x00000000179b0000,0x0000000017ab0000)]
  0x00000000022f1000 JavaThread "main" [_thread_in_Java, id=8340, stack(0x00000000021c0000,0x00000000022c0000)]

Other Threads:
  0x0000000015137000 VMThread [stack: 0x00000000178b0000,0x00000000179b0000] [id=12360]
  0x00000000168fc800 WatcherThread [stack: 0x00000000182c0000,0x00000000183c0000] [id=8228]

VM state:not at safepoint (normal execution)

VM Mutex/Monitor currently owned by a thread: None

Heap:
 PSYoungGen      total 76288K, used 23595K [0x00000000eab00000, 0x00000000f0000000, 0x0000000100000000)
  eden space 65536K, 36% used [0x00000000eab00000,0x00000000ec20acb8,0x00000000eeb00000)
  from space 10752K, 0% used [0x00000000ef580000,0x00000000ef580000,0x00000000f0000000)
  to   space 10752K, 0% used [0x00000000eeb00000,0x00000000eeb00000,0x00000000ef580000)
 ParOldGen       total 175104K, used 0K [0x00000000c0000000, 0x00000000cab00000, 0x00000000eab00000)
  object space 175104K, 0% used [0x00000000c0000000,0x00000000c0000000,0x00000000cab00000)
 Metaspace       used 5638K, capacity 6704K, committed 6784K, reserved 1058816K
  class space    used 579K, capacity 616K, committed 640K, reserved 1048576K

Card table byte_map: [0x00000000117c0000,0x00000000119d0000] byte_map_base: 0x00000000111c0000

Marking Bits: (ParMarkBitMap*) 0x000000005aa64040
 Begin Bits: [0x0000000012530000, 0x0000000013530000)
 End Bits:   [0x0000000013530000, 0x0000000014530000)

Polling page: 0x00000000022c0000

CodeCache: size=245760Kb used=2863Kb max_used=2874Kb free=242896Kb
 bounds [0x0000000002400000, 0x00000000026e0000, 0x0000000011400000]
 total_blobs=1004 nmethods=736 adapters=181
 compilation: enabled

Compilation events (10 events):
Event: 0.604 Thread 0x000000001686e000 nmethod 686 0x0000000002688e90 code [0x0000000002689060, 0x0000000002689658]
Event: 0.604 Thread 0x000000001686e000  689       3       com.android.dx.rop.code.Rops::ropFor (771 bytes)
Event: 0.607 Thread 0x000000001686e000 nmethod 689 0x0000000002689910 code [0x000000000268a180, 0x000000000268e8d8]
Event: 0.607 Thread 0x000000001686e000  692       3       com.android.dx.cf.code.Ropper::labelToResultIndex (47 bytes)
Event: 0.608 Thread 0x000000001686e000 nmethod 692 0x0000000002690810 code [0x00000000026909e0, 0x0000000002691078]
Event: 0.608 Thread 0x000000001686e000  695   !   3       java.util.BitSet::clone (49 bytes)
Event: 0.608 Thread 0x000000001686e000 nmethod 695 0x00000000026914d0 code [0x00000000026916c0, 0x0000000002691f98]
Event: 0.608 Thread 0x000000001686e000  698       3       com.android.dx.ssa.SCCP::simulateBranch (666 bytes)
Event: 0.611 Thread 0x000000001686e000 nmethod 698 0x0000000002692390 code [0x0000000002692840, 0x0000000002696418]
Event: 0.611 Thread 0x000000001686e000  696       3       com.android.dx.util.BitIntSet::iterator (9 bytes)

GC Heap History (0 events):
No events

Deoptimization events (6 events):
Event: 0.565 Thread 0x0000000016a15000 Uncommon trap: reason=class_check action=maybe_recompile pc=0x00000000025a0630 method=com.android.dx.rop.cst.CstMemberRef.compareTo0(Lcom/android/dx/rop/cst/Constant;)I @ 1
Event: 0.565 Thread 0x0000000016bb5800 Uncommon trap: reason=class_check action=maybe_recompile pc=0x00000000025a0630 method=com.android.dx.rop.cst.CstMemberRef.compareTo0(Lcom/android/dx/rop/cst/Constant;)I @ 1
Event: 0.565 Thread 0x0000000016bb5800 Uncommon trap: reason=class_check action=maybe_recompile pc=0x00000000025a0630 method=com.android.dx.rop.cst.CstMemberRef.compareTo0(Lcom/android/dx/rop/cst/Constant;)I @ 1
Event: 0.565 Thread 0x0000000016bb6000 Uncommon trap: reason=class_check action=maybe_recompile pc=0x00000000025a0630 method=com.android.dx.rop.cst.CstMemberRef.compareTo0(Lcom/android/dx/rop/cst/Constant;)I @ 1
Event: 0.568 Thread 0x00000000022f1000 Uncommon trap: reason=unstable_if action=reinterpret pc=0x00000000026034f8 method=java.util.HashMap.getNode(ILjava/lang/Object;)Ljava/util/HashMap$Node; @ 62
Event: 0.593 Thread 0x0000000016bb6000 Uncommon trap: reason=unstable_if action=reinterpret pc=0x00000000025a0f34 method=com.android.dx.rop.cst.CstFieldRef.compareTo0(Lcom/android/dx/rop/cst/Constant;)I @ 7

Internal exceptions (2 events):
Event: 0.264 Thread 0x00000000022f1000 Exception <a 'java/lang/NoSuchMethodError': Method sun.misc.Unsafe.defineClass(Ljava/lang/String;[BII)Ljava/lang/Class; name or signature does not match> (0x00000000eab0d4b0) thrown at [C:\re\workspace\8-2-build-windows-amd64-cygwin\jdk8u51\3951\hotspot\srZ∫ÅııÁ–?
Event: 0.264 Thread 0x00000000022f1000 Exception <a 'java/lang/NoSuchMethodError': Method sun.misc.Unsafe.prefetchRead(Ljava/lang/Object;J)V name or signature does not match> (0x00000000eab0d740) thrown at [C:\re\workspace\8-2-build-windows-amd64-cygwin\jdk8u51\3951\hotspot\src\share\vm\prims\j

Events (10 events):
Event: 0.568 Thread 0x00000000022f1000 Uncommon trap: trap_request=0xffffff65 fr.pc=0x00000000026034f8
Event: 0.568 Thread 0x00000000022f1000 DEOPT PACKING pc=0x00000000026034f8 sp=0x00000000022be0e0
Event: 0.568 Thread 0x00000000022f1000 DEOPT UNPACKING pc=0x000000000244582a sp=0x00000000022be058 mode 2
Event: 0.577 loading class com/android/dx/ssa/back/FirstFitLocalCombiningAllocator$Multiset
Event: 0.577 loading class com/android/dx/ssa/back/FirstFitLocalCombiningAllocator$Multiset done
Event: 0.578 loading class java/util/DualPivotQuicksort
Event: 0.579 loading class java/util/DualPivotQuicksort done
Event: 0.593 Thread 0x0000000016bb6000 Uncommon trap: trap_request=0xffffff65 fr.pc=0x00000000025a0f34
Event: 0.593 Thread 0x0000000016bb6000 DEOPT PACKING pc=0x00000000025a0f34 sp=0x00000000187befd0
Event: 0.593 Thread 0x0000000016bb6000 DEOPT UNPACKING pc=0x000000000244582a sp=0x00000000187bef58 mode 2


Dynamic libraries:
0x00007ff605b30000 - 0x00007ff605b67000 	C:\Program Files\Java\jdk1.8.0_51\bin\java.exe
0x00007ffdf3fd0000 - 0x00007ffdf4191000 	C:\WINDOWS\SYSTEM32\ntdll.dll
0x00007ffdf1900000 - 0x00007ffdf19ad000 	C:\WINDOWS\system32\KERNEL32.DLL
0x00007ffdf11e0000 - 0x00007ffdf13c8000 	C:\WINDOWS\system32\KERNELBASE.dll
0x00007ffdf19c0000 - 0x00007ffdf1a67000 	C:\WINDOWS\system32\ADVAPI32.dll
0x00007ffdf1b80000 - 0x00007ffdf1c1d000 	C:\WINDOWS\system32\msvcrt.dll
0x00007ffdf2290000 - 0x00007ffdf22eb000 	C:\WINDOWS\system32\sechost.dll
0x00007ffdf1ea0000 - 0x00007ffdf1fbc000 	C:\WINDOWS\system32\RPCRT4.dll
0x00007ffdf1440000 - 0x00007ffdf1596000 	C:\WINDOWS\system32\USER32.dll
0x00007ffdf1c30000 - 0x00007ffdf1db6000 	C:\WINDOWS\system32\GDI32.dll
0x00007ffdeca20000 - 0x00007ffdecc94000 	C:\WINDOWS\WinSxS\amd64_microsoft.windows.common-controls_6595b64144ccf1df_6.0.10586.0_none_8c15ae12515e1c22\COMCTL32.dll
0x00007ffdf22f0000 - 0x00007ffdf256d000 	C:\WINDOWS\system32\combase.dll
0x00007ffdf0680000 - 0x00007ffdf06ea000 	C:\WINDOWS\system32\bcryptPrimitives.dll
0x00007ffdf20d0000 - 0x00007ffdf210b000 	C:\WINDOWS\system32\IMM32.DLL
0x0000000057bd0000 - 0x0000000057ca2000 	C:\Program Files\Java\jdk1.8.0_51\jre\bin\msvcr100.dll
0x000000005a260000 - 0x000000005aae3000 	C:\Program Files\Java\jdk1.8.0_51\jre\bin\server\jvm.dll
0x00007ffdf19b0000 - 0x00007ffdf19b8000 	C:\WINDOWS\system32\PSAPI.DLL
0x00007ffde4fb0000 - 0x00007ffde4fb9000 	C:\WINDOWS\SYSTEM32\WSOCK32.dll
0x00007ffdecd50000 - 0x00007ffdecd5a000 	C:\WINDOWS\SYSTEM32\VERSION.dll
0x00007ffdee690000 - 0x00007ffdee6b3000 	C:\WINDOWS\SYSTEM32\WINMM.dll
0x00007ffdf1dc0000 - 0x00007ffdf1e2b000 	C:\WINDOWS\system32\WS2_32.dll
0x0000000002120000 - 0x000000000214c000 	C:\WINDOWS\SYSTEM32\WINMMBASE.dll
0x00007ffdf1190000 - 0x00007ffdf11d3000 	C:\WINDOWS\system32\cfgmgr32.dll
0x000000005a170000 - 0x000000005a17f000 	C:\Program Files\Java\jdk1.8.0_51\jre\bin\verify.dll
0x000000005a140000 - 0x000000005a169000 	C:\Program Files\Java\jdk1.8.0_51\jre\bin\java.dll
0x000000005a120000 - 0x000000005a136000 	C:\Program Files\Java\jdk1.8.0_51\jre\bin\zip.dll
0x00007ffdf2a70000 - 0x00007ffdf3fcc000 	C:\WINDOWS\system32\SHELL32.dll
0x00007ffdf09b0000 - 0x00007ffdf0ff5000 	C:\WINDOWS\system32\windows.storage.dll
0x00007ffdf13d0000 - 0x00007ffdf1422000 	C:\WINDOWS\system32\shlwapi.dll
0x00007ffdf0600000 - 0x00007ffdf060f000 	C:\WINDOWS\system32\kernel.appcore.dll
0x00007ffdf1000000 - 0x00007ffdf10b5000 	C:\WINDOWS\system32\shcore.dll
0x00007ffdf0610000 - 0x00007ffdf065b000 	C:\WINDOWS\system32\powrprof.dll
0x00007ffdf0660000 - 0x00007ffdf0674000 	C:\WINDOWS\system32\profapi.dll
0x00007ffdd2d20000 - 0x00007ffdd2eac000 	C:\WINDOWS\SYSTEM32\dbghelp.dll

VM Arguments:
jvm_args: -Djava.awt.headless=true -Xmx1024M -Dfile.encoding=windows-1252 -Duser.country=US -Duser.language=en -Duser.variant 
java_command: com.android.dx.command.Main --dex --force-jumbo --num-threads=4 --multi-dex --output C:\Users\chyupa\Documents\Android Apps\Capstone\app\build\intermediates\transforms\dex\debug\folders\1000\5\slice_0 C:\Users\chyupa\Documents\Android Apps\Capstone\app\build\intermediates\transforms\instantRunSlicer\debug\folders\1\5\slice_0
java_class_path (initial): C:\Users\chyupa\Documents\android_sdk\build-tools\23.0.3\lib\dx.jar
Launcher Type: SUN_STANDARD

Environment Variables:
JAVA_HOME=C:\Program Files\Java\jdk1.8.0_51
PATH=C:\python27_x64\;C:\python27_x64\Scripts;C:\ProgramData\Oracle\Java\javapath;C:\Windows\system32;C:\Windows;C:\Windows\System32\Wbem;C:\Windows\System32\WindowsPowerShell\v1.0\;C:\Program Files (x86)\NVIDIA Corporation\PhysX\Common;C:\WINDOWS\system32;C:\WINDOWS;C:\WINDOWS\System32\Wbem;C:\WINDOWS\System32\WindowsPowerShell\v1.0\;C:\Program Files (x86)\Google\Cloud SDK\google-cloud-sdk\bin;C:\HashiCorp\Vagrant\bin;C:\Program Files\nodejs\;%GRADLE_HOME%\bin;C:\Program Files (x86)\Skype\Phone\;C:\Users\chyupa\AppData\Local\Code\bin;C:\Users\chyupa\AppData\Roaming\npm;C:\gradle-2.10\bin;C:\Program Files\Java\jdk1.8.0_51\bin;C:\Users\chyupa\AppData\Local\Programs\Git\bin
USERNAME=chyupa
OS=Windows_NT
PROCESSOR_IDENTIFIER=Intel64 Family 6 Model 63 Stepping 2, GenuineIntel



---------------  S Y S T E M  ---------------

OS: Windows 10.0 , 64 bit Build 10586 (10.0.10586.0)

CPU:total 12 (6 cores per cpu, 2 threads per core) family 6 model 63 stepping 2, cmov, cx8, fxsr, mmx, sse, sse2, sse3, ssse3, sse4.1, sse4.2, popcnt, avx, avx2, aes, clmul, erms, lzcnt, ht, tsc, tscinvbit, bmi1, bmi2

Memory: 4k page, physical 16675196k(6653604k free), swap 45853816k(3220k free)

vm_info: Java HotSpot(TM) 64-Bit Server VM (25.51-b03) for windows-amd64 JRE (1.8.0_51-b16), built on Jun  8 2015 18:03:07 by "java_re" with MS VC++ 10.0 (VS2010)

time: Wed May 11 22:03:18 2016
elapsed time: 0 seconds (0d 0h 0m 0s)

