#
# There is insufficient memory for the Java Runtime Environment to continue.
# Native memory allocation (malloc) failed to allocate 555776 bytes for Chunk::new
# Possible reasons:
#   The system is out of physical RAM or swap space
#   In 32 bit mode, the process size limit was hit
# Possible solutions:
#   Reduce memory load on the system
#   Increase physical memory or swap space
#   Check if swap backing store is full
#   Use 64 bit Java on a 64 bit OS
#   Decrease Java heap size (-Xmx/-Xms)
#   Decrease number of Java threads
#   Decrease Java thread stack sizes (-Xss)
#   Set larger code cache with -XX:ReservedCodeCacheSize=
# This output file may be truncated or incomplete.
#
#  Out of Memory Error (allocation.cpp:390), pid=13968, tid=14236
#
# JRE version: Java(TM) SE Runtime Environment (8.0_51-b16) (build 1.8.0_51-b16)
# Java VM: Java HotSpot(TM) 64-Bit Server VM (25.51-b03 mixed mode windows-amd64 compressed oops)
# Failed to write core dump. Minidumps are not enabled by default on client versions of Windows
#

---------------  T H R E A D  ---------------

Current thread (0x0000000016841000):  JavaThread "C2 CompilerThread0" daemon [_thread_in_native, id=14236, stack(0x0000000017d90000,0x0000000017e90000)]

Stack: [0x0000000017d90000,0x0000000017e90000]
Native frames: (J=compiled Java code, j=interpreted, Vv=VM code, C=native code)
V  [jvm.dll+0x32b4ca]


Current CompileTask:
C2:    691  687       4       com.android.dx.ssa.SsaBasicBlock::forEachInsn (37 bytes)


---------------  P R O C E S S  ---------------

Java Threads: ( => current thread )
  0x0000000016b5a000 JavaThread "pool-3-thread-1" [_thread_blocked, id=648, stack(0x0000000018490000,0x0000000018590000)]
  0x0000000016b57800 JavaThread "pool-2-thread-1" [_thread_in_Java, id=7356, stack(0x0000000018390000,0x0000000018490000)]
  0x00000000168d3800 JavaThread "Service Thread" daemon [_thread_blocked, id=4932, stack(0x0000000018190000,0x0000000018290000)]
  0x000000001689e800 JavaThread "C1 CompilerThread3" daemon [_thread_blocked, id=7352, stack(0x0000000018090000,0x0000000018190000)]
  0x0000000016899800 JavaThread "C2 CompilerThread2" daemon [_thread_blocked, id=15588, stack(0x0000000017f90000,0x0000000018090000)]
  0x0000000016846000 JavaThread "C2 CompilerThread1" daemon [_thread_blocked, id=15376, stack(0x0000000017e90000,0x0000000017f90000)]
=>0x0000000016841000 JavaThread "C2 CompilerThread0" daemon [_thread_in_native, id=14236, stack(0x0000000017d90000,0x0000000017e90000)]
  0x000000001517e000 JavaThread "Attach Listener" daemon [_thread_blocked, id=13956, stack(0x0000000017c90000,0x0000000017d90000)]
  0x000000001517d000 JavaThread "Signal Dispatcher" daemon [_thread_blocked, id=8168, stack(0x0000000017b90000,0x0000000017c90000)]
  0x000000000244a800 JavaThread "Finalizer" daemon [_thread_blocked, id=8980, stack(0x0000000017a90000,0x0000000017b90000)]
  0x000000001516d000 JavaThread "Reference Handler" daemon [_thread_blocked, id=3652, stack(0x0000000017990000,0x0000000017a90000)]
  0x0000000002351000 JavaThread "main" [_thread_blocked, id=8132, stack(0x0000000002240000,0x0000000002340000)]

Other Threads:
  0x0000000015166800 VMThread [stack: 0x0000000017890000,0x0000000017990000] [id=11648]
  0x00000000168d5800 WatcherThread [stack: 0x0000000018290000,0x0000000018390000] [id=5148]

VM state:not at safepoint (normal execution)

VM Mutex/Monitor currently owned by a thread: None

Heap:
 PSYoungGen      total 76288K, used 18351K [0x00000000eab00000, 0x00000000f0000000, 0x0000000100000000)
  eden space 65536K, 28% used [0x00000000eab00000,0x00000000ebcebd68,0x00000000eeb00000)
  from space 10752K, 0% used [0x00000000ef580000,0x00000000ef580000,0x00000000f0000000)
  to   space 10752K, 0% used [0x00000000eeb00000,0x00000000eeb00000,0x00000000ef580000)
 ParOldGen       total 175104K, used 0K [0x00000000c0000000, 0x00000000cab00000, 0x00000000eab00000)
  object space 175104K, 0% used [0x00000000c0000000,0x00000000c0000000,0x00000000cab00000)
 Metaspace       used 5612K, capacity 6640K, committed 6784K, reserved 1056768K
  class space    used 590K, capacity 616K, committed 640K, reserved 1048576K

Card table byte_map: [0x0000000011810000,0x0000000011a20000] byte_map_base: 0x0000000011210000

Marking Bits: (ParMarkBitMap*) 0x00000000717c4040
 Begin Bits: [0x0000000012580000, 0x0000000013580000)
 End Bits:   [0x0000000013580000, 0x0000000014580000)

Polling page: 0x0000000000a50000

CodeCache: size=245760Kb used=2868Kb max_used=2868Kb free=242892Kb
 bounds [0x0000000002450000, 0x0000000002730000, 0x0000000011450000]
 total_blobs=965 nmethods=696 adapters=182
 compilation: enabled

Compilation events (10 events):
Event: 0.682 Thread 0x000000001689e800  681       3       com.android.dx.cf.code.Simulator$SimVisitor::setPreviousOffset (6 bytes)
Event: 0.682 Thread 0x000000001689e800 nmethod 681 0x00000000026f8c90 code [0x00000000026f8de0, 0x00000000026f8f30]
Event: 0.682 Thread 0x000000001689e800  675       1       com.android.dx.cf.attrib.AttCode::getCode (5 bytes)
Event: 0.683 Thread 0x000000001689e800 nmethod 675 0x00000000026f89d0 code [0x00000000026f8b20, 0x00000000026f8c30]
Event: 0.683 Thread 0x000000001689e800  686       1       com.android.dx.rop.code.RopMethod::getFirstLabel (5 bytes)
Event: 0.683 Thread 0x000000001689e800 nmethod 686 0x00000000026f8710 code [0x00000000026f8860, 0x00000000026f8970]
Event: 0.683 Thread 0x000000001689e800  690       1       com.android.dx.dex.code.Dop::hasResult (5 bytes)
Event: 0.683 Thread 0x000000001689e800 nmethod 690 0x00000000026f8450 code [0x00000000026f85a0, 0x00000000026f86b0]
Event: 0.683 Thread 0x000000001689e800  697       1       com.android.dx.dex.code.RopTranslator::access$500 (5 bytes)
Event: 0.683 Thread 0x000000001689e800 nmethod 697 0x00000000026f8190 code [0x00000000026f82e0, 0x00000000026f83d0]

GC Heap History (0 events):
No events

Deoptimization events (1 events):
Event: 0.407 Thread 0x0000000016b57800 Uncommon trap: reason=unstable_if action=reinterpret pc=0x000000000265177c method=java.util.HashMap.getNode(ILjava/lang/Object;)Ljava/util/HashMap$Node; @ 62

Internal exceptions (2 events):
Event: 0.031 Thread 0x0000000002351000 Exception <a 'java/lang/NoSuchMethodError': Method sun.misc.Unsafe.defineClass(Ljava/lang/String;[BII)Ljava/lang/Class; name or signature does not match> (0x00000000eab0d590) thrown at [C:\re\workspace\8-2-build-windows-amd64-cygwin\jdk8u51\3951\hotspot\srw¡-I ?
Event: 0.031 Thread 0x0000000002351000 Exception <a 'java/lang/NoSuchMethodError': Method sun.misc.Unsafe.prefetchRead(Ljava/lang/Object;J)V name or signature does not match> (0x00000000eab0d820) thrown at [C:\re\workspace\8-2-build-windows-amd64-cygwin\jdk8u51\3951\hotspot\src\share\vm\prims\j

Events (10 events):
Event: 0.408 loading class java/util/HashMap$Values done
Event: 0.408 loading class java/util/HashMap$ValueIterator
Event: 0.408 loading class java/util/HashMap$ValueIterator done
Event: 0.415 Thread 0x0000000016b65000 Thread exited: 0x0000000016b65000
Event: 0.423 loading class java/util/DualPivotQuicksort
Event: 0.423 loading class java/util/DualPivotQuicksort done
Event: 0.430 loading class com/android/dx/dex/file/MethodAnnotationStruct
Event: 0.430 loading class com/android/dx/dex/file/MethodAnnotationStruct done
Event: 0.659 loading class java/util/ArrayList$1
Event: 0.659 loading class java/util/ArrayList$1 done


Dynamic libraries:
0x00007ff753490000 - 0x00007ff7534c7000 	C:\Program Files\Java\jdk1.8.0_51\bin\java.exe
0x00007ffcabda0000 - 0x00007ffcabf61000 	C:\WINDOWS\SYSTEM32\ntdll.dll
0x00007ffcab180000 - 0x00007ffcab22d000 	C:\WINDOWS\system32\KERNEL32.DLL
0x00007ffca88e0000 - 0x00007ffca8ac8000 	C:\WINDOWS\system32\KERNELBASE.dll
0x00007ffcab9b0000 - 0x00007ffcaba57000 	C:\WINDOWS\system32\ADVAPI32.dll
0x00007ffcaab60000 - 0x00007ffcaabfd000 	C:\WINDOWS\system32\msvcrt.dll
0x00007ffcaba60000 - 0x00007ffcababb000 	C:\WINDOWS\system32\sechost.dll
0x00007ffcaa7d0000 - 0x00007ffcaa8ec000 	C:\WINDOWS\system32\RPCRT4.dll
0x00007ffcab020000 - 0x00007ffcab176000 	C:\WINDOWS\system32\USER32.dll
0x00007ffcaa950000 - 0x00007ffcaaad6000 	C:\WINDOWS\system32\GDI32.dll
0x00007ffca4690000 - 0x00007ffca4904000 	C:\WINDOWS\WinSxS\amd64_microsoft.windows.common-controls_6595b64144ccf1df_6.0.10586.0_none_8c15ae12515e1c22\COMCTL32.dll
0x00007ffcaac00000 - 0x00007ffcaae7d000 	C:\WINDOWS\system32\combase.dll
0x00007ffca87b0000 - 0x00007ffca881a000 	C:\WINDOWS\system32\bcryptPrimitives.dll
0x00007ffcab390000 - 0x00007ffcab3cb000 	C:\WINDOWS\system32\IMM32.DLL
0x0000000070a60000 - 0x0000000070b32000 	C:\Program Files\Java\jdk1.8.0_51\jre\bin\msvcr100.dll
0x0000000070fc0000 - 0x0000000071843000 	C:\Program Files\Java\jdk1.8.0_51\jre\bin\server\jvm.dll
0x00007ffcaab50000 - 0x00007ffcaab58000 	C:\WINDOWS\system32\PSAPI.DLL
0x00007ffca25f0000 - 0x00007ffca25f9000 	C:\WINDOWS\SYSTEM32\WSOCK32.dll
0x00007ffca6410000 - 0x00007ffca6433000 	C:\WINDOWS\SYSTEM32\WINMM.dll
0x00007ffca4a00000 - 0x00007ffca4a0a000 	C:\WINDOWS\SYSTEM32\VERSION.dll
0x00007ffcaaae0000 - 0x00007ffcaab4b000 	C:\WINDOWS\system32\WS2_32.dll
0x0000000002210000 - 0x000000000223c000 	C:\WINDOWS\SYSTEM32\WINMMBASE.dll
0x00007ffca8620000 - 0x00007ffca8663000 	C:\WINDOWS\system32\cfgmgr32.dll
0x0000000070ed0000 - 0x0000000070edf000 	C:\Program Files\Java\jdk1.8.0_51\jre\bin\verify.dll
0x0000000070ea0000 - 0x0000000070ec9000 	C:\Program Files\Java\jdk1.8.0_51\jre\bin\java.dll
0x0000000070e80000 - 0x0000000070e96000 	C:\Program Files\Java\jdk1.8.0_51\jre\bin\zip.dll
0x00007ffca91a0000 - 0x00007ffcaa6fc000 	C:\WINDOWS\system32\SHELL32.dll
0x00007ffca8ad0000 - 0x00007ffca9115000 	C:\WINDOWS\system32\windows.storage.dll
0x00007ffcab800000 - 0x00007ffcab852000 	C:\WINDOWS\system32\shlwapi.dll
0x00007ffca8440000 - 0x00007ffca844f000 	C:\WINDOWS\system32\kernel.appcore.dll
0x00007ffca8820000 - 0x00007ffca88d5000 	C:\WINDOWS\system32\shcore.dll
0x00007ffca83c0000 - 0x00007ffca840b000 	C:\WINDOWS\system32\powrprof.dll
0x00007ffca8420000 - 0x00007ffca8434000 	C:\WINDOWS\system32\profapi.dll

VM Arguments:
jvm_args: -Djava.awt.headless=true -Xmx1024M -Dfile.encoding=windows-1252 -Duser.country=US -Duser.language=en -Duser.variant 
java_command: com.android.dx.command.Main --dex --force-jumbo --num-threads=4 --multi-dex --output C:\Users\chyupa\Documents\Android Apps\Capstone\app\build\intermediates\transforms\dex\debug\folders\1000\10\com.android.support-animated-vector-drawable-23.3.0_08254ab54bcf9a08e5eae81d10f260a72b0477c3 C:\Users\chyupa\Documents\Android Apps\Capstone\app\build\intermediates\exploded-aar\com.android.support\animated-vector-drawable\23.3.0\jars\classes.jar
java_class_path (initial): C:\Users\chyupa\Documents\android_sdk\build-tools\23.0.3\lib\dx.jar
Launcher Type: SUN_STANDARD

Environment Variables:
JAVA_HOME=C:\Program Files\Java\jdk1.8.0_51
PATH=C:\python27_x64\;C:\python27_x64\Scripts;C:\ProgramData\Oracle\Java\javapath;C:\Windows\system32;C:\Windows;C:\Windows\System32\Wbem;C:\Windows\System32\WindowsPowerShell\v1.0\;C:\Program Files (x86)\NVIDIA Corporation\PhysX\Common;C:\WINDOWS\system32;C:\WINDOWS;C:\WINDOWS\System32\Wbem;C:\WINDOWS\System32\WindowsPowerShell\v1.0\;C:\Program Files (x86)\Google\Cloud SDK\google-cloud-sdk\bin;C:\HashiCorp\Vagrant\bin;C:\Program Files\nodejs\;%GRADLE_HOME%\bin;C:\Program Files (x86)\Skype\Phone\;C:\Users\chyupa\AppData\Local\Code\bin;C:\Users\chyupa\AppData\Roaming\npm;C:\gradle-2.10\bin;C:\Program Files\Java\jdk1.8.0_51\bin;C:\Users\chyupa\AppData\Local\Programs\Git\bin
USERNAME=chyupa
OS=Windows_NT
PROCESSOR_IDENTIFIER=Intel64 Family 6 Model 63 Stepping 2, GenuineIntel



---------------  S Y S T E M  ---------------

OS: Windows 10.0 , 64 bit Build 10586 (10.0.10586.0)

CPU:total 12 (6 cores per cpu, 2 threads per core) family 6 model 63 stepping 2, cmov, cx8, fxsr, mmx, sse, sse2, sse3, ssse3, sse4.1, sse4.2, popcnt, avx, avx2, aes, clmul, erms, lzcnt, ht, tsc, tscinvbit, bmi1, bmi2

Memory: 4k page, physical 16675196k(6456156k free), swap 45853816k(4308k free)

vm_info: Java HotSpot(TM) 64-Bit Server VM (25.51-b03) for windows-amd64 JRE (1.8.0_51-b16), built on Jun  8 2015 18:03:07 by "java_re" with MS VC++ 10.0 (VS2010)

time: Mon May 09 22:38:03 2016
elapsed time: 0 seconds (0d 0h 0m 0s)

