#
# There is insufficient memory for the Java Runtime Environment to continue.
# Native memory allocation (malloc) failed to allocate 953136 bytes for Chunk::new
# Possible reasons:
#   The system is out of physical RAM or swap space
#   In 32 bit mode, the process size limit was hit
# Possible solutions:
#   Reduce memory load on the system
#   Increase physical memory or swap space
#   Check if swap backing store is full
#   Use 64 bit Java on a 64 bit OS
#   Decrease Java heap size (-Xmx/-Xms)
#   Decrease number of Java threads
#   Decrease Java thread stack sizes (-Xss)
#   Set larger code cache with -XX:ReservedCodeCacheSize=
# This output file may be truncated or incomplete.
#
#  Out of Memory Error (allocation.cpp:390), pid=7644, tid=11000
#
# JRE version: Java(TM) SE Runtime Environment (8.0_51-b16) (build 1.8.0_51-b16)
# Java VM: Java HotSpot(TM) 64-Bit Server VM (25.51-b03 mixed mode windows-amd64 compressed oops)
# Failed to write core dump. Minidumps are not enabled by default on client versions of Windows
#

---------------  T H R E A D  ---------------

Current thread (0x0000000016846800):  JavaThread "C2 CompilerThread1" daemon [_thread_in_native, id=11000, stack(0x0000000017ea0000,0x0000000017fa0000)]

Stack: [0x0000000017ea0000,0x0000000017fa0000]
Native frames: (J=compiled Java code, j=interpreted, Vv=VM code, C=native code)
V  [jvm.dll+0x32b4ca]


Current CompileTask:
C2:   3167 2148       4       com.android.dx.ssa.SCCP::run (298 bytes)


---------------  P R O C E S S  ---------------

Java Threads: ( => current thread )
  0x00000000196c5800 JavaThread "pool-1-thread-1" [_thread_in_Java, id=12528, stack(0x000000001a070000,0x000000001a170000)]
  0x00000000168db000 JavaThread "Service Thread" daemon [_thread_blocked, id=8004, stack(0x00000000181a0000,0x00000000182a0000)]
  0x0000000016850000 JavaThread "C1 CompilerThread3" daemon [_thread_blocked, id=10060, stack(0x00000000180a0000,0x00000000181a0000)]
  0x000000001684c000 JavaThread "C2 CompilerThread2" daemon [_thread_in_native, id=12820, stack(0x0000000017fa0000,0x00000000180a0000)]
=>0x0000000016846800 JavaThread "C2 CompilerThread1" daemon [_thread_in_native, id=11000, stack(0x0000000017ea0000,0x0000000017fa0000)]
  0x0000000016841000 JavaThread "C2 CompilerThread0" daemon [_thread_in_native, id=3560, stack(0x0000000017da0000,0x0000000017ea0000)]
  0x000000001515e800 JavaThread "Attach Listener" daemon [_thread_blocked, id=7916, stack(0x0000000017ca0000,0x0000000017da0000)]
  0x000000001515d800 JavaThread "Signal Dispatcher" daemon [_thread_blocked, id=9660, stack(0x0000000017ba0000,0x0000000017ca0000)]
  0x000000000242c000 JavaThread "Finalizer" daemon [_thread_blocked, id=14092, stack(0x0000000017aa0000,0x0000000017ba0000)]
  0x000000001514d000 JavaThread "Reference Handler" daemon [_thread_blocked, id=9648, stack(0x00000000179a0000,0x0000000017aa0000)]
  0x0000000002331000 JavaThread "main" [_thread_blocked, id=14676, stack(0x0000000002230000,0x0000000002330000)]

Other Threads:
  0x0000000015146800 VMThread [stack: 0x00000000178a0000,0x00000000179a0000] [id=16108]
  0x00000000168dd000 WatcherThread [stack: 0x00000000182a0000,0x00000000183a0000] [id=5044]

VM state:not at safepoint (normal execution)

VM Mutex/Monitor currently owned by a thread: None

Heap:
 PSYoungGen      total 272896K, used 147074K [0x00000000eab00000, 0x00000000fc000000, 0x0000000100000000)
  eden space 262144K, 52% used [0x00000000eab00000,0x00000000f3023f30,0x00000000fab00000)
  from space 10752K, 99% used [0x00000000fb580000,0x00000000fbffcba8,0x00000000fc000000)
  to   space 10752K, 0% used [0x00000000fab00000,0x00000000fab00000,0x00000000fb580000)
 ParOldGen       total 175104K, used 46182K [0x00000000c0000000, 0x00000000cab00000, 0x00000000eab00000)
  object space 175104K, 26% used [0x00000000c0000000,0x00000000c2d19928,0x00000000cab00000)
 Metaspace       used 6550K, capacity 7320K, committed 7680K, reserved 1056768K
  class space    used 619K, capacity 656K, committed 768K, reserved 1048576K

Card table byte_map: [0x00000000117f0000,0x0000000011a00000] byte_map_base: 0x00000000111f0000

Marking Bits: (ParMarkBitMap*) 0x00000000717c4040
 Begin Bits: [0x0000000012560000, 0x0000000013560000)
 End Bits:   [0x0000000013560000, 0x0000000014560000)

Polling page: 0x0000000000970000

CodeCache: size=245760Kb used=9398Kb max_used=9398Kb free=236361Kb
 bounds [0x0000000002430000, 0x0000000002d70000, 0x0000000011430000]
 total_blobs=2454 nmethods=2184 adapters=182
 compilation: enabled

Compilation events (10 events):
Event: 3.117 Thread 0x0000000016850000 2266       3       com.android.dx.dex.code.OutputFinisher::addConstants (93 bytes)
Event: 3.118 Thread 0x0000000016850000 nmethod 2266 0x0000000002d5e6d0 code [0x0000000002d5e920, 0x0000000002d5fab8]
Event: 3.118 Thread 0x0000000016850000 2267       2       com.android.dx.dex.file.DebugInfoItem::<init> (36 bytes)
Event: 3.118 Thread 0x0000000016850000 nmethod 2267 0x0000000002d60110 code [0x0000000002d60280, 0x0000000002d604f8]
Event: 3.120 Thread 0x0000000016850000 2268       3       com.android.dx.dex.code.OutputFinisher::getAllConstants (47 bytes)
Event: 3.121 Thread 0x0000000016850000 nmethod 2268 0x0000000002d60610 code [0x0000000002d60840, 0x0000000002d61188]
Event: 3.134 Thread 0x0000000016850000 2270 %     3       com.android.dx.dex.code.StdCatchBuilder::hasAnyCatches @ 15 (57 bytes)
Event: 3.134 Thread 0x0000000016850000 nmethod 2270% 0x0000000002d616d0 code [0x0000000002d618c0, 0x0000000002d62638]
Event: 3.149 Thread 0x0000000016850000 2271 %     3       com.android.dx.dex.file.CodeItem::addContents @ 142 (174 bytes)
Event: 3.150 Thread 0x0000000016850000 nmethod 2271% 0x0000000002d62bd0 code [0x0000000002d62ee0, 0x0000000002d648c8]

GC Heap History (8 events):
Event: 1.157 GC heap before
{Heap before GC invocations=1 (full 0):
 PSYoungGen      total 76288K, used 65536K [0x00000000eab00000, 0x00000000f0000000, 0x0000000100000000)
  eden space 65536K, 100% used [0x00000000eab00000,0x00000000eeb00000,0x00000000eeb00000)
  from space 10752K, 0% used [0x00000000ef580000,0x00000000ef580000,0x00000000f0000000)
  to   space 10752K, 0% used [0x00000000eeb00000,0x00000000eeb00000,0x00000000ef580000)
 ParOldGen       total 175104K, used 0K [0x00000000c0000000, 0x00000000cab00000, 0x00000000eab00000)
  object space 175104K, 0% used [0x00000000c0000000,0x00000000c0000000,0x00000000cab00000)
 Metaspace       used 6058K, capacity 7024K, committed 7296K, reserved 1056768K
  class space    used 591K, capacity 616K, committed 640K, reserved 1048576K
Event: 1.222 GC heap after
Heap after GC invocations=1 (full 0):
 PSYoungGen      total 76288K, used 9586K [0x00000000eab00000, 0x00000000f4000000, 0x0000000100000000)
  eden space 65536K, 0% used [0x00000000eab00000,0x00000000eab00000,0x00000000eeb00000)
  from space 10752K, 89% used [0x00000000eeb00000,0x00000000ef45cb70,0x00000000ef580000)
  to   space 10752K, 0% used [0x00000000f3580000,0x00000000f3580000,0x00000000f4000000)
 ParOldGen       total 175104K, used 16K [0x00000000c0000000, 0x00000000cab00000, 0x00000000eab00000)
  object space 175104K, 0% used [0x00000000c0000000,0x00000000c0004000,0x00000000cab00000)
 Metaspace       used 6058K, capacity 7024K, committed 7296K, reserved 1056768K
  class space    used 591K, capacity 616K, committed 640K, reserved 1048576K
}
Event: 1.509 GC heap before
{Heap before GC invocations=2 (full 0):
 PSYoungGen      total 76288K, used 75122K [0x00000000eab00000, 0x00000000f4000000, 0x0000000100000000)
  eden space 65536K, 100% used [0x00000000eab00000,0x00000000eeb00000,0x00000000eeb00000)
  from space 10752K, 89% used [0x00000000eeb00000,0x00000000ef45cb70,0x00000000ef580000)
  to   space 10752K, 0% used [0x00000000f3580000,0x00000000f3580000,0x00000000f4000000)
 ParOldGen       total 175104K, used 16K [0x00000000c0000000, 0x00000000cab00000, 0x00000000eab00000)
  object space 175104K, 0% used [0x00000000c0000000,0x00000000c0004000,0x00000000cab00000)
 Metaspace       used 6196K, capacity 7088K, committed 7296K, reserved 1056768K
  class space    used 592K, capacity 616K, committed 640K, reserved 1048576K
Event: 1.604 GC heap after
Heap after GC invocations=2 (full 0):
 PSYoungGen      total 141824K, used 10735K [0x00000000eab00000, 0x00000000f4000000, 0x0000000100000000)
  eden space 131072K, 0% used [0x00000000eab00000,0x00000000eab00000,0x00000000f2b00000)
  from space 10752K, 99% used [0x00000000f3580000,0x00000000f3ffbfa8,0x00000000f4000000)
  to   space 10752K, 0% used [0x00000000f2b00000,0x00000000f2b00000,0x00000000f3580000)
 ParOldGen       total 175104K, used 5929K [0x00000000c0000000, 0x00000000cab00000, 0x00000000eab00000)
  object space 175104K, 3% used [0x00000000c0000000,0x00000000c05ca678,0x00000000cab00000)
 Metaspace       used 6196K, capacity 7088K, committed 7296K, reserved 1056768K
  class space    used 592K, capacity 616K, committed 640K, reserved 1048576K
}
Event: 2.340 GC heap before
{Heap before GC invocations=3 (full 0):
 PSYoungGen      total 141824K, used 141807K [0x00000000eab00000, 0x00000000f4000000, 0x0000000100000000)
  eden space 131072K, 100% used [0x00000000eab00000,0x00000000f2b00000,0x00000000f2b00000)
  from space 10752K, 99% used [0x00000000f3580000,0x00000000f3ffbfa8,0x00000000f4000000)
  to   space 10752K, 0% used [0x00000000f2b00000,0x00000000f2b00000,0x00000000f3580000)
 ParOldGen       total 175104K, used 5929K [0x00000000c0000000, 0x00000000cab00000, 0x00000000eab00000)
  object space 175104K, 3% used [0x00000000c0000000,0x00000000c05ca678,0x00000000cab00000)
 Metaspace       used 6307K, capacity 7152K, committed 7296K, reserved 1056768K
  class space    used 593K, capacity 616K, committed 640K, reserved 1048576K
Event: 2.378 GC heap after
Heap after GC invocations=3 (full 0):
 PSYoungGen      total 141824K, used 10728K [0x00000000eab00000, 0x00000000fc000000, 0x0000000100000000)
  eden space 131072K, 0% used [0x00000000eab00000,0x00000000eab00000,0x00000000f2b00000)
  from space 10752K, 99% used [0x00000000f2b00000,0x00000000f357a1b8,0x00000000f3580000)
  to   space 10752K, 0% used [0x00000000fb580000,0x00000000fb580000,0x00000000fc000000)
 ParOldGen       total 175104K, used 26573K [0x00000000c0000000, 0x00000000cab00000, 0x00000000eab00000)
  object space 175104K, 15% used [0x00000000c0000000,0x00000000c19f3638,0x00000000cab00000)
 Metaspace       used 6307K, capacity 7152K, committed 7296K, reserved 1056768K
  class space    used 593K, capacity 616K, committed 640K, reserved 1048576K
}
Event: 2.741 GC heap before
{Heap before GC invocations=4 (full 0):
 PSYoungGen      total 141824K, used 141800K [0x00000000eab00000, 0x00000000fc000000, 0x0000000100000000)
  eden space 131072K, 100% used [0x00000000eab00000,0x00000000f2b00000,0x00000000f2b00000)
  from space 10752K, 99% used [0x00000000f2b00000,0x00000000f357a1b8,0x00000000f3580000)
  to   space 10752K, 0% used [0x00000000fb580000,0x00000000fb580000,0x00000000fc000000)
 ParOldGen       total 175104K, used 26573K [0x00000000c0000000, 0x00000000cab00000, 0x00000000eab00000)
  object space 175104K, 15% used [0x00000000c0000000,0x00000000c19f3638,0x00000000cab00000)
 Metaspace       used 6439K, capacity 7256K, committed 7424K, reserved 1056768K
  class space    used 613K, capacity 656K, committed 768K, reserved 1048576K
Event: 2.783 GC heap after
Heap after GC invocations=4 (full 0):
 PSYoungGen      total 272896K, used 10738K [0x00000000eab00000, 0x00000000fc000000, 0x0000000100000000)
  eden space 262144K, 0% used [0x00000000eab00000,0x00000000eab00000,0x00000000fab00000)
  from space 10752K, 99% used [0x00000000fb580000,0x00000000fbffcba8,0x00000000fc000000)
  to   space 10752K, 0% used [0x00000000fab00000,0x00000000fab00000,0x00000000fb580000)
 ParOldGen       total 175104K, used 46182K [0x00000000c0000000, 0x00000000cab00000, 0x00000000eab00000)
  object space 175104K, 26% used [0x00000000c0000000,0x00000000c2d19928,0x00000000cab00000)
 Metaspace       used 6439K, capacity 7256K, committed 7424K, reserved 1056768K
  class space    used 613K, capacity 656K, committed 768K, reserved 1048576K
}

Deoptimization events (10 events):
Event: 2.528 Thread 0x00000000183a0800 Uncommon trap: reason=bimorphic action=maybe_recompile pc=0x0000000002a47dd4 method=com.android.dx.ssa.LiteralOpUpgrader.tryReplacingWithConstant(Lcom/android/dx/ssa/NormalSsaInsn;)Z @ 62
Event: 2.528 Thread 0x00000000183a0800 Uncommon trap: reason=unstable_if action=reinterpret pc=0x0000000002bc7330 method=com.android.dx.ssa.LiteralOpUpgrader$1.visitNonMoveInsn(Lcom/android/dx/ssa/NormalSsaInsn;)V @ 24
Event: 2.533 Thread 0x00000000183a0800 Uncommon trap: reason=bimorphic action=maybe_recompile pc=0x0000000002a47dd4 method=com.android.dx.ssa.LiteralOpUpgrader.tryReplacingWithConstant(Lcom/android/dx/ssa/NormalSsaInsn;)Z @ 62
Event: 2.641 Thread 0x00000000183c0800 Uncommon trap: reason=unstable_if action=reinterpret pc=0x0000000002c44704 method=java.util.HashMap.putVal(ILjava/lang/Object;Ljava/lang/Object;ZZ)Ljava/lang/Object; @ 109
Event: 2.961 Thread 0x00000000183a0800 Uncommon trap: reason=unstable_if action=reinterpret pc=0x0000000002a566bc method=java.util.HashMap.resize()[Ljava/util/HashMap$Node; @ 206
Event: 3.077 Thread 0x00000000196c5800 Uncommon trap: reason=class_check action=maybe_recompile pc=0x0000000002864018 method=java.util.Arrays.hashCode([Ljava/lang/Object;)I @ 43
Event: 3.077 Thread 0x00000000196c5800 Uncommon trap: reason=class_check action=maybe_recompile pc=0x0000000002864018 method=java.util.Arrays.hashCode([Ljava/lang/Object;)I @ 43
Event: 3.078 Thread 0x00000000196c5800 Uncommon trap: reason=class_check action=maybe_recompile pc=0x0000000002864018 method=java.util.Arrays.hashCode([Ljava/lang/Object;)I @ 43
Event: 3.078 Thread 0x00000000196c5800 Uncommon trap: reason=class_check action=maybe_recompile pc=0x0000000002864018 method=java.util.Arrays.hashCode([Ljava/lang/Object;)I @ 43
Event: 3.078 Thread 0x00000000196c5800 Uncommon trap: reason=class_check action=maybe_recompile pc=0x0000000002879674 method=java.util.Arrays.hashCode([Ljava/lang/Object;)I @ 43

Internal exceptions (7 events):
Event: 0.033 Thread 0x0000000002331000 Exception <a 'java/lang/NoSuchMethodError': Method sun.misc.Unsafe.defineClass(Ljava/lang/String;[BII)Ljava/lang/Class; name or signature does not match> (0x00000000eab0d558) thrown at [C:\re\workspace\8-2-build-windows-amd64-cygwin\jdk8u51\3951\hotspot\srÃmw€ÅÊ†?
Event: 0.033 Thread 0x0000000002331000 Exception <a 'java/lang/NoSuchMethodError': Method sun.misc.Unsafe.prefetchRead(Ljava/lang/Object;J)V name or signature does not match> (0x00000000eab0d7e8) thrown at [C:\re\workspace\8-2-build-windows-amd64-cygwin\jdk8u51\3951\hotspot\src\share\vm\prims\jêºTá±Ù?
Event: 1.060 Thread 0x00000000183c0800 Implicit null exception at 0x0000000002796922 to 0x0000000002796a25
Event: 2.279 Thread 0x00000000183c0800 Implicit null exception at 0x000000000297ac31 to 0x000000000297c1fd
Event: 2.431 Thread 0x0000000016b0f800 Exception <a 'java/lang/ArrayIndexOutOfBoundsException': 18> (0x00000000ec46d870) thrown at [C:\re\workspace\8-2-build-windows-amd64-cygwin\jdk8u51\3951\hotspot\src\share\vm\interpreter\interpreterRuntime.cpp, line 366]
Event: 2.432 Thread 0x0000000016b0f800 Exception <a 'java/lang/ArrayIndexOutOfBoundsException': 145> (0x00000000ec46f340) thrown at [C:\re\workspace\8-2-build-windows-amd64-cygwin\jdk8u51\3951\hotspot\src\share\vm\interpreter\interpreterRuntime.cpp, line 366]
Event: 2.432 Thread 0x0000000016b0f800 Exception <a 'java/lang/ArrayIndexOutOfBoundsException'> (0x00000000ec470578) thrown at [C:\re\workspace\8-2-build-windows-amd64-cygwin\jdk8u51\3951\hotspot\src\share\vm\runtime\sharedRuntime.cpp, line 605]

Events (10 events):
Event: 3.078 Thread 0x00000000196c5800 DEOPT UNPACKING pc=0x000000000247582a sp=0x000000001a16e900 mode 2
Event: 3.078 Thread 0x00000000196c5800 Uncommon trap: trap_request=0xffffffde fr.pc=0x0000000002879674
Event: 3.078 Thread 0x00000000196c5800 DEOPT PACKING pc=0x0000000002879674 sp=0x000000001a16e6b0
Event: 3.078 Thread 0x00000000196c5800 DEOPT UNPACKING pc=0x000000000247582a sp=0x000000001a16e638 mode 2
Event: 3.078 loading class com/android/dx/rop/cst/Zeroes
Event: 3.078 loading class com/android/dx/rop/cst/Zeroes done
Event: 3.109 loading class com/android/dx/dex/file/CatchStructs
Event: 3.109 loading class com/android/dx/dex/file/CatchStructs done
Event: 3.120 Thread 0x00000000196c5800 DEOPT PACKING pc=0x0000000002d59254 sp=0x000000001a16eb10
Event: 3.120 Thread 0x00000000196c5800 DEOPT UNPACKING pc=0x000000000247787f sp=0x000000001a16e8a0 mode 0


Dynamic libraries:
0x00007ff753490000 - 0x00007ff7534c7000 	C:\Program Files\Java\jdk1.8.0_51\bin\java.exe
0x00007ffcabda0000 - 0x00007ffcabf61000 	C:\WINDOWS\SYSTEM32\ntdll.dll
0x00007ffcab180000 - 0x00007ffcab22d000 	C:\WINDOWS\system32\KERNEL32.DLL
0x00007ffca88e0000 - 0x00007ffca8ac8000 	C:\WINDOWS\system32\KERNELBASE.dll
0x00007ffcab9b0000 - 0x00007ffcaba57000 	C:\WINDOWS\system32\ADVAPI32.dll
0x00007ffcaab60000 - 0x00007ffcaabfd000 	C:\WINDOWS\system32\msvcrt.dll
0x00007ffcaba60000 - 0x00007ffcababb000 	C:\WINDOWS\system32\sechost.dll
0x00007ffcaa7d0000 - 0x00007ffcaa8ec000 	C:\WINDOWS\system32\RPCRT4.dll
0x00007ffcab020000 - 0x00007ffcab176000 	C:\WINDOWS\system32\USER32.dll
0x00007ffcaa950000 - 0x00007ffcaaad6000 	C:\WINDOWS\system32\GDI32.dll
0x00007ffca4690000 - 0x00007ffca4904000 	C:\WINDOWS\WinSxS\amd64_microsoft.windows.common-controls_6595b64144ccf1df_6.0.10586.0_none_8c15ae12515e1c22\COMCTL32.dll
0x00007ffcaac00000 - 0x00007ffcaae7d000 	C:\WINDOWS\system32\combase.dll
0x00007ffca87b0000 - 0x00007ffca881a000 	C:\WINDOWS\system32\bcryptPrimitives.dll
0x00007ffcab390000 - 0x00007ffcab3cb000 	C:\WINDOWS\system32\IMM32.DLL
0x000000006e890000 - 0x000000006e962000 	C:\Program Files\Java\jdk1.8.0_51\jre\bin\msvcr100.dll
0x0000000070fc0000 - 0x0000000071843000 	C:\Program Files\Java\jdk1.8.0_51\jre\bin\server\jvm.dll
0x00007ffcaab50000 - 0x00007ffcaab58000 	C:\WINDOWS\system32\PSAPI.DLL
0x00007ffca25f0000 - 0x00007ffca25f9000 	C:\WINDOWS\SYSTEM32\WSOCK32.dll
0x00007ffca6410000 - 0x00007ffca6433000 	C:\WINDOWS\SYSTEM32\WINMM.dll
0x00007ffca4a00000 - 0x00007ffca4a0a000 	C:\WINDOWS\SYSTEM32\VERSION.dll
0x00007ffcaaae0000 - 0x00007ffcaab4b000 	C:\WINDOWS\system32\WS2_32.dll
0x00007ffca63b0000 - 0x00007ffca63dc000 	C:\WINDOWS\SYSTEM32\WINMMBASE.dll
0x00007ffca8620000 - 0x00007ffca8663000 	C:\WINDOWS\system32\cfgmgr32.dll
0x0000000070ed0000 - 0x0000000070edf000 	C:\Program Files\Java\jdk1.8.0_51\jre\bin\verify.dll
0x0000000070ea0000 - 0x0000000070ec9000 	C:\Program Files\Java\jdk1.8.0_51\jre\bin\java.dll
0x0000000070e80000 - 0x0000000070e96000 	C:\Program Files\Java\jdk1.8.0_51\jre\bin\zip.dll
0x00007ffca91a0000 - 0x00007ffcaa6fc000 	C:\WINDOWS\system32\SHELL32.dll
0x00007ffca8ad0000 - 0x00007ffca9115000 	C:\WINDOWS\system32\windows.storage.dll
0x00007ffcab800000 - 0x00007ffcab852000 	C:\WINDOWS\system32\shlwapi.dll
0x00007ffca8440000 - 0x00007ffca844f000 	C:\WINDOWS\system32\kernel.appcore.dll
0x00007ffca8820000 - 0x00007ffca88d5000 	C:\WINDOWS\system32\shcore.dll
0x00007ffca83c0000 - 0x00007ffca840b000 	C:\WINDOWS\system32\powrprof.dll
0x00007ffca8420000 - 0x00007ffca8434000 	C:\WINDOWS\system32\profapi.dll
0x00007ffc8cea0000 - 0x00007ffc8d02c000 	C:\WINDOWS\SYSTEM32\dbghelp.dll

VM Arguments:
jvm_args: -Djava.awt.headless=true -Xmx1024M -Dfile.encoding=windows-1252 -Duser.country=US -Duser.language=en -Duser.variant 
java_command: com.android.dx.command.Main --dex --force-jumbo --num-threads=4 --multi-dex --output C:\Users\chyupa\Documents\Android Apps\Capstone\app\build\intermediates\transforms\dex\debug\folders\1000\10\com.android.support-support-v4-23.3.0_a5d682abe266d99304e72468f62f3fe1dee772a9 C:\Users\chyupa\Documents\Android Apps\Capstone\app\build\intermediates\exploded-aar\com.android.support\support-v4\23.3.0\jars\classes.jar
java_class_path (initial): C:\Users\chyupa\Documents\android_sdk\build-tools\23.0.3\lib\dx.jar
Launcher Type: SUN_STANDARD

Environment Variables:
JAVA_HOME=C:\Program Files\Java\jdk1.8.0_51
PATH=C:\python27_x64\;C:\python27_x64\Scripts;C:\ProgramData\Oracle\Java\javapath;C:\Windows\system32;C:\Windows;C:\Windows\System32\Wbem;C:\Windows\System32\WindowsPowerShell\v1.0\;C:\Program Files (x86)\NVIDIA Corporation\PhysX\Common;C:\WINDOWS\system32;C:\WINDOWS;C:\WINDOWS\System32\Wbem;C:\WINDOWS\System32\WindowsPowerShell\v1.0\;C:\Program Files (x86)\Google\Cloud SDK\google-cloud-sdk\bin;C:\HashiCorp\Vagrant\bin;C:\Program Files\nodejs\;%GRADLE_HOME%\bin;C:\Program Files (x86)\Skype\Phone\;C:\Users\chyupa\AppData\Local\Code\bin;C:\Users\chyupa\AppData\Roaming\npm;C:\gradle-2.10\bin;C:\Program Files\Java\jdk1.8.0_51\bin;C:\Users\chyupa\AppData\Local\Programs\Git\bin
USERNAME=chyupa
OS=Windows_NT
PROCESSOR_IDENTIFIER=Intel64 Family 6 Model 63 Stepping 2, GenuineIntel



---------------  S Y S T E M  ---------------

OS: Windows 10.0 , 64 bit Build 10586 (10.0.10586.0)

CPU:total 12 (6 cores per cpu, 2 threads per core) family 6 model 63 stepping 2, cmov, cx8, fxsr, mmx, sse, sse2, sse3, ssse3, sse4.1, sse4.2, popcnt, avx, avx2, aes, clmul, erms, lzcnt, ht, tsc, tscinvbit, bmi1, bmi2

Memory: 4k page, physical 16675196k(6623348k free), swap 45853816k(44128k free)

vm_info: Java HotSpot(TM) 64-Bit Server VM (25.51-b03) for windows-amd64 JRE (1.8.0_51-b16), built on Jun  8 2015 18:03:07 by "java_re" with MS VC++ 10.0 (VS2010)

time: Mon May 09 22:42:27 2016
elapsed time: 3 seconds (0d 0h 0m 3s)

