#
# There is insufficient memory for the Java Runtime Environment to continue.
# Native memory allocation (malloc) failed to allocate 1516656 bytes for Chunk::new
# Possible reasons:
#   The system is out of physical RAM or swap space
#   In 32 bit mode, the process size limit was hit
# Possible solutions:
#   Reduce memory load on the system
#   Increase physical memory or swap space
#   Check if swap backing store is full
#   Use 64 bit Java on a 64 bit OS
#   Decrease Java heap size (-Xmx/-Xms)
#   Decrease number of Java threads
#   Decrease Java thread stack sizes (-Xss)
#   Set larger code cache with -XX:ReservedCodeCacheSize=
# This output file may be truncated or incomplete.
#
#  Out of Memory Error (allocation.cpp:390), pid=12580, tid=15112
#
# JRE version: Java(TM) SE Runtime Environment (8.0_51-b16) (build 1.8.0_51-b16)
# Java VM: Java HotSpot(TM) 64-Bit Server VM (25.51-b03 mixed mode windows-amd64 compressed oops)
# Failed to write core dump. Minidumps are not enabled by default on client versions of Windows
#

---------------  T H R E A D  ---------------

Current thread (0x00000000167b4800):  JavaThread "C2 CompilerThread1" daemon [_thread_in_native, id=15112, stack(0x0000000017e00000,0x0000000017f00000)]

Stack: [0x0000000017e00000,0x0000000017f00000]
Native frames: (J=compiled Java code, j=interpreted, Vv=VM code, C=native code)
V  [jvm.dll+0x32b4ca]
V  [jvm.dll+0x2797e3]
V  [jvm.dll+0x27a479]
V  [jvm.dll+0x271765]
V  [jvm.dll+0xcba02]
V  [jvm.dll+0xcbecc]
V  [jvm.dll+0x476f72]
V  [jvm.dll+0x4b95ff]
V  [jvm.dll+0x46bca4]
V  [jvm.dll+0x46cd4e]
V  [jvm.dll+0x4501a2]
V  [jvm.dll+0xa43a2]
V  [jvm.dll+0xa4cdf]
V  [jvm.dll+0x2418a4]
V  [jvm.dll+0x29846a]
C  [msvcr100.dll+0x21d9f]
C  [msvcr100.dll+0x21e3b]
C  [KERNEL32.DLL+0x18102]
C  [ntdll.dll+0x5c5b4]


Current CompileTask:
C2:   1010 1253   !   4       com.android.dx.cf.code.BytecodeArray::parseInstruction (2764 bytes)


---------------  P R O C E S S  ---------------

Java Threads: ( => current thread )
  0x00000000183c4000 JavaThread "pool-2-thread-4" [_thread_blocked, id=8988, stack(0x0000000018f00000,0x0000000019000000)]
  0x00000000183bf000 JavaThread "pool-2-thread-3" [_thread_in_Java, id=10880, stack(0x0000000018e00000,0x0000000018f00000)]
  0x00000000183be000 JavaThread "pool-2-thread-2" [_thread_in_Java, id=6652, stack(0x0000000018d00000,0x0000000018e00000)]
  0x0000000016b36000 JavaThread "pool-3-thread-1" [_thread_blocked, id=15632, stack(0x0000000018c00000,0x0000000018d00000)]
  0x00000000183b2000 JavaThread "pool-2-thread-1" [_thread_blocked, id=7688, stack(0x0000000018b00000,0x0000000018c00000)]
  0x0000000016858000 JavaThread "Service Thread" daemon [_thread_blocked, id=1972, stack(0x0000000018100000,0x0000000018200000)]
  0x00000000167c2800 JavaThread "C1 CompilerThread3" daemon [_thread_blocked, id=1676, stack(0x0000000018000000,0x0000000018100000)]
  0x00000000167bc800 JavaThread "C2 CompilerThread2" daemon [_thread_in_native, id=9716, stack(0x0000000017f00000,0x0000000018000000)]
=>0x00000000167b4800 JavaThread "C2 CompilerThread1" daemon [_thread_in_native, id=15112, stack(0x0000000017e00000,0x0000000017f00000)]
  0x00000000167af800 JavaThread "C2 CompilerThread0" daemon [_thread_in_native, id=11528, stack(0x0000000017d00000,0x0000000017e00000)]
  0x00000000167a9800 JavaThread "Attach Listener" daemon [_thread_blocked, id=12424, stack(0x0000000017c00000,0x0000000017d00000)]
  0x00000000150de000 JavaThread "Signal Dispatcher" daemon [_thread_blocked, id=8336, stack(0x0000000017b00000,0x0000000017c00000)]
  0x00000000023a6800 JavaThread "Finalizer" daemon [_thread_blocked, id=8116, stack(0x0000000017a00000,0x0000000017b00000)]
  0x00000000023a5000 JavaThread "Reference Handler" daemon [_thread_blocked, id=12476, stack(0x0000000017900000,0x0000000017a00000)]
  0x00000000022b1000 JavaThread "main" [_thread_blocked, id=8844, stack(0x00000000021b0000,0x00000000022b0000)]

Other Threads:
  0x00000000150c7000 VMThread [stack: 0x0000000017800000,0x0000000017900000] [id=15956]
  0x000000001685b000 WatcherThread [stack: 0x0000000018200000,0x0000000018300000] [id=2032]

VM state:not at safepoint (normal execution)

VM Mutex/Monitor currently owned by a thread: None

Heap:
 PSYoungGen      total 76288K, used 59005K [0x00000000eab00000, 0x00000000f0000000, 0x0000000100000000)
  eden space 65536K, 90% used [0x00000000eab00000,0x00000000ee49f730,0x00000000eeb00000)
  from space 10752K, 0% used [0x00000000ef580000,0x00000000ef580000,0x00000000f0000000)
  to   space 10752K, 0% used [0x00000000eeb00000,0x00000000eeb00000,0x00000000ef580000)
 ParOldGen       total 175104K, used 0K [0x00000000c0000000, 0x00000000cab00000, 0x00000000eab00000)
  object space 175104K, 0% used [0x00000000c0000000,0x00000000c0000000,0x00000000cab00000)
 Metaspace       used 6004K, capacity 6960K, committed 7040K, reserved 1056768K
  class space    used 591K, capacity 616K, committed 640K, reserved 1048576K

Card table byte_map: [0x0000000011770000,0x0000000011980000] byte_map_base: 0x0000000011170000

Marking Bits: (ParMarkBitMap*) 0x00000000717c4040
 Begin Bits: [0x00000000124e0000, 0x00000000134e0000)
 End Bits:   [0x00000000134e0000, 0x00000000144e0000)

Polling page: 0x00000000007e0000

CodeCache: size=245760Kb used=5105Kb max_used=5116Kb free=240654Kb
 bounds [0x00000000023b0000, 0x00000000028c0000, 0x00000000113b0000]
 total_blobs=1615 nmethods=1346 adapters=182
 compilation: enabled

Compilation events (10 events):
Event: 0.990 Thread 0x00000000167bc800 nmethod 1290 0x00000000028ad8d0 code [0x00000000028ada00, 0x00000000028ada78]
Event: 0.992 Thread 0x00000000167c2800 1347       3       java.util.concurrent.locks.AbstractQueuedSynchronizer::release (33 bytes)
Event: 0.993 Thread 0x00000000167c2800 nmethod 1347 0x00000000028ac650 code [0x00000000028ac7c0, 0x00000000028acad8]
Event: 0.993 Thread 0x00000000167bc800 1349       4       java.util.ArrayList::removeRange (75 bytes)
Event: 0.995 Thread 0x00000000167c2800 1352       3       java.util.HashMap::tableSizeFor (59 bytes)
Event: 0.995 Thread 0x00000000167c2800 nmethod 1352 0x00000000028ac250 code [0x00000000028ac3c0, 0x00000000028ac5d0]
Event: 0.995 Thread 0x00000000167c2800 1353       3       com.android.dx.dex.file.MemberIdItem::<init> (14 bytes)
Event: 0.995 Thread 0x00000000167c2800 nmethod 1353 0x00000000028afed0 code [0x00000000028b0060, 0x00000000028b0508]
Event: 0.996 Thread 0x00000000167bc800 nmethod 1349 0x00000000028ae610 code [0x00000000028ae760, 0x00000000028ae8d8]
Event: 0.996 Thread 0x00000000167bc800 1351       4       com.android.dx.ssa.back.SsaToRop$1::visitBlock (97 bytes)

GC Heap History (0 events):
No events

Deoptimization events (10 events):
Event: 0.293 Thread 0x00000000022b1000 Uncommon trap: reason=unstable_if action=reinterpret pc=0x00000000025360d4 method=java.lang.String.compareTo(Ljava/lang/String;)I @ 38
Event: 0.486 Thread 0x00000000183c4000 Uncommon trap: reason=unstable_if action=reinterpret pc=0x00000000025f2cc0 method=java.util.HashMap.getNode(ILjava/lang/Object;)Ljava/util/HashMap$Node; @ 62
Event: 0.489 Thread 0x00000000183c4000 Uncommon trap: reason=unstable_if action=reinterpret pc=0x000000000262d7ac method=java.util.HashMap.getNode(ILjava/lang/Object;)Ljava/util/HashMap$Node; @ 62
Event: 0.584 Thread 0x00000000183c4000 Uncommon trap: reason=unstable_if action=reinterpret pc=0x000000000260d270 method=java.util.BitSet.nextSetBit(I)I @ 87
Event: 0.660 Thread 0x00000000183b2000 Uncommon trap: reason=class_check action=maybe_recompile pc=0x0000000002694ba4 method=com.android.dx.rop.type.Type.equals(Ljava/lang/Object;)Z @ 8
Event: 0.662 Thread 0x00000000183b2000 Uncommon trap: reason=null_check action=make_not_entrant pc=0x0000000002694bb4 method=com.android.dx.rop.type.Type.equals(Ljava/lang/Object;)Z @ 8
Event: 0.750 Thread 0x00000000183c4000 Uncommon trap: reason=unstable_if action=reinterpret pc=0x000000000267a8dc method=com.android.dx.rop.cst.Constant.compareTo(Lcom/android/dx/rop/cst/Constant;)I @ 12
Event: 0.881 Thread 0x00000000183bf000 Uncommon trap: reason=unstable_if action=reinterpret pc=0x0000000002764f38 method=com.android.dx.cf.code.Ropper.labelToResultIndex(I)I @ 34
Event: 0.891 Thread 0x00000000183bf000 Uncommon trap: reason=class_check action=maybe_recompile pc=0x0000000002699110 method=com.android.dx.rop.type.Type.equals(Ljava/lang/Object;)Z @ 8
Event: 0.891 Thread 0x00000000183bf000 Uncommon trap: reason=class_check action=maybe_recompile pc=0x0000000002699110 method=com.android.dx.rop.type.Type.equals(Ljava/lang/Object;)Z @ 8

Internal exceptions (3 events):
Event: 0.065 Thread 0x00000000022b1000 Exception <a 'java/lang/NoSuchMethodError': Method sun.misc.Unsafe.defineClass(Ljava/lang/String;[BII)Ljava/lang/Class; name or signature does not match> (0x00000000eab0d558) thrown at [C:\re\workspace\8-2-build-windows-amd64-cygwin\jdk8u51\3951\hotspot\srãÙ4&²´°?
Event: 0.065 Thread 0x00000000022b1000 Exception <a 'java/lang/NoSuchMethodError': Method sun.misc.Unsafe.prefetchRead(Ljava/lang/Object;J)V name or signature does not match> (0x00000000eab0d7e8) thrown at [C:\re\workspace\8-2-build-windows-amd64-cygwin\jdk8u51\3951\hotspot\src\share\vm\prims\jz˜ªµ£.å?
Event: 0.662 Thread 0x00000000183b2000 Implicit null exception at 0x0000000002694aa2 to 0x0000000002694ba5

Events (10 events):
Event: 0.881 loading class java/util/HashMap$ValueIterator done
Event: 0.881 Thread 0x00000000183bf000 Uncommon trap: trap_request=0xffffff65 fr.pc=0x0000000002764f38
Event: 0.881 Thread 0x00000000183bf000 DEOPT PACKING pc=0x0000000002764f38 sp=0x0000000018efeb40
Event: 0.881 Thread 0x00000000183bf000 DEOPT UNPACKING pc=0x00000000023f582a sp=0x0000000018efeae8 mode 2
Event: 0.891 Thread 0x00000000183bf000 Uncommon trap: trap_request=0xffffffde fr.pc=0x0000000002699110
Event: 0.891 Thread 0x00000000183bf000 DEOPT PACKING pc=0x0000000002699110 sp=0x0000000018efe800
Event: 0.891 Thread 0x00000000183bf000 DEOPT UNPACKING pc=0x00000000023f582a sp=0x0000000018efe5e0 mode 2
Event: 0.891 Thread 0x00000000183bf000 Uncommon trap: trap_request=0xffffffde fr.pc=0x0000000002699110
Event: 0.891 Thread 0x00000000183bf000 DEOPT PACKING pc=0x0000000002699110 sp=0x0000000018efe730
Event: 0.891 Thread 0x00000000183bf000 DEOPT UNPACKING pc=0x00000000023f582a sp=0x0000000018efe510 mode 2


Dynamic libraries:
0x00007ff753490000 - 0x00007ff7534c7000 	C:\Program Files\Java\jdk1.8.0_51\bin\java.exe
0x00007ffcabda0000 - 0x00007ffcabf61000 	C:\WINDOWS\SYSTEM32\ntdll.dll
0x00007ffcab180000 - 0x00007ffcab22d000 	C:\WINDOWS\system32\KERNEL32.DLL
0x00007ffca88e0000 - 0x00007ffca8ac8000 	C:\WINDOWS\system32\KERNELBASE.dll
0x00007ffcab9b0000 - 0x00007ffcaba57000 	C:\WINDOWS\system32\ADVAPI32.dll
0x00007ffcaab60000 - 0x00007ffcaabfd000 	C:\WINDOWS\system32\msvcrt.dll
0x00007ffcaba60000 - 0x00007ffcababb000 	C:\WINDOWS\system32\sechost.dll
0x00007ffcaa7d0000 - 0x00007ffcaa8ec000 	C:\WINDOWS\system32\RPCRT4.dll
0x00007ffcab020000 - 0x00007ffcab176000 	C:\WINDOWS\system32\USER32.dll
0x00007ffcaa950000 - 0x00007ffcaaad6000 	C:\WINDOWS\system32\GDI32.dll
0x00007ffca4690000 - 0x00007ffca4904000 	C:\WINDOWS\WinSxS\amd64_microsoft.windows.common-controls_6595b64144ccf1df_6.0.10586.0_none_8c15ae12515e1c22\COMCTL32.dll
0x00007ffcaac00000 - 0x00007ffcaae7d000 	C:\WINDOWS\system32\combase.dll
0x00007ffca87b0000 - 0x00007ffca881a000 	C:\WINDOWS\system32\bcryptPrimitives.dll
0x00007ffcab390000 - 0x00007ffcab3cb000 	C:\WINDOWS\system32\IMM32.DLL
0x000000006e890000 - 0x000000006e962000 	C:\Program Files\Java\jdk1.8.0_51\jre\bin\msvcr100.dll
0x0000000070fc0000 - 0x0000000071843000 	C:\Program Files\Java\jdk1.8.0_51\jre\bin\server\jvm.dll
0x00007ffcaab50000 - 0x00007ffcaab58000 	C:\WINDOWS\system32\PSAPI.DLL
0x00007ffca25f0000 - 0x00007ffca25f9000 	C:\WINDOWS\SYSTEM32\WSOCK32.dll
0x00007ffcaaae0000 - 0x00007ffcaab4b000 	C:\WINDOWS\system32\WS2_32.dll
0x00007ffca6410000 - 0x00007ffca6433000 	C:\WINDOWS\SYSTEM32\WINMM.dll
0x00007ffca4a00000 - 0x00007ffca4a0a000 	C:\WINDOWS\SYSTEM32\VERSION.dll
0x00007ffca63b0000 - 0x00007ffca63dc000 	C:\WINDOWS\SYSTEM32\WINMMBASE.dll
0x00007ffca8620000 - 0x00007ffca8663000 	C:\WINDOWS\system32\cfgmgr32.dll
0x0000000070ed0000 - 0x0000000070edf000 	C:\Program Files\Java\jdk1.8.0_51\jre\bin\verify.dll
0x0000000070ea0000 - 0x0000000070ec9000 	C:\Program Files\Java\jdk1.8.0_51\jre\bin\java.dll
0x0000000070e80000 - 0x0000000070e96000 	C:\Program Files\Java\jdk1.8.0_51\jre\bin\zip.dll
0x00007ffca91a0000 - 0x00007ffcaa6fc000 	C:\WINDOWS\system32\SHELL32.dll
0x00007ffca8ad0000 - 0x00007ffca9115000 	C:\WINDOWS\system32\windows.storage.dll
0x00007ffcab800000 - 0x00007ffcab852000 	C:\WINDOWS\system32\shlwapi.dll
0x00007ffca8440000 - 0x00007ffca844f000 	C:\WINDOWS\system32\kernel.appcore.dll
0x00007ffca8820000 - 0x00007ffca88d5000 	C:\WINDOWS\system32\shcore.dll
0x00007ffca83c0000 - 0x00007ffca840b000 	C:\WINDOWS\system32\powrprof.dll
0x00007ffca8420000 - 0x00007ffca8434000 	C:\WINDOWS\system32\profapi.dll
0x00007ffc8cea0000 - 0x00007ffc8d02c000 	C:\WINDOWS\SYSTEM32\dbghelp.dll

VM Arguments:
jvm_args: -Djava.awt.headless=true -Xmx1024M -Dfile.encoding=windows-1252 -Duser.country=US -Duser.language=en -Duser.variant 
java_command: com.android.dx.command.Main --dex --force-jumbo --num-threads=4 --multi-dex --output C:\Users\chyupa\Documents\Android Apps\Capstone\app\build\intermediates\transforms\dex\debug\folders\1000\10\com.android.support-support-v4-23.3.0_a5d682abe266d99304e72468f62f3fe1dee772a9 C:\Users\chyupa\Documents\Android Apps\Capstone\app\build\intermediates\exploded-aar\com.android.support\support-v4\23.3.0\jars\classes.jar
java_class_path (initial): C:\Users\chyupa\Documents\android_sdk\build-tools\23.0.3\lib\dx.jar
Launcher Type: SUN_STANDARD

Environment Variables:
JAVA_HOME=C:\Program Files\Java\jdk1.8.0_51
PATH=C:\python27_x64\;C:\python27_x64\Scripts;C:\ProgramData\Oracle\Java\javapath;C:\Windows\system32;C:\Windows;C:\Windows\System32\Wbem;C:\Windows\System32\WindowsPowerShell\v1.0\;C:\Program Files (x86)\NVIDIA Corporation\PhysX\Common;C:\WINDOWS\system32;C:\WINDOWS;C:\WINDOWS\System32\Wbem;C:\WINDOWS\System32\WindowsPowerShell\v1.0\;C:\Program Files (x86)\Google\Cloud SDK\google-cloud-sdk\bin;C:\HashiCorp\Vagrant\bin;C:\Program Files\nodejs\;%GRADLE_HOME%\bin;C:\Program Files (x86)\Skype\Phone\;C:\Users\chyupa\AppData\Local\Code\bin;C:\Users\chyupa\AppData\Roaming\npm;C:\gradle-2.10\bin;C:\Program Files\Java\jdk1.8.0_51\bin;C:\Users\chyupa\AppData\Local\Programs\Git\bin
USERNAME=chyupa
OS=Windows_NT
PROCESSOR_IDENTIFIER=Intel64 Family 6 Model 63 Stepping 2, GenuineIntel



---------------  S Y S T E M  ---------------

OS: Windows 10.0 , 64 bit Build 10586 (10.0.10586.0)

CPU:total 12 (6 cores per cpu, 2 threads per core) family 6 model 63 stepping 2, cmov, cx8, fxsr, mmx, sse, sse2, sse3, ssse3, sse4.1, sse4.2, popcnt, avx, avx2, aes, clmul, erms, lzcnt, ht, tsc, tscinvbit, bmi1, bmi2

Memory: 4k page, physical 16675196k(6282248k free), swap 45853816k(5128k free)

vm_info: Java HotSpot(TM) 64-Bit Server VM (25.51-b03) for windows-amd64 JRE (1.8.0_51-b16), built on Jun  8 2015 18:03:07 by "java_re" with MS VC++ 10.0 (VS2010)

time: Mon May 09 22:43:25 2016
elapsed time: 1 seconds (0d 0h 0m 1s)

