#
# There is insufficient memory for the Java Runtime Environment to continue.
# Native memory allocation (malloc) failed to allocate 1022336 bytes for Chunk::new
# Possible reasons:
#   The system is out of physical RAM or swap space
#   In 32 bit mode, the process size limit was hit
# Possible solutions:
#   Reduce memory load on the system
#   Increase physical memory or swap space
#   Check if swap backing store is full
#   Use 64 bit Java on a 64 bit OS
#   Decrease Java heap size (-Xmx/-Xms)
#   Decrease number of Java threads
#   Decrease Java thread stack sizes (-Xss)
#   Set larger code cache with -XX:ReservedCodeCacheSize=
# This output file may be truncated or incomplete.
#
#  Out of Memory Error (allocation.cpp:390), pid=6196, tid=13080
#
# JRE version: Java(TM) SE Runtime Environment (8.0_51-b16) (build 1.8.0_51-b16)
# Java VM: Java HotSpot(TM) 64-Bit Server VM (25.51-b03 mixed mode windows-amd64 compressed oops)
# Failed to write core dump. Minidumps are not enabled by default on client versions of Windows
#

---------------  T H R E A D  ---------------

Current thread (0x0000000016774800):  JavaThread "C2 CompilerThread1" daemon [_thread_in_native, id=13080, stack(0x0000000017de0000,0x0000000017ee0000)]

Stack: [0x0000000017de0000,0x0000000017ee0000]
Native frames: (J=compiled Java code, j=interpreted, Vv=VM code, C=native code)
V  [jvm.dll+0x32b4ca]
V  [jvm.dll+0x2797e3]
V  [jvm.dll+0x27a479]
V  [jvm.dll+0x271765]
V  [jvm.dll+0xcba02]
V  [jvm.dll+0xcbecc]
V  [jvm.dll+0x476f72]
V  [jvm.dll+0x4b95ff]
V  [jvm.dll+0x46c011]
V  [jvm.dll+0x46cd4e]
V  [jvm.dll+0x4501a2]
V  [jvm.dll+0xa43a2]
V  [jvm.dll+0xa4cdf]
V  [jvm.dll+0x2418a4]
V  [jvm.dll+0x29846a]
C  [msvcr100.dll+0x21d9f]
C  [msvcr100.dll+0x21e3b]
C  [KERNEL32.DLL+0x18102]
C  [ntdll.dll+0x5c5b4]


Current CompileTask:
C2:   2511 1683       4       com.android.dx.ssa.SCCP::simulatePhi (169 bytes)


---------------  P R O C E S S  ---------------

Java Threads: ( => current thread )
  0x000000001a9f8000 JavaThread "pool-1-thread-1" [_thread_in_Java, id=756, stack(0x000000001af80000,0x000000001b080000)]
  0x0000000016809000 JavaThread "Service Thread" daemon [_thread_blocked, id=3168, stack(0x00000000180e0000,0x00000000181e0000)]
  0x000000001677b000 JavaThread "C1 CompilerThread3" daemon [_thread_in_native, id=11608, stack(0x0000000017fe0000,0x00000000180e0000)]
  0x000000001677a000 JavaThread "C2 CompilerThread2" daemon [_thread_in_native, id=9908, stack(0x0000000017ee0000,0x0000000017fe0000)]
=>0x0000000016774800 JavaThread "C2 CompilerThread1" daemon [_thread_in_native, id=13080, stack(0x0000000017de0000,0x0000000017ee0000)]
  0x000000001676d800 JavaThread "C2 CompilerThread0" daemon [_thread_in_native, id=12728, stack(0x0000000017ce0000,0x0000000017de0000)]
  0x0000000016769800 JavaThread "Attach Listener" daemon [_thread_blocked, id=10208, stack(0x0000000017be0000,0x0000000017ce0000)]
  0x000000001509e800 JavaThread "Signal Dispatcher" daemon [_thread_blocked, id=13596, stack(0x0000000017ae0000,0x0000000017be0000)]
  0x000000000236b800 JavaThread "Finalizer" daemon [_thread_blocked, id=9328, stack(0x00000000179e0000,0x0000000017ae0000)]
  0x0000000002365000 JavaThread "Reference Handler" daemon [_thread_blocked, id=14208, stack(0x00000000178e0000,0x00000000179e0000)]
  0x0000000002271000 JavaThread "main" [_thread_blocked, id=5864, stack(0x0000000002070000,0x0000000002170000)]

Other Threads:
  0x0000000015087000 VMThread [stack: 0x00000000177e0000,0x00000000178e0000] [id=1092]
  0x000000001680c800 WatcherThread [stack: 0x00000000181e0000,0x00000000182e0000] [id=7244]

VM state:not at safepoint (normal execution)

VM Mutex/Monitor currently owned by a thread: None

Heap:
 PSYoungGen      total 76288K, used 14487K [0x00000000eab00000, 0x00000000f4000000, 0x0000000100000000)
  eden space 65536K, 5% used [0x00000000eab00000,0x00000000eaeab5e8,0x00000000eeb00000)
  from space 10752K, 99% used [0x00000000eeb00000,0x00000000ef57a700,0x00000000ef580000)
  to   space 10752K, 0% used [0x00000000f3580000,0x00000000f3580000,0x00000000f4000000)
 ParOldGen       total 175104K, used 152K [0x00000000c0000000, 0x00000000cab00000, 0x00000000eab00000)
  object space 175104K, 0% used [0x00000000c0000000,0x00000000c00263b8,0x00000000cab00000)
 Metaspace       used 6274K, capacity 7152K, committed 7296K, reserved 1056768K
  class space    used 598K, capacity 616K, committed 640K, reserved 1048576K

Card table byte_map: [0x0000000011730000,0x0000000011940000] byte_map_base: 0x0000000011130000

Marking Bits: (ParMarkBitMap*) 0x00000000650e4040
 Begin Bits: [0x00000000124a0000, 0x00000000134a0000)
 End Bits:   [0x00000000134a0000, 0x00000000144a0000)

Polling page: 0x0000000000450000

CodeCache: size=245760Kb used=7514Kb max_used=7514Kb free=238245Kb
 bounds [0x0000000002370000, 0x0000000002ad0000, 0x0000000011370000]
 total_blobs=2037 nmethods=1767 adapters=182
 compilation: enabled

Compilation events (10 events):
Event: 2.493 Thread 0x000000001677b000 1757       1       com.android.dx.dex.code.OutputFinisher::hasAnyLocalInfo (5 bytes)
Event: 2.493 Thread 0x000000001677b000 nmethod 1757 0x0000000002abeb10 code [0x0000000002abec60, 0x0000000002abed70]
Event: 2.494 Thread 0x000000001677b000 1759       3       com.android.dx.dex.file.CodeItem::addContents (174 bytes)
Event: 2.495 Thread 0x000000001677b000 nmethod 1759 0x0000000002abedd0 code [0x0000000002abf0e0, 0x0000000002ac09d8]
Event: 2.495 Thread 0x000000001677b000 1760       3       com.android.dx.dex.code.StdCatchBuilder::hasAnyCatches (57 bytes)
Event: 2.496 Thread 0x000000001677b000 nmethod 1760 0x0000000002ac1490 code [0x0000000002ac1680, 0x0000000002ac23b8]
Event: 2.496 Thread 0x000000001677b000 1762       3       java.util.HashMap::keySet (27 bytes)
Event: 2.496 Thread 0x000000001677b000 nmethod 1762 0x0000000002ac2910 code [0x0000000002ac2aa0, 0x0000000002ac2e50]
Event: 2.496 Thread 0x000000001677b000 1763       3       java.util.HashMap$KeySet::iterator (12 bytes)
Event: 2.496 Thread 0x000000001677b000 nmethod 1763 0x0000000002ac3010 code [0x0000000002ac3180, 0x0000000002ac33e8]

GC Heap History (2 events):
Event: 2.389 GC heap before
{Heap before GC invocations=1 (full 0):
 PSYoungGen      total 76288K, used 65536K [0x00000000eab00000, 0x00000000f0000000, 0x0000000100000000)
  eden space 65536K, 100% used [0x00000000eab00000,0x00000000eeb00000,0x00000000eeb00000)
  from space 10752K, 0% used [0x00000000ef580000,0x00000000ef580000,0x00000000f0000000)
  to   space 10752K, 0% used [0x00000000eeb00000,0x00000000eeb00000,0x00000000ef580000)
 ParOldGen       total 175104K, used 0K [0x00000000c0000000, 0x00000000cab00000, 0x00000000eab00000)
  object space 175104K, 0% used [0x00000000c0000000,0x00000000c0000000,0x00000000cab00000)
 Metaspace       used 6186K, capacity 7088K, committed 7296K, reserved 1056768K
  class space    used 593K, capacity 616K, committed 640K, reserved 1048576K
Event: 2.436 GC heap after
Heap after GC invocations=1 (full 0):
 PSYoungGen      total 76288K, used 10729K [0x00000000eab00000, 0x00000000f4000000, 0x0000000100000000)
  eden space 65536K, 0% used [0x00000000eab00000,0x00000000eab00000,0x00000000eeb00000)
  from space 10752K, 99% used [0x00000000eeb00000,0x00000000ef57a700,0x00000000ef580000)
  to   space 10752K, 0% used [0x00000000f3580000,0x00000000f3580000,0x00000000f4000000)
 ParOldGen       total 175104K, used 152K [0x00000000c0000000, 0x00000000cab00000, 0x00000000eab00000)
  object space 175104K, 0% used [0x00000000c0000000,0x00000000c00263b8,0x00000000cab00000)
 Metaspace       used 6186K, capacity 7088K, committed 7296K, reserved 1056768K
  class space    used 593K, capacity 616K, committed 640K, reserved 1048576K
}

Deoptimization events (10 events):
Event: 2.478 Thread 0x000000001a9f8000 Uncommon trap: reason=class_check action=maybe_recompile pc=0x00000000027de498 method=java.util.Arrays.hashCode([Ljava/lang/Object;)I @ 43
Event: 2.478 Thread 0x000000001a9f8000 Uncommon trap: reason=class_check action=maybe_recompile pc=0x00000000027de498 method=java.util.Arrays.hashCode([Ljava/lang/Object;)I @ 43
Event: 2.478 Thread 0x000000001a9f8000 Uncommon trap: reason=class_check action=maybe_recompile pc=0x00000000027df6f8 method=java.util.Arrays.hashCode([Ljava/lang/Object;)I @ 43
Event: 2.482 Thread 0x000000001a9f8000 Uncommon trap: reason=bimorphic action=maybe_recompile pc=0x000000000284fc20 method=java.util.HashMap.getNode(ILjava/lang/Object;)Ljava/util/HashMap$Node; @ 126
Event: 2.482 Thread 0x000000001a9f8000 Uncommon trap: reason=bimorphic action=maybe_recompile pc=0x000000000284fc20 method=java.util.HashMap.getNode(ILjava/lang/Object;)Ljava/util/HashMap$Node; @ 126
Event: 2.485 Thread 0x000000001a9f8000 Uncommon trap: reason=class_check action=maybe_recompile pc=0x00000000029fa498 method=java.util.HashMap.putVal(ILjava/lang/Object;Ljava/lang/Object;ZZ)Ljava/lang/Object; @ 203
Event: 2.485 Thread 0x000000001a9f8000 Uncommon trap: reason=class_check action=maybe_recompile pc=0x00000000029fa498 method=java.util.HashMap.putVal(ILjava/lang/Object;Ljava/lang/Object;ZZ)Ljava/lang/Object; @ 203
Event: 2.485 Thread 0x000000001a9f8000 Uncommon trap: reason=class_check action=maybe_recompile pc=0x00000000029fa498 method=java.util.HashMap.putVal(ILjava/lang/Object;Ljava/lang/Object;ZZ)Ljava/lang/Object; @ 203
Event: 2.486 Thread 0x000000001a9f8000 Uncommon trap: reason=class_check action=maybe_recompile pc=0x00000000029fa498 method=java.util.HashMap.putVal(ILjava/lang/Object;Ljava/lang/Object;ZZ)Ljava/lang/Object; @ 203
Event: 2.486 Thread 0x000000001a9f8000 Uncommon trap: reason=class_check action=maybe_recompile pc=0x000000000284e590 method=java.util.HashMap.putVal(ILjava/lang/Object;Ljava/lang/Object;ZZ)Ljava/lang/Object; @ 203

Internal exceptions (5 events):
Event: 0.042 Thread 0x0000000002271000 Exception <a 'java/lang/NoSuchMethodError': Method sun.misc.Unsafe.defineClass(Ljava/lang/String;[BII)Ljava/lang/Class; name or signature does not match> (0x00000000eab0d580) thrown at [C:\re\workspace\8-2-build-windows-amd64-cygwin\jdk8u51\3951\hotspot\srÒﬁBÉhú•?
Event: 0.042 Thread 0x0000000002271000 Exception <a 'java/lang/NoSuchMethodError': Method sun.misc.Unsafe.prefetchRead(Ljava/lang/Object;J)V name or signature does not match> (0x00000000eab0d810) thrown at [C:\re\workspace\8-2-build-windows-amd64-cygwin\jdk8u51\3951\hotspot\src\share\vm\prims\jÀl)2zÕ‡?
Event: 0.525 Thread 0x0000000016a68000 Implicit null exception at 0x000000000267c687 to 0x000000000267e1a1
Event: 0.615 Thread 0x0000000016a68000 Implicit null exception at 0x0000000002628b27 to 0x0000000002629e71
Event: 1.569 Thread 0x0000000016a66800 Implicit null exception at 0x00000000027f5f62 to 0x00000000027f6055

Events (10 events):
Event: 2.485 Thread 0x000000001a9f8000 DEOPT PACKING pc=0x00000000029fa498 sp=0x000000001b07eda0
Event: 2.485 Thread 0x000000001a9f8000 DEOPT UNPACKING pc=0x00000000023b582a sp=0x000000001b07ecc8 mode 2
Event: 2.486 Thread 0x000000001a9f8000 Uncommon trap: trap_request=0xffffffde fr.pc=0x00000000029fa498
Event: 2.486 Thread 0x000000001a9f8000 DEOPT PACKING pc=0x00000000029fa498 sp=0x000000001b07eda0
Event: 2.486 Thread 0x000000001a9f8000 DEOPT UNPACKING pc=0x00000000023b582a sp=0x000000001b07ecc8 mode 2
Event: 2.486 Thread 0x000000001a9f8000 Uncommon trap: trap_request=0xffffffde fr.pc=0x000000000284e590
Event: 2.486 Thread 0x000000001a9f8000 DEOPT PACKING pc=0x000000000284e590 sp=0x000000001b07ed10
Event: 2.486 Thread 0x000000001a9f8000 DEOPT UNPACKING pc=0x00000000023b582a sp=0x000000001b07ecc8 mode 2
Event: 2.495 loading class com/android/dx/dex/file/CatchStructs
Event: 2.495 loading class com/android/dx/dex/file/CatchStructs done


Dynamic libraries:
0x00007ff74f270000 - 0x00007ff74f2a7000 	C:\Program Files\Java\jdk1.8.0_51\bin\java.exe
0x00007ffcedec0000 - 0x00007ffcee081000 	C:\WINDOWS\SYSTEM32\ntdll.dll
0x00007ffced140000 - 0x00007ffced1ed000 	C:\WINDOWS\system32\KERNEL32.DLL
0x00007ffcead70000 - 0x00007ffceaf58000 	C:\WINDOWS\system32\KERNELBASE.dll
0x00007ffceddb0000 - 0x00007ffcede57000 	C:\WINDOWS\system32\ADVAPI32.dll
0x00007ffcedbb0000 - 0x00007ffcedc4d000 	C:\WINDOWS\system32\msvcrt.dll
0x00007ffcede60000 - 0x00007ffcedebb000 	C:\WINDOWS\system32\sechost.dll
0x00007ffced9c0000 - 0x00007ffcedadc000 	C:\WINDOWS\system32\RPCRT4.dll
0x00007ffceba80000 - 0x00007ffcebbd6000 	C:\WINDOWS\system32\USER32.dll
0x00007ffced3b0000 - 0x00007ffced536000 	C:\WINDOWS\system32\GDI32.dll
0x00007ffce68f0000 - 0x00007ffce6b64000 	C:\WINDOWS\WinSxS\amd64_microsoft.windows.common-controls_6595b64144ccf1df_6.0.10586.0_none_8c15ae12515e1c22\COMCTL32.dll
0x00007ffceb630000 - 0x00007ffceb8ad000 	C:\WINDOWS\system32\combase.dll
0x00007ffcead00000 - 0x00007ffcead6a000 	C:\WINDOWS\system32\bcryptPrimitives.dll
0x00007ffced540000 - 0x00007ffced57b000 	C:\WINDOWS\system32\IMM32.DLL
0x0000000062250000 - 0x0000000062322000 	C:\Program Files\Java\jdk1.8.0_51\jre\bin\msvcr100.dll
0x00000000648e0000 - 0x0000000065163000 	C:\Program Files\Java\jdk1.8.0_51\jre\bin\server\jvm.dll
0x00007ffceb620000 - 0x00007ffceb628000 	C:\WINDOWS\system32\PSAPI.DLL
0x00007ffcdc170000 - 0x00007ffcdc179000 	C:\WINDOWS\SYSTEM32\WSOCK32.dll
0x00007ffceb5b0000 - 0x00007ffceb61b000 	C:\WINDOWS\system32\WS2_32.dll
0x00007ffce8760000 - 0x00007ffce8783000 	C:\WINDOWS\SYSTEM32\WINMM.dll
0x00007ffce6c20000 - 0x00007ffce6c2a000 	C:\WINDOWS\SYSTEM32\VERSION.dll
0x00007ffce8700000 - 0x00007ffce872c000 	C:\WINDOWS\SYSTEM32\WINMMBASE.dll
0x00007ffceb1c0000 - 0x00007ffceb203000 	C:\WINDOWS\system32\cfgmgr32.dll
0x00000000647f0000 - 0x00000000647ff000 	C:\Program Files\Java\jdk1.8.0_51\jre\bin\verify.dll
0x00000000647c0000 - 0x00000000647e9000 	C:\Program Files\Java\jdk1.8.0_51\jre\bin\java.dll
0x00000000647a0000 - 0x00000000647b6000 	C:\Program Files\Java\jdk1.8.0_51\jre\bin\zip.dll
0x00007ffcebbe0000 - 0x00007ffced13c000 	C:\WINDOWS\system32\SHELL32.dll
0x00007ffcea5f0000 - 0x00007ffceac35000 	C:\WINDOWS\system32\windows.storage.dll
0x00007ffceba20000 - 0x00007ffceba72000 	C:\WINDOWS\system32\shlwapi.dll
0x00007ffcea510000 - 0x00007ffcea51f000 	C:\WINDOWS\system32\kernel.appcore.dll
0x00007ffceac40000 - 0x00007ffceacf5000 	C:\WINDOWS\system32\shcore.dll
0x00007ffcea520000 - 0x00007ffcea56b000 	C:\WINDOWS\system32\powrprof.dll
0x00007ffcea4e0000 - 0x00007ffcea4f4000 	C:\WINDOWS\system32\profapi.dll
0x00007ffcdaa10000 - 0x00007ffcdab9c000 	C:\WINDOWS\SYSTEM32\dbghelp.dll

VM Arguments:
jvm_args: -Djava.awt.headless=true -Xmx1024M -Dfile.encoding=windows-1252 -Duser.country=US -Duser.language=en -Duser.variant 
java_command: com.android.dx.command.Main --dex --force-jumbo --num-threads=4 --multi-dex --output C:\Users\chyupa\Documents\Android Apps\Capstone\app\build\intermediates\transforms\dex\debug\folders\1000\10\com.google.android.gms-play-services-auth-8.4.0_a11eea76b8d00873a7465017bb443ac58677cc3c C:\Users\chyupa\Documents\Android Apps\Capstone\app\build\intermediates\exploded-aar\com.google.android.gms\play-services-auth\8.4.0\jars\classes.jar
java_class_path (initial): C:\Users\chyupa\Documents\android_sdk\build-tools\23.0.3\lib\dx.jar
Launcher Type: SUN_STANDARD

Environment Variables:
JAVA_HOME=C:\Program Files\Java\jdk1.8.0_51
PATH=C:\python27_x64\;C:\python27_x64\Scripts;C:\ProgramData\Oracle\Java\javapath;C:\Windows\system32;C:\Windows;C:\Windows\System32\Wbem;C:\Windows\System32\WindowsPowerShell\v1.0\;C:\Program Files (x86)\NVIDIA Corporation\PhysX\Common;C:\WINDOWS\system32;C:\WINDOWS;C:\WINDOWS\System32\Wbem;C:\WINDOWS\System32\WindowsPowerShell\v1.0\;C:\Program Files (x86)\Google\Cloud SDK\google-cloud-sdk\bin;C:\HashiCorp\Vagrant\bin;C:\Program Files\nodejs\;%GRADLE_HOME%\bin;C:\Program Files (x86)\Skype\Phone\;C:\Users\chyupa\AppData\Local\Code\bin;C:\Users\chyupa\AppData\Roaming\npm;C:\gradle-2.10\bin;C:\Program Files\Java\jdk1.8.0_51\bin;C:\Users\chyupa\AppData\Local\Programs\Git\bin
USERNAME=chyupa
OS=Windows_NT
PROCESSOR_IDENTIFIER=Intel64 Family 6 Model 63 Stepping 2, GenuineIntel



---------------  S Y S T E M  ---------------

OS: Windows 10.0 , 64 bit Build 10586 (10.0.10586.0)

CPU:total 12 (6 cores per cpu, 2 threads per core) family 6 model 63 stepping 2, cmov, cx8, fxsr, mmx, sse, sse2, sse3, ssse3, sse4.1, sse4.2, popcnt, avx, avx2, aes, clmul, erms, lzcnt, ht, tsc, tscinvbit, bmi1, bmi2

Memory: 4k page, physical 16675196k(5087080k free), swap 45853816k(11324k free)

vm_info: Java HotSpot(TM) 64-Bit Server VM (25.51-b03) for windows-amd64 JRE (1.8.0_51-b16), built on Jun  8 2015 18:03:07 by "java_re" with MS VC++ 10.0 (VS2010)

time: Tue May 10 21:34:16 2016
elapsed time: 2 seconds (0d 0h 0m 2s)

