#
# There is insufficient memory for the Java Runtime Environment to continue.
# Native memory allocation (malloc) failed to allocate 119136 bytes for Chunk::new
# Possible reasons:
#   The system is out of physical RAM or swap space
#   In 32 bit mode, the process size limit was hit
# Possible solutions:
#   Reduce memory load on the system
#   Increase physical memory or swap space
#   Check if swap backing store is full
#   Use 64 bit Java on a 64 bit OS
#   Decrease Java heap size (-Xmx/-Xms)
#   Decrease number of Java threads
#   Decrease Java thread stack sizes (-Xss)
#   Set larger code cache with -XX:ReservedCodeCacheSize=
# This output file may be truncated or incomplete.
#
#  Out of Memory Error (allocation.cpp:390), pid=14196, tid=11044
#
# JRE version: Java(TM) SE Runtime Environment (8.0_51-b16) (build 1.8.0_51-b16)
# Java VM: Java HotSpot(TM) 64-Bit Server VM (25.51-b03 mixed mode windows-amd64 compressed oops)
# Failed to write core dump. Minidumps are not enabled by default on client versions of Windows
#

---------------  T H R E A D  ---------------

Current thread (0x00000000168ca000):  JavaThread "C2 CompilerThread2" daemon [_thread_in_native, id=11044, stack(0x0000000018010000,0x0000000018110000)]

Stack: [0x0000000018010000,0x0000000018110000]
Native frames: (J=compiled Java code, j=interpreted, Vv=VM code, C=native code)
V  [jvm.dll+0x32b4ca]
V  [jvm.dll+0x2797e3]
V  [jvm.dll+0x27a479]
V  [jvm.dll+0x271765]
V  [jvm.dll+0xcba02]
V  [jvm.dll+0xcbecc]
V  [jvm.dll+0x476f72]
V  [jvm.dll+0x4b95ff]
V  [jvm.dll+0x46c011]
V  [jvm.dll+0x46cd4e]
V  [jvm.dll+0x4501a2]
V  [jvm.dll+0xa43a2]
V  [jvm.dll+0xa4cdf]
V  [jvm.dll+0x2418a4]
V  [jvm.dll+0x29846a]
C  [msvcr100.dll+0x21d9f]
C  [msvcr100.dll+0x21e3b]
C  [KERNEL32.DLL+0x18102]
C  [ntdll.dll+0x5c5b4]


Current CompileTask:
C2:   1117  841       4       com.android.dx.ssa.back.LivenessAnalyzer::liveInAtStatement (55 bytes)


---------------  P R O C E S S  ---------------

Java Threads: ( => current thread )
  0x0000000016bb3000 JavaThread "pool-2-thread-4" [_thread_in_Java, id=2184, stack(0x0000000019010000,0x0000000019110000)]
  0x0000000016ba9800 JavaThread "pool-2-thread-3" [_thread_in_Java, id=7360, stack(0x0000000018f10000,0x0000000019010000)]
  0x0000000016bae800 JavaThread "pool-2-thread-2" [_thread_in_Java, id=13024, stack(0x0000000018e10000,0x0000000018f10000)]
  0x0000000016bb6000 JavaThread "pool-3-thread-1" [_thread_blocked, id=12708, stack(0x0000000018d10000,0x0000000018e10000)]
  0x0000000016b64800 JavaThread "pool-2-thread-1" [_thread_in_Java, id=7020, stack(0x0000000018c10000,0x0000000018d10000)]
  0x00000000168cc000 JavaThread "Service Thread" daemon [_thread_blocked, id=3576, stack(0x0000000018210000,0x0000000018310000)]
  0x00000000168cb000 JavaThread "C1 CompilerThread3" daemon [_thread_in_native, id=1068, stack(0x0000000018110000,0x0000000018210000)]
=>0x00000000168ca000 JavaThread "C2 CompilerThread2" daemon [_thread_in_native, id=11044, stack(0x0000000018010000,0x0000000018110000)]
  0x00000000168c4800 JavaThread "C2 CompilerThread1" daemon [_thread_in_native, id=14152, stack(0x0000000017f10000,0x0000000018010000)]
  0x00000000168bd800 JavaThread "C2 CompilerThread0" daemon [_thread_in_native, id=3272, stack(0x0000000017e10000,0x0000000017f10000)]
  0x00000000168b9800 JavaThread "Attach Listener" daemon [_thread_blocked, id=6312, stack(0x0000000017d10000,0x0000000017e10000)]
  0x00000000151de800 JavaThread "Signal Dispatcher" daemon [_thread_blocked, id=11940, stack(0x0000000017c10000,0x0000000017d10000)]
  0x00000000024a6000 JavaThread "Finalizer" daemon [_thread_blocked, id=8456, stack(0x0000000017b10000,0x0000000017c10000)]
  0x00000000024a5000 JavaThread "Reference Handler" daemon [_thread_blocked, id=14208, stack(0x0000000017a10000,0x0000000017b10000)]
  0x00000000023b1000 JavaThread "main" [_thread_in_Java, id=11104, stack(0x00000000022b0000,0x00000000023b0000)]

Other Threads:
  0x00000000151c7000 VMThread [stack: 0x0000000017910000,0x0000000017a10000] [id=12764]
  0x00000000168ce000 WatcherThread [stack: 0x0000000018310000,0x0000000018410000] [id=11040]

VM state:not at safepoint (normal execution)

VM Mutex/Monitor currently owned by a thread: None

Heap:
 PSYoungGen      total 76288K, used 22287K [0x00000000eab00000, 0x00000000f0000000, 0x0000000100000000)
  eden space 65536K, 34% used [0x00000000eab00000,0x00000000ec0c3d58,0x00000000eeb00000)
  from space 10752K, 0% used [0x00000000ef580000,0x00000000ef580000,0x00000000f0000000)
  to   space 10752K, 0% used [0x00000000eeb00000,0x00000000eeb00000,0x00000000ef580000)
 ParOldGen       total 175104K, used 0K [0x00000000c0000000, 0x00000000cab00000, 0x00000000eab00000)
  object space 175104K, 0% used [0x00000000c0000000,0x00000000c0000000,0x00000000cab00000)
 Metaspace       used 5694K, capacity 6704K, committed 6784K, reserved 1056768K
  class space    used 581K, capacity 616K, committed 640K, reserved 1048576K

Card table byte_map: [0x0000000011870000,0x0000000011a80000] byte_map_base: 0x0000000011270000

Marking Bits: (ParMarkBitMap*) 0x00000000650e4040
 Begin Bits: [0x00000000125e0000, 0x00000000135e0000)
 End Bits:   [0x00000000135e0000, 0x00000000145e0000)

Polling page: 0x0000000000870000

CodeCache: size=245760Kb used=3311Kb max_used=3311Kb free=242448Kb
 bounds [0x00000000024b0000, 0x00000000027f0000, 0x00000000114b0000]
 total_blobs=1111 nmethods=842 adapters=182
 compilation: enabled

Compilation events (10 events):
Event: 1.105 Thread 0x00000000168c4800 nmethod 843 0x00000000027d32d0 code [0x00000000027d3420, 0x00000000027d3508]
Event: 1.105 Thread 0x00000000168c4800  846       4       com.android.dx.rop.code.BasicBlockList::labelToBlock (46 bytes)
Event: 1.106 Thread 0x00000000168c4800 nmethod 846 0x00000000027d1890 code [0x00000000027d19e0, 0x00000000027d1b38]
Event: 1.106 Thread 0x00000000168c4800  853       4       com.android.dx.ssa.back.LivenessAnalyzer::handleTailRecursion (94 bytes)
Event: 1.107 Thread 0x00000000168cb000 nmethod 814 0x00000000027d4e90 code [0x00000000027d5300, 0x00000000027d8868]
Event: 1.107 Thread 0x00000000168cb000  856   !   3       com.android.dx.rop.code.RegisterSpec::intern (70 bytes)
Event: 1.107 Thread 0x00000000168cb000 nmethod 856 0x00000000027d3810 code [0x00000000027d3a40, 0x00000000027d4708]
Event: 1.107 Thread 0x00000000168cb000  855       2       com.android.dx.rop.code.RegisterSpec::access$600 (7 bytes)
Event: 1.108 Thread 0x00000000168cb000 nmethod 855 0x00000000027d1450 code [0x00000000027d15c0, 0x00000000027d1778]
Event: 1.108 Thread 0x00000000168cb000  842       3       com.android.dx.ssa.back.InterferenceGraph::ensureCapacity (42 bytes)

GC Heap History (0 events):
No events

Deoptimization events (3 events):
Event: 0.711 Thread 0x00000000023b1000 Uncommon trap: reason=unstable_if action=reinterpret pc=0x0000000002602918 method=java.lang.String.indexOf(II)I @ 49
Event: 0.982 Thread 0x0000000016b64800 Uncommon trap: reason=null_assert action=make_not_entrant pc=0x00000000026d25d8 method=com.android.dx.rop.code.RegisterSpec$ForComparison.equals(Ljava/lang/Object;)Z @ 27
Event: 1.106 Thread 0x0000000016bae800 Uncommon trap: reason=unstable_if action=reinterpret pc=0x00000000027bbe1c method=java.util.HashMap.getNode(ILjava/lang/Object;)Ljava/util/HashMap$Node; @ 129

Internal exceptions (2 events):
Event: 0.365 Thread 0x00000000023b1000 Exception <a 'java/lang/NoSuchMethodError': Method sun.misc.Unsafe.defineClass(Ljava/lang/String;[BII)Ljava/lang/Class; name or signature does not match> (0x00000000eab0d720) thrown at [C:\re\workspace\8-2-build-windows-amd64-cygwin\jdk8u51\3951\hotspot\sr)Ý¬/»W×?
Event: 0.365 Thread 0x00000000023b1000 Exception <a 'java/lang/NoSuchMethodError': Method sun.misc.Unsafe.prefetchRead(Ljava/lang/Object;J)V name or signature does not match> (0x00000000eab0d9b0) thrown at [C:\re\workspace\8-2-build-windows-amd64-cygwin\jdk8u51\3951\hotspot\src\share\vm\prims\j

Events (10 events):
Event: 0.997 loading class java/util/ArrayList$1 done
Event: 1.008 loading class com/android/dx/cf/code/SwitchList
Event: 1.008 loading class com/android/dx/cf/code/SwitchList done
Event: 1.010 loading class java/util/DualPivotQuicksort
Event: 1.011 loading class java/util/DualPivotQuicksort done
Event: 1.055 Executing VM operation: ForceSafepoint
Event: 1.074 Executing VM operation: ForceSafepoint done
Event: 1.106 Thread 0x0000000016bae800 Uncommon trap: trap_request=0xffffff65 fr.pc=0x00000000027bbe1c
Event: 1.106 Thread 0x0000000016bae800 DEOPT PACKING pc=0x00000000027bbe1c sp=0x0000000018f0e6a0
Event: 1.106 Thread 0x0000000016bae800 DEOPT UNPACKING pc=0x00000000024f582a sp=0x0000000018f0e570 mode 2


Dynamic libraries:
0x00007ff74f270000 - 0x00007ff74f2a7000 	C:\Program Files\Java\jdk1.8.0_51\bin\java.exe
0x00007ffcedec0000 - 0x00007ffcee081000 	C:\WINDOWS\SYSTEM32\ntdll.dll
0x00007ffced140000 - 0x00007ffced1ed000 	C:\WINDOWS\system32\KERNEL32.DLL
0x00007ffcead70000 - 0x00007ffceaf58000 	C:\WINDOWS\system32\KERNELBASE.dll
0x00007ffceddb0000 - 0x00007ffcede57000 	C:\WINDOWS\system32\ADVAPI32.dll
0x00007ffcedbb0000 - 0x00007ffcedc4d000 	C:\WINDOWS\system32\msvcrt.dll
0x00007ffcede60000 - 0x00007ffcedebb000 	C:\WINDOWS\system32\sechost.dll
0x00007ffced9c0000 - 0x00007ffcedadc000 	C:\WINDOWS\system32\RPCRT4.dll
0x00007ffceba80000 - 0x00007ffcebbd6000 	C:\WINDOWS\system32\USER32.dll
0x00007ffced3b0000 - 0x00007ffced536000 	C:\WINDOWS\system32\GDI32.dll
0x00007ffce68f0000 - 0x00007ffce6b64000 	C:\WINDOWS\WinSxS\amd64_microsoft.windows.common-controls_6595b64144ccf1df_6.0.10586.0_none_8c15ae12515e1c22\COMCTL32.dll
0x00007ffceb630000 - 0x00007ffceb8ad000 	C:\WINDOWS\system32\combase.dll
0x00007ffcead00000 - 0x00007ffcead6a000 	C:\WINDOWS\system32\bcryptPrimitives.dll
0x00007ffced540000 - 0x00007ffced57b000 	C:\WINDOWS\system32\IMM32.DLL
0x0000000062250000 - 0x0000000062322000 	C:\Program Files\Java\jdk1.8.0_51\jre\bin\msvcr100.dll
0x00000000648e0000 - 0x0000000065163000 	C:\Program Files\Java\jdk1.8.0_51\jre\bin\server\jvm.dll
0x00007ffceb620000 - 0x00007ffceb628000 	C:\WINDOWS\system32\PSAPI.DLL
0x00007ffcdc170000 - 0x00007ffcdc179000 	C:\WINDOWS\SYSTEM32\WSOCK32.dll
0x00007ffceb5b0000 - 0x00007ffceb61b000 	C:\WINDOWS\system32\WS2_32.dll
0x00007ffce8760000 - 0x00007ffce8783000 	C:\WINDOWS\SYSTEM32\WINMM.dll
0x00007ffce6c20000 - 0x00007ffce6c2a000 	C:\WINDOWS\SYSTEM32\VERSION.dll
0x0000000002140000 - 0x000000000216c000 	C:\WINDOWS\SYSTEM32\WINMMBASE.dll
0x00007ffceb1c0000 - 0x00007ffceb203000 	C:\WINDOWS\system32\cfgmgr32.dll
0x00000000647f0000 - 0x00000000647ff000 	C:\Program Files\Java\jdk1.8.0_51\jre\bin\verify.dll
0x00000000647c0000 - 0x00000000647e9000 	C:\Program Files\Java\jdk1.8.0_51\jre\bin\java.dll
0x00000000647a0000 - 0x00000000647b6000 	C:\Program Files\Java\jdk1.8.0_51\jre\bin\zip.dll
0x00007ffcebbe0000 - 0x00007ffced13c000 	C:\WINDOWS\system32\SHELL32.dll
0x00007ffcea5f0000 - 0x00007ffceac35000 	C:\WINDOWS\system32\windows.storage.dll
0x00007ffceba20000 - 0x00007ffceba72000 	C:\WINDOWS\system32\shlwapi.dll
0x00007ffcea510000 - 0x00007ffcea51f000 	C:\WINDOWS\system32\kernel.appcore.dll
0x00007ffceac40000 - 0x00007ffceacf5000 	C:\WINDOWS\system32\shcore.dll
0x00007ffcea520000 - 0x00007ffcea56b000 	C:\WINDOWS\system32\powrprof.dll
0x00007ffcea4e0000 - 0x00007ffcea4f4000 	C:\WINDOWS\system32\profapi.dll
0x00007ffcdaa10000 - 0x00007ffcdab9c000 	C:\WINDOWS\SYSTEM32\dbghelp.dll

VM Arguments:
jvm_args: -Djava.awt.headless=true -Xmx1024M -Dfile.encoding=windows-1252 -Duser.country=US -Duser.language=en -Duser.variant 
java_command: com.android.dx.command.Main --dex --force-jumbo --num-threads=4 --multi-dex --output C:\Users\chyupa\Documents\Android Apps\Capstone\app\build\intermediates\transforms\dex\debug\folders\1000\10\com.google.android.gms-play-services-measurement-8.4.0_a6d61cdb373c140bf4ce3d8f8eb7ce00102c9867 C:\Users\chyupa\Documents\Android Apps\Capstone\app\build\intermediates\exploded-aar\com.google.android.gms\play-services-measurement\8.4.0\jars\classes.jar
java_class_path (initial): C:\Users\chyupa\Documents\android_sdk\build-tools\23.0.3\lib\dx.jar
Launcher Type: SUN_STANDARD

Environment Variables:
JAVA_HOME=C:\Program Files\Java\jdk1.8.0_51
PATH=C:\python27_x64\;C:\python27_x64\Scripts;C:\ProgramData\Oracle\Java\javapath;C:\Windows\system32;C:\Windows;C:\Windows\System32\Wbem;C:\Windows\System32\WindowsPowerShell\v1.0\;C:\Program Files (x86)\NVIDIA Corporation\PhysX\Common;C:\WINDOWS\system32;C:\WINDOWS;C:\WINDOWS\System32\Wbem;C:\WINDOWS\System32\WindowsPowerShell\v1.0\;C:\Program Files (x86)\Google\Cloud SDK\google-cloud-sdk\bin;C:\HashiCorp\Vagrant\bin;C:\Program Files\nodejs\;%GRADLE_HOME%\bin;C:\Program Files (x86)\Skype\Phone\;C:\Users\chyupa\AppData\Local\Code\bin;C:\Users\chyupa\AppData\Roaming\npm;C:\gradle-2.10\bin;C:\Program Files\Java\jdk1.8.0_51\bin;C:\Users\chyupa\AppData\Local\Programs\Git\bin
USERNAME=chyupa
OS=Windows_NT
PROCESSOR_IDENTIFIER=Intel64 Family 6 Model 63 Stepping 2, GenuineIntel



---------------  S Y S T E M  ---------------

OS: Windows 10.0 , 64 bit Build 10586 (10.0.10586.0)

CPU:total 12 (6 cores per cpu, 2 threads per core) family 6 model 63 stepping 2, cmov, cx8, fxsr, mmx, sse, sse2, sse3, ssse3, sse4.1, sse4.2, popcnt, avx, avx2, aes, clmul, erms, lzcnt, ht, tsc, tscinvbit, bmi1, bmi2

Memory: 4k page, physical 16675196k(5051784k free), swap 45853816k(4180k free)

vm_info: Java HotSpot(TM) 64-Bit Server VM (25.51-b03) for windows-amd64 JRE (1.8.0_51-b16), built on Jun  8 2015 18:03:07 by "java_re" with MS VC++ 10.0 (VS2010)

time: Tue May 10 21:34:33 2016
elapsed time: 1 seconds (0d 0h 0m 1s)

