#
# There is insufficient memory for the Java Runtime Environment to continue.
# Native memory allocation (malloc) failed to allocate 246384 bytes for Chunk::new
# Possible reasons:
#   The system is out of physical RAM or swap space
#   In 32 bit mode, the process size limit was hit
# Possible solutions:
#   Reduce memory load on the system
#   Increase physical memory or swap space
#   Check if swap backing store is full
#   Use 64 bit Java on a 64 bit OS
#   Decrease Java heap size (-Xmx/-Xms)
#   Decrease number of Java threads
#   Decrease Java thread stack sizes (-Xss)
#   Set larger code cache with -XX:ReservedCodeCacheSize=
# This output file may be truncated or incomplete.
#
#  Out of Memory Error (allocation.cpp:390), pid=11192, tid=3684
#
# JRE version: Java(TM) SE Runtime Environment (8.0_51-b16) (build 1.8.0_51-b16)
# Java VM: Java HotSpot(TM) 64-Bit Server VM (25.51-b03 mixed mode windows-amd64 compressed oops)
# Failed to write core dump. Minidumps are not enabled by default on client versions of Windows
#

---------------  T H R E A D  ---------------

Current thread (0x000000001688d800):  JavaThread "C2 CompilerThread0" daemon [_thread_in_native, id=3684, stack(0x0000000017de0000,0x0000000017ee0000)]

Stack: [0x0000000017de0000,0x0000000017ee0000]
Native frames: (J=compiled Java code, j=interpreted, Vv=VM code, C=native code)
V  [jvm.dll+0x32b4ca]


Current CompileTask:
C2:   2097 2015       4       com.android.dx.dex.code.RopTranslator$LocalVariableAwareTranslationVisitor::visitThrowingCstInsn (11 bytes)


---------------  P R O C E S S  ---------------

Java Threads: ( => current thread )
  0x0000000018584000 JavaThread "pool-2-thread-4" [_thread_blocked, id=6372, stack(0x0000000019fb0000,0x000000001a0b0000)]
  0x0000000018583800 JavaThread "pool-2-thread-3" [_thread_blocked, id=12476, stack(0x0000000019eb0000,0x0000000019fb0000)]
  0x0000000018586800 JavaThread "pool-2-thread-2" [_thread_blocked, id=8984, stack(0x0000000019db0000,0x0000000019eb0000)]
  0x0000000016c16800 JavaThread "pool-3-thread-1" [_thread_blocked, id=1120, stack(0x0000000019cb0000,0x0000000019db0000)]
  0x00000000189ff000 JavaThread "pool-2-thread-1" [_thread_blocked, id=1264, stack(0x0000000019bb0000,0x0000000019cb0000)]
  0x000000001692a000 JavaThread "Service Thread" daemon [_thread_blocked, id=2776, stack(0x00000000181e0000,0x00000000182e0000)]
  0x000000001689b000 JavaThread "C1 CompilerThread3" daemon [_thread_blocked, id=8308, stack(0x00000000180e0000,0x00000000181e0000)]
  0x000000001689a000 JavaThread "C2 CompilerThread2" daemon [_thread_in_native, id=12044, stack(0x0000000017fe0000,0x00000000180e0000)]
  0x0000000016894800 JavaThread "C2 CompilerThread1" daemon [_thread_in_native, id=14276, stack(0x0000000017ee0000,0x0000000017fe0000)]
=>0x000000001688d800 JavaThread "C2 CompilerThread0" daemon [_thread_in_native, id=3684, stack(0x0000000017de0000,0x0000000017ee0000)]
  0x0000000016889800 JavaThread "Attach Listener" daemon [_thread_blocked, id=8348, stack(0x0000000017ce0000,0x0000000017de0000)]
  0x0000000016886000 JavaThread "Signal Dispatcher" daemon [_thread_blocked, id=12948, stack(0x0000000017be0000,0x0000000017ce0000)]
  0x0000000002496000 JavaThread "Finalizer" daemon [_thread_blocked, id=4876, stack(0x0000000017ae0000,0x0000000017be0000)]
  0x0000000002495000 JavaThread "Reference Handler" daemon [_thread_blocked, id=3556, stack(0x00000000179e0000,0x0000000017ae0000)]
  0x00000000023a1000 JavaThread "main" [_thread_blocked, id=9988, stack(0x00000000022a0000,0x00000000023a0000)]

Other Threads:
  0x00000000151b7000 VMThread [stack: 0x00000000178e0000,0x00000000179e0000] [id=2688]
  0x000000001692c000 WatcherThread [stack: 0x00000000182e0000,0x00000000183e0000] [id=13920]

VM state:not at safepoint (normal execution)

VM Mutex/Monitor currently owned by a thread: None

Heap:
 PSYoungGen      total 141824K, used 134120K [0x00000000eab00000, 0x00000000f4000000, 0x0000000100000000)
  eden space 131072K, 94% used [0x00000000eab00000,0x00000000f237b7d0,0x00000000f2b00000)
  from space 10752K, 99% used [0x00000000f3580000,0x00000000f3ffeaa8,0x00000000f4000000)
  to   space 10752K, 0% used [0x00000000f2b00000,0x00000000f2b00000,0x00000000f3580000)
 ParOldGen       total 175104K, used 5379K [0x00000000c0000000, 0x00000000cab00000, 0x00000000eab00000)
  object space 175104K, 3% used [0x00000000c0000000,0x00000000c0540c78,0x00000000cab00000)
 Metaspace       used 6410K, capacity 7192K, committed 7424K, reserved 1056768K
  class space    used 612K, capacity 656K, committed 768K, reserved 1048576K

Card table byte_map: [0x0000000011860000,0x0000000011a70000] byte_map_base: 0x0000000011260000

Marking Bits: (ParMarkBitMap*) 0x00000000650e4040
 Begin Bits: [0x00000000125d0000, 0x00000000135d0000)
 End Bits:   [0x00000000135d0000, 0x00000000145d0000)

Polling page: 0x0000000000970000

CodeCache: size=245760Kb used=7902Kb max_used=7914Kb free=237857Kb
 bounds [0x00000000024a0000, 0x0000000002c70000, 0x00000000114a0000]
 total_blobs=2248 nmethods=1978 adapters=182
 compilation: enabled

Compilation events (10 events):
Event: 2.067 Thread 0x000000001688d800 nmethod 2018 0x0000000002b961d0 code [0x0000000002b96300, 0x0000000002b963d8]
Event: 2.067 Thread 0x000000001688d800 2014       4       com.android.dx.cf.code.ByteBlock::<init> (181 bytes)
Event: 2.070 Thread 0x000000001688d800 nmethod 2014 0x0000000002c61cd0 code [0x0000000002c61e20, 0x0000000002c620b8]
Event: 2.070 Thread 0x000000001688d800 2012       4       java.util.BitSet::nextClearBit (116 bytes)
Event: 2.072 Thread 0x000000001688d800 nmethod 2012 0x0000000002c5c6d0 code [0x0000000002c5c820, 0x0000000002c5c978]
Event: 2.072 Thread 0x000000001688d800 2013       4       com.android.dx.rop.type.Type::compareTo (9 bytes)
Event: 2.072 Thread 0x000000001688d800 nmethod 2013 0x0000000002c5f750 code [0x0000000002c5f8a0, 0x0000000002c5fa78]
Event: 2.072 Thread 0x000000001688d800 2008       4       com.android.dx.rop.code.PlainCstInsn::accept (8 bytes)
Event: 2.073 Thread 0x000000001688d800 nmethod 2008 0x0000000002aba5d0 code [0x0000000002aba700, 0x0000000002aba778]
Event: 2.073 Thread 0x000000001688d800 2015       4       com.android.dx.dex.code.RopTranslator$LocalVariableAwareTranslationVisitor::visitThrowingCstInsn (11 bytes)

GC Heap History (4 events):
Event: 0.871 GC heap before
{Heap before GC invocations=1 (full 0):
 PSYoungGen      total 76288K, used 65536K [0x00000000eab00000, 0x00000000f0000000, 0x0000000100000000)
  eden space 65536K, 100% used [0x00000000eab00000,0x00000000eeb00000,0x00000000eeb00000)
  from space 10752K, 0% used [0x00000000ef580000,0x00000000ef580000,0x00000000f0000000)
  to   space 10752K, 0% used [0x00000000eeb00000,0x00000000eeb00000,0x00000000ef580000)
 ParOldGen       total 175104K, used 0K [0x00000000c0000000, 0x00000000cab00000, 0x00000000eab00000)
  object space 175104K, 0% used [0x00000000c0000000,0x00000000c0000000,0x00000000cab00000)
 Metaspace       used 6010K, capacity 6960K, committed 7040K, reserved 1056768K
  class space    used 591K, capacity 616K, committed 640K, reserved 1048576K
Event: 0.950 GC heap after
Heap after GC invocations=1 (full 0):
 PSYoungGen      total 76288K, used 8382K [0x00000000eab00000, 0x00000000f4000000, 0x0000000100000000)
  eden space 65536K, 0% used [0x00000000eab00000,0x00000000eab00000,0x00000000eeb00000)
  from space 10752K, 77% used [0x00000000eeb00000,0x00000000ef32fa40,0x00000000ef580000)
  to   space 10752K, 0% used [0x00000000f3580000,0x00000000f3580000,0x00000000f4000000)
 ParOldGen       total 175104K, used 8K [0x00000000c0000000, 0x00000000cab00000, 0x00000000eab00000)
  object space 175104K, 0% used [0x00000000c0000000,0x00000000c0002000,0x00000000cab00000)
 Metaspace       used 6010K, capacity 6960K, committed 7040K, reserved 1056768K
  class space    used 591K, capacity 616K, committed 640K, reserved 1048576K
}
Event: 1.488 GC heap before
{Heap before GC invocations=2 (full 0):
 PSYoungGen      total 76288K, used 73918K [0x00000000eab00000, 0x00000000f4000000, 0x0000000100000000)
  eden space 65536K, 100% used [0x00000000eab00000,0x00000000eeb00000,0x00000000eeb00000)
  from space 10752K, 77% used [0x00000000eeb00000,0x00000000ef32fa40,0x00000000ef580000)
  to   space 10752K, 0% used [0x00000000f3580000,0x00000000f3580000,0x00000000f4000000)
 ParOldGen       total 175104K, used 8K [0x00000000c0000000, 0x00000000cab00000, 0x00000000eab00000)
  object space 175104K, 0% used [0x00000000c0000000,0x00000000c0002000,0x00000000cab00000)
 Metaspace       used 6333K, capacity 7192K, committed 7424K, reserved 1056768K
  class space    used 612K, capacity 656K, committed 768K, reserved 1048576K
Event: 1.506 GC heap after
Heap after GC invocations=2 (full 0):
 PSYoungGen      total 141824K, used 10746K [0x00000000eab00000, 0x00000000f4000000, 0x0000000100000000)
  eden space 131072K, 0% used [0x00000000eab00000,0x00000000eab00000,0x00000000f2b00000)
  from space 10752K, 99% used [0x00000000f3580000,0x00000000f3ffeaa8,0x00000000f4000000)
  to   space 10752K, 0% used [0x00000000f2b00000,0x00000000f2b00000,0x00000000f3580000)
 ParOldGen       total 175104K, used 5379K [0x00000000c0000000, 0x00000000cab00000, 0x00000000eab00000)
  object space 175104K, 3% used [0x00000000c0000000,0x00000000c0540c78,0x00000000cab00000)
 Metaspace       used 6333K, capacity 7192K, committed 7424K, reserved 1056768K
  class space    used 612K, capacity 656K, committed 768K, reserved 1048576K
}

Deoptimization events (10 events):
Event: 1.509 Thread 0x0000000018584000 Uncommon trap: reason=bimorphic action=maybe_recompile pc=0x0000000002b75ec0 method=com.android.dx.ssa.SCCP.simulatePhi(Lcom/android/dx/ssa/PhiInsn;)V @ 124
Event: 1.517 Thread 0x00000000023a1000 Uncommon trap: reason=class_check action=maybe_recompile pc=0x000000000288afdc method=java.util.HashMap.putVal(ILjava/lang/Object;Ljava/lang/Object;ZZ)Ljava/lang/Object; @ 203
Event: 1.517 Thread 0x00000000023a1000 Uncommon trap: reason=class_check action=maybe_recompile pc=0x000000000288afdc method=java.util.HashMap.putVal(ILjava/lang/Object;Ljava/lang/Object;ZZ)Ljava/lang/Object; @ 203
Event: 1.517 Thread 0x00000000023a1000 Uncommon trap: reason=class_check action=maybe_recompile pc=0x000000000288afdc method=java.util.HashMap.putVal(ILjava/lang/Object;Ljava/lang/Object;ZZ)Ljava/lang/Object; @ 203
Event: 1.517 Thread 0x00000000023a1000 Uncommon trap: reason=class_check action=maybe_recompile pc=0x000000000288afdc method=java.util.HashMap.putVal(ILjava/lang/Object;Ljava/lang/Object;ZZ)Ljava/lang/Object; @ 203
Event: 1.536 Thread 0x00000000189ff000 Uncommon trap: reason=class_check action=maybe_recompile pc=0x0000000002a58f98 method=com.android.dx.ssa.SCCP.simulateBranch(Lcom/android/dx/ssa/SsaInsn;)V @ 145
Event: 1.541 Thread 0x0000000018583800 Uncommon trap: reason=class_check action=maybe_recompile pc=0x0000000002a58f98 method=com.android.dx.ssa.SCCP.simulateBranch(Lcom/android/dx/ssa/SsaInsn;)V @ 145
Event: 1.586 Thread 0x0000000018583800 Uncommon trap: reason=bimorphic action=maybe_recompile pc=0x0000000002bb3448 method=com.android.dx.ssa.SCCP.simulatePhi(Lcom/android/dx/ssa/PhiInsn;)V @ 124
Event: 1.589 Thread 0x00000000189ff000 Uncommon trap: reason=class_check action=maybe_recompile pc=0x0000000002a58f98 method=com.android.dx.ssa.SCCP.simulateBranch(Lcom/android/dx/ssa/SsaInsn;)V @ 145
Event: 1.722 Thread 0x00000000189ff000 Uncommon trap: reason=class_check action=maybe_recompile pc=0x0000000002a58f98 method=com.android.dx.ssa.SCCP.simulateBranch(Lcom/android/dx/ssa/SsaInsn;)V @ 145

Internal exceptions (6 events):
Event: 0.046 Thread 0x00000000023a1000 Exception <a 'java/lang/NoSuchMethodError': Method sun.misc.Unsafe.defineClass(Ljava/lang/String;[BII)Ljava/lang/Class; name or signature does not match> (0x00000000eab0d580) thrown at [C:\re\workspace\8-2-build-windows-amd64-cygwin\jdk8u51\3951\hotspot\sr}ŸÝÕà}§?
Event: 0.046 Thread 0x00000000023a1000 Exception <a 'java/lang/NoSuchMethodError': Method sun.misc.Unsafe.prefetchRead(Ljava/lang/Object;J)V name or signature does not match> (0x00000000eab0d810) thrown at [C:\re\workspace\8-2-build-windows-amd64-cygwin\jdk8u51\3951\hotspot\src\share\vm\prims\jtœòöã?
Event: 0.597 Thread 0x00000000023a1000 Implicit null exception at 0x00000000027599a2 to 0x0000000002759a95
Event: 1.477 Thread 0x0000000018584000 Exception <a 'java/lang/ArrayIndexOutOfBoundsException': 18> (0x00000000eea65dc8) thrown at [C:\re\workspace\8-2-build-windows-amd64-cygwin\jdk8u51\3951\hotspot\src\share\vm\interpreter\interpreterRuntime.cpp, line 366]
Event: 1.477 Thread 0x0000000018584000 Exception <a 'java/lang/ArrayIndexOutOfBoundsException': 145> (0x00000000eea67898) thrown at [C:\re\workspace\8-2-build-windows-amd64-cygwin\jdk8u51\3951\hotspot\src\share\vm\interpreter\interpreterRuntime.cpp, line 366]
Event: 1.478 Thread 0x0000000018584000 Exception <a 'java/lang/ArrayIndexOutOfBoundsException'> (0x00000000eea68ad0) thrown at [C:\re\workspace\8-2-build-windows-amd64-cygwin\jdk8u51\3951\hotspot\src\share\vm\runtime\sharedRuntime.cpp, line 605]

Events (10 events):
Event: 1.541 Thread 0x0000000018583800 DEOPT UNPACKING pc=0x00000000024e582a sp=0x0000000019fae768 mode 2
Event: 1.586 Thread 0x0000000018583800 Uncommon trap: trap_request=0xffffffc6 fr.pc=0x0000000002bb3448
Event: 1.586 Thread 0x0000000018583800 DEOPT PACKING pc=0x0000000002bb3448 sp=0x0000000019fae920
Event: 1.586 Thread 0x0000000018583800 DEOPT UNPACKING pc=0x00000000024e582a sp=0x0000000019fae8a8 mode 2
Event: 1.589 Thread 0x00000000189ff000 Uncommon trap: trap_request=0xffffffde fr.pc=0x0000000002a58f98
Event: 1.589 Thread 0x00000000189ff000 DEOPT PACKING pc=0x0000000002a58f98 sp=0x0000000019cae630
Event: 1.589 Thread 0x00000000189ff000 DEOPT UNPACKING pc=0x00000000024e582a sp=0x0000000019cae608 mode 2
Event: 1.722 Thread 0x00000000189ff000 Uncommon trap: trap_request=0xffffffde fr.pc=0x0000000002a58f98
Event: 1.722 Thread 0x00000000189ff000 DEOPT PACKING pc=0x0000000002a58f98 sp=0x0000000019cae6e0
Event: 1.723 Thread 0x00000000189ff000 DEOPT UNPACKING pc=0x00000000024e582a sp=0x0000000019cae6b8 mode 2


Dynamic libraries:
0x00007ff74f270000 - 0x00007ff74f2a7000 	C:\Program Files\Java\jdk1.8.0_51\bin\java.exe
0x00007ffcedec0000 - 0x00007ffcee081000 	C:\WINDOWS\SYSTEM32\ntdll.dll
0x00007ffced140000 - 0x00007ffced1ed000 	C:\WINDOWS\system32\KERNEL32.DLL
0x00007ffcead70000 - 0x00007ffceaf58000 	C:\WINDOWS\system32\KERNELBASE.dll
0x00007ffceddb0000 - 0x00007ffcede57000 	C:\WINDOWS\system32\ADVAPI32.dll
0x00007ffcedbb0000 - 0x00007ffcedc4d000 	C:\WINDOWS\system32\msvcrt.dll
0x00007ffcede60000 - 0x00007ffcedebb000 	C:\WINDOWS\system32\sechost.dll
0x00007ffced9c0000 - 0x00007ffcedadc000 	C:\WINDOWS\system32\RPCRT4.dll
0x00007ffceba80000 - 0x00007ffcebbd6000 	C:\WINDOWS\system32\USER32.dll
0x00007ffced3b0000 - 0x00007ffced536000 	C:\WINDOWS\system32\GDI32.dll
0x00007ffce68f0000 - 0x00007ffce6b64000 	C:\WINDOWS\WinSxS\amd64_microsoft.windows.common-controls_6595b64144ccf1df_6.0.10586.0_none_8c15ae12515e1c22\COMCTL32.dll
0x00007ffceb630000 - 0x00007ffceb8ad000 	C:\WINDOWS\system32\combase.dll
0x00007ffcead00000 - 0x00007ffcead6a000 	C:\WINDOWS\system32\bcryptPrimitives.dll
0x00007ffced540000 - 0x00007ffced57b000 	C:\WINDOWS\system32\IMM32.DLL
0x0000000062250000 - 0x0000000062322000 	C:\Program Files\Java\jdk1.8.0_51\jre\bin\msvcr100.dll
0x00000000648e0000 - 0x0000000065163000 	C:\Program Files\Java\jdk1.8.0_51\jre\bin\server\jvm.dll
0x00007ffceb620000 - 0x00007ffceb628000 	C:\WINDOWS\system32\PSAPI.DLL
0x00007ffcdc170000 - 0x00007ffcdc179000 	C:\WINDOWS\SYSTEM32\WSOCK32.dll
0x00007ffce8760000 - 0x00007ffce8783000 	C:\WINDOWS\SYSTEM32\WINMM.dll
0x00007ffceb5b0000 - 0x00007ffceb61b000 	C:\WINDOWS\system32\WS2_32.dll
0x00007ffce6c20000 - 0x00007ffce6c2a000 	C:\WINDOWS\SYSTEM32\VERSION.dll
0x00007ffce8700000 - 0x00007ffce872c000 	C:\WINDOWS\SYSTEM32\WINMMBASE.dll
0x00007ffceb1c0000 - 0x00007ffceb203000 	C:\WINDOWS\system32\cfgmgr32.dll
0x00000000647f0000 - 0x00000000647ff000 	C:\Program Files\Java\jdk1.8.0_51\jre\bin\verify.dll
0x00000000647c0000 - 0x00000000647e9000 	C:\Program Files\Java\jdk1.8.0_51\jre\bin\java.dll
0x00000000647a0000 - 0x00000000647b6000 	C:\Program Files\Java\jdk1.8.0_51\jre\bin\zip.dll
0x00007ffcebbe0000 - 0x00007ffced13c000 	C:\WINDOWS\system32\SHELL32.dll
0x00007ffcea5f0000 - 0x00007ffceac35000 	C:\WINDOWS\system32\windows.storage.dll
0x00007ffceba20000 - 0x00007ffceba72000 	C:\WINDOWS\system32\shlwapi.dll
0x00007ffcea510000 - 0x00007ffcea51f000 	C:\WINDOWS\system32\kernel.appcore.dll
0x00007ffceac40000 - 0x00007ffceacf5000 	C:\WINDOWS\system32\shcore.dll
0x00007ffcea520000 - 0x00007ffcea56b000 	C:\WINDOWS\system32\powrprof.dll
0x00007ffcea4e0000 - 0x00007ffcea4f4000 	C:\WINDOWS\system32\profapi.dll

VM Arguments:
jvm_args: -Djava.awt.headless=true -Xmx1024M -Dfile.encoding=windows-1252 -Duser.country=US -Duser.language=en -Duser.variant 
java_command: com.android.dx.command.Main --dex --force-jumbo --num-threads=4 --multi-dex --output C:\Users\chyupa\Documents\Android Apps\Capstone\app\build\intermediates\transforms\dex\debug\folders\1000\10\com.google.android.gms-play-services-ads-8.4.0_106d9bb6846f876935334df59881495a0f752576 C:\Users\chyupa\Documents\Android Apps\Capstone\app\build\intermediates\exploded-aar\com.google.android.gms\play-services-ads\8.4.0\jars\classes.jar
java_class_path (initial): C:\Users\chyupa\Documents\android_sdk\build-tools\23.0.3\lib\dx.jar
Launcher Type: SUN_STANDARD

Environment Variables:
JAVA_HOME=C:\Program Files\Java\jdk1.8.0_51
PATH=C:\python27_x64\;C:\python27_x64\Scripts;C:\ProgramData\Oracle\Java\javapath;C:\Windows\system32;C:\Windows;C:\Windows\System32\Wbem;C:\Windows\System32\WindowsPowerShell\v1.0\;C:\Program Files (x86)\NVIDIA Corporation\PhysX\Common;C:\WINDOWS\system32;C:\WINDOWS;C:\WINDOWS\System32\Wbem;C:\WINDOWS\System32\WindowsPowerShell\v1.0\;C:\Program Files (x86)\Google\Cloud SDK\google-cloud-sdk\bin;C:\HashiCorp\Vagrant\bin;C:\Program Files\nodejs\;%GRADLE_HOME%\bin;C:\Program Files (x86)\Skype\Phone\;C:\Users\chyupa\AppData\Local\Code\bin;C:\Users\chyupa\AppData\Roaming\npm;C:\gradle-2.10\bin;C:\Program Files\Java\jdk1.8.0_51\bin;C:\Users\chyupa\AppData\Local\Programs\Git\bin
USERNAME=chyupa
OS=Windows_NT
PROCESSOR_IDENTIFIER=Intel64 Family 6 Model 63 Stepping 2, GenuineIntel



---------------  S Y S T E M  ---------------

OS: Windows 10.0 , 64 bit Build 10586 (10.0.10586.0)

CPU:total 12 (6 cores per cpu, 2 threads per core) family 6 model 63 stepping 2, cmov, cx8, fxsr, mmx, sse, sse2, sse3, ssse3, sse4.1, sse4.2, popcnt, avx, avx2, aes, clmul, erms, lzcnt, ht, tsc, tscinvbit, bmi1, bmi2

Memory: 4k page, physical 16675196k(5015004k free), swap 45853816k(5120k free)

vm_info: Java HotSpot(TM) 64-Bit Server VM (25.51-b03) for windows-amd64 JRE (1.8.0_51-b16), built on Jun  8 2015 18:03:07 by "java_re" with MS VC++ 10.0 (VS2010)

time: Tue May 10 21:34:30 2016
elapsed time: 2 seconds (0d 0h 0m 2s)

