#
# There is insufficient memory for the Java Runtime Environment to continue.
# Native memory allocation (malloc) failed to allocate 927536 bytes for Chunk::new
# Possible reasons:
#   The system is out of physical RAM or swap space
#   In 32 bit mode, the process size limit was hit
# Possible solutions:
#   Reduce memory load on the system
#   Increase physical memory or swap space
#   Check if swap backing store is full
#   Use 64 bit Java on a 64 bit OS
#   Decrease Java heap size (-Xmx/-Xms)
#   Decrease number of Java threads
#   Decrease Java thread stack sizes (-Xss)
#   Set larger code cache with -XX:ReservedCodeCacheSize=
# This output file may be truncated or incomplete.
#
#  Out of Memory Error (allocation.cpp:390), pid=12808, tid=9100
#
# JRE version: Java(TM) SE Runtime Environment (8.0_51-b16) (build 1.8.0_51-b16)
# Java VM: Java HotSpot(TM) 64-Bit Server VM (25.51-b03 mixed mode windows-amd64 compressed oops)
# Failed to write core dump. Minidumps are not enabled by default on client versions of Windows
#

---------------  T H R E A D  ---------------

Current thread (0x0000000016807800):  JavaThread "C2 CompilerThread1" daemon [_thread_in_native, id=9100, stack(0x0000000017e60000,0x0000000017f60000)]

Stack: [0x0000000017e60000,0x0000000017f60000]
Native frames: (J=compiled Java code, j=interpreted, Vv=VM code, C=native code)
V  [jvm.dll+0x32b4ca]
V  [jvm.dll+0x2797e3]
V  [jvm.dll+0x27a479]
V  [jvm.dll+0x271765]
V  [jvm.dll+0xcba02]
V  [jvm.dll+0xcbecc]
V  [jvm.dll+0x492a7c]
V  [jvm.dll+0x45f679]
V  [jvm.dll+0x46a7cb]
V  [jvm.dll+0x46cde2]
V  [jvm.dll+0x4501a2]
V  [jvm.dll+0xa43a2]
V  [jvm.dll+0xa4cdf]
V  [jvm.dll+0x2418a4]
V  [jvm.dll+0x29846a]
C  [msvcr100.dll+0x21d9f]
C  [msvcr100.dll+0x21e3b]
C  [KERNEL32.DLL+0x18102]
C  [ntdll.dll+0x5c5b4]


Current CompileTask:
C2:   3468 2049   !   4       com.android.dx.cf.code.BytecodeArray::parseInstruction (2764 bytes)


---------------  P R O C E S S  ---------------

Java Threads: ( => current thread )
  0x0000000018d12000 JavaThread "pool-2-thread-4" [_thread_blocked, id=3856, stack(0x0000000019f30000,0x000000001a030000)]
  0x0000000018d11800 JavaThread "pool-2-thread-3" [_thread_blocked, id=1392, stack(0x0000000019e30000,0x0000000019f30000)]
  0x0000000018c1b000 JavaThread "pool-2-thread-2" [_thread_blocked, id=10612, stack(0x0000000019d30000,0x0000000019e30000)]
  0x00000000188bb800 JavaThread "pool-3-thread-1" [_thread_blocked, id=8308, stack(0x0000000019c30000,0x0000000019d30000)]
  0x0000000018a6d800 JavaThread "pool-2-thread-1" [_thread_blocked, id=2672, stack(0x0000000019b30000,0x0000000019c30000)]
  0x0000000016876800 JavaThread "Service Thread" daemon [_thread_blocked, id=5392, stack(0x0000000018160000,0x0000000018260000)]
  0x000000001680e000 JavaThread "C1 CompilerThread3" daemon [_thread_blocked, id=12212, stack(0x0000000018060000,0x0000000018160000)]
  0x000000001680d000 JavaThread "C2 CompilerThread2" daemon [_thread_in_native, id=10004, stack(0x0000000017f60000,0x0000000018060000)]
=>0x0000000016807800 JavaThread "C2 CompilerThread1" daemon [_thread_in_native, id=9100, stack(0x0000000017e60000,0x0000000017f60000)]
  0x0000000016802800 JavaThread "C2 CompilerThread0" daemon [_thread_blocked, id=13104, stack(0x0000000017d60000,0x0000000017e60000)]
  0x00000000167fa800 JavaThread "Attach Listener" daemon [_thread_blocked, id=7920, stack(0x0000000017c60000,0x0000000017d60000)]
  0x00000000167f7800 JavaThread "Signal Dispatcher" daemon [_thread_blocked, id=9952, stack(0x0000000017b60000,0x0000000017c60000)]
  0x0000000002407000 JavaThread "Finalizer" daemon [_thread_blocked, id=10864, stack(0x0000000017a60000,0x0000000017b60000)]
  0x000000001512c800 JavaThread "Reference Handler" daemon [_thread_blocked, id=1984, stack(0x0000000017960000,0x0000000017a60000)]
  0x0000000002311000 JavaThread "main" [_thread_blocked, id=13768, stack(0x0000000002140000,0x0000000002240000)]

Other Threads:
  0x00000000167d2800 VMThread [stack: 0x0000000017860000,0x0000000017960000] [id=7192]
  0x0000000016878800 WatcherThread [stack: 0x0000000018260000,0x0000000018360000] [id=5476]

VM state:at safepoint (normal execution)

VM Mutex/Monitor currently owned by a thread:  ([mutex/lock_event])
[0x000000000230c460] Threads_lock - owner thread: 0x00000000167d2800
[0x000000000230c1e0] Heap_lock - owner thread: 0x0000000018d11800

Heap:
 PSYoungGen      total 141824K, used 141795K [0x00000000eab00000, 0x00000000fc000000, 0x0000000100000000)
  eden space 131072K, 100% used [0x00000000eab00000,0x00000000f2b00000,0x00000000f2b00000)
  from space 10752K, 99% used [0x00000000f2b00000,0x00000000f3578ec8,0x00000000f3580000)
  to   space 10752K, 99% used [0x00000000fb580000,0x00000000fbff8bc8,0x00000000fc000000)
 ParOldGen       total 175104K, used 60298K [0x00000000c0000000, 0x00000000cab00000, 0x00000000eab00000)
  object space 175104K, 34% used [0x00000000c0000000,0x00000000c3ae6b88,0x00000000cab00000)
 Metaspace       used 6448K, capacity 7256K, committed 7424K, reserved 1056768K
  class space    used 612K, capacity 656K, committed 768K, reserved 1048576K

Card table byte_map: [0x00000000117d0000,0x00000000119e0000] byte_map_base: 0x00000000111d0000

Marking Bits: (ParMarkBitMap*) 0x00000000650e4040
 Begin Bits: [0x0000000012540000, 0x0000000013540000)
 End Bits:   [0x0000000013540000, 0x0000000014540000)

Polling page: 0x00000000008e0000

CodeCache: size=245760Kb used=8734Kb max_used=8734Kb free=237025Kb
 bounds [0x0000000002410000, 0x0000000002ca0000, 0x0000000011410000]
 total_blobs=2291 nmethods=2021 adapters=182
 compilation: enabled

Compilation events (10 events):
Event: 3.391 Thread 0x000000001680e000 2091 %     3       com.android.dx.ssa.PhiInsn::updateSourcesToDefinitions @ 8 (68 bytes)
Event: 3.392 Thread 0x000000001680e000 nmethod 2091% 0x0000000002c85210 code [0x0000000002c85420, 0x0000000002c860a8]
Event: 3.393 Thread 0x000000001680e000 2092 %     3       com.android.dx.ssa.SCCP::simulateBranch @ 615 (666 bytes)
Event: 3.395 Thread 0x000000001680e000 nmethod 2092% 0x0000000002c98590 code [0x0000000002c98a40, 0x0000000002c9c638]
Event: 3.400 Thread 0x000000001680e000 2093       2       com.android.dx.cf.direct.AnnotationParser::parseAnnotations (143 bytes)
Event: 3.401 Thread 0x000000001680e000 nmethod 2093 0x0000000002c83f50 code [0x0000000002c841a0, 0x0000000002c84a68]
Event: 3.421 Thread 0x000000001680e000 2094       2       com.android.dx.cf.direct.StdAttributeFactory::exceptions (105 bytes)
Event: 3.422 Thread 0x000000001680e000 nmethod 2094 0x0000000002c82a50 code [0x0000000002c82ca0, 0x0000000002c835b8]
Event: 3.422 Thread 0x000000001680e000 2095       2       com.android.dx.dex.file.AnnotationUtils::makeThrows (40 bytes)
Event: 3.423 Thread 0x000000001680e000 nmethod 2095 0x0000000002c9e290 code [0x0000000002c9e440, 0x0000000002c9e7a8]

GC Heap History (7 events):
Event: 1.454 GC heap before
{Heap before GC invocations=1 (full 0):
 PSYoungGen      total 76288K, used 65536K [0x00000000eab00000, 0x00000000f0000000, 0x0000000100000000)
  eden space 65536K, 100% used [0x00000000eab00000,0x00000000eeb00000,0x00000000eeb00000)
  from space 10752K, 0% used [0x00000000ef580000,0x00000000ef580000,0x00000000f0000000)
  to   space 10752K, 0% used [0x00000000eeb00000,0x00000000eeb00000,0x00000000ef580000)
 ParOldGen       total 175104K, used 0K [0x00000000c0000000, 0x00000000cab00000, 0x00000000eab00000)
  object space 175104K, 0% used [0x00000000c0000000,0x00000000c0000000,0x00000000cab00000)
 Metaspace       used 5998K, capacity 6960K, committed 7040K, reserved 1056768K
  class space    used 591K, capacity 616K, committed 640K, reserved 1048576K
Event: 1.491 GC heap after
Heap after GC invocations=1 (full 0):
 PSYoungGen      total 76288K, used 8190K [0x00000000eab00000, 0x00000000f4000000, 0x0000000100000000)
  eden space 65536K, 0% used [0x00000000eab00000,0x00000000eab00000,0x00000000eeb00000)
  from space 10752K, 76% used [0x00000000eeb00000,0x00000000ef2ff980,0x00000000ef580000)
  to   space 10752K, 0% used [0x00000000f3580000,0x00000000f3580000,0x00000000f4000000)
 ParOldGen       total 175104K, used 8K [0x00000000c0000000, 0x00000000cab00000, 0x00000000eab00000)
  object space 175104K, 0% used [0x00000000c0000000,0x00000000c0002000,0x00000000cab00000)
 Metaspace       used 5998K, capacity 6960K, committed 7040K, reserved 1056768K
  class space    used 591K, capacity 616K, committed 640K, reserved 1048576K
}
Event: 2.243 GC heap before
{Heap before GC invocations=2 (full 0):
 PSYoungGen      total 76288K, used 73726K [0x00000000eab00000, 0x00000000f4000000, 0x0000000100000000)
  eden space 65536K, 100% used [0x00000000eab00000,0x00000000eeb00000,0x00000000eeb00000)
  from space 10752K, 76% used [0x00000000eeb00000,0x00000000ef2ff980,0x00000000ef580000)
  to   space 10752K, 0% used [0x00000000f3580000,0x00000000f3580000,0x00000000f4000000)
 ParOldGen       total 175104K, used 8K [0x00000000c0000000, 0x00000000cab00000, 0x00000000eab00000)
  object space 175104K, 0% used [0x00000000c0000000,0x00000000c0002000,0x00000000cab00000)
 Metaspace       used 6331K, capacity 7192K, committed 7424K, reserved 1056768K
  class space    used 612K, capacity 656K, committed 768K, reserved 1048576K
Event: 2.304 GC heap after
Heap after GC invocations=2 (full 0):
 PSYoungGen      total 141824K, used 10746K [0x00000000eab00000, 0x00000000f4000000, 0x0000000100000000)
  eden space 131072K, 0% used [0x00000000eab00000,0x00000000eab00000,0x00000000f2b00000)
  from space 10752K, 99% used [0x00000000f3580000,0x00000000f3ffeaa8,0x00000000f4000000)
  to   space 10752K, 0% used [0x00000000f2b00000,0x00000000f2b00000,0x00000000f3580000)
 ParOldGen       total 175104K, used 5199K [0x00000000c0000000, 0x00000000cab00000, 0x00000000eab00000)
  object space 175104K, 2% used [0x00000000c0000000,0x00000000c0513cc8,0x00000000cab00000)
 Metaspace       used 6331K, capacity 7192K, committed 7424K, reserved 1056768K
  class space    used 612K, capacity 656K, committed 768K, reserved 1048576K
}
Event: 2.964 GC heap before
{Heap before GC invocations=3 (full 0):
 PSYoungGen      total 141824K, used 141818K [0x00000000eab00000, 0x00000000f4000000, 0x0000000100000000)
  eden space 131072K, 100% used [0x00000000eab00000,0x00000000f2b00000,0x00000000f2b00000)
  from space 10752K, 99% used [0x00000000f3580000,0x00000000f3ffeaa8,0x00000000f4000000)
  to   space 10752K, 0% used [0x00000000f2b00000,0x00000000f2b00000,0x00000000f3580000)
 ParOldGen       total 175104K, used 5199K [0x00000000c0000000, 0x00000000cab00000, 0x00000000eab00000)
  object space 175104K, 2% used [0x00000000c0000000,0x00000000c0513cc8,0x00000000cab00000)
 Metaspace       used 6427K, capacity 7192K, committed 7424K, reserved 1056768K
  class space    used 612K, capacity 656K, committed 768K, reserved 1048576K
Event: 2.998 GC heap after
Heap after GC invocations=3 (full 0):
 PSYoungGen      total 141824K, used 10723K [0x00000000eab00000, 0x00000000fc000000, 0x0000000100000000)
  eden space 131072K, 0% used [0x00000000eab00000,0x00000000eab00000,0x00000000f2b00000)
  from space 10752K, 99% used [0x00000000f2b00000,0x00000000f3578ec8,0x00000000f3580000)
  to   space 10752K, 0% used [0x00000000fb580000,0x00000000fb580000,0x00000000fc000000)
 ParOldGen       total 175104K, used 25473K [0x00000000c0000000, 0x00000000cab00000, 0x00000000eab00000)
  object space 175104K, 14% used [0x00000000c0000000,0x00000000c18e04a0,0x00000000cab00000)
 Metaspace       used 6427K, capacity 7192K, committed 7424K, reserved 1056768K
  class space    used 612K, capacity 656K, committed 768K, reserved 1048576K
}
Event: 3.437 GC heap before
{Heap before GC invocations=4 (full 0):
 PSYoungGen      total 141824K, used 141795K [0x00000000eab00000, 0x00000000fc000000, 0x0000000100000000)
  eden space 131072K, 100% used [0x00000000eab00000,0x00000000f2b00000,0x00000000f2b00000)
  from space 10752K, 99% used [0x00000000f2b00000,0x00000000f3578ec8,0x00000000f3580000)
  to   space 10752K, 0% used [0x00000000fb580000,0x00000000fb580000,0x00000000fc000000)
 ParOldGen       total 175104K, used 25473K [0x00000000c0000000, 0x00000000cab00000, 0x00000000eab00000)
  object space 175104K, 14% used [0x00000000c0000000,0x00000000c18e04a0,0x00000000cab00000)
 Metaspace       used 6448K, capacity 7256K, committed 7424K, reserved 1056768K
  class space    used 612K, capacity 656K, committed 768K, reserved 1048576K

Deoptimization events (10 events):
Event: 3.039 Thread 0x0000000002311000 Uncommon trap: reason=class_check action=maybe_recompile pc=0x0000000002c0504c method=com.android.dx.cf.code.RopperMachine.run(Lcom/android/dx/cf/code/Frame;II)V @ 310
Event: 3.039 Thread 0x0000000002311000 Uncommon trap: reason=class_check action=maybe_recompile pc=0x0000000002c0504c method=com.android.dx.cf.code.RopperMachine.run(Lcom/android/dx/cf/code/Frame;II)V @ 310
Event: 3.043 Thread 0x0000000002311000 Uncommon trap: reason=bimorphic action=maybe_recompile pc=0x0000000002c2c850 method=com.android.dx.cf.code.BytecodeArray.parseInstruction(ILcom/android/dx/cf/code/BytecodeArray$Visitor;)I @ 2135
Event: 3.043 Thread 0x0000000002311000 Uncommon trap: reason=bimorphic action=maybe_recompile pc=0x0000000002c2d8e8 method=com.android.dx.cf.code.BytecodeArray.parseInstruction(ILcom/android/dx/cf/code/BytecodeArray$Visitor;)I @ 1161
Event: 3.043 Thread 0x0000000002311000 Uncommon trap: reason=class_check action=maybe_recompile pc=0x0000000002c05eb4 method=com.android.dx.cf.code.RopperMachine.run(Lcom/android/dx/cf/code/Frame;II)V @ 1024
Event: 3.043 Thread 0x0000000002311000 Uncommon trap: reason=bimorphic action=maybe_recompile pc=0x0000000002c2c850 method=com.android.dx.cf.code.BytecodeArray.parseInstruction(ILcom/android/dx/cf/code/BytecodeArray$Visitor;)I @ 2135
Event: 3.044 Thread 0x0000000002311000 Uncommon trap: reason=bimorphic action=maybe_recompile pc=0x0000000002c2d8e8 method=com.android.dx.cf.code.BytecodeArray.parseInstruction(ILcom/android/dx/cf/code/BytecodeArray$Visitor;)I @ 1161
Event: 3.116 Thread 0x0000000002311000 Uncommon trap: reason=class_check action=maybe_recompile pc=0x0000000002c0504c method=com.android.dx.cf.code.RopperMachine.run(Lcom/android/dx/cf/code/Frame;II)V @ 310
Event: 3.275 Thread 0x0000000002311000 Uncommon trap: reason=speculate_class_check action=maybe_recompile pc=0x0000000002c73310 method=com.android.dx.rop.cst.TypedConstant.getBasicType()I @ 1
Event: 3.295 Thread 0x0000000002311000 Uncommon trap: reason=unstable_if action=reinterpret pc=0x0000000002c72ee0 method=com.android.dx.ssa.SCCP.simulateBranch(Lcom/android/dx/ssa/SsaInsn;)V @ 334

Internal exceptions (6 events):
Event: 0.243 Thread 0x0000000002311000 Exception <a 'java/lang/NoSuchMethodError': Method sun.misc.Unsafe.defineClass(Ljava/lang/String;[BII)Ljava/lang/Class; name or signature does not match> (0x00000000eab0d580) thrown at [C:\re\workspace\8-2-build-windows-amd64-cygwin\jdk8u51\3951\hotspot\sr∆ÌÕt-œ?
Event: 0.244 Thread 0x0000000002311000 Exception <a 'java/lang/NoSuchMethodError': Method sun.misc.Unsafe.prefetchRead(Ljava/lang/Object;J)V name or signature does not match> (0x00000000eab0d810) thrown at [C:\re\workspace\8-2-build-windows-amd64-cygwin\jdk8u51\3951\hotspot\src\share\vm\prims\j‰CÔ÷CÛ?
Event: 1.204 Thread 0x0000000002311000 Implicit null exception at 0x00000000026bd522 to 0x00000000026bd615
Event: 2.214 Thread 0x0000000018d11800 Exception <a 'java/lang/ArrayIndexOutOfBoundsException': 18> (0x00000000ee950060) thrown at [C:\re\workspace\8-2-build-windows-amd64-cygwin\jdk8u51\3951\hotspot\src\share\vm\interpreter\interpreterRuntime.cpp, line 366]
Event: 2.215 Thread 0x0000000018d11800 Exception <a 'java/lang/ArrayIndexOutOfBoundsException'> (0x00000000ee951b30) thrown at [C:\re\workspace\8-2-build-windows-amd64-cygwin\jdk8u51\3951\hotspot\src\share\vm\runtime\sharedRuntime.cpp, line 605]
Event: 2.215 Thread 0x0000000018d11800 Exception <a 'java/lang/ArrayIndexOutOfBoundsException'> (0x00000000ee952d68) thrown at [C:\re\workspace\8-2-build-windows-amd64-cygwin\jdk8u51\3951\hotspot\src\share\vm\runtime\sharedRuntime.cpp, line 605]

Events (10 events):
Event: 3.275 Thread 0x0000000002311000 DEOPT PACKING pc=0x0000000002c73310 sp=0x000000000223e350
Event: 3.275 Thread 0x0000000002311000 DEOPT UNPACKING pc=0x000000000245582a sp=0x000000000223e300 mode 2
Event: 3.295 Thread 0x0000000002311000 Uncommon trap: trap_request=0xffffff65 fr.pc=0x0000000002c72ee0
Event: 3.295 Thread 0x0000000002311000 DEOPT PACKING pc=0x0000000002c72ee0 sp=0x000000000223e350
Event: 3.295 Thread 0x0000000002311000 DEOPT UNPACKING pc=0x000000000245582a sp=0x000000000223e358 mode 2
Event: 3.305 Thread 0x0000000002311000 DEOPT PACKING pc=0x00000000027c15b7 sp=0x000000000223e430
Event: 3.305 Thread 0x0000000002311000 DEOPT UNPACKING pc=0x000000000245787f sp=0x000000000223e1a0 mode 0
Event: 3.369 Thread 0x0000000002311000 DEOPT PACKING pc=0x00000000027c15b7 sp=0x000000000223e570
Event: 3.369 Thread 0x0000000002311000 DEOPT UNPACKING pc=0x000000000245787f sp=0x000000000223e2e0 mode 0
Event: 3.436 Executing VM operation: ParallelGCFailedAllocation


Dynamic libraries:
0x00007ff74f270000 - 0x00007ff74f2a7000 	C:\Program Files\Java\jdk1.8.0_51\bin\java.exe
0x00007ffcedec0000 - 0x00007ffcee081000 	C:\WINDOWS\SYSTEM32\ntdll.dll
0x00007ffced140000 - 0x00007ffced1ed000 	C:\WINDOWS\system32\KERNEL32.DLL
0x00007ffcead70000 - 0x00007ffceaf58000 	C:\WINDOWS\system32\KERNELBASE.dll
0x00007ffceddb0000 - 0x00007ffcede57000 	C:\WINDOWS\system32\ADVAPI32.dll
0x00007ffcedbb0000 - 0x00007ffcedc4d000 	C:\WINDOWS\system32\msvcrt.dll
0x00007ffcede60000 - 0x00007ffcedebb000 	C:\WINDOWS\system32\sechost.dll
0x00007ffced9c0000 - 0x00007ffcedadc000 	C:\WINDOWS\system32\RPCRT4.dll
0x00007ffceba80000 - 0x00007ffcebbd6000 	C:\WINDOWS\system32\USER32.dll
0x00007ffced3b0000 - 0x00007ffced536000 	C:\WINDOWS\system32\GDI32.dll
0x00007ffce68f0000 - 0x00007ffce6b64000 	C:\WINDOWS\WinSxS\amd64_microsoft.windows.common-controls_6595b64144ccf1df_6.0.10586.0_none_8c15ae12515e1c22\COMCTL32.dll
0x00007ffceb630000 - 0x00007ffceb8ad000 	C:\WINDOWS\system32\combase.dll
0x00007ffcead00000 - 0x00007ffcead6a000 	C:\WINDOWS\system32\bcryptPrimitives.dll
0x00007ffced540000 - 0x00007ffced57b000 	C:\WINDOWS\system32\IMM32.DLL
0x0000000062250000 - 0x0000000062322000 	C:\Program Files\Java\jdk1.8.0_51\jre\bin\msvcr100.dll
0x00000000648e0000 - 0x0000000065163000 	C:\Program Files\Java\jdk1.8.0_51\jre\bin\server\jvm.dll
0x00007ffceb620000 - 0x00007ffceb628000 	C:\WINDOWS\system32\PSAPI.DLL
0x00007ffcdc170000 - 0x00007ffcdc179000 	C:\WINDOWS\SYSTEM32\WSOCK32.dll
0x00007ffceb5b0000 - 0x00007ffceb61b000 	C:\WINDOWS\system32\WS2_32.dll
0x00007ffce8760000 - 0x00007ffce8783000 	C:\WINDOWS\SYSTEM32\WINMM.dll
0x00007ffce6c20000 - 0x00007ffce6c2a000 	C:\WINDOWS\SYSTEM32\VERSION.dll
0x00007ffce8700000 - 0x00007ffce872c000 	C:\WINDOWS\SYSTEM32\WINMMBASE.dll
0x00007ffceb1c0000 - 0x00007ffceb203000 	C:\WINDOWS\system32\cfgmgr32.dll
0x00000000647f0000 - 0x00000000647ff000 	C:\Program Files\Java\jdk1.8.0_51\jre\bin\verify.dll
0x00000000647c0000 - 0x00000000647e9000 	C:\Program Files\Java\jdk1.8.0_51\jre\bin\java.dll
0x00000000647a0000 - 0x00000000647b6000 	C:\Program Files\Java\jdk1.8.0_51\jre\bin\zip.dll
0x00007ffcebbe0000 - 0x00007ffced13c000 	C:\WINDOWS\system32\SHELL32.dll
0x00007ffcea5f0000 - 0x00007ffceac35000 	C:\WINDOWS\system32\windows.storage.dll
0x00007ffceba20000 - 0x00007ffceba72000 	C:\WINDOWS\system32\shlwapi.dll
0x00007ffcea510000 - 0x00007ffcea51f000 	C:\WINDOWS\system32\kernel.appcore.dll
0x00007ffceac40000 - 0x00007ffceacf5000 	C:\WINDOWS\system32\shcore.dll
0x00007ffcea520000 - 0x00007ffcea56b000 	C:\WINDOWS\system32\powrprof.dll
0x00007ffcea4e0000 - 0x00007ffcea4f4000 	C:\WINDOWS\system32\profapi.dll
0x00007ffcdaa10000 - 0x00007ffcdab9c000 	C:\WINDOWS\SYSTEM32\dbghelp.dll

VM Arguments:
jvm_args: -Djava.awt.headless=true -Xmx1024M -Dfile.encoding=windows-1252 -Duser.country=US -Duser.language=en -Duser.variant 
java_command: com.android.dx.command.Main --dex --force-jumbo --num-threads=4 --multi-dex --output C:\Users\chyupa\Documents\Android Apps\Capstone\app\build\intermediates\transforms\dex\debug\folders\1000\10\com.google.android.gms-play-services-ads-8.4.0_106d9bb6846f876935334df59881495a0f752576 C:\Users\chyupa\Documents\Android Apps\Capstone\app\build\intermediates\exploded-aar\com.google.android.gms\play-services-ads\8.4.0\jars\classes.jar
java_class_path (initial): C:\Users\chyupa\Documents\android_sdk\build-tools\23.0.3\lib\dx.jar
Launcher Type: SUN_STANDARD

Environment Variables:
JAVA_HOME=C:\Program Files\Java\jdk1.8.0_51
PATH=C:\python27_x64\;C:\python27_x64\Scripts;C:\ProgramData\Oracle\Java\javapath;C:\Windows\system32;C:\Windows;C:\Windows\System32\Wbem;C:\Windows\System32\WindowsPowerShell\v1.0\;C:\Program Files (x86)\NVIDIA Corporation\PhysX\Common;C:\WINDOWS\system32;C:\WINDOWS;C:\WINDOWS\System32\Wbem;C:\WINDOWS\System32\WindowsPowerShell\v1.0\;C:\Program Files (x86)\Google\Cloud SDK\google-cloud-sdk\bin;C:\HashiCorp\Vagrant\bin;C:\Program Files\nodejs\;%GRADLE_HOME%\bin;C:\Program Files (x86)\Skype\Phone\;C:\Users\chyupa\AppData\Local\Code\bin;C:\Users\chyupa\AppData\Roaming\npm;C:\gradle-2.10\bin;C:\Program Files\Java\jdk1.8.0_51\bin;C:\Users\chyupa\AppData\Local\Programs\Git\bin
USERNAME=chyupa
OS=Windows_NT
PROCESSOR_IDENTIFIER=Intel64 Family 6 Model 63 Stepping 2, GenuineIntel



---------------  S Y S T E M  ---------------

OS: Windows 10.0 , 64 bit Build 10586 (10.0.10586.0)

CPU:total 12 (6 cores per cpu, 2 threads per core) family 6 model 63 stepping 2, cmov, cx8, fxsr, mmx, sse, sse2, sse3, ssse3, sse4.1, sse4.2, popcnt, avx, avx2, aes, clmul, erms, lzcnt, ht, tsc, tscinvbit, bmi1, bmi2

Memory: 4k page, physical 16675196k(4885844k free), swap 45853816k(4216k free)

vm_info: Java HotSpot(TM) 64-Bit Server VM (25.51-b03) for windows-amd64 JRE (1.8.0_51-b16), built on Jun  8 2015 18:03:07 by "java_re" with MS VC++ 10.0 (VS2010)

time: Tue May 10 21:32:27 2016
elapsed time: 3 seconds (0d 0h 0m 3s)

