#
# There is insufficient memory for the Java Runtime Environment to continue.
# Native memory allocation (malloc) failed to allocate 476816 bytes for Chunk::new
# Possible reasons:
#   The system is out of physical RAM or swap space
#   In 32 bit mode, the process size limit was hit
# Possible solutions:
#   Reduce memory load on the system
#   Increase physical memory or swap space
#   Check if swap backing store is full
#   Use 64 bit Java on a 64 bit OS
#   Decrease Java heap size (-Xmx/-Xms)
#   Decrease number of Java threads
#   Decrease Java thread stack sizes (-Xss)
#   Set larger code cache with -XX:ReservedCodeCacheSize=
# This output file may be truncated or incomplete.
#
#  Out of Memory Error (allocation.cpp:390), pid=2828, tid=5176
#
# JRE version: Java(TM) SE Runtime Environment (8.0_51-b16) (build 1.8.0_51-b16)
# Java VM: Java HotSpot(TM) 64-Bit Server VM (25.51-b03 mixed mode windows-amd64 compressed oops)
# Failed to write core dump. Minidumps are not enabled by default on client versions of Windows
#

---------------  T H R E A D  ---------------

Current thread (0x0000000016864000):  JavaThread "C2 CompilerThread1" daemon [_thread_in_native, id=5176, stack(0x0000000017eb0000,0x0000000017fb0000)]

Stack: [0x0000000017eb0000,0x0000000017fb0000]
Native frames: (J=compiled Java code, j=interpreted, Vv=VM code, C=native code)
V  [jvm.dll+0x32b4ca]


Current CompileTask:
C2:    943 1239       4       com.android.dx.ssa.SCCP::simulateBranch (666 bytes)


---------------  P R O C E S S  ---------------

Java Threads: ( => current thread )
  0x0000000018400000 JavaThread "pool-2-thread-4" [_thread_in_vm, id=14668, stack(0x0000000018fb0000,0x00000000190b0000)]
  0x0000000018411000 JavaThread "pool-2-thread-3" [_thread_in_Java, id=5928, stack(0x0000000018eb0000,0x0000000018fb0000)]
  0x0000000018410800 JavaThread "pool-2-thread-2" [_thread_in_vm, id=7960, stack(0x0000000018db0000,0x0000000018eb0000)]
  0x0000000016be9000 JavaThread "pool-3-thread-1" [_thread_blocked, id=8904, stack(0x0000000018cb0000,0x0000000018db0000)]
  0x0000000016be8000 JavaThread "pool-2-thread-1" [_thread_in_Java, id=15612, stack(0x0000000018bb0000,0x0000000018cb0000)]
  0x00000000168fc800 JavaThread "Service Thread" daemon [_thread_blocked, id=12860, stack(0x00000000181b0000,0x00000000182b0000)]
  0x0000000016872800 JavaThread "C1 CompilerThread3" daemon [_thread_blocked, id=13448, stack(0x00000000180b0000,0x00000000181b0000)]
  0x000000001686a000 JavaThread "C2 CompilerThread2" daemon [_thread_in_native, id=12564, stack(0x0000000017fb0000,0x00000000180b0000)]
=>0x0000000016864000 JavaThread "C2 CompilerThread1" daemon [_thread_in_native, id=5176, stack(0x0000000017eb0000,0x0000000017fb0000)]
  0x000000001685d000 JavaThread "C2 CompilerThread0" daemon [_thread_in_native, id=14928, stack(0x0000000017db0000,0x0000000017eb0000)]
  0x0000000016859800 JavaThread "Attach Listener" daemon [_thread_blocked, id=1764, stack(0x0000000017cb0000,0x0000000017db0000)]
  0x0000000016856000 JavaThread "Signal Dispatcher" daemon [_thread_blocked, id=1532, stack(0x0000000017bb0000,0x0000000017cb0000)]
  0x000000000243b800 JavaThread "Finalizer" daemon [_thread_blocked, id=6388, stack(0x0000000017ab0000,0x0000000017bb0000)]
  0x000000001515d800 JavaThread "Reference Handler" daemon [_thread_blocked, id=15196, stack(0x00000000179b0000,0x0000000017ab0000)]
  0x0000000002341000 JavaThread "main" [_thread_in_vm, id=8764, stack(0x0000000002240000,0x0000000002340000)]

Other Threads:
  0x0000000015156800 VMThread [stack: 0x00000000178b0000,0x00000000179b0000] [id=7968]
  0x00000000168be800 WatcherThread [stack: 0x00000000182b0000,0x00000000183b0000] [id=9652]

VM state:not at safepoint (normal execution)

VM Mutex/Monitor currently owned by a thread: None

Heap:
 PSYoungGen      total 76288K, used 21807K [0x00000000eab00000, 0x00000000f4000000, 0x0000000100000000)
  eden space 65536K, 18% used [0x00000000eab00000,0x00000000eb68c2e8,0x00000000eeb00000)
  from space 10752K, 92% used [0x00000000eeb00000,0x00000000ef4bfcd0,0x00000000ef580000)
  to   space 10752K, 0% used [0x00000000f3580000,0x00000000f3580000,0x00000000f4000000)
 ParOldGen       total 175104K, used 8K [0x00000000c0000000, 0x00000000cab00000, 0x00000000eab00000)
  object space 175104K, 0% used [0x00000000c0000000,0x00000000c0002000,0x00000000cab00000)
 Metaspace       used 6137K, capacity 7064K, committed 7424K, reserved 1056768K
  class space    used 607K, capacity 656K, committed 768K, reserved 1048576K

Card table byte_map: [0x0000000011800000,0x0000000011a10000] byte_map_base: 0x0000000011200000

Marking Bits: (ParMarkBitMap*) 0x00000000717c4040
 Begin Bits: [0x0000000012570000, 0x0000000013570000)
 End Bits:   [0x0000000013570000, 0x0000000014570000)

Polling page: 0x0000000002080000

CodeCache: size=245760Kb used=5486Kb max_used=5486Kb free=240273Kb
 bounds [0x0000000002440000, 0x00000000029b0000, 0x0000000011440000]
 total_blobs=1703 nmethods=1434 adapters=182
 compilation: enabled

Compilation events (10 events):
Event: 0.933 Thread 0x0000000016872800 1456       2       com.android.dx.ssa.NormalSsaInsn::isMoveException (20 bytes)
Event: 0.933 Thread 0x0000000016872800 nmethod 1456 0x000000000299ad90 code [0x000000000299aee0, 0x000000000299b050]
Event: 0.934 Thread 0x0000000016872800 1457       2       java.util.HashMap::putVal (300 bytes)
Event: 0.934 Thread 0x0000000016872800 nmethod 1457 0x000000000299b110 code [0x000000000299b320, 0x000000000299ba38]
Event: 0.936 Thread 0x0000000016872800 1458       2       java.util.TreeMap::<init> (20 bytes)
Event: 0.936 Thread 0x0000000016872800 nmethod 1458 0x000000000299c090 code [0x000000000299c1e0, 0x000000000299c350]
Event: 0.936 Thread 0x0000000016872800 1459       2       com.android.dx.ssa.back.FirstFitLocalCombiningAllocator::handleCheckCastResults (413 bytes)
Event: 0.939 Thread 0x0000000016872800 nmethod 1459 0x000000000299c3d0 code [0x000000000299c7a0, 0x000000000299d978]
Event: 0.939 Thread 0x0000000016872800 1460       2       com.android.dx.rop.cst.CstLong::getType (4 bytes)
Event: 0.939 Thread 0x0000000016872800 nmethod 1460 0x000000000299f9d0 code [0x000000000299fb20, 0x000000000299fc70]

GC Heap History (2 events):
Event: 0.777 GC heap before
{Heap before GC invocations=1 (full 0):
 PSYoungGen      total 76288K, used 65536K [0x00000000eab00000, 0x00000000f0000000, 0x0000000100000000)
  eden space 65536K, 100% used [0x00000000eab00000,0x00000000eeb00000,0x00000000eeb00000)
  from space 10752K, 0% used [0x00000000ef580000,0x00000000ef580000,0x00000000f0000000)
  to   space 10752K, 0% used [0x00000000eeb00000,0x00000000eeb00000,0x00000000ef580000)
 ParOldGen       total 175104K, used 0K [0x00000000c0000000, 0x00000000cab00000, 0x00000000eab00000)
  object space 175104K, 0% used [0x00000000c0000000,0x00000000c0000000,0x00000000cab00000)
 Metaspace       used 6052K, capacity 7000K, committed 7168K, reserved 1056768K
  class space    used 607K, capacity 656K, committed 768K, reserved 1048576K
Event: 0.826 GC heap after
Heap after GC invocations=1 (full 0):
 PSYoungGen      total 76288K, used 9983K [0x00000000eab00000, 0x00000000f4000000, 0x0000000100000000)
  eden space 65536K, 0% used [0x00000000eab00000,0x00000000eab00000,0x00000000eeb00000)
  from space 10752K, 92% used [0x00000000eeb00000,0x00000000ef4bfcd0,0x00000000ef580000)
  to   space 10752K, 0% used [0x00000000f3580000,0x00000000f3580000,0x00000000f4000000)
 ParOldGen       total 175104K, used 8K [0x00000000c0000000, 0x00000000cab00000, 0x00000000eab00000)
  object space 175104K, 0% used [0x00000000c0000000,0x00000000c0002000,0x00000000cab00000)
 Metaspace       used 6052K, capacity 7000K, committed 7168K, reserved 1056768K
  class space    used 607K, capacity 656K, committed 768K, reserved 1048576K
}

Deoptimization events (10 events):
Event: 0.513 Thread 0x0000000016be8000 Uncommon trap: reason=null_check action=make_not_entrant pc=0x0000000002781aec method=com.android.dx.ssa.SsaRenamer.getLocalForNewReg(I)Lcom/android/dx/rop/code/LocalItem; @ 19
Event: 0.514 Thread 0x0000000016be8000 Uncommon trap: reason=null_check action=make_not_entrant pc=0x000000000276668c method=com.android.dx.ssa.SsaRenamer.getLocalForNewReg(I)Lcom/android/dx/rop/code/LocalItem; @ 19
Event: 0.551 Thread 0x0000000018410800 Uncommon trap: reason=bimorphic action=maybe_recompile pc=0x00000000026b3d20 method=java.util.HashMap.getNode(ILjava/lang/Object;)Ljava/util/HashMap$Node; @ 126
Event: 0.737 Thread 0x0000000002341000 Uncommon trap: reason=unstable_if action=reinterpret pc=0x0000000002712a1c method=com.android.dx.rop.cst.Constant.compareTo(Lcom/android/dx/rop/cst/Constant;)I @ 12
Event: 0.739 Thread 0x0000000018410800 Uncommon trap: reason=bimorphic action=maybe_recompile pc=0x00000000026b3d20 method=java.util.HashMap.getNode(ILjava/lang/Object;)Ljava/util/HashMap$Node; @ 126
Event: 0.748 Thread 0x0000000016be8000 Uncommon trap: reason=unstable_if action=reinterpret pc=0x00000000028f9f7c method=com.android.dx.ssa.SCCP.simulateStmt(Lcom/android/dx/ssa/SsaInsn;)V @ 59
Event: 0.750 Thread 0x0000000016be8000 Uncommon trap: reason=unstable_if action=reinterpret pc=0x00000000027163ec method=java.util.HashMap.putVal(ILjava/lang/Object;Ljava/lang/Object;ZZ)Ljava/lang/Object; @ 162
Event: 0.752 Thread 0x0000000016be8000 Uncommon trap: reason=unstable_if action=reinterpret pc=0x00000000026b3d08 method=java.util.HashMap.getNode(ILjava/lang/Object;)Ljava/util/HashMap$Node; @ 84
Event: 0.764 Thread 0x0000000018410800 Uncommon trap: reason=unstable_if action=reinterpret pc=0x00000000026d3a74 method=java.util.HashMap.getNode(ILjava/lang/Object;)Ljava/util/HashMap$Node; @ 84
Event: 0.930 Thread 0x0000000018400000 Uncommon trap: reason=unstable_if action=reinterpret pc=0x0000000002920854 method=java.util.HashMap.putVal(ILjava/lang/Object;Ljava/lang/Object;ZZ)Ljava/lang/Object; @ 94

Internal exceptions (7 events):
Event: 0.038 Thread 0x0000000002341000 Exception <a 'java/lang/NoSuchMethodError': Method sun.misc.Unsafe.defineClass(Ljava/lang/String;[BII)Ljava/lang/Class; name or signature does not match> (0x00000000eab0d530) thrown at [C:\re\workspace\8-2-build-windows-amd64-cygwin\jdk8u51\3951\hotspot\sr$0ó.>£?
Event: 0.038 Thread 0x0000000002341000 Exception <a 'java/lang/NoSuchMethodError': Method sun.misc.Unsafe.prefetchRead(Ljava/lang/Object;J)V name or signature does not match> (0x00000000eab0d7c0) thrown at [C:\re\workspace\8-2-build-windows-amd64-cygwin\jdk8u51\3951\hotspot\src\share\vm\prims\j´õ´dnà?
Event: 0.513 Thread 0x0000000016be8000 Implicit null exception at 0x000000000277f614 to 0x0000000002781aa5
Event: 0.514 Thread 0x0000000016be8000 Implicit null exception at 0x00000000027644d4 to 0x0000000002766661
Event: 0.751 Thread 0x0000000016be8000 Exception <a 'java/lang/ArrayIndexOutOfBoundsException': 18> (0x00000000ee31eac8) thrown at [C:\re\workspace\8-2-build-windows-amd64-cygwin\jdk8u51\3951\hotspot\src\share\vm\interpreter\interpreterRuntime.cpp, line 366]
Event: 0.751 Thread 0x0000000016be8000 Exception <a 'java/lang/ArrayIndexOutOfBoundsException': 145> (0x00000000ee320598) thrown at [C:\re\workspace\8-2-build-windows-amd64-cygwin\jdk8u51\3951\hotspot\src\share\vm\interpreter\interpreterRuntime.cpp, line 366]
Event: 0.752 Thread 0x0000000016be8000 Exception <a 'java/lang/ArrayIndexOutOfBoundsException': 40> (0x00000000ee3217d0) thrown at [C:\re\workspace\8-2-build-windows-amd64-cygwin\jdk8u51\3951\hotspot\src\share\vm\interpreter\interpreterRuntime.cpp, line 366]

Events (10 events):
Event: 0.764 Thread 0x0000000018410800 DEOPT UNPACKING pc=0x000000000248582a sp=0x0000000018eae8d8 mode 2
Event: 0.772 loading class com/android/dx/cf/code/BytecodeArray$ConstantParserVisitor
Event: 0.772 loading class com/android/dx/cf/code/BytecodeArray$ConstantParserVisitor done
Event: 0.774 Executing VM operation: ParallelGCFailedAllocation
Event: 0.826 Executing VM operation: ParallelGCFailedAllocation done
Event: 0.927 loading class com/android/dx/cf/code/SwitchList
Event: 0.927 loading class com/android/dx/cf/code/SwitchList done
Event: 0.930 Thread 0x0000000018400000 Uncommon trap: trap_request=0xffffff65 fr.pc=0x0000000002920854
Event: 0.930 Thread 0x0000000018400000 DEOPT PACKING pc=0x0000000002920854 sp=0x00000000190ae530
Event: 0.930 Thread 0x0000000018400000 DEOPT UNPACKING pc=0x000000000248582a sp=0x00000000190ae4c0 mode 2


Dynamic libraries:
0x00007ff753490000 - 0x00007ff7534c7000 	C:\Program Files\Java\jdk1.8.0_51\bin\java.exe
0x00007ffcabda0000 - 0x00007ffcabf61000 	C:\WINDOWS\SYSTEM32\ntdll.dll
0x00007ffcab180000 - 0x00007ffcab22d000 	C:\WINDOWS\system32\KERNEL32.DLL
0x00007ffca88e0000 - 0x00007ffca8ac8000 	C:\WINDOWS\system32\KERNELBASE.dll
0x00007ffcab9b0000 - 0x00007ffcaba57000 	C:\WINDOWS\system32\ADVAPI32.dll
0x00007ffcaab60000 - 0x00007ffcaabfd000 	C:\WINDOWS\system32\msvcrt.dll
0x00007ffcaba60000 - 0x00007ffcababb000 	C:\WINDOWS\system32\sechost.dll
0x00007ffcaa7d0000 - 0x00007ffcaa8ec000 	C:\WINDOWS\system32\RPCRT4.dll
0x00007ffcab020000 - 0x00007ffcab176000 	C:\WINDOWS\system32\USER32.dll
0x00007ffcaa950000 - 0x00007ffcaaad6000 	C:\WINDOWS\system32\GDI32.dll
0x00007ffca4690000 - 0x00007ffca4904000 	C:\WINDOWS\WinSxS\amd64_microsoft.windows.common-controls_6595b64144ccf1df_6.0.10586.0_none_8c15ae12515e1c22\COMCTL32.dll
0x00007ffcaac00000 - 0x00007ffcaae7d000 	C:\WINDOWS\system32\combase.dll
0x00007ffca87b0000 - 0x00007ffca881a000 	C:\WINDOWS\system32\bcryptPrimitives.dll
0x00007ffcab390000 - 0x00007ffcab3cb000 	C:\WINDOWS\system32\IMM32.DLL
0x000000006e890000 - 0x000000006e962000 	C:\Program Files\Java\jdk1.8.0_51\jre\bin\msvcr100.dll
0x0000000070fc0000 - 0x0000000071843000 	C:\Program Files\Java\jdk1.8.0_51\jre\bin\server\jvm.dll
0x00007ffcaab50000 - 0x00007ffcaab58000 	C:\WINDOWS\system32\PSAPI.DLL
0x00007ffca25f0000 - 0x00007ffca25f9000 	C:\WINDOWS\SYSTEM32\WSOCK32.dll
0x00007ffca6410000 - 0x00007ffca6433000 	C:\WINDOWS\SYSTEM32\WINMM.dll
0x00007ffca4a00000 - 0x00007ffca4a0a000 	C:\WINDOWS\SYSTEM32\VERSION.dll
0x00007ffcaaae0000 - 0x00007ffcaab4b000 	C:\WINDOWS\system32\WS2_32.dll
0x00007ffca63b0000 - 0x00007ffca63dc000 	C:\WINDOWS\SYSTEM32\WINMMBASE.dll
0x00007ffca8620000 - 0x00007ffca8663000 	C:\WINDOWS\system32\cfgmgr32.dll
0x0000000070ed0000 - 0x0000000070edf000 	C:\Program Files\Java\jdk1.8.0_51\jre\bin\verify.dll
0x0000000070ea0000 - 0x0000000070ec9000 	C:\Program Files\Java\jdk1.8.0_51\jre\bin\java.dll
0x0000000070e80000 - 0x0000000070e96000 	C:\Program Files\Java\jdk1.8.0_51\jre\bin\zip.dll
0x00007ffca91a0000 - 0x00007ffcaa6fc000 	C:\WINDOWS\system32\SHELL32.dll
0x00007ffca8ad0000 - 0x00007ffca9115000 	C:\WINDOWS\system32\windows.storage.dll
0x00007ffcab800000 - 0x00007ffcab852000 	C:\WINDOWS\system32\shlwapi.dll
0x00007ffca8440000 - 0x00007ffca844f000 	C:\WINDOWS\system32\kernel.appcore.dll
0x00007ffca8820000 - 0x00007ffca88d5000 	C:\WINDOWS\system32\shcore.dll
0x00007ffca83c0000 - 0x00007ffca840b000 	C:\WINDOWS\system32\powrprof.dll
0x00007ffca8420000 - 0x00007ffca8434000 	C:\WINDOWS\system32\profapi.dll
0x00007ffc8cea0000 - 0x00007ffc8d02c000 	C:\WINDOWS\SYSTEM32\dbghelp.dll

VM Arguments:
jvm_args: -Djava.awt.headless=true -Xmx1024M -Dfile.encoding=windows-1252 -Duser.country=US -Duser.language=en -Duser.variant 
java_command: com.android.dx.command.Main --dex --force-jumbo --num-threads=4 --multi-dex --output C:\Users\chyupa\Documents\Android Apps\Capstone\app\build\intermediates\transforms\dex\debug\folders\1000\10\okhttp-3.2.0_5c08361b3b413a041847b959f1c9388fef412598 C:\Users\chyupa\.gradle\caches\modules-2\files-2.1\com.squareup.okhttp3\okhttp\3.2.0\f7873a2ebde246a45c2a8d6f3247108b4c88a879\okhttp-3.2.0.jar
java_class_path (initial): C:\Users\chyupa\Documents\android_sdk\build-tools\23.0.3\lib\dx.jar
Launcher Type: SUN_STANDARD

Environment Variables:
JAVA_HOME=C:\Program Files\Java\jdk1.8.0_51
PATH=C:\python27_x64\;C:\python27_x64\Scripts;C:\ProgramData\Oracle\Java\javapath;C:\Windows\system32;C:\Windows;C:\Windows\System32\Wbem;C:\Windows\System32\WindowsPowerShell\v1.0\;C:\Program Files (x86)\NVIDIA Corporation\PhysX\Common;C:\WINDOWS\system32;C:\WINDOWS;C:\WINDOWS\System32\Wbem;C:\WINDOWS\System32\WindowsPowerShell\v1.0\;C:\Program Files (x86)\Google\Cloud SDK\google-cloud-sdk\bin;C:\HashiCorp\Vagrant\bin;C:\Program Files\nodejs\;%GRADLE_HOME%\bin;C:\Program Files (x86)\Skype\Phone\;C:\Users\chyupa\AppData\Local\Code\bin;C:\Users\chyupa\AppData\Roaming\npm;C:\gradle-2.10\bin;C:\Program Files\Java\jdk1.8.0_51\bin;C:\Users\chyupa\AppData\Local\Programs\Git\bin
USERNAME=chyupa
OS=Windows_NT
PROCESSOR_IDENTIFIER=Intel64 Family 6 Model 63 Stepping 2, GenuineIntel



---------------  S Y S T E M  ---------------

OS: Windows 10.0 , 64 bit Build 10586 (10.0.10586.0)

CPU:total 12 (6 cores per cpu, 2 threads per core) family 6 model 63 stepping 2, cmov, cx8, fxsr, mmx, sse, sse2, sse3, ssse3, sse4.1, sse4.2, popcnt, avx, avx2, aes, clmul, erms, lzcnt, ht, tsc, tscinvbit, bmi1, bmi2

Memory: 4k page, physical 16675196k(6283136k free), swap 45853816k(5128k free)

vm_info: Java HotSpot(TM) 64-Bit Server VM (25.51-b03) for windows-amd64 JRE (1.8.0_51-b16), built on Jun  8 2015 18:03:07 by "java_re" with MS VC++ 10.0 (VS2010)

time: Mon May 09 22:43:25 2016
elapsed time: 0 seconds (0d 0h 0m 0s)

