#
# There is insufficient memory for the Java Runtime Environment to continue.
# Native memory allocation (malloc) failed to allocate 571696 bytes for Chunk::new
# Possible reasons:
#   The system is out of physical RAM or swap space
#   In 32 bit mode, the process size limit was hit
# Possible solutions:
#   Reduce memory load on the system
#   Increase physical memory or swap space
#   Check if swap backing store is full
#   Use 64 bit Java on a 64 bit OS
#   Decrease Java heap size (-Xmx/-Xms)
#   Decrease number of Java threads
#   Decrease Java thread stack sizes (-Xss)
#   Set larger code cache with -XX:ReservedCodeCacheSize=
# This output file may be truncated or incomplete.
#
#  Out of Memory Error (allocation.cpp:390), pid=13600, tid=9008
#
# JRE version: Java(TM) SE Runtime Environment (8.0_51-b16) (build 1.8.0_51-b16)
# Java VM: Java HotSpot(TM) 64-Bit Server VM (25.51-b03 mixed mode windows-amd64 compressed oops)
# Failed to write core dump. Minidumps are not enabled by default on client versions of Windows
#

---------------  T H R E A D  ---------------

Current thread (0x0000000016771000):  JavaThread "C2 CompilerThread0" daemon [_thread_in_native, id=9008, stack(0x0000000017cc0000,0x0000000017dc0000)]

Stack: [0x0000000017cc0000,0x0000000017dc0000]
Native frames: (J=compiled Java code, j=interpreted, Vv=VM code, C=native code)
V  [jvm.dll+0x32b4ca]
V  [jvm.dll+0x2797e3]
V  [jvm.dll+0x27a479]
V  [jvm.dll+0x271765]
V  [jvm.dll+0xcba02]
V  [jvm.dll+0xcbecc]
V  [jvm.dll+0x476f72]
V  [jvm.dll+0x4b95ff]
V  [jvm.dll+0x46c011]
V  [jvm.dll+0x46cd4e]
V  [jvm.dll+0x4501a2]
V  [jvm.dll+0xa43a2]
V  [jvm.dll+0xa4cdf]
V  [jvm.dll+0x2418a4]
V  [jvm.dll+0x29846a]
C  [msvcr100.dll+0x21d9f]
C  [msvcr100.dll+0x21e3b]
C  [KERNEL32.DLL+0x18102]
C  [ntdll.dll+0x5c5b4]


Current CompileTask:
C2:    511  656       4       com.android.dx.ssa.NormalSsaInsn::accept (25 bytes)


---------------  P R O C E S S  ---------------

Java Threads: ( => current thread )
  0x0000000016ac2800 JavaThread "pool-2-thread-4" [_thread_in_Java, id=5164, stack(0x0000000018ec0000,0x0000000018fc0000)]
  0x0000000016a7c800 JavaThread "pool-2-thread-3" [_thread_in_vm, id=4436, stack(0x0000000018dc0000,0x0000000018ec0000)]
  0x0000000016a23800 JavaThread "pool-2-thread-2" [_thread_in_vm, id=11660, stack(0x0000000018cc0000,0x0000000018dc0000)]
  0x0000000016a23000 JavaThread "pool-3-thread-1" [_thread_blocked, id=992, stack(0x0000000018bc0000,0x0000000018cc0000)]
  0x0000000016a20800 JavaThread "pool-2-thread-1" [_thread_in_Java, id=3116, stack(0x0000000018ac0000,0x0000000018bc0000)]
  0x0000000016804000 JavaThread "Service Thread" daemon [_thread_blocked, id=7304, stack(0x00000000180c0000,0x00000000181c0000)]
  0x000000001677d000 JavaThread "C1 CompilerThread3" daemon [_thread_in_native, id=9036, stack(0x0000000017fc0000,0x00000000180c0000)]
  0x000000001677c000 JavaThread "C2 CompilerThread2" daemon [_thread_in_native, id=3852, stack(0x0000000017ec0000,0x0000000017fc0000)]
  0x0000000016776800 JavaThread "C2 CompilerThread1" daemon [_thread_in_native, id=13272, stack(0x0000000017dc0000,0x0000000017ec0000)]
=>0x0000000016771000 JavaThread "C2 CompilerThread0" daemon [_thread_in_native, id=9008, stack(0x0000000017cc0000,0x0000000017dc0000)]
  0x000000001507e800 JavaThread "Attach Listener" daemon [_thread_blocked, id=1512, stack(0x0000000017bc0000,0x0000000017cc0000)]
  0x000000001507d800 JavaThread "Signal Dispatcher" daemon [_thread_blocked, id=4068, stack(0x0000000017ac0000,0x0000000017bc0000)]
  0x000000000234c000 JavaThread "Finalizer" daemon [_thread_blocked, id=5132, stack(0x00000000179c0000,0x0000000017ac0000)]
  0x000000001506d000 JavaThread "Reference Handler" daemon [_thread_blocked, id=9192, stack(0x00000000178c0000,0x00000000179c0000)]
  0x0000000002251000 JavaThread "main" [_thread_in_Java, id=11192, stack(0x00000000020e0000,0x00000000021e0000)]

Other Threads:
  0x0000000015066800 VMThread [stack: 0x00000000177c0000,0x00000000178c0000] [id=3684]
  0x0000000016805800 WatcherThread [stack: 0x00000000181c0000,0x00000000182c0000] [id=10848]

VM state:not at safepoint (normal execution)

VM Mutex/Monitor currently owned by a thread: None

Heap:
 PSYoungGen      total 76288K, used 26475K [0x00000000eab00000, 0x00000000f0000000, 0x0000000100000000)
  eden space 65536K, 40% used [0x00000000eab00000,0x00000000ec4dafe0,0x00000000eeb00000)
  from space 10752K, 0% used [0x00000000ef580000,0x00000000ef580000,0x00000000f0000000)
  to   space 10752K, 0% used [0x00000000eeb00000,0x00000000eeb00000,0x00000000ef580000)
 ParOldGen       total 175104K, used 0K [0x00000000c0000000, 0x00000000cab00000, 0x00000000eab00000)
  object space 175104K, 0% used [0x00000000c0000000,0x00000000c0000000,0x00000000cab00000)
 Metaspace       used 5682K, capacity 6704K, committed 6784K, reserved 1056768K
  class space    used 582K, capacity 616K, committed 640K, reserved 1048576K

Card table byte_map: [0x0000000011710000,0x0000000011920000] byte_map_base: 0x0000000011110000

Marking Bits: (ParMarkBitMap*) 0x00000000650e4040
 Begin Bits: [0x0000000012480000, 0x0000000013480000)
 End Bits:   [0x0000000013480000, 0x0000000014480000)

Polling page: 0x0000000002080000

CodeCache: size=245760Kb used=2885Kb max_used=2897Kb free=242874Kb
 bounds [0x0000000002350000, 0x0000000002630000, 0x0000000011350000]
 total_blobs=1013 nmethods=744 adapters=182
 compilation: enabled

Compilation events (10 events):
Event: 0.500 Thread 0x000000001677d000 nmethod 742 0x0000000002605390 code [0x0000000002605560, 0x0000000002605e18]
Event: 0.500 Thread 0x000000001677d000  597       1       com.android.dx.rop.cst.CstLiteral32::hashCode (5 bytes)
Event: 0.500 Thread 0x000000001677d000 nmethod 597 0x00000000026027d0 code [0x0000000002602920, 0x0000000002602a30]
Event: 0.500 Thread 0x000000001677d000  697       3       com.android.dx.ssa.NormalSsaInsn::<init> (15 bytes)
Event: 0.501 Thread 0x000000001677d000 nmethod 697 0x00000000026078d0 code [0x0000000002607a60, 0x0000000002607e68]
Event: 0.501 Thread 0x000000001677d000  724       3       java.util.ArrayList::subList (22 bytes)
Event: 0.501 Thread 0x000000001677d000 nmethod 724 0x0000000002607410 code [0x0000000002607580, 0x00000000026077d8]
Event: 0.501 Thread 0x000000001677d000  743       3       com.android.dx.ssa.SsaRenamer$BlockRenamer::visitNonMoveInsn (14 bytes)
Event: 0.501 Thread 0x000000001677d000 nmethod 743 0x0000000002606f50 code [0x00000000026070c0, 0x0000000002607318]
Event: 0.501 Thread 0x000000001677d000  725       3       java.util.ArrayList::subListRangeCheck (110 bytes)

GC Heap History (0 events):
No events

Deoptimization events (2 events):
Event: 0.445 Thread 0x0000000016a7c800 Uncommon trap: reason=unstable_if action=reinterpret pc=0x00000000025921b0 method=java.util.HashMap.getNode(ILjava/lang/Object;)Ljava/util/HashMap$Node; @ 62
Event: 0.470 Thread 0x0000000016a7c800 Uncommon trap: reason=unstable_if action=reinterpret pc=0x00000000025a7270 method=java.util.BitSet.nextSetBit(I)I @ 87

Internal exceptions (2 events):
Event: 0.055 Thread 0x0000000002251000 Exception <a 'java/lang/NoSuchMethodError': Method sun.misc.Unsafe.defineClass(Ljava/lang/String;[BII)Ljava/lang/Class; name or signature does not match> (0x00000000eab0d590) thrown at [C:\re\workspace\8-2-build-windows-amd64-cygwin\jdk8u51\3951\hotspot\srÅ¡ºjs?¨?
Event: 0.055 Thread 0x0000000002251000 Exception <a 'java/lang/NoSuchMethodError': Method sun.misc.Unsafe.prefetchRead(Ljava/lang/Object;J)V name or signature does not match> (0x00000000eab0d820) thrown at [C:\re\workspace\8-2-build-windows-amd64-cygwin\jdk8u51\3951\hotspot\src\share\vm\prims\j

Events (10 events):
Event: 0.470 Thread 0x0000000016a7c800 DEOPT PACKING pc=0x00000000025a7270 sp=0x0000000018ebea20
Event: 0.471 Thread 0x0000000016a7c800 DEOPT UNPACKING pc=0x000000000239582a sp=0x0000000018ebe9b8 mode 2
Event: 0.474 Thread 0x0000000016ac2800 DEOPT PACKING pc=0x00000000025a2c82 sp=0x0000000018fbeb00
Event: 0.474 Thread 0x0000000016ac2800 DEOPT UNPACKING pc=0x000000000239787f sp=0x0000000018fbe878 mode 0
Event: 0.476 Thread 0x0000000016ac2800 DEOPT PACKING pc=0x00000000025a2c82 sp=0x0000000018fbeb00
Event: 0.476 Thread 0x0000000016ac2800 DEOPT UNPACKING pc=0x000000000239787f sp=0x0000000018fbe878 mode 0
Event: 0.477 Thread 0x0000000016ac2800 DEOPT PACKING pc=0x00000000025a2c82 sp=0x0000000018fbeb00
Event: 0.477 Thread 0x0000000016ac2800 DEOPT UNPACKING pc=0x000000000239787f sp=0x0000000018fbe878 mode 0
Event: 0.497 loading class java/util/ArrayList$1
Event: 0.497 loading class java/util/ArrayList$1 done


Dynamic libraries:
0x00007ff74f270000 - 0x00007ff74f2a7000 	C:\Program Files\Java\jdk1.8.0_51\bin\java.exe
0x00007ffcedec0000 - 0x00007ffcee081000 	C:\WINDOWS\SYSTEM32\ntdll.dll
0x00007ffced140000 - 0x00007ffced1ed000 	C:\WINDOWS\system32\KERNEL32.DLL
0x00007ffcead70000 - 0x00007ffceaf58000 	C:\WINDOWS\system32\KERNELBASE.dll
0x00007ffceddb0000 - 0x00007ffcede57000 	C:\WINDOWS\system32\ADVAPI32.dll
0x00007ffcedbb0000 - 0x00007ffcedc4d000 	C:\WINDOWS\system32\msvcrt.dll
0x00007ffcede60000 - 0x00007ffcedebb000 	C:\WINDOWS\system32\sechost.dll
0x00007ffced9c0000 - 0x00007ffcedadc000 	C:\WINDOWS\system32\RPCRT4.dll
0x00007ffceba80000 - 0x00007ffcebbd6000 	C:\WINDOWS\system32\USER32.dll
0x00007ffced3b0000 - 0x00007ffced536000 	C:\WINDOWS\system32\GDI32.dll
0x00007ffce68f0000 - 0x00007ffce6b64000 	C:\WINDOWS\WinSxS\amd64_microsoft.windows.common-controls_6595b64144ccf1df_6.0.10586.0_none_8c15ae12515e1c22\COMCTL32.dll
0x00007ffceb630000 - 0x00007ffceb8ad000 	C:\WINDOWS\system32\combase.dll
0x00007ffcead00000 - 0x00007ffcead6a000 	C:\WINDOWS\system32\bcryptPrimitives.dll
0x00007ffced540000 - 0x00007ffced57b000 	C:\WINDOWS\system32\IMM32.DLL
0x0000000062250000 - 0x0000000062322000 	C:\Program Files\Java\jdk1.8.0_51\jre\bin\msvcr100.dll
0x00000000648e0000 - 0x0000000065163000 	C:\Program Files\Java\jdk1.8.0_51\jre\bin\server\jvm.dll
0x00007ffceb620000 - 0x00007ffceb628000 	C:\WINDOWS\system32\PSAPI.DLL
0x00007ffcdc170000 - 0x00007ffcdc179000 	C:\WINDOWS\SYSTEM32\WSOCK32.dll
0x00007ffceb5b0000 - 0x00007ffceb61b000 	C:\WINDOWS\system32\WS2_32.dll
0x00007ffce8760000 - 0x00007ffce8783000 	C:\WINDOWS\SYSTEM32\WINMM.dll
0x00007ffce6c20000 - 0x00007ffce6c2a000 	C:\WINDOWS\SYSTEM32\VERSION.dll
0x00007ffce8700000 - 0x00007ffce872c000 	C:\WINDOWS\SYSTEM32\WINMMBASE.dll
0x00007ffceb1c0000 - 0x00007ffceb203000 	C:\WINDOWS\system32\cfgmgr32.dll
0x00000000647f0000 - 0x00000000647ff000 	C:\Program Files\Java\jdk1.8.0_51\jre\bin\verify.dll
0x00000000647c0000 - 0x00000000647e9000 	C:\Program Files\Java\jdk1.8.0_51\jre\bin\java.dll
0x00000000647a0000 - 0x00000000647b6000 	C:\Program Files\Java\jdk1.8.0_51\jre\bin\zip.dll
0x00007ffcebbe0000 - 0x00007ffced13c000 	C:\WINDOWS\system32\SHELL32.dll
0x00007ffcea5f0000 - 0x00007ffceac35000 	C:\WINDOWS\system32\windows.storage.dll
0x00007ffceba20000 - 0x00007ffceba72000 	C:\WINDOWS\system32\shlwapi.dll
0x00007ffcea510000 - 0x00007ffcea51f000 	C:\WINDOWS\system32\kernel.appcore.dll
0x00007ffceac40000 - 0x00007ffceacf5000 	C:\WINDOWS\system32\shcore.dll
0x00007ffcea520000 - 0x00007ffcea56b000 	C:\WINDOWS\system32\powrprof.dll
0x00007ffcea4e0000 - 0x00007ffcea4f4000 	C:\WINDOWS\system32\profapi.dll
0x00007ffcdaa10000 - 0x00007ffcdab9c000 	C:\WINDOWS\SYSTEM32\dbghelp.dll

VM Arguments:
jvm_args: -Djava.awt.headless=true -Xmx1024M -Dfile.encoding=windows-1252 -Duser.country=US -Duser.language=en -Duser.variant 
java_command: com.android.dx.command.Main --dex --force-jumbo --num-threads=4 --multi-dex --output C:\Users\chyupa\Documents\Android Apps\Capstone\app\build\intermediates\transforms\dex\debug\folders\1000\10\com.google.android.gms-play-services-fitness-8.4.0_2a341ad135ad419d171e8475e8c2679d1d09451e C:\Users\chyupa\Documents\Android Apps\Capstone\app\build\intermediates\exploded-aar\com.google.android.gms\play-services-fitness\8.4.0\jars\classes.jar
java_class_path (initial): C:\Users\chyupa\Documents\android_sdk\build-tools\23.0.3\lib\dx.jar
Launcher Type: SUN_STANDARD

Environment Variables:
JAVA_HOME=C:\Program Files\Java\jdk1.8.0_51
PATH=C:\python27_x64\;C:\python27_x64\Scripts;C:\ProgramData\Oracle\Java\javapath;C:\Windows\system32;C:\Windows;C:\Windows\System32\Wbem;C:\Windows\System32\WindowsPowerShell\v1.0\;C:\Program Files (x86)\NVIDIA Corporation\PhysX\Common;C:\WINDOWS\system32;C:\WINDOWS;C:\WINDOWS\System32\Wbem;C:\WINDOWS\System32\WindowsPowerShell\v1.0\;C:\Program Files (x86)\Google\Cloud SDK\google-cloud-sdk\bin;C:\HashiCorp\Vagrant\bin;C:\Program Files\nodejs\;%GRADLE_HOME%\bin;C:\Program Files (x86)\Skype\Phone\;C:\Users\chyupa\AppData\Local\Code\bin;C:\Users\chyupa\AppData\Roaming\npm;C:\gradle-2.10\bin;C:\Program Files\Java\jdk1.8.0_51\bin;C:\Users\chyupa\AppData\Local\Programs\Git\bin
USERNAME=chyupa
OS=Windows_NT
PROCESSOR_IDENTIFIER=Intel64 Family 6 Model 63 Stepping 2, GenuineIntel



---------------  S Y S T E M  ---------------

OS: Windows 10.0 , 64 bit Build 10586 (10.0.10586.0)

CPU:total 12 (6 cores per cpu, 2 threads per core) family 6 model 63 stepping 2, cmov, cx8, fxsr, mmx, sse, sse2, sse3, ssse3, sse4.1, sse4.2, popcnt, avx, avx2, aes, clmul, erms, lzcnt, ht, tsc, tscinvbit, bmi1, bmi2

Memory: 4k page, physical 16675196k(4918116k free), swap 45853816k(5124k free)

vm_info: Java HotSpot(TM) 64-Bit Server VM (25.51-b03) for windows-amd64 JRE (1.8.0_51-b16), built on Jun  8 2015 18:03:07 by "java_re" with MS VC++ 10.0 (VS2010)

time: Tue May 10 21:32:21 2016
elapsed time: 0 seconds (0d 0h 0m 0s)

