#
# There is insufficient memory for the Java Runtime Environment to continue.
# Native memory allocation (malloc) failed to allocate 1516576 bytes for Chunk::new
# Possible reasons:
#   The system is out of physical RAM or swap space
#   In 32 bit mode, the process size limit was hit
# Possible solutions:
#   Reduce memory load on the system
#   Increase physical memory or swap space
#   Check if swap backing store is full
#   Use 64 bit Java on a 64 bit OS
#   Decrease Java heap size (-Xmx/-Xms)
#   Decrease number of Java threads
#   Decrease Java thread stack sizes (-Xss)
#   Set larger code cache with -XX:ReservedCodeCacheSize=
# This output file may be truncated or incomplete.
#
#  Out of Memory Error (allocation.cpp:390), pid=3556, tid=5772
#
# JRE version: Java(TM) SE Runtime Environment (8.0_51-b16) (build 1.8.0_51-b16)
# Java VM: Java HotSpot(TM) 64-Bit Server VM (25.51-b03 mixed mode windows-amd64 compressed oops)
# Failed to write core dump. Minidumps are not enabled by default on client versions of Windows
#

---------------  T H R E A D  ---------------

Current thread (0x000000001680a800):  JavaThread "C2 CompilerThread2" daemon [_thread_in_native, id=5772, stack(0x0000000017f60000,0x0000000018060000)]

Stack: [0x0000000017f60000,0x0000000018060000]
Native frames: (J=compiled Java code, j=interpreted, Vv=VM code, C=native code)
V  [jvm.dll+0x32b4ca]
V  [jvm.dll+0x2797e3]
V  [jvm.dll+0x27a479]
V  [jvm.dll+0x271765]
V  [jvm.dll+0xcba02]
V  [jvm.dll+0xcbecc]
V  [jvm.dll+0x476f72]
V  [jvm.dll+0x4b95ff]
V  [jvm.dll+0x46c011]
V  [jvm.dll+0x46cd4e]
V  [jvm.dll+0x4501a2]
V  [jvm.dll+0xa43a2]
V  [jvm.dll+0xa4cdf]
V  [jvm.dll+0x2418a4]
V  [jvm.dll+0x29846a]
C  [msvcr100.dll+0x21d9f]
C  [msvcr100.dll+0x21e3b]
C  [KERNEL32.DLL+0x18102]
C  [ntdll.dll+0x5c5b4]


Current CompileTask:
C2:   1917 1960   !   4       com.android.dx.cf.code.RopperMachine::run (1550 bytes)


---------------  P R O C E S S  ---------------

Java Threads: ( => current thread )
  0x0000000018442800 JavaThread "pool-2-thread-4" [_thread_blocked, id=3984, stack(0x0000000019f30000,0x000000001a030000)]
  0x0000000018b9c000 JavaThread "pool-2-thread-3" [_thread_in_Java, id=8000, stack(0x0000000019e30000,0x0000000019f30000)]
  0x0000000018bb5000 JavaThread "pool-2-thread-2" [_thread_in_Java, id=1500, stack(0x0000000019d30000,0x0000000019e30000)]
  0x0000000018bfe800 JavaThread "pool-3-thread-1" [_thread_blocked, id=12716, stack(0x0000000019c30000,0x0000000019d30000)]
  0x0000000018933000 JavaThread "pool-2-thread-1" [_thread_in_Java, id=1120, stack(0x0000000019b30000,0x0000000019c30000)]
  0x0000000016889800 JavaThread "Service Thread" daemon [_thread_blocked, id=14316, stack(0x0000000018160000,0x0000000018260000)]
  0x000000001680b000 JavaThread "C1 CompilerThread3" daemon [_thread_blocked, id=13396, stack(0x0000000018060000,0x0000000018160000)]
=>0x000000001680a800 JavaThread "C2 CompilerThread2" daemon [_thread_in_native, id=5772, stack(0x0000000017f60000,0x0000000018060000)]
  0x0000000016804800 JavaThread "C2 CompilerThread1" daemon [_thread_in_native, id=672, stack(0x0000000017e60000,0x0000000017f60000)]
  0x00000000167fd800 JavaThread "C2 CompilerThread0" daemon [_thread_in_native, id=8768, stack(0x0000000017d60000,0x0000000017e60000)]
  0x00000000167f9800 JavaThread "Attach Listener" daemon [_thread_blocked, id=7080, stack(0x0000000017c60000,0x0000000017d60000)]
  0x000000001513e800 JavaThread "Signal Dispatcher" daemon [_thread_blocked, id=1308, stack(0x0000000017b60000,0x0000000017c60000)]
  0x0000000002406000 JavaThread "Finalizer" daemon [_thread_blocked, id=9520, stack(0x0000000017a60000,0x0000000017b60000)]
  0x0000000002405000 JavaThread "Reference Handler" daemon [_thread_blocked, id=6396, stack(0x0000000017960000,0x0000000017a60000)]
  0x0000000002311000 JavaThread "main" [_thread_blocked, id=12528, stack(0x0000000002210000,0x0000000002310000)]

Other Threads:
  0x0000000015127000 VMThread [stack: 0x0000000017860000,0x0000000017960000] [id=4988]
  0x00000000168a3800 WatcherThread [stack: 0x0000000018260000,0x0000000018360000] [id=3880]

VM state:not at safepoint (normal execution)

VM Mutex/Monitor currently owned by a thread: None

Heap:
 PSYoungGen      total 141824K, used 36677K [0x00000000eab00000, 0x00000000fc000000, 0x0000000100000000)
  eden space 131072K, 19% used [0x00000000eab00000,0x00000000ec4550a8,0x00000000f2b00000)
  from space 10752K, 99% used [0x00000000f2b00000,0x00000000f357c4b0,0x00000000f3580000)
  to   space 10752K, 0% used [0x00000000fb580000,0x00000000fb580000,0x00000000fc000000)
 ParOldGen       total 175104K, used 27608K [0x00000000c0000000, 0x00000000cab00000, 0x00000000eab00000)
  object space 175104K, 15% used [0x00000000c0000000,0x00000000c1af6038,0x00000000cab00000)
 Metaspace       used 6423K, capacity 7256K, committed 7424K, reserved 1056768K
  class space    used 612K, capacity 656K, committed 768K, reserved 1048576K

Card table byte_map: [0x00000000117d0000,0x00000000119e0000] byte_map_base: 0x00000000111d0000

Marking Bits: (ParMarkBitMap*) 0x00000000650e4040
 Begin Bits: [0x0000000012540000, 0x0000000013540000)
 End Bits:   [0x0000000013540000, 0x0000000014540000)

Polling page: 0x0000000000570000

CodeCache: size=245760Kb used=7729Kb max_used=7741Kb free=238030Kb
 bounds [0x0000000002410000, 0x0000000002bb0000, 0x0000000011410000]
 total_blobs=2242 nmethods=1972 adapters=182
 compilation: enabled

Compilation events (10 events):
Event: 1.879 Thread 0x00000000167fd800 nmethod 2028 0x0000000002b9b610 code [0x0000000002b9b760, 0x0000000002b9ba18]
Event: 1.879 Thread 0x00000000167fd800 2023       4       com.android.dx.cf.code.ExecutionStack::pop (54 bytes)
Event: 1.881 Thread 0x00000000167fd800 nmethod 2023 0x0000000002b95250 code [0x0000000002b953a0, 0x0000000002b95538]
Event: 1.881 Thread 0x00000000167fd800 1925       4       com.android.dx.ssa.Dominators$DfsWalker::visitBlock (59 bytes)
Event: 1.888 Thread 0x00000000167fd800 nmethod 1925 0x0000000002b9ebd0 code [0x0000000002b9ed40, 0x0000000002b9f2b8]
Event: 1.888 Thread 0x00000000167fd800 1929       4       com.android.dx.ssa.SsaRenamer$1::visitBlock (16 bytes)
Event: 1.898 Thread 0x00000000167fd800 nmethod 1929 0x0000000002b9e210 code [0x0000000002b9e3a0, 0x0000000002b9e7e8]
Event: 1.898 Thread 0x00000000167fd800 1931       4       com.android.dx.ssa.SsaRenamer$BlockRenamer::<init> (72 bytes)
Event: 1.902 Thread 0x00000000167fd800 nmethod 1931 0x0000000002ba28d0 code [0x0000000002ba2a40, 0x0000000002ba2dd8]
Event: 1.902 Thread 0x00000000167fd800 2022       4       com.android.dx.cf.code.Merger::isPossiblyAssignableFrom (202 bytes)

GC Heap History (6 events):
Event: 0.856 GC heap before
{Heap before GC invocations=1 (full 0):
 PSYoungGen      total 76288K, used 65536K [0x00000000eab00000, 0x00000000f0000000, 0x0000000100000000)
  eden space 65536K, 100% used [0x00000000eab00000,0x00000000eeb00000,0x00000000eeb00000)
  from space 10752K, 0% used [0x00000000ef580000,0x00000000ef580000,0x00000000f0000000)
  to   space 10752K, 0% used [0x00000000eeb00000,0x00000000eeb00000,0x00000000ef580000)
 ParOldGen       total 175104K, used 0K [0x00000000c0000000, 0x00000000cab00000, 0x00000000eab00000)
  object space 175104K, 0% used [0x00000000c0000000,0x00000000c0000000,0x00000000cab00000)
 Metaspace       used 5961K, capacity 6896K, committed 7040K, reserved 1056768K
  class space    used 591K, capacity 616K, committed 640K, reserved 1048576K
Event: 0.874 GC heap after
Heap after GC invocations=1 (full 0):
 PSYoungGen      total 76288K, used 8374K [0x00000000eab00000, 0x00000000f4000000, 0x0000000100000000)
  eden space 65536K, 0% used [0x00000000eab00000,0x00000000eab00000,0x00000000eeb00000)
  from space 10752K, 77% used [0x00000000eeb00000,0x00000000ef32db48,0x00000000ef580000)
  to   space 10752K, 0% used [0x00000000f3580000,0x00000000f3580000,0x00000000f4000000)
 ParOldGen       total 175104K, used 16K [0x00000000c0000000, 0x00000000cab00000, 0x00000000eab00000)
  object space 175104K, 0% used [0x00000000c0000000,0x00000000c0004000,0x00000000cab00000)
 Metaspace       used 5961K, capacity 6896K, committed 7040K, reserved 1056768K
  class space    used 591K, capacity 616K, committed 640K, reserved 1048576K
}
Event: 1.208 GC heap before
{Heap before GC invocations=2 (full 0):
 PSYoungGen      total 76288K, used 73910K [0x00000000eab00000, 0x00000000f4000000, 0x0000000100000000)
  eden space 65536K, 100% used [0x00000000eab00000,0x00000000eeb00000,0x00000000eeb00000)
  from space 10752K, 77% used [0x00000000eeb00000,0x00000000ef32db48,0x00000000ef580000)
  to   space 10752K, 0% used [0x00000000f3580000,0x00000000f3580000,0x00000000f4000000)
 ParOldGen       total 175104K, used 16K [0x00000000c0000000, 0x00000000cab00000, 0x00000000eab00000)
  object space 175104K, 0% used [0x00000000c0000000,0x00000000c0004000,0x00000000cab00000)
 Metaspace       used 6228K, capacity 7152K, committed 7296K, reserved 1056768K
  class space    used 592K, capacity 616K, committed 640K, reserved 1048576K
Event: 1.246 GC heap after
Heap after GC invocations=2 (full 0):
 PSYoungGen      total 141824K, used 10743K [0x00000000eab00000, 0x00000000f4000000, 0x0000000100000000)
  eden space 131072K, 0% used [0x00000000eab00000,0x00000000eab00000,0x00000000f2b00000)
  from space 10752K, 99% used [0x00000000f3580000,0x00000000f3ffdc88,0x00000000f4000000)
  to   space 10752K, 0% used [0x00000000f2b00000,0x00000000f2b00000,0x00000000f3580000)
 ParOldGen       total 175104K, used 5555K [0x00000000c0000000, 0x00000000cab00000, 0x00000000eab00000)
  object space 175104K, 3% used [0x00000000c0000000,0x00000000c056cf10,0x00000000cab00000)
 Metaspace       used 6228K, capacity 7152K, committed 7296K, reserved 1056768K
  class space    used 592K, capacity 616K, committed 640K, reserved 1048576K
}
Event: 1.685 GC heap before
{Heap before GC invocations=3 (full 0):
 PSYoungGen      total 141824K, used 141815K [0x00000000eab00000, 0x00000000f4000000, 0x0000000100000000)
  eden space 131072K, 100% used [0x00000000eab00000,0x00000000f2b00000,0x00000000f2b00000)
  from space 10752K, 99% used [0x00000000f3580000,0x00000000f3ffdc88,0x00000000f4000000)
  to   space 10752K, 0% used [0x00000000f2b00000,0x00000000f2b00000,0x00000000f3580000)
 ParOldGen       total 175104K, used 5555K [0x00000000c0000000, 0x00000000cab00000, 0x00000000eab00000)
  object space 175104K, 3% used [0x00000000c0000000,0x00000000c056cf10,0x00000000cab00000)
 Metaspace       used 6422K, capacity 7256K, committed 7424K, reserved 1056768K
  class space    used 612K, capacity 656K, committed 768K, reserved 1048576K
Event: 1.815 GC heap after
Heap after GC invocations=3 (full 0):
 PSYoungGen      total 141824K, used 10737K [0x00000000eab00000, 0x00000000fc000000, 0x0000000100000000)
  eden space 131072K, 0% used [0x00000000eab00000,0x00000000eab00000,0x00000000f2b00000)
  from space 10752K, 99% used [0x00000000f2b00000,0x00000000f357c4b0,0x00000000f3580000)
  to   space 10752K, 0% used [0x00000000fb580000,0x00000000fb580000,0x00000000fc000000)
 ParOldGen       total 175104K, used 27608K [0x00000000c0000000, 0x00000000cab00000, 0x00000000eab00000)
  object space 175104K, 15% used [0x00000000c0000000,0x00000000c1af6038,0x00000000cab00000)
 Metaspace       used 6422K, capacity 7256K, committed 7424K, reserved 1056768K
  class space    used 612K, capacity 656K, committed 768K, reserved 1048576K
}

Deoptimization events (10 events):
Event: 1.080 Thread 0x0000000018442800 Uncommon trap: reason=bimorphic action=maybe_recompile pc=0x000000000267f85c method=java.util.HashMap.getNode(ILjava/lang/Object;)Ljava/util/HashMap$Node; @ 126
Event: 1.084 Thread 0x0000000018b9c000 Uncommon trap: reason=bimorphic action=maybe_recompile pc=0x000000000267f85c method=java.util.HashMap.getNode(ILjava/lang/Object;)Ljava/util/HashMap$Node; @ 126
Event: 1.115 Thread 0x0000000018b9c000 Uncommon trap: reason=unstable_if action=reinterpret pc=0x000000000279051c method=com.android.dx.ssa.SsaMethod.updateOneDefinition(Lcom/android/dx/ssa/SsaInsn;Lcom/android/dx/rop/code/RegisterSpec;)V @ 4
Event: 1.253 Thread 0x0000000018b9c000 Uncommon trap: reason=unstable_if action=reinterpret pc=0x00000000027003e8 method=java.util.HashMap.putVal(ILjava/lang/Object;Ljava/lang/Object;ZZ)Ljava/lang/Object; @ 162
Event: 1.257 Thread 0x0000000018b9c000 Uncommon trap: reason=unstable_if action=reinterpret pc=0x000000000267f848 method=java.util.HashMap.getNode(ILjava/lang/Object;)Ljava/util/HashMap$Node; @ 84
Event: 1.257 Thread 0x0000000018b9c000 Uncommon trap: reason=unstable_if action=reinterpret pc=0x00000000026b7088 method=java.util.HashMap.getNode(ILjava/lang/Object;)Ljava/util/HashMap$Node; @ 84
Event: 1.272 Thread 0x0000000018442800 Uncommon trap: reason=unstable_if action=reinterpret pc=0x0000000002a85750 method=com.android.dx.cf.code.BytecodeArray.parseInstruction(ILcom/android/dx/cf/code/BytecodeArray$Visitor;)I @ 1198
Event: 1.297 Thread 0x0000000002311000 Uncommon trap: reason=unstable_if action=reinterpret pc=0x0000000002a3b300 method=com.android.dx.rop.code.RegisterSpecSet.put(Lcom/android/dx/rop/code/RegisterSpec;)V @ 77
Event: 1.504 Thread 0x0000000018bb5000 Uncommon trap: reason=class_check action=maybe_recompile pc=0x0000000002b15b78 method=com.android.dx.ssa.SCCP.simulateBranch(Lcom/android/dx/ssa/SsaInsn;)V @ 145
Event: 1.532 Thread 0x0000000018bb5000 Uncommon trap: reason=class_check action=maybe_recompile pc=0x0000000002b15b78 method=com.android.dx.ssa.SCCP.simulateBranch(Lcom/android/dx/ssa/SsaInsn;)V @ 145

Internal exceptions (6 events):
Event: 0.082 Thread 0x0000000002311000 Exception <a 'java/lang/NoSuchMethodError': Method sun.misc.Unsafe.defineClass(Ljava/lang/String;[BII)Ljava/lang/Class; name or signature does not match> (0x00000000eab0d580) thrown at [C:\re\workspace\8-2-build-windows-amd64-cygwin\jdk8u51\3951\hotspot\srﬁ÷Ûå"µ?
Event: 0.083 Thread 0x0000000002311000 Exception <a 'java/lang/NoSuchMethodError': Method sun.misc.Unsafe.prefetchRead(Ljava/lang/Object;J)V name or signature does not match> (0x00000000eab0d810) thrown at [C:\re\workspace\8-2-build-windows-amd64-cygwin\jdk8u51\3951\hotspot\src\share\vm\prims\j¥/Ô„ûÊ?
Event: 0.691 Thread 0x0000000018bb5000 Implicit null exception at 0x00000000026b7f62 to 0x00000000026b8055
Event: 1.255 Thread 0x0000000018b9c000 Exception <a 'java/lang/ArrayIndexOutOfBoundsException': 18> (0x00000000ead15378) thrown at [C:\re\workspace\8-2-build-windows-amd64-cygwin\jdk8u51\3951\hotspot\src\share\vm\interpreter\interpreterRuntime.cpp, line 366]
Event: 1.256 Thread 0x0000000018b9c000 Exception <a 'java/lang/ArrayIndexOutOfBoundsException': 145> (0x00000000ead16e48) thrown at [C:\re\workspace\8-2-build-windows-amd64-cygwin\jdk8u51\3951\hotspot\src\share\vm\interpreter\interpreterRuntime.cpp, line 366]
Event: 1.257 Thread 0x0000000018b9c000 Exception <a 'java/lang/ArrayIndexOutOfBoundsException'> (0x00000000ead18080) thrown at [C:\re\workspace\8-2-build-windows-amd64-cygwin\jdk8u51\3951\hotspot\src\share\vm\runtime\sharedRuntime.cpp, line 605]

Events (10 events):
Event: 1.870 Thread 0x0000000002311000 DEOPT PACKING pc=0x000000000272e78a sp=0x000000000230e040
Event: 1.870 Thread 0x0000000002311000 DEOPT UNPACKING pc=0x000000000245787f sp=0x000000000230dd88 mode 0
Event: 1.884 Thread 0x0000000002311000 DEOPT PACKING pc=0x000000000272e78a sp=0x000000000230e030
Event: 1.884 Thread 0x0000000002311000 DEOPT UNPACKING pc=0x000000000245787f sp=0x000000000230dd78 mode 0
Event: 1.896 Thread 0x0000000002311000 DEOPT PACKING pc=0x000000000272e78a sp=0x000000000230e080
Event: 1.896 Thread 0x0000000002311000 DEOPT UNPACKING pc=0x000000000245787f sp=0x000000000230ddc8 mode 0
Event: 1.899 Thread 0x0000000002311000 DEOPT PACKING pc=0x000000000272e78a sp=0x000000000230df80
Event: 1.899 Thread 0x0000000002311000 DEOPT UNPACKING pc=0x000000000245787f sp=0x000000000230dcc8 mode 0
Event: 1.904 Thread 0x0000000002311000 DEOPT PACKING pc=0x00000000027865f8 sp=0x000000000230e1a0
Event: 1.904 Thread 0x0000000002311000 DEOPT UNPACKING pc=0x000000000245787f sp=0x000000000230df80 mode 0


Dynamic libraries:
0x00007ff74f270000 - 0x00007ff74f2a7000 	C:\Program Files\Java\jdk1.8.0_51\bin\java.exe
0x00007ffcedec0000 - 0x00007ffcee081000 	C:\WINDOWS\SYSTEM32\ntdll.dll
0x00007ffced140000 - 0x00007ffced1ed000 	C:\WINDOWS\system32\KERNEL32.DLL
0x00007ffcead70000 - 0x00007ffceaf58000 	C:\WINDOWS\system32\KERNELBASE.dll
0x00007ffceddb0000 - 0x00007ffcede57000 	C:\WINDOWS\system32\ADVAPI32.dll
0x00007ffcedbb0000 - 0x00007ffcedc4d000 	C:\WINDOWS\system32\msvcrt.dll
0x00007ffcede60000 - 0x00007ffcedebb000 	C:\WINDOWS\system32\sechost.dll
0x00007ffced9c0000 - 0x00007ffcedadc000 	C:\WINDOWS\system32\RPCRT4.dll
0x00007ffceba80000 - 0x00007ffcebbd6000 	C:\WINDOWS\system32\USER32.dll
0x00007ffced3b0000 - 0x00007ffced536000 	C:\WINDOWS\system32\GDI32.dll
0x00007ffce68f0000 - 0x00007ffce6b64000 	C:\WINDOWS\WinSxS\amd64_microsoft.windows.common-controls_6595b64144ccf1df_6.0.10586.0_none_8c15ae12515e1c22\COMCTL32.dll
0x00007ffceb630000 - 0x00007ffceb8ad000 	C:\WINDOWS\system32\combase.dll
0x00007ffcead00000 - 0x00007ffcead6a000 	C:\WINDOWS\system32\bcryptPrimitives.dll
0x00007ffced540000 - 0x00007ffced57b000 	C:\WINDOWS\system32\IMM32.DLL
0x0000000062250000 - 0x0000000062322000 	C:\Program Files\Java\jdk1.8.0_51\jre\bin\msvcr100.dll
0x00000000648e0000 - 0x0000000065163000 	C:\Program Files\Java\jdk1.8.0_51\jre\bin\server\jvm.dll
0x00007ffceb620000 - 0x00007ffceb628000 	C:\WINDOWS\system32\PSAPI.DLL
0x00007ffcdc170000 - 0x00007ffcdc179000 	C:\WINDOWS\SYSTEM32\WSOCK32.dll
0x00007ffceb5b0000 - 0x00007ffceb61b000 	C:\WINDOWS\system32\WS2_32.dll
0x00007ffce8760000 - 0x00007ffce8783000 	C:\WINDOWS\SYSTEM32\WINMM.dll
0x00007ffce6c20000 - 0x00007ffce6c2a000 	C:\WINDOWS\SYSTEM32\VERSION.dll
0x00007ffce8700000 - 0x00007ffce872c000 	C:\WINDOWS\SYSTEM32\WINMMBASE.dll
0x00007ffceb1c0000 - 0x00007ffceb203000 	C:\WINDOWS\system32\cfgmgr32.dll
0x00000000647f0000 - 0x00000000647ff000 	C:\Program Files\Java\jdk1.8.0_51\jre\bin\verify.dll
0x00000000647c0000 - 0x00000000647e9000 	C:\Program Files\Java\jdk1.8.0_51\jre\bin\java.dll
0x00000000647a0000 - 0x00000000647b6000 	C:\Program Files\Java\jdk1.8.0_51\jre\bin\zip.dll
0x00007ffcebbe0000 - 0x00007ffced13c000 	C:\WINDOWS\system32\SHELL32.dll
0x00007ffcea5f0000 - 0x00007ffceac35000 	C:\WINDOWS\system32\windows.storage.dll
0x00007ffceba20000 - 0x00007ffceba72000 	C:\WINDOWS\system32\shlwapi.dll
0x00007ffcea510000 - 0x00007ffcea51f000 	C:\WINDOWS\system32\kernel.appcore.dll
0x00007ffceac40000 - 0x00007ffceacf5000 	C:\WINDOWS\system32\shcore.dll
0x00007ffcea520000 - 0x00007ffcea56b000 	C:\WINDOWS\system32\powrprof.dll
0x00007ffcea4e0000 - 0x00007ffcea4f4000 	C:\WINDOWS\system32\profapi.dll
0x00007ffcdaa10000 - 0x00007ffcdab9c000 	C:\WINDOWS\SYSTEM32\dbghelp.dll

VM Arguments:
jvm_args: -Djava.awt.headless=true -Xmx1024M -Dfile.encoding=windows-1252 -Duser.country=US -Duser.language=en -Duser.variant 
java_command: com.android.dx.command.Main --dex --force-jumbo --num-threads=4 --multi-dex --output C:\Users\chyupa\Documents\Android Apps\Capstone\app\build\intermediates\transforms\dex\debug\folders\1000\10\com.google.android.gms-play-services-ads-8.4.0_106d9bb6846f876935334df59881495a0f752576 C:\Users\chyupa\Documents\Android Apps\Capstone\app\build\intermediates\exploded-aar\com.google.android.gms\play-services-ads\8.4.0\jars\classes.jar
java_class_path (initial): C:\Users\chyupa\Documents\android_sdk\build-tools\23.0.3\lib\dx.jar
Launcher Type: SUN_STANDARD

Environment Variables:
JAVA_HOME=C:\Program Files\Java\jdk1.8.0_51
PATH=C:\python27_x64\;C:\python27_x64\Scripts;C:\ProgramData\Oracle\Java\javapath;C:\Windows\system32;C:\Windows;C:\Windows\System32\Wbem;C:\Windows\System32\WindowsPowerShell\v1.0\;C:\Program Files (x86)\NVIDIA Corporation\PhysX\Common;C:\WINDOWS\system32;C:\WINDOWS;C:\WINDOWS\System32\Wbem;C:\WINDOWS\System32\WindowsPowerShell\v1.0\;C:\Program Files (x86)\Google\Cloud SDK\google-cloud-sdk\bin;C:\HashiCorp\Vagrant\bin;C:\Program Files\nodejs\;%GRADLE_HOME%\bin;C:\Program Files (x86)\Skype\Phone\;C:\Users\chyupa\AppData\Local\Code\bin;C:\Users\chyupa\AppData\Roaming\npm;C:\gradle-2.10\bin;C:\Program Files\Java\jdk1.8.0_51\bin;C:\Users\chyupa\AppData\Local\Programs\Git\bin
USERNAME=chyupa
OS=Windows_NT
PROCESSOR_IDENTIFIER=Intel64 Family 6 Model 63 Stepping 2, GenuineIntel



---------------  S Y S T E M  ---------------

OS: Windows 10.0 , 64 bit Build 10586 (10.0.10586.0)

CPU:total 12 (6 cores per cpu, 2 threads per core) family 6 model 63 stepping 2, cmov, cx8, fxsr, mmx, sse, sse2, sse3, ssse3, sse4.1, sse4.2, popcnt, avx, avx2, aes, clmul, erms, lzcnt, ht, tsc, tscinvbit, bmi1, bmi2

Memory: 4k page, physical 16675196k(4862968k free), swap 45853816k(5292k free)

vm_info: Java HotSpot(TM) 64-Bit Server VM (25.51-b03) for windows-amd64 JRE (1.8.0_51-b16), built on Jun  8 2015 18:03:07 by "java_re" with MS VC++ 10.0 (VS2010)

time: Tue May 10 21:31:39 2016
elapsed time: 1 seconds (0d 0h 0m 1s)

