#
# There is insufficient memory for the Java Runtime Environment to continue.
# Native memory allocation (malloc) failed to allocate 577776 bytes for Chunk::new
# Possible reasons:
#   The system is out of physical RAM or swap space
#   In 32 bit mode, the process size limit was hit
# Possible solutions:
#   Reduce memory load on the system
#   Increase physical memory or swap space
#   Check if swap backing store is full
#   Use 64 bit Java on a 64 bit OS
#   Decrease Java heap size (-Xmx/-Xms)
#   Decrease number of Java threads
#   Decrease Java thread stack sizes (-Xss)
#   Set larger code cache with -XX:ReservedCodeCacheSize=
# This output file may be truncated or incomplete.
#
#  Out of Memory Error (allocation.cpp:390), pid=2508, tid=10740
#
# JRE version: Java(TM) SE Runtime Environment (8.0_51-b16) (build 1.8.0_51-b16)
# Java VM: Java HotSpot(TM) 64-Bit Server VM (25.51-b03 mixed mode windows-amd64 compressed oops)
# Failed to write core dump. Minidumps are not enabled by default on client versions of Windows
#

---------------  T H R E A D  ---------------

Current thread (0x000000001696d000):  JavaThread "C2 CompilerThread2" daemon [_thread_in_native, id=10740, stack(0x00000000180b0000,0x00000000181b0000)]

Stack: [0x00000000180b0000,0x00000000181b0000]
Native frames: (J=compiled Java code, j=interpreted, Vv=VM code, C=native code)
V  [jvm.dll+0x32b4ca]
V  [jvm.dll+0x2797e3]
V  [jvm.dll+0x27a479]
V  [jvm.dll+0x271765]
V  [jvm.dll+0xcba02]
V  [jvm.dll+0xcbecc]
V  [jvm.dll+0x476f72]
V  [jvm.dll+0x4b95ff]
V  [jvm.dll+0x46c011]
V  [jvm.dll+0x46cd4e]
V  [jvm.dll+0x4501a2]
V  [jvm.dll+0xa43a2]
V  [jvm.dll+0xa4cdf]
V  [jvm.dll+0x2418a4]
V  [jvm.dll+0x29846a]
C  [msvcr100.dll+0x21d9f]
C  [msvcr100.dll+0x21e3b]
C  [KERNEL32.DLL+0x18102]
C  [ntdll.dll+0x5c5b4]


Current CompileTask:
C2:    741 1098       4       com.android.dx.ssa.SCCP::simulateStmt (481 bytes)


---------------  P R O C E S S  ---------------

Java Threads: ( => current thread )
  0x0000000016c83800 JavaThread "pool-2-thread-4" [_thread_in_vm, id=1532, stack(0x00000000190b0000,0x00000000191b0000)]
  0x0000000016c80800 JavaThread "pool-2-thread-3" [_thread_in_Java, id=13196, stack(0x0000000018fb0000,0x00000000190b0000)]
  0x0000000016c3b000 JavaThread "pool-2-thread-2" [_thread_in_Java, id=13156, stack(0x0000000018eb0000,0x0000000018fb0000)]
  0x0000000016c87800 JavaThread "pool-3-thread-1" [_thread_blocked, id=10632, stack(0x0000000018db0000,0x0000000018eb0000)]
  0x0000000016cec800 JavaThread "pool-2-thread-1" [_thread_in_Java, id=544, stack(0x0000000018cb0000,0x0000000018db0000)]
  0x00000000169cd800 JavaThread "Service Thread" daemon [_thread_blocked, id=6816, stack(0x00000000182b0000,0x00000000183b0000)]
  0x000000001696d800 JavaThread "C1 CompilerThread3" daemon [_thread_in_vm, id=14316, stack(0x00000000181b0000,0x00000000182b0000)]
=>0x000000001696d000 JavaThread "C2 CompilerThread2" daemon [_thread_in_native, id=10740, stack(0x00000000180b0000,0x00000000181b0000)]
  0x0000000016967000 JavaThread "C2 CompilerThread1" daemon [_thread_in_native, id=1260, stack(0x0000000017fb0000,0x00000000180b0000)]
  0x0000000016962000 JavaThread "C2 CompilerThread0" daemon [_thread_in_native, id=14252, stack(0x0000000017eb0000,0x0000000017fb0000)]
  0x000000001695e800 JavaThread "Attach Listener" daemon [_thread_blocked, id=2488, stack(0x0000000017db0000,0x0000000017eb0000)]
  0x000000001695b800 JavaThread "Signal Dispatcher" daemon [_thread_blocked, id=4816, stack(0x0000000017cb0000,0x0000000017db0000)]
  0x0000000002549000 JavaThread "Finalizer" daemon [_thread_blocked, id=756, stack(0x0000000017bb0000,0x0000000017cb0000)]
  0x000000001526c800 JavaThread "Reference Handler" daemon [_thread_blocked, id=9908, stack(0x0000000017ab0000,0x0000000017bb0000)]
  0x0000000002451000 JavaThread "main" [_thread_in_Java, id=9300, stack(0x0000000002350000,0x0000000002450000)]

Other Threads:
  0x0000000015265800 VMThread [stack: 0x00000000179b0000,0x0000000017ab0000] [id=1472]
  0x00000000169cf000 WatcherThread [stack: 0x00000000183b0000,0x00000000184b0000] [id=10728]

VM state:not at safepoint (normal execution)

VM Mutex/Monitor currently owned by a thread: None

Heap:
 PSYoungGen      total 76288K, used 40637K [0x00000000eab00000, 0x00000000f0000000, 0x0000000100000000)
  eden space 65536K, 62% used [0x00000000eab00000,0x00000000ed2af650,0x00000000eeb00000)
  from space 10752K, 0% used [0x00000000ef580000,0x00000000ef580000,0x00000000f0000000)
  to   space 10752K, 0% used [0x00000000eeb00000,0x00000000eeb00000,0x00000000ef580000)
 ParOldGen       total 175104K, used 0K [0x00000000c0000000, 0x00000000cab00000, 0x00000000eab00000)
  object space 175104K, 0% used [0x00000000c0000000,0x00000000c0000000,0x00000000cab00000)
 Metaspace       used 5871K, capacity 6832K, committed 7040K, reserved 1056768K
  class space    used 585K, capacity 616K, committed 640K, reserved 1048576K

Card table byte_map: [0x0000000011910000,0x0000000011b20000] byte_map_base: 0x0000000011310000

Marking Bits: (ParMarkBitMap*) 0x00000000650e4040
 Begin Bits: [0x0000000012680000, 0x0000000013680000)
 End Bits:   [0x0000000013680000, 0x0000000014680000)

Polling page: 0x0000000000570000

CodeCache: size=245760Kb used=4357Kb max_used=4368Kb free=241402Kb
 bounds [0x0000000002550000, 0x00000000029a0000, 0x0000000011550000]
 total_blobs=1411 nmethods=1142 adapters=182
 compilation: enabled

Compilation events (10 events):
Event: 0.726 Thread 0x000000001696d800 1144       3       com.android.dx.cf.code.OneLocalsArray::getOrNull (7 bytes)
Event: 0.726 Thread 0x000000001696d800 nmethod 1144 0x0000000002993290 code [0x00000000029933e0, 0x0000000002993550]
Event: 0.726 Thread 0x000000001696d800 1146       3       com.android.dx.cf.code.OneLocalsArray::get (20 bytes)
Event: 0.726 Thread 0x000000001696d800 nmethod 1146 0x0000000002993650 code [0x00000000029937c0, 0x00000000029939c8]
Event: 0.726 Thread 0x000000001696d800 1145       3       com.android.dx.cf.code.OneLocalsArray::getMaxLocals (6 bytes)
Event: 0.726 Thread 0x000000001696d800 nmethod 1145 0x0000000002993ad0 code [0x0000000002993c20, 0x0000000002993d70]
Event: 0.726 Thread 0x000000001696d800 1147       3       com.android.dx.cf.code.Merger::mergeType (142 bytes)
Event: 0.727 Thread 0x0000000016967000 nmethod 1079 0x0000000002993e10 code [0x0000000002994000, 0x0000000002994ec8]
Event: 0.727 Thread 0x0000000016967000 1112       4       com.android.dx.ssa.SsaBasicBlock::forEachPhiInsn (54 bytes)
Event: 0.727 Thread 0x000000001696d800 nmethod 1147 0x00000000029910d0 code [0x0000000002991380, 0x0000000002992808]

GC Heap History (0 events):
No events

Deoptimization events (8 events):
Event: 0.293 Thread 0x0000000002451000 Uncommon trap: reason=unstable_if action=reinterpret pc=0x00000000026b11d8 method=java.lang.String.indexOf(II)I @ 49
Event: 0.475 Thread 0x0000000002451000 Uncommon trap: reason=unstable_if action=reinterpret pc=0x000000000278ef54 method=java.util.HashMap.getNode(ILjava/lang/Object;)Ljava/util/HashMap$Node; @ 129
Event: 0.502 Thread 0x0000000016c80800 Uncommon trap: reason=unstable_if action=reinterpret pc=0x00000000027971f0 method=java.util.BitSet.nextSetBit(I)I @ 87
Event: 0.587 Thread 0x0000000016cec800 Uncommon trap: reason=class_check action=maybe_recompile pc=0x000000000285965c method=com.android.dx.ssa.NormalSsaInsn.accept(Lcom/android/dx/ssa/SsaInsn$Visitor;)V @ 9
Event: 0.603 Thread 0x0000000016c80800 Uncommon trap: reason=class_check action=maybe_recompile pc=0x000000000285965c method=com.android.dx.ssa.NormalSsaInsn.accept(Lcom/android/dx/ssa/SsaInsn$Visitor;)V @ 9
Event: 0.603 Thread 0x0000000016c80800 Uncommon trap: reason=class_check action=maybe_recompile pc=0x00000000027e11b0 method=com.android.dx.ssa.NormalSsaInsn.accept(Lcom/android/dx/ssa/SsaInsn$Visitor;)V @ 9
Event: 0.603 Thread 0x0000000016c80800 Uncommon trap: reason=class_check action=maybe_recompile pc=0x00000000027e11b0 method=com.android.dx.ssa.NormalSsaInsn.accept(Lcom/android/dx/ssa/SsaInsn$Visitor;)V @ 9
Event: 0.604 Thread 0x0000000016c80800 Uncommon trap: reason=class_check action=maybe_recompile pc=0x000000000285965c method=com.android.dx.ssa.NormalSsaInsn.accept(Lcom/android/dx/ssa/SsaInsn$Visitor;)V @ 9

Internal exceptions (2 events):
Event: 0.055 Thread 0x0000000002451000 Exception <a 'java/lang/NoSuchMethodError': Method sun.misc.Unsafe.defineClass(Ljava/lang/String;[BII)Ljava/lang/Class; name or signature does not match> (0x00000000eab0d710) thrown at [C:\re\workspace\8-2-build-windows-amd64-cygwin\jdk8u51\3951\hotspot\sr¯kI¦ºO¬?
Event: 0.055 Thread 0x0000000002451000 Exception <a 'java/lang/NoSuchMethodError': Method sun.misc.Unsafe.prefetchRead(Ljava/lang/Object;J)V name or signature does not match> (0x00000000eab0d9a0) thrown at [C:\re\workspace\8-2-build-windows-amd64-cygwin\jdk8u51\3951\hotspot\src\share\vm\prims\j

Events (10 events):
Event: 0.603 Thread 0x0000000016c80800 Uncommon trap: trap_request=0xffffffde fr.pc=0x00000000027e11b0
Event: 0.603 Thread 0x0000000016c80800 DEOPT PACKING pc=0x00000000027e11b0 sp=0x00000000190ae5c0
Event: 0.603 Thread 0x0000000016c80800 DEOPT UNPACKING pc=0x000000000259582a sp=0x00000000190ae560 mode 2
Event: 0.604 Thread 0x0000000016c80800 Uncommon trap: trap_request=0xffffffde fr.pc=0x000000000285965c
Event: 0.604 Thread 0x0000000016c80800 DEOPT PACKING pc=0x000000000285965c sp=0x00000000190ae4f0
Event: 0.604 Thread 0x0000000016c80800 DEOPT UNPACKING pc=0x000000000259582a sp=0x00000000190ae4e0 mode 2
Event: 0.608 loading class com/android/dx/cf/attrib/AttEnclosingMethod
Event: 0.608 loading class com/android/dx/cf/attrib/AttEnclosingMethod done
Event: 0.622 loading class com/android/dx/cf/code/SwitchList
Event: 0.622 loading class com/android/dx/cf/code/SwitchList done


Dynamic libraries:
0x00007ff74f270000 - 0x00007ff74f2a7000 	C:\Program Files\Java\jdk1.8.0_51\bin\java.exe
0x00007ffcedec0000 - 0x00007ffcee081000 	C:\WINDOWS\SYSTEM32\ntdll.dll
0x00007ffced140000 - 0x00007ffced1ed000 	C:\WINDOWS\system32\KERNEL32.DLL
0x00007ffcead70000 - 0x00007ffceaf58000 	C:\WINDOWS\system32\KERNELBASE.dll
0x00007ffceddb0000 - 0x00007ffcede57000 	C:\WINDOWS\system32\ADVAPI32.dll
0x00007ffcedbb0000 - 0x00007ffcedc4d000 	C:\WINDOWS\system32\msvcrt.dll
0x00007ffcede60000 - 0x00007ffcedebb000 	C:\WINDOWS\system32\sechost.dll
0x00007ffced9c0000 - 0x00007ffcedadc000 	C:\WINDOWS\system32\RPCRT4.dll
0x00007ffceba80000 - 0x00007ffcebbd6000 	C:\WINDOWS\system32\USER32.dll
0x00007ffced3b0000 - 0x00007ffced536000 	C:\WINDOWS\system32\GDI32.dll
0x00007ffce68f0000 - 0x00007ffce6b64000 	C:\WINDOWS\WinSxS\amd64_microsoft.windows.common-controls_6595b64144ccf1df_6.0.10586.0_none_8c15ae12515e1c22\COMCTL32.dll
0x00007ffceb630000 - 0x00007ffceb8ad000 	C:\WINDOWS\system32\combase.dll
0x00007ffcead00000 - 0x00007ffcead6a000 	C:\WINDOWS\system32\bcryptPrimitives.dll
0x00007ffced540000 - 0x00007ffced57b000 	C:\WINDOWS\system32\IMM32.DLL
0x0000000062250000 - 0x0000000062322000 	C:\Program Files\Java\jdk1.8.0_51\jre\bin\msvcr100.dll
0x00000000648e0000 - 0x0000000065163000 	C:\Program Files\Java\jdk1.8.0_51\jre\bin\server\jvm.dll
0x00007ffceb620000 - 0x00007ffceb628000 	C:\WINDOWS\system32\PSAPI.DLL
0x00007ffcdc170000 - 0x00007ffcdc179000 	C:\WINDOWS\SYSTEM32\WSOCK32.dll
0x00007ffceb5b0000 - 0x00007ffceb61b000 	C:\WINDOWS\system32\WS2_32.dll
0x00007ffce8760000 - 0x00007ffce8783000 	C:\WINDOWS\SYSTEM32\WINMM.dll
0x00007ffce6c20000 - 0x00007ffce6c2a000 	C:\WINDOWS\SYSTEM32\VERSION.dll
0x00007ffce8700000 - 0x00007ffce872c000 	C:\WINDOWS\SYSTEM32\WINMMBASE.dll
0x00007ffceb1c0000 - 0x00007ffceb203000 	C:\WINDOWS\system32\cfgmgr32.dll
0x00000000647f0000 - 0x00000000647ff000 	C:\Program Files\Java\jdk1.8.0_51\jre\bin\verify.dll
0x00000000647c0000 - 0x00000000647e9000 	C:\Program Files\Java\jdk1.8.0_51\jre\bin\java.dll
0x00000000647a0000 - 0x00000000647b6000 	C:\Program Files\Java\jdk1.8.0_51\jre\bin\zip.dll
0x00007ffcebbe0000 - 0x00007ffced13c000 	C:\WINDOWS\system32\SHELL32.dll
0x00007ffcea5f0000 - 0x00007ffceac35000 	C:\WINDOWS\system32\windows.storage.dll
0x00007ffceba20000 - 0x00007ffceba72000 	C:\WINDOWS\system32\shlwapi.dll
0x00007ffcea510000 - 0x00007ffcea51f000 	C:\WINDOWS\system32\kernel.appcore.dll
0x00007ffceac40000 - 0x00007ffceacf5000 	C:\WINDOWS\system32\shcore.dll
0x00007ffcea520000 - 0x00007ffcea56b000 	C:\WINDOWS\system32\powrprof.dll
0x00007ffcea4e0000 - 0x00007ffcea4f4000 	C:\WINDOWS\system32\profapi.dll
0x00007ffcdaa10000 - 0x00007ffcdab9c000 	C:\WINDOWS\SYSTEM32\dbghelp.dll

VM Arguments:
jvm_args: -Djava.awt.headless=true -Xmx1024M -Dfile.encoding=windows-1252 -Duser.country=US -Duser.language=en -Duser.variant 
java_command: com.android.dx.command.Main --dex --force-jumbo --num-threads=4 --multi-dex --output C:\Users\chyupa\Documents\Android Apps\Capstone\app\build\intermediates\transforms\dex\debug\folders\1000\10\com.google.android.gms-play-services-fitness-8.4.0_2a341ad135ad419d171e8475e8c2679d1d09451e C:\Users\chyupa\Documents\Android Apps\Capstone\app\build\intermediates\exploded-aar\com.google.android.gms\play-services-fitness\8.4.0\jars\classes.jar
java_class_path (initial): C:\Users\chyupa\Documents\android_sdk\build-tools\23.0.3\lib\dx.jar
Launcher Type: SUN_STANDARD

Environment Variables:
JAVA_HOME=C:\Program Files\Java\jdk1.8.0_51
PATH=C:\python27_x64\;C:\python27_x64\Scripts;C:\ProgramData\Oracle\Java\javapath;C:\Windows\system32;C:\Windows;C:\Windows\System32\Wbem;C:\Windows\System32\WindowsPowerShell\v1.0\;C:\Program Files (x86)\NVIDIA Corporation\PhysX\Common;C:\WINDOWS\system32;C:\WINDOWS;C:\WINDOWS\System32\Wbem;C:\WINDOWS\System32\WindowsPowerShell\v1.0\;C:\Program Files (x86)\Google\Cloud SDK\google-cloud-sdk\bin;C:\HashiCorp\Vagrant\bin;C:\Program Files\nodejs\;%GRADLE_HOME%\bin;C:\Program Files (x86)\Skype\Phone\;C:\Users\chyupa\AppData\Local\Code\bin;C:\Users\chyupa\AppData\Roaming\npm;C:\gradle-2.10\bin;C:\Program Files\Java\jdk1.8.0_51\bin;C:\Users\chyupa\AppData\Local\Programs\Git\bin
USERNAME=chyupa
OS=Windows_NT
PROCESSOR_IDENTIFIER=Intel64 Family 6 Model 63 Stepping 2, GenuineIntel



---------------  S Y S T E M  ---------------

OS: Windows 10.0 , 64 bit Build 10586 (10.0.10586.0)

CPU:total 12 (6 cores per cpu, 2 threads per core) family 6 model 63 stepping 2, cmov, cx8, fxsr, mmx, sse, sse2, sse3, ssse3, sse4.1, sse4.2, popcnt, avx, avx2, aes, clmul, erms, lzcnt, ht, tsc, tscinvbit, bmi1, bmi2

Memory: 4k page, physical 16675196k(4956960k free), swap 45853816k(4440k free)

vm_info: Java HotSpot(TM) 64-Bit Server VM (25.51-b03) for windows-amd64 JRE (1.8.0_51-b16), built on Jun  8 2015 18:03:07 by "java_re" with MS VC++ 10.0 (VS2010)

time: Tue May 10 21:34:25 2016
elapsed time: 0 seconds (0d 0h 0m 0s)

