#
# There is insufficient memory for the Java Runtime Environment to continue.
# Native memory allocation (malloc) failed to allocate 135760 bytes for Chunk::new
# Possible reasons:
#   The system is out of physical RAM or swap space
#   In 32 bit mode, the process size limit was hit
# Possible solutions:
#   Reduce memory load on the system
#   Increase physical memory or swap space
#   Check if swap backing store is full
#   Use 64 bit Java on a 64 bit OS
#   Decrease Java heap size (-Xmx/-Xms)
#   Decrease number of Java threads
#   Decrease Java thread stack sizes (-Xss)
#   Set larger code cache with -XX:ReservedCodeCacheSize=
# This output file may be truncated or incomplete.
#
#  Out of Memory Error (allocation.cpp:390), pid=8384, tid=2588
#
# JRE version: Java(TM) SE Runtime Environment (8.0_51-b16) (build 1.8.0_51-b16)
# Java VM: Java HotSpot(TM) 64-Bit Server VM (25.51-b03 mixed mode windows-amd64 compressed oops)
# Failed to write core dump. Minidumps are not enabled by default on client versions of Windows
#

---------------  T H R E A D  ---------------

Current thread (0x0000000016833800):  JavaThread "C2 CompilerThread1" daemon [_thread_in_native, id=2588, stack(0x0000000017e90000,0x0000000017f90000)]

Stack: [0x0000000017e90000,0x0000000017f90000]
Native frames: (J=compiled Java code, j=interpreted, Vv=VM code, C=native code)
V  [jvm.dll+0x32b4ca]


Current CompileTask:
C2:    411  736   !   4       com.android.dx.rop.code.RegisterSpec::intern (70 bytes)


---------------  P R O C E S S  ---------------

Java Threads: ( => current thread )
  0x0000000018516800 JavaThread "pool-2-thread-4" [_thread_blocked, id=12720, stack(0x0000000019f60000,0x000000001a060000)]
  0x0000000018b84800 JavaThread "pool-2-thread-3" [_thread_in_Java, id=13036, stack(0x0000000019e60000,0x0000000019f60000)]
  0x0000000018b83800 JavaThread "pool-2-thread-2" [_thread_blocked, id=8228, stack(0x0000000019d60000,0x0000000019e60000)]
  0x0000000018cb7800 JavaThread "pool-3-thread-1" [_thread_blocked, id=5980, stack(0x0000000019c60000,0x0000000019d60000)]
  0x00000000189f8800 JavaThread "pool-2-thread-1" [_thread_blocked, id=8340, stack(0x0000000019b60000,0x0000000019c60000)]
  0x00000000168d0000 JavaThread "Service Thread" daemon [_thread_blocked, id=6384, stack(0x0000000018190000,0x0000000018290000)]
  0x000000001683e000 JavaThread "C1 CompilerThread3" daemon [_thread_in_native, id=12196, stack(0x0000000018090000,0x0000000018190000)]
  0x000000001683d800 JavaThread "C2 CompilerThread2" daemon [_thread_blocked, id=12452, stack(0x0000000017f90000,0x0000000018090000)]
=>0x0000000016833800 JavaThread "C2 CompilerThread1" daemon [_thread_in_native, id=2588, stack(0x0000000017e90000,0x0000000017f90000)]
  0x000000001682e800 JavaThread "C2 CompilerThread0" daemon [_thread_blocked, id=12836, stack(0x0000000017d90000,0x0000000017e90000)]
  0x000000001682b000 JavaThread "Attach Listener" daemon [_thread_blocked, id=1908, stack(0x0000000017c90000,0x0000000017d90000)]
  0x0000000016828000 JavaThread "Signal Dispatcher" daemon [_thread_blocked, id=7516, stack(0x0000000017b90000,0x0000000017c90000)]
  0x000000000243d800 JavaThread "Finalizer" daemon [_thread_blocked, id=7936, stack(0x0000000017a90000,0x0000000017b90000)]
  0x000000001515c800 JavaThread "Reference Handler" daemon [_thread_blocked, id=11036, stack(0x0000000017990000,0x0000000017a90000)]
  0x0000000002341000 JavaThread "main" [_thread_in_Java, id=2456, stack(0x0000000002240000,0x0000000002340000)]

Other Threads:
  0x0000000016802800 VMThread [stack: 0x0000000017890000,0x0000000017990000] [id=4976]
  0x00000000168d2000 WatcherThread [stack: 0x0000000018290000,0x0000000018390000] [id=13204]

VM state:not at safepoint (normal execution)

VM Mutex/Monitor currently owned by a thread: None

Heap:
 PSYoungGen      total 76288K, used 39581K [0x00000000eab00000, 0x00000000f0000000, 0x0000000100000000)
  eden space 65536K, 60% used [0x00000000eab00000,0x00000000ed1a7400,0x00000000eeb00000)
  from space 10752K, 0% used [0x00000000ef580000,0x00000000ef580000,0x00000000f0000000)
  to   space 10752K, 0% used [0x00000000eeb00000,0x00000000eeb00000,0x00000000ef580000)
 ParOldGen       total 175104K, used 0K [0x00000000c0000000, 0x00000000cab00000, 0x00000000eab00000)
  object space 175104K, 0% used [0x00000000c0000000,0x00000000c0000000,0x00000000cab00000)
 Metaspace       used 5658K, capacity 6640K, committed 6784K, reserved 1056768K
  class space    used 583K, capacity 616K, committed 640K, reserved 1048576K

Card table byte_map: [0x0000000011800000,0x0000000011a10000] byte_map_base: 0x0000000011200000

Marking Bits: (ParMarkBitMap*) 0x000000005aa64040
 Begin Bits: [0x0000000012570000, 0x0000000013570000)
 End Bits:   [0x0000000013570000, 0x0000000014570000)

Polling page: 0x0000000000800000

CodeCache: size=245760Kb used=2766Kb max_used=2766Kb free=242993Kb
 bounds [0x0000000002440000, 0x0000000002700000, 0x0000000011440000]
 total_blobs=1001 nmethods=732 adapters=182
 compilation: enabled

Compilation events (10 events):
Event: 0.408 Thread 0x000000001683e000  757       3       com.android.dx.ssa.SsaMethod::onSourcesChanged (69 bytes)
Event: 0.409 Thread 0x000000001683e000 nmethod 757 0x00000000026ebc50 code [0x00000000026ebe60, 0x00000000026eca78]
Event: 0.409 Thread 0x000000001683e000  762       3       com.android.dx.ssa.SsaMethod::bitSetFromLabelList (47 bytes)
Event: 0.409 Thread 0x000000001683e000 nmethod 762 0x00000000026f0310 code [0x00000000026f04c0, 0x00000000026f0c38]
Event: 0.409 Thread 0x000000001683e000  763       3       com.android.dx.rop.code.RegisterSpecSet::mutableCopy (57 bytes)
Event: 0.409 Thread 0x000000001683e000 nmethod 763 0x00000000026f3d90 code [0x00000000026f3f40, 0x00000000026f4508]
Event: 0.409 Thread 0x000000001683d800 nmethod 753 0x00000000026e5710 code [0x00000000026e5860, 0x00000000026e5a98]
Event: 0.409 Thread 0x000000001683e000  756       3       com.android.dx.rop.code.CstInsn::<init> (31 bytes)
Event: 0.410 Thread 0x000000001683e000 nmethod 756 0x00000000026f3850 code [0x00000000026f39c0, 0x00000000026f3c78]
Event: 0.410 Thread 0x000000001683e000  764       3       com.android.dx.cf.code.BasicBlocker::addWorkIfNecessary (32 bytes)

GC Heap History (0 events):
No events

Deoptimization events (2 events):
Event: 0.368 Thread 0x0000000018b83800 Uncommon trap: reason=unstable_if action=reinterpret pc=0x00000000026849a0 method=java.util.HashMap.getNode(ILjava/lang/Object;)Ljava/util/HashMap$Node; @ 129
Event: 0.383 Thread 0x0000000018516800 Uncommon trap: reason=unstable_if action=reinterpret pc=0x00000000026811b0 method=java.util.BitSet.nextSetBit(I)I @ 87

Internal exceptions (2 events):
Event: 0.033 Thread 0x0000000002341000 Exception <a 'java/lang/NoSuchMethodError': Method sun.misc.Unsafe.defineClass(Ljava/lang/String;[BII)Ljava/lang/Class; name or signature does not match> (0x00000000eab0d580) thrown at [C:\re\workspace\8-2-build-windows-amd64-cygwin\jdk8u51\3951\hotspot\srê‹(∂†?
Event: 0.033 Thread 0x0000000002341000 Exception <a 'java/lang/NoSuchMethodError': Method sun.misc.Unsafe.prefetchRead(Ljava/lang/Object;J)V name or signature does not match> (0x00000000eab0d810) thrown at [C:\re\workspace\8-2-build-windows-amd64-cygwin\jdk8u51\3951\hotspot\src\share\vm\prims\j

Events (10 events):
Event: 0.368 Thread 0x0000000018b83800 DEOPT UNPACKING pc=0x000000000248582a sp=0x0000000019e5e958 mode 2
Event: 0.377 loading class com/android/dx/cf/code/SwitchList
Event: 0.377 loading class com/android/dx/cf/code/SwitchList done
Event: 0.379 loading class java/util/DualPivotQuicksort
Event: 0.379 loading class java/util/DualPivotQuicksort done
Event: 0.383 loading class java/util/ArrayList$1
Event: 0.383 loading class java/util/ArrayList$1 done
Event: 0.383 Thread 0x0000000018516800 Uncommon trap: trap_request=0xffffff65 fr.pc=0x00000000026811b0
Event: 0.383 Thread 0x0000000018516800 DEOPT PACKING pc=0x00000000026811b0 sp=0x000000001a05ecb0
Event: 0.383 Thread 0x0000000018516800 DEOPT UNPACKING pc=0x000000000248582a sp=0x000000001a05ec48 mode 2


Dynamic libraries:
0x00007ff605b30000 - 0x00007ff605b67000 	C:\Program Files\Java\jdk1.8.0_51\bin\java.exe
0x00007ffdf3fd0000 - 0x00007ffdf4191000 	C:\WINDOWS\SYSTEM32\ntdll.dll
0x00007ffdf1900000 - 0x00007ffdf19ad000 	C:\WINDOWS\system32\KERNEL32.DLL
0x00007ffdf11e0000 - 0x00007ffdf13c8000 	C:\WINDOWS\system32\KERNELBASE.dll
0x00007ffdf19c0000 - 0x00007ffdf1a67000 	C:\WINDOWS\system32\ADVAPI32.dll
0x00007ffdf1b80000 - 0x00007ffdf1c1d000 	C:\WINDOWS\system32\msvcrt.dll
0x00007ffdf2290000 - 0x00007ffdf22eb000 	C:\WINDOWS\system32\sechost.dll
0x00007ffdf1ea0000 - 0x00007ffdf1fbc000 	C:\WINDOWS\system32\RPCRT4.dll
0x00007ffdf1440000 - 0x00007ffdf1596000 	C:\WINDOWS\system32\USER32.dll
0x00007ffdf1c30000 - 0x00007ffdf1db6000 	C:\WINDOWS\system32\GDI32.dll
0x00007ffdeca20000 - 0x00007ffdecc94000 	C:\WINDOWS\WinSxS\amd64_microsoft.windows.common-controls_6595b64144ccf1df_6.0.10586.0_none_8c15ae12515e1c22\COMCTL32.dll
0x00007ffdf22f0000 - 0x00007ffdf256d000 	C:\WINDOWS\system32\combase.dll
0x00007ffdf0680000 - 0x00007ffdf06ea000 	C:\WINDOWS\system32\bcryptPrimitives.dll
0x00007ffdf20d0000 - 0x00007ffdf210b000 	C:\WINDOWS\system32\IMM32.DLL
0x0000000057bd0000 - 0x0000000057ca2000 	C:\Program Files\Java\jdk1.8.0_51\jre\bin\msvcr100.dll
0x000000005a260000 - 0x000000005aae3000 	C:\Program Files\Java\jdk1.8.0_51\jre\bin\server\jvm.dll
0x00007ffdf19b0000 - 0x00007ffdf19b8000 	C:\WINDOWS\system32\PSAPI.DLL
0x00007ffde4fb0000 - 0x00007ffde4fb9000 	C:\WINDOWS\SYSTEM32\WSOCK32.dll
0x00007ffdee690000 - 0x00007ffdee6b3000 	C:\WINDOWS\SYSTEM32\WINMM.dll
0x00007ffdf1dc0000 - 0x00007ffdf1e2b000 	C:\WINDOWS\system32\WS2_32.dll
0x00007ffdecd50000 - 0x00007ffdecd5a000 	C:\WINDOWS\SYSTEM32\VERSION.dll
0x0000000002140000 - 0x000000000216c000 	C:\WINDOWS\SYSTEM32\WINMMBASE.dll
0x00007ffdf1190000 - 0x00007ffdf11d3000 	C:\WINDOWS\system32\cfgmgr32.dll
0x000000005a170000 - 0x000000005a17f000 	C:\Program Files\Java\jdk1.8.0_51\jre\bin\verify.dll
0x000000005a140000 - 0x000000005a169000 	C:\Program Files\Java\jdk1.8.0_51\jre\bin\java.dll
0x000000005a120000 - 0x000000005a136000 	C:\Program Files\Java\jdk1.8.0_51\jre\bin\zip.dll
0x00007ffdf2a70000 - 0x00007ffdf3fcc000 	C:\WINDOWS\system32\SHELL32.dll
0x00007ffdf09b0000 - 0x00007ffdf0ff5000 	C:\WINDOWS\system32\windows.storage.dll
0x00007ffdf13d0000 - 0x00007ffdf1422000 	C:\WINDOWS\system32\shlwapi.dll
0x00007ffdf0600000 - 0x00007ffdf060f000 	C:\WINDOWS\system32\kernel.appcore.dll
0x00007ffdf1000000 - 0x00007ffdf10b5000 	C:\WINDOWS\system32\shcore.dll
0x00007ffdf0610000 - 0x00007ffdf065b000 	C:\WINDOWS\system32\powrprof.dll
0x00007ffdf0660000 - 0x00007ffdf0674000 	C:\WINDOWS\system32\profapi.dll

VM Arguments:
jvm_args: -Djava.awt.headless=true -Xmx1024M -Dfile.encoding=windows-1252 -Duser.country=US -Duser.language=en -Duser.variant 
java_command: com.android.dx.command.Main --dex --force-jumbo --num-threads=4 --multi-dex --output C:\Users\chyupa\Documents\Android Apps\Capstone\app\build\intermediates\transforms\dex\debug\folders\1000\10\com.google.android.gms-play-services-ads-8.4.0_106d9bb6846f876935334df59881495a0f752576 C:\Users\chyupa\Documents\Android Apps\Capstone\app\build\intermediates\exploded-aar\com.google.android.gms\play-services-ads\8.4.0\jars\classes.jar
java_class_path (initial): C:\Users\chyupa\Documents\android_sdk\build-tools\23.0.3\lib\dx.jar
Launcher Type: SUN_STANDARD

Environment Variables:
JAVA_HOME=C:\Program Files\Java\jdk1.8.0_51
PATH=C:\python27_x64\;C:\python27_x64\Scripts;C:\ProgramData\Oracle\Java\javapath;C:\Windows\system32;C:\Windows;C:\Windows\System32\Wbem;C:\Windows\System32\WindowsPowerShell\v1.0\;C:\Program Files (x86)\NVIDIA Corporation\PhysX\Common;C:\WINDOWS\system32;C:\WINDOWS;C:\WINDOWS\System32\Wbem;C:\WINDOWS\System32\WindowsPowerShell\v1.0\;C:\Program Files (x86)\Google\Cloud SDK\google-cloud-sdk\bin;C:\HashiCorp\Vagrant\bin;C:\Program Files\nodejs\;%GRADLE_HOME%\bin;C:\Program Files (x86)\Skype\Phone\;C:\Users\chyupa\AppData\Local\Code\bin;C:\Users\chyupa\AppData\Roaming\npm;C:\gradle-2.10\bin;C:\Program Files\Java\jdk1.8.0_51\bin;C:\Users\chyupa\AppData\Local\Programs\Git\bin
USERNAME=chyupa
OS=Windows_NT
PROCESSOR_IDENTIFIER=Intel64 Family 6 Model 63 Stepping 2, GenuineIntel



---------------  S Y S T E M  ---------------

OS: Windows 10.0 , 64 bit Build 10586 (10.0.10586.0)

CPU:total 12 (6 cores per cpu, 2 threads per core) family 6 model 63 stepping 2, cmov, cx8, fxsr, mmx, sse, sse2, sse3, ssse3, sse4.1, sse4.2, popcnt, avx, avx2, aes, clmul, erms, lzcnt, ht, tsc, tscinvbit, bmi1, bmi2

Memory: 4k page, physical 16675196k(6604712k free), swap 45853816k(5076k free)

vm_info: Java HotSpot(TM) 64-Bit Server VM (25.51-b03) for windows-amd64 JRE (1.8.0_51-b16), built on Jun  8 2015 18:03:07 by "java_re" with MS VC++ 10.0 (VS2010)

time: Wed May 11 22:03:19 2016
elapsed time: 0 seconds (0d 0h 0m 0s)

