#
# There is insufficient memory for the Java Runtime Environment to continue.
# Native memory allocation (malloc) failed to allocate 32744 bytes for ChunkPool::allocate
# Possible reasons:
#   The system is out of physical RAM or swap space
#   In 32 bit mode, the process size limit was hit
# Possible solutions:
#   Reduce memory load on the system
#   Increase physical memory or swap space
#   Check if swap backing store is full
#   Use 64 bit Java on a 64 bit OS
#   Decrease Java heap size (-Xmx/-Xms)
#   Decrease number of Java threads
#   Decrease Java thread stack sizes (-Xss)
#   Set larger code cache with -XX:ReservedCodeCacheSize=
# This output file may be truncated or incomplete.
#
#  Out of Memory Error (allocation.cpp:273), pid=10952, tid=11232
#
# JRE version: Java(TM) SE Runtime Environment (8.0_51-b16) (build 1.8.0_51-b16)
# Java VM: Java HotSpot(TM) 64-Bit Server VM (25.51-b03 mixed mode windows-amd64 compressed oops)
# Failed to write core dump. Minidumps are not enabled by default on client versions of Windows
#

---------------  T H R E A D  ---------------

Current thread (0x00000000168bc800):  JavaThread "C2 CompilerThread2" daemon [_thread_in_native, id=11232, stack(0x0000000018000000,0x0000000018100000)]

Stack: [0x0000000018000000,0x0000000018100000]
Native frames: (J=compiled Java code, j=interpreted, Vv=VM code, C=native code)
V  [jvm.dll+0x32b4ca]


Current CompileTask:
C2:    142  143       4       java.util.regex.Pattern$BnM::optimize (179 bytes)


---------------  P R O C E S S  ---------------

Java Threads: ( => current thread )
  0x00000000168d2800 JavaThread "Service Thread" daemon [_thread_blocked, id=12868, stack(0x0000000018200000,0x0000000018300000)]
  0x00000000168bf800 JavaThread "C1 CompilerThread3" daemon [_thread_blocked, id=2540, stack(0x0000000018100000,0x0000000018200000)]
=>0x00000000168bc800 JavaThread "C2 CompilerThread2" daemon [_thread_in_native, id=11232, stack(0x0000000018000000,0x0000000018100000)]
  0x00000000168b5800 JavaThread "C2 CompilerThread1" daemon [_thread_in_native, id=3868, stack(0x0000000017f00000,0x0000000018000000)]
  0x00000000168b0800 JavaThread "C2 CompilerThread0" daemon [_thread_blocked, id=2296, stack(0x0000000017e00000,0x0000000017f00000)]
  0x00000000168aa800 JavaThread "Attach Listener" daemon [_thread_blocked, id=7812, stack(0x0000000017d00000,0x0000000017e00000)]
  0x00000000168a7000 JavaThread "Signal Dispatcher" daemon [_thread_blocked, id=8324, stack(0x0000000017c00000,0x0000000017d00000)]
  0x00000000023dc800 JavaThread "Finalizer" daemon [_thread_blocked, id=9092, stack(0x0000000017b00000,0x0000000017c00000)]
  0x00000000023d5000 JavaThread "Reference Handler" daemon [_thread_blocked, id=2880, stack(0x0000000017a00000,0x0000000017b00000)]
  0x00000000022e1000 JavaThread "main" [_thread_in_vm, id=12344, stack(0x00000000021c0000,0x00000000022c0000)]

Other Threads:
  0x00000000151c7000 VMThread [stack: 0x0000000017900000,0x0000000017a00000] [id=7144]
  0x00000000168d4800 WatcherThread [stack: 0x0000000018300000,0x0000000018400000] [id=5932]

VM state:not at safepoint (normal execution)

VM Mutex/Monitor currently owned by a thread: None

Heap:
 PSYoungGen      total 76288K, used 6553K [0x00000000eab00000, 0x00000000f0000000, 0x0000000100000000)
  eden space 65536K, 10% used [0x00000000eab00000,0x00000000eb1667e0,0x00000000eeb00000)
  from space 10752K, 0% used [0x00000000ef580000,0x00000000ef580000,0x00000000f0000000)
  to   space 10752K, 0% used [0x00000000eeb00000,0x00000000eeb00000,0x00000000ef580000)
 ParOldGen       total 175104K, used 0K [0x00000000c0000000, 0x00000000cab00000, 0x00000000eab00000)
  object space 175104K, 0% used [0x00000000c0000000,0x00000000c0000000,0x00000000cab00000)
 Metaspace       used 3509K, capacity 4784K, committed 5120K, reserved 1056768K
  class space    used 384K, capacity 424K, committed 512K, reserved 1048576K

Card table byte_map: [0x0000000011870000,0x0000000011a80000] byte_map_base: 0x0000000011270000

Marking Bits: (ParMarkBitMap*) 0x000000005aa64040
 Begin Bits: [0x00000000125e0000, 0x00000000135e0000)
 End Bits:   [0x00000000135e0000, 0x00000000145e0000)

Polling page: 0x0000000000570000

CodeCache: size=245760Kb used=1355Kb max_used=1355Kb free=244404Kb
 bounds [0x00000000024b0000, 0x0000000002720000, 0x00000000114b0000]
 total_blobs=404 nmethods=152 adapters=165
 compilation: enabled

Compilation events (10 events):
Event: 0.137 Thread 0x00000000168bf800 nmethod 141 0x00000000025fa8d0 code [0x00000000025faa40, 0x00000000025fade8]
Event: 0.137 Thread 0x00000000168bf800  144       1       java.net.URL::getQuery (5 bytes)
Event: 0.137 Thread 0x00000000168bf800 nmethod 144 0x00000000025f7450 code [0x00000000025f75a0, 0x00000000025f76b0]
Event: 0.137 Thread 0x00000000168bf800  145       3       java.util.zip.ZipFile::access$400 (5 bytes)
Event: 0.138 Thread 0x00000000168bf800 nmethod 145 0x00000000025ff950 code [0x00000000025ffaa0, 0x00000000025ffbd0]
Event: 0.138 Thread 0x00000000168bf800  147       3       java.lang.String::equalsIgnoreCase (48 bytes)
Event: 0.138 Thread 0x00000000168bf800 nmethod 147 0x00000000025ffc90 code [0x00000000025ffe00, 0x0000000002600168]
Event: 0.138 Thread 0x00000000168bf800  148       3       java.lang.Character::toLowerCase (6 bytes)
Event: 0.138 Thread 0x00000000168bf800 nmethod 148 0x0000000002600290 code [0x0000000002600400, 0x0000000002600698]
Event: 0.139 Thread 0x00000000168bf800  149       3       sun.nio.cs.UTF_8$Encoder::encode (359 bytes)

GC Heap History (0 events):
No events

Deoptimization events (0 events):
No events

Internal exceptions (2 events):
Event: 0.035 Thread 0x00000000022e1000 Exception <a 'java/lang/NoSuchMethodError': Method sun.misc.Unsafe.defineClass(Ljava/lang/String;[BII)Ljava/lang/Class; name or signature does not match> (0x00000000eab0d500) thrown at [C:\re\workspace\8-2-build-windows-amd64-cygwin\jdk8u51\3951\hotspot\srÛ*åèŒê¡?
Event: 0.035 Thread 0x00000000022e1000 Exception <a 'java/lang/NoSuchMethodError': Method sun.misc.Unsafe.prefetchRead(Ljava/lang/Object;J)V name or signature does not match> (0x00000000eab0d790) thrown at [C:\re\workspace\8-2-build-windows-amd64-cygwin\jdk8u51\3951\hotspot\src\share\vm\prims\j

Events (10 events):
Event: 0.138 loading class com/android/dx/rop/cst/ConstantPool
Event: 0.138 loading class com/android/dx/rop/cst/ConstantPool done
Event: 0.138 loading class com/android/dx/cf/iface/AttributeList
Event: 0.138 loading class com/android/dx/cf/iface/AttributeList done
Event: 0.139 loading class com/android/dx/rop/type/TypeList
Event: 0.139 loading class com/android/dx/rop/type/TypeList done
Event: 0.139 loading class java/lang/IllegalStateException
Event: 0.139 loading class java/lang/IllegalStateException done
Event: 0.139 loading class com/android/dx/cf/iface/FieldList
Event: 0.139 loading class com/android/dx/cf/iface/FieldList done


Dynamic libraries:
0x00007ff605b30000 - 0x00007ff605b67000 	C:\Program Files\Java\jdk1.8.0_51\bin\java.exe
0x00007ffdf3fd0000 - 0x00007ffdf4191000 	C:\WINDOWS\SYSTEM32\ntdll.dll
0x00007ffdf1900000 - 0x00007ffdf19ad000 	C:\WINDOWS\system32\KERNEL32.DLL
0x00007ffdf11e0000 - 0x00007ffdf13c8000 	C:\WINDOWS\system32\KERNELBASE.dll
0x00007ffdf19c0000 - 0x00007ffdf1a67000 	C:\WINDOWS\system32\ADVAPI32.dll
0x00007ffdf1b80000 - 0x00007ffdf1c1d000 	C:\WINDOWS\system32\msvcrt.dll
0x00007ffdf2290000 - 0x00007ffdf22eb000 	C:\WINDOWS\system32\sechost.dll
0x00007ffdf1ea0000 - 0x00007ffdf1fbc000 	C:\WINDOWS\system32\RPCRT4.dll
0x00007ffdf1440000 - 0x00007ffdf1596000 	C:\WINDOWS\system32\USER32.dll
0x00007ffdf1c30000 - 0x00007ffdf1db6000 	C:\WINDOWS\system32\GDI32.dll
0x00007ffdeca20000 - 0x00007ffdecc94000 	C:\WINDOWS\WinSxS\amd64_microsoft.windows.common-controls_6595b64144ccf1df_6.0.10586.0_none_8c15ae12515e1c22\COMCTL32.dll
0x00007ffdf22f0000 - 0x00007ffdf256d000 	C:\WINDOWS\system32\combase.dll
0x00007ffdf0680000 - 0x00007ffdf06ea000 	C:\WINDOWS\system32\bcryptPrimitives.dll
0x00007ffdf20d0000 - 0x00007ffdf210b000 	C:\WINDOWS\system32\IMM32.DLL
0x0000000057bd0000 - 0x0000000057ca2000 	C:\Program Files\Java\jdk1.8.0_51\jre\bin\msvcr100.dll
0x000000005a260000 - 0x000000005aae3000 	C:\Program Files\Java\jdk1.8.0_51\jre\bin\server\jvm.dll
0x00007ffdf19b0000 - 0x00007ffdf19b8000 	C:\WINDOWS\system32\PSAPI.DLL
0x00007ffde4fb0000 - 0x00007ffde4fb9000 	C:\WINDOWS\SYSTEM32\WSOCK32.dll
0x00007ffdee690000 - 0x00007ffdee6b3000 	C:\WINDOWS\SYSTEM32\WINMM.dll
0x00007ffdf1dc0000 - 0x00007ffdf1e2b000 	C:\WINDOWS\system32\WS2_32.dll
0x00007ffdecd50000 - 0x00007ffdecd5a000 	C:\WINDOWS\SYSTEM32\VERSION.dll
0x00007ffdee610000 - 0x00007ffdee63c000 	C:\WINDOWS\SYSTEM32\WINMMBASE.dll
0x00007ffdf1190000 - 0x00007ffdf11d3000 	C:\WINDOWS\system32\cfgmgr32.dll
0x000000005a170000 - 0x000000005a17f000 	C:\Program Files\Java\jdk1.8.0_51\jre\bin\verify.dll
0x000000005a140000 - 0x000000005a169000 	C:\Program Files\Java\jdk1.8.0_51\jre\bin\java.dll
0x000000005a120000 - 0x000000005a136000 	C:\Program Files\Java\jdk1.8.0_51\jre\bin\zip.dll
0x00007ffdf2a70000 - 0x00007ffdf3fcc000 	C:\WINDOWS\system32\SHELL32.dll
0x00007ffdf09b0000 - 0x00007ffdf0ff5000 	C:\WINDOWS\system32\windows.storage.dll
0x00007ffdf13d0000 - 0x00007ffdf1422000 	C:\WINDOWS\system32\shlwapi.dll
0x00007ffdf0600000 - 0x00007ffdf060f000 	C:\WINDOWS\system32\kernel.appcore.dll
0x00007ffdf1000000 - 0x00007ffdf10b5000 	C:\WINDOWS\system32\shcore.dll
0x00007ffdf0610000 - 0x00007ffdf065b000 	C:\WINDOWS\system32\powrprof.dll
0x00007ffdf0660000 - 0x00007ffdf0674000 	C:\WINDOWS\system32\profapi.dll
0x00007ffdd2d20000 - 0x00007ffdd2eac000 	C:\WINDOWS\SYSTEM32\dbghelp.dll

VM Arguments:
jvm_args: -Djava.awt.headless=true -Xmx1024M -Dfile.encoding=windows-1252 -Duser.country=US -Duser.language=en -Duser.variant 
java_command: com.android.dx.command.Main --dex --force-jumbo --num-threads=4 --multi-dex --output C:\Users\chyupa\Documents\Android Apps\Capstone\app\build\intermediates\transforms\dex\debug\folders\1000\10\com.google.maps.android-android-maps-utils-0.4.3_ad559c30dfbf959dfd789dfba2f02d1db090b41f C:\Users\chyupa\Documents\Android Apps\Capstone\app\build\intermediates\exploded-aar\com.google.maps.android\android-maps-utils\0.4.3\jars\classes.jar
java_class_path (initial): C:\Users\chyupa\Documents\android_sdk\build-tools\23.0.3\lib\dx.jar
Launcher Type: SUN_STANDARD

Environment Variables:
JAVA_HOME=C:\Program Files\Java\jdk1.8.0_51
PATH=C:\python27_x64\;C:\python27_x64\Scripts;C:\ProgramData\Oracle\Java\javapath;C:\Windows\system32;C:\Windows;C:\Windows\System32\Wbem;C:\Windows\System32\WindowsPowerShell\v1.0\;C:\Program Files (x86)\NVIDIA Corporation\PhysX\Common;C:\WINDOWS\system32;C:\WINDOWS;C:\WINDOWS\System32\Wbem;C:\WINDOWS\System32\WindowsPowerShell\v1.0\;C:\Program Files (x86)\Google\Cloud SDK\google-cloud-sdk\bin;C:\HashiCorp\Vagrant\bin;C:\Program Files\nodejs\;%GRADLE_HOME%\bin;C:\Program Files (x86)\Skype\Phone\;C:\Users\chyupa\AppData\Local\Code\bin;C:\Users\chyupa\AppData\Roaming\npm;C:\gradle-2.10\bin;C:\Program Files\Java\jdk1.8.0_51\bin;C:\Users\chyupa\AppData\Local\Programs\Git\bin
USERNAME=chyupa
OS=Windows_NT
PROCESSOR_IDENTIFIER=Intel64 Family 6 Model 63 Stepping 2, GenuineIntel



---------------  S Y S T E M  ---------------

OS: Windows 10.0 , 64 bit Build 10586 (10.0.10586.0)

CPU:total 12 (6 cores per cpu, 2 threads per core) family 6 model 63 stepping 2, cmov, cx8, fxsr, mmx, sse, sse2, sse3, ssse3, sse4.1, sse4.2, popcnt, avx, avx2, aes, clmul, erms, lzcnt, ht, tsc, tscinvbit, bmi1, bmi2

Memory: 4k page, physical 16675196k(6675448k free), swap 45853816k(342572k free)

vm_info: Java HotSpot(TM) 64-Bit Server VM (25.51-b03) for windows-amd64 JRE (1.8.0_51-b16), built on Jun  8 2015 18:03:07 by "java_re" with MS VC++ 10.0 (VS2010)

time: Wed May 11 22:03:18 2016
elapsed time: 0 seconds (0d 0h 0m 0s)

