#
# There is insufficient memory for the Java Runtime Environment to continue.
# Native memory allocation (malloc) failed to allocate 849136 bytes for Chunk::new
# Possible reasons:
#   The system is out of physical RAM or swap space
#   In 32 bit mode, the process size limit was hit
# Possible solutions:
#   Reduce memory load on the system
#   Increase physical memory or swap space
#   Check if swap backing store is full
#   Use 64 bit Java on a 64 bit OS
#   Decrease Java heap size (-Xmx/-Xms)
#   Decrease number of Java threads
#   Decrease Java thread stack sizes (-Xss)
#   Set larger code cache with -XX:ReservedCodeCacheSize=
# This output file may be truncated or incomplete.
#
#  Out of Memory Error (allocation.cpp:390), pid=12632, tid=12676
#
# JRE version: Java(TM) SE Runtime Environment (8.0_51-b16) (build 1.8.0_51-b16)
# Java VM: Java HotSpot(TM) 64-Bit Server VM (25.51-b03 mixed mode windows-amd64 compressed oops)
# Failed to write core dump. Minidumps are not enabled by default on client versions of Windows
#

---------------  T H R E A D  ---------------

Current thread (0x00000000168b2800):  JavaThread "C2 CompilerThread0" daemon [_thread_in_native, id=12676, stack(0x0000000017e10000,0x0000000017f10000)]

Stack: [0x0000000017e10000,0x0000000017f10000]
Native frames: (J=compiled Java code, j=interpreted, Vv=VM code, C=native code)
V  [jvm.dll+0x32b4ca]
V  [jvm.dll+0x2797e3]
V  [jvm.dll+0x27a479]
V  [jvm.dll+0x271765]
V  [jvm.dll+0xcba02]
V  [jvm.dll+0xcbecc]
V  [jvm.dll+0x476f72]
V  [jvm.dll+0x4b95ff]
V  [jvm.dll+0x46b745]
V  [jvm.dll+0x46cd4e]
V  [jvm.dll+0x4501a2]
V  [jvm.dll+0xa43a2]
V  [jvm.dll+0xa4cdf]
V  [jvm.dll+0x2418a4]
V  [jvm.dll+0x29846a]
C  [msvcr100.dll+0x21d9f]
C  [msvcr100.dll+0x21e3b]
C  [KERNEL32.DLL+0x18102]
C  [ntdll.dll+0x5c5b4]


Current CompileTask:
C2:    541 1101       4       com.android.dx.ssa.SCCP::simulateStmt (481 bytes)


---------------  P R O C E S S  ---------------

Java Threads: ( => current thread )
  0x0000000016c22800 JavaThread "pool-2-thread-4" [_thread_in_Java, id=12652, stack(0x0000000019010000,0x0000000019110000)]
  0x0000000016c21800 JavaThread "pool-2-thread-3" [_thread_in_Java, id=11692, stack(0x0000000018f10000,0x0000000019010000)]
  0x0000000016c21000 JavaThread "pool-2-thread-2" [_thread_in_Java, id=8808, stack(0x0000000018e10000,0x0000000018f10000)]
  0x000000001848b800 JavaThread "pool-3-thread-1" [_thread_blocked, id=12392, stack(0x0000000018d10000,0x0000000018e10000)]
  0x00000000184af000 JavaThread "pool-2-thread-1" [_thread_in_Java, id=10436, stack(0x0000000018c10000,0x0000000018d10000)]
  0x000000001694f800 JavaThread "Service Thread" daemon [_thread_blocked, id=13232, stack(0x0000000018210000,0x0000000018310000)]
  0x00000000168c1000 JavaThread "C1 CompilerThread3" daemon [_thread_in_vm, id=13228, stack(0x0000000018110000,0x0000000018210000)]
  0x00000000168c0800 JavaThread "C2 CompilerThread2" daemon [_thread_in_native, id=8136, stack(0x0000000018010000,0x0000000018110000)]
  0x00000000168b7800 JavaThread "C2 CompilerThread1" daemon [_thread_in_native, id=9676, stack(0x0000000017f10000,0x0000000018010000)]
=>0x00000000168b2800 JavaThread "C2 CompilerThread0" daemon [_thread_in_native, id=12676, stack(0x0000000017e10000,0x0000000017f10000)]
  0x00000000168aa800 JavaThread "Attach Listener" daemon [_thread_blocked, id=12728, stack(0x0000000017d10000,0x0000000017e10000)]
  0x00000000168a8000 JavaThread "Signal Dispatcher" daemon [_thread_blocked, id=12772, stack(0x0000000017c10000,0x0000000017d10000)]
  0x00000000024ac000 JavaThread "Finalizer" daemon [_thread_blocked, id=4192, stack(0x0000000017b10000,0x0000000017c10000)]
  0x00000000151cd800 JavaThread "Reference Handler" daemon [_thread_blocked, id=11016, stack(0x0000000017a10000,0x0000000017b10000)]
  0x00000000023b1000 JavaThread "main" [_thread_in_vm, id=10200, stack(0x00000000022b0000,0x00000000023b0000)]

Other Threads:
  0x00000000151c6800 VMThread [stack: 0x0000000017910000,0x0000000017a10000] [id=13244]
  0x00000000168d7000 WatcherThread [stack: 0x0000000018310000,0x0000000018410000] [id=184]

VM state:not at safepoint (normal execution)

VM Mutex/Monitor currently owned by a thread: None

Heap:
 PSYoungGen      total 76288K, used 65536K [0x00000000eab00000, 0x00000000f0000000, 0x0000000100000000)
  eden space 65536K, 100% used [0x00000000eab00000,0x00000000eeb00000,0x00000000eeb00000)
  from space 10752K, 0% used [0x00000000ef580000,0x00000000ef580000,0x00000000f0000000)
  to   space 10752K, 0% used [0x00000000eeb00000,0x00000000eeb00000,0x00000000ef580000)
 ParOldGen       total 175104K, used 0K [0x00000000c0000000, 0x00000000cab00000, 0x00000000eab00000)
  object space 175104K, 0% used [0x00000000c0000000,0x00000000c0000000,0x00000000cab00000)
 Metaspace       used 5966K, capacity 6896K, committed 7040K, reserved 1058816K
  class space    used 593K, capacity 616K, committed 640K, reserved 1048576K

Card table byte_map: [0x0000000011870000,0x0000000011a80000] byte_map_base: 0x0000000011270000

Marking Bits: (ParMarkBitMap*) 0x000000005aa64040
 Begin Bits: [0x00000000125e0000, 0x00000000135e0000)
 End Bits:   [0x00000000135e0000, 0x00000000145e0000)

Polling page: 0x0000000000a50000

CodeCache: size=245760Kb used=4040Kb max_used=4040Kb free=241719Kb
 bounds [0x00000000024b0000, 0x00000000028b0000, 0x00000000114b0000]
 total_blobs=1348 nmethods=1079 adapters=182
 compilation: enabled

Compilation events (10 events):
Event: 0.531 Thread 0x00000000168c1000 nmethod 1110 0x000000000288bf10 code [0x000000000288c060, 0x000000000288c1f0]
Event: 0.531 Thread 0x00000000168c1000 1121       3       java.util.ArrayList::fastRemove (57 bytes)
Event: 0.531 Thread 0x00000000168c1000 nmethod 1121 0x000000000288c290 code [0x000000000288c400, 0x000000000288c7e8]
Event: 0.531 Thread 0x00000000168c1000 1075       3       com.android.dx.dex.code.FixedSizeInsn::<init> (8 bytes)
Event: 0.531 Thread 0x00000000168c1000 nmethod 1075 0x000000000288c950 code [0x000000000288cac0, 0x000000000288cc48]
Event: 0.531 Thread 0x00000000168c1000 1140       3       com.android.dx.cf.code.LocalVariableList::pcAndIndexToLocal (51 bytes)
Event: 0.532 Thread 0x00000000168c1000 nmethod 1140 0x000000000288cd10 code [0x000000000288cec0, 0x000000000288d548]
Event: 0.532 Thread 0x00000000168c1000 1118       3       com.android.dx.cf.code.ByteBlockList::set (7 bytes)
Event: 0.532 Thread 0x00000000168c1000 nmethod 1118 0x000000000288d750 code [0x000000000288d8c0, 0x000000000288da48]
Event: 0.532 Thread 0x00000000168c1000 1134       3       com.android.dx.cf.code.Ropper::addOrReplaceBlock (66 bytes)

GC Heap History (0 events):
No events

Deoptimization events (10 events):
Event: 0.362 Thread 0x00000000184af000 Uncommon trap: reason=unstable_if action=reinterpret pc=0x00000000026df2bc method=java.util.HashMap.getNode(ILjava/lang/Object;)Ljava/util/HashMap$Node; @ 62
Event: 0.372 Thread 0x0000000016c22800 Uncommon trap: reason=unstable_if action=reinterpret pc=0x00000000026efcec method=java.util.HashMap.getNode(ILjava/lang/Object;)Ljava/util/HashMap$Node; @ 62
Event: 0.416 Thread 0x0000000016c21000 Uncommon trap: reason=class_check action=maybe_recompile pc=0x0000000002763664 method=com.android.dx.rop.type.Type.equals(Ljava/lang/Object;)Z @ 8
Event: 0.418 Thread 0x0000000016c21000 Uncommon trap: reason=null_check action=make_not_entrant pc=0x0000000002763674 method=com.android.dx.rop.type.Type.equals(Ljava/lang/Object;)Z @ 8
Event: 0.421 Thread 0x0000000016c21000 Uncommon trap: reason=unstable_if action=reinterpret pc=0x00000000026e49f0 method=java.util.BitSet.nextSetBit(I)I @ 87
Event: 0.439 Thread 0x0000000016c22800 Uncommon trap: reason=class_check action=maybe_recompile pc=0x00000000027238dc method=com.android.dx.rop.type.Type.equals(Ljava/lang/Object;)Z @ 8
Event: 0.439 Thread 0x0000000016c22800 Uncommon trap: reason=class_check action=maybe_recompile pc=0x00000000027238dc method=com.android.dx.rop.type.Type.equals(Ljava/lang/Object;)Z @ 8
Event: 0.439 Thread 0x0000000016c22800 Uncommon trap: reason=class_check action=maybe_recompile pc=0x00000000027238dc method=com.android.dx.rop.type.Type.equals(Ljava/lang/Object;)Z @ 8
Event: 0.515 Thread 0x00000000023b1000 Uncommon trap: reason=unstable_if action=reinterpret pc=0x00000000027a452c method=com.android.dx.rop.code.RegisterSpecSet.put(Lcom/android/dx/rop/code/RegisterSpec;)V @ 77
Event: 0.515 Thread 0x00000000023b1000 Uncommon trap: reason=unstable_if action=reinterpret pc=0x00000000027b2ce0 method=com.android.dx.rop.code.RegisterSpecSet.put(Lcom/android/dx/rop/code/RegisterSpec;)V @ 77

Internal exceptions (3 events):
Event: 0.038 Thread 0x00000000023b1000 Exception <a 'java/lang/NoSuchMethodError': Method sun.misc.Unsafe.defineClass(Ljava/lang/String;[BII)Ljava/lang/Class; name or signature does not match> (0x00000000eab0d558) thrown at [C:\re\workspace\8-2-build-windows-amd64-cygwin\jdk8u51\3951\hotspot\sr®©ïQBD£?
Event: 0.038 Thread 0x00000000023b1000 Exception <a 'java/lang/NoSuchMethodError': Method sun.misc.Unsafe.prefetchRead(Ljava/lang/Object;J)V name or signature does not match> (0x00000000eab0d7e8) thrown at [C:\re\workspace\8-2-build-windows-amd64-cygwin\jdk8u51\3951\hotspot\src\share\vm\prims\jBØN,õÇÚ?
Event: 0.418 Thread 0x0000000016c21000 Implicit null exception at 0x0000000002763562 to 0x0000000002763665

Events (10 events):
Event: 0.515 Thread 0x00000000023b1000 Uncommon trap: trap_request=0xffffff65 fr.pc=0x00000000027a452c
Event: 0.515 Thread 0x00000000023b1000 DEOPT PACKING pc=0x00000000027a452c sp=0x00000000023ae730
Event: 0.515 Thread 0x00000000023b1000 DEOPT UNPACKING pc=0x00000000024f582a sp=0x00000000023ae6b8 mode 2
Event: 0.515 Thread 0x00000000023b1000 Uncommon trap: trap_request=0xffffff65 fr.pc=0x00000000027b2ce0
Event: 0.516 Thread 0x00000000023b1000 DEOPT PACKING pc=0x00000000027b2ce0 sp=0x00000000023ae720
Event: 0.516 Thread 0x00000000023b1000 DEOPT UNPACKING pc=0x00000000024f582a sp=0x00000000023ae640 mode 2
Event: 0.518 Thread 0x0000000016c21000 DEOPT PACKING pc=0x000000000277edee sp=0x0000000018f0dd00
Event: 0.518 Thread 0x0000000016c21000 DEOPT UNPACKING pc=0x00000000024f787f sp=0x0000000018f0da20 mode 0
Event: 0.528 Thread 0x0000000016c21000 DEOPT PACKING pc=0x000000000278b5b5 sp=0x0000000018f0e610
Event: 0.528 Thread 0x0000000016c21000 DEOPT UNPACKING pc=0x00000000024f787f sp=0x0000000018f0e388 mode 0


Dynamic libraries:
0x00007ff605b30000 - 0x00007ff605b67000 	C:\Program Files\Java\jdk1.8.0_51\bin\java.exe
0x00007ffdf3fd0000 - 0x00007ffdf4191000 	C:\WINDOWS\SYSTEM32\ntdll.dll
0x00007ffdf1900000 - 0x00007ffdf19ad000 	C:\WINDOWS\system32\KERNEL32.DLL
0x00007ffdf11e0000 - 0x00007ffdf13c8000 	C:\WINDOWS\system32\KERNELBASE.dll
0x00007ffdf19c0000 - 0x00007ffdf1a67000 	C:\WINDOWS\system32\ADVAPI32.dll
0x00007ffdf1b80000 - 0x00007ffdf1c1d000 	C:\WINDOWS\system32\msvcrt.dll
0x00007ffdf2290000 - 0x00007ffdf22eb000 	C:\WINDOWS\system32\sechost.dll
0x00007ffdf1ea0000 - 0x00007ffdf1fbc000 	C:\WINDOWS\system32\RPCRT4.dll
0x00007ffdf1440000 - 0x00007ffdf1596000 	C:\WINDOWS\system32\USER32.dll
0x00007ffdf1c30000 - 0x00007ffdf1db6000 	C:\WINDOWS\system32\GDI32.dll
0x00007ffdeca20000 - 0x00007ffdecc94000 	C:\WINDOWS\WinSxS\amd64_microsoft.windows.common-controls_6595b64144ccf1df_6.0.10586.0_none_8c15ae12515e1c22\COMCTL32.dll
0x00007ffdf22f0000 - 0x00007ffdf256d000 	C:\WINDOWS\system32\combase.dll
0x00007ffdf0680000 - 0x00007ffdf06ea000 	C:\WINDOWS\system32\bcryptPrimitives.dll
0x00007ffdf20d0000 - 0x00007ffdf210b000 	C:\WINDOWS\system32\IMM32.DLL
0x0000000057bd0000 - 0x0000000057ca2000 	C:\Program Files\Java\jdk1.8.0_51\jre\bin\msvcr100.dll
0x000000005a260000 - 0x000000005aae3000 	C:\Program Files\Java\jdk1.8.0_51\jre\bin\server\jvm.dll
0x00007ffdf19b0000 - 0x00007ffdf19b8000 	C:\WINDOWS\system32\PSAPI.DLL
0x00007ffde4fb0000 - 0x00007ffde4fb9000 	C:\WINDOWS\SYSTEM32\WSOCK32.dll
0x00007ffdee690000 - 0x00007ffdee6b3000 	C:\WINDOWS\SYSTEM32\WINMM.dll
0x00007ffdecd50000 - 0x00007ffdecd5a000 	C:\WINDOWS\SYSTEM32\VERSION.dll
0x00007ffdf1dc0000 - 0x00007ffdf1e2b000 	C:\WINDOWS\system32\WS2_32.dll
0x00007ffdee610000 - 0x00007ffdee63c000 	C:\WINDOWS\SYSTEM32\WINMMBASE.dll
0x00007ffdf1190000 - 0x00007ffdf11d3000 	C:\WINDOWS\system32\cfgmgr32.dll
0x000000005a170000 - 0x000000005a17f000 	C:\Program Files\Java\jdk1.8.0_51\jre\bin\verify.dll
0x000000005a140000 - 0x000000005a169000 	C:\Program Files\Java\jdk1.8.0_51\jre\bin\java.dll
0x000000005a120000 - 0x000000005a136000 	C:\Program Files\Java\jdk1.8.0_51\jre\bin\zip.dll
0x00007ffdf2a70000 - 0x00007ffdf3fcc000 	C:\WINDOWS\system32\SHELL32.dll
0x00007ffdf09b0000 - 0x00007ffdf0ff5000 	C:\WINDOWS\system32\windows.storage.dll
0x00007ffdf13d0000 - 0x00007ffdf1422000 	C:\WINDOWS\system32\shlwapi.dll
0x00007ffdf0600000 - 0x00007ffdf060f000 	C:\WINDOWS\system32\kernel.appcore.dll
0x00007ffdf1000000 - 0x00007ffdf10b5000 	C:\WINDOWS\system32\shcore.dll
0x00007ffdf0610000 - 0x00007ffdf065b000 	C:\WINDOWS\system32\powrprof.dll
0x00007ffdf0660000 - 0x00007ffdf0674000 	C:\WINDOWS\system32\profapi.dll
0x00007ffdd2d20000 - 0x00007ffdd2eac000 	C:\WINDOWS\SYSTEM32\dbghelp.dll

VM Arguments:
jvm_args: -Djava.awt.headless=true -Xmx1024M -Dfile.encoding=windows-1252 -Duser.country=US -Duser.language=en -Duser.variant 
java_command: com.android.dx.command.Main --dex --force-jumbo --num-threads=4 --multi-dex --output C:\Users\chyupa\Documents\Android Apps\Capstone\app\build\intermediates\transforms\dex\debug\folders\1000\10\com.android.support-support-v4-23.3.0_a5d682abe266d99304e72468f62f3fe1dee772a9 C:\Users\chyupa\Documents\Android Apps\Capstone\app\build\intermediates\exploded-aar\com.android.support\support-v4\23.3.0\jars\classes.jar
java_class_path (initial): C:\Users\chyupa\Documents\android_sdk\build-tools\23.0.3\lib\dx.jar
Launcher Type: SUN_STANDARD

Environment Variables:
JAVA_HOME=C:\Program Files\Java\jdk1.8.0_51
PATH=C:\python27_x64\;C:\python27_x64\Scripts;C:\ProgramData\Oracle\Java\javapath;C:\Windows\system32;C:\Windows;C:\Windows\System32\Wbem;C:\Windows\System32\WindowsPowerShell\v1.0\;C:\Program Files (x86)\NVIDIA Corporation\PhysX\Common;C:\WINDOWS\system32;C:\WINDOWS;C:\WINDOWS\System32\Wbem;C:\WINDOWS\System32\WindowsPowerShell\v1.0\;C:\Program Files (x86)\Google\Cloud SDK\google-cloud-sdk\bin;C:\HashiCorp\Vagrant\bin;C:\Program Files\nodejs\;%GRADLE_HOME%\bin;C:\Program Files (x86)\Skype\Phone\;C:\Users\chyupa\AppData\Local\Code\bin;C:\Users\chyupa\AppData\Roaming\npm;C:\gradle-2.10\bin;C:\Program Files\Java\jdk1.8.0_51\bin;C:\Users\chyupa\AppData\Local\Programs\Git\bin
USERNAME=chyupa
OS=Windows_NT
PROCESSOR_IDENTIFIER=Intel64 Family 6 Model 63 Stepping 2, GenuineIntel



---------------  S Y S T E M  ---------------

OS: Windows 10.0 , 64 bit Build 10586 (10.0.10586.0)

CPU:total 12 (6 cores per cpu, 2 threads per core) family 6 model 63 stepping 2, cmov, cx8, fxsr, mmx, sse, sse2, sse3, ssse3, sse4.1, sse4.2, popcnt, avx, avx2, aes, clmul, erms, lzcnt, ht, tsc, tscinvbit, bmi1, bmi2

Memory: 4k page, physical 16675196k(6602460k free), swap 45853816k(6672k free)

vm_info: Java HotSpot(TM) 64-Bit Server VM (25.51-b03) for windows-amd64 JRE (1.8.0_51-b16), built on Jun  8 2015 18:03:07 by "java_re" with MS VC++ 10.0 (VS2010)

time: Wed May 11 22:03:18 2016
elapsed time: 0 seconds (0d 0h 0m 0s)

